<?xml version="1.0" encoding="UTF-8"?>
<!-- Generated by org.testng.reporters.JUnitXMLReporter -->
<testsuite ignored="0" hostname="DSK-4052" failures="0" tests="6" name="Default test" time="482.539" errors="0" timestamp="2024-03-08T19:20:30 IST">
  <testcase classname="newCar.HPNR.Acquisition_Quotes_HPNR_HPNR_with_funder_quote_addition_with_maintenance_Test" name="aquisition_quotes_HPNR_HPNR_OTR_calculation_with_maintenance_test" time="110.567"/>
  <testcase classname="newCar.HPNR.Acquisition_Quotes_HPNR_HPNR_with_funder_quote_addition_with_maintenance_Test" name="aquisition_quotes_HPNR_HPNR_after_discount_calculations_with_maintenance_test" time="4.239"/>
  <testcase classname="newCar.HPNR.Acquisition_Quotes_HPNR_HPNR_with_funder_quote_addition_with_maintenance_Test" name="aquisition_quotes_HPNR_HPNR_holding_cost_calculations_with_maintenance_test" time="33.275"/>
  <testcase classname="newCar.HPNR.Acquisition_Quotes_HPNR_HPNR_with_funder_quote_addition_with_maintenance_Test" name="aquisition_quotes_HPNR_HPNR_customer_quote_calculations_check_monthly_finance_payment_with_maintenance_test" time="52.425"/>
  <testcase classname="newCar.HPNR.Acquisition_Quotes_HPNR_HPNR_with_funder_quote_addition_with_maintenance_Test" name="aquisition_quotes_HPNR_HPNR_customer_quote_monthly_total_payment_after_balloon_payment_off_with_maintenance_test" time="21.674"/>
  <testcase classname="newCar.HPNR.Acquisition_Quotes_HPNR_HPNR_with_funder_quote_addition_with_maintenance_Test" name="aquisition_quotes_HPNR_HPNR_quote_summary_values_verification_with_maintenance_test" time="247.408"/>
</testsuite> <!-- Default test -->
