<?xml version="1.0" encoding="UTF-8"?>
<!-- Generated by org.testng.reporters.JUnitXMLReporter -->
<testsuite ignored="0" hostname="DSK-4052" failures="0" tests="6" name="Default test" time="643.316" errors="0" timestamp="2024-07-18T15:05:17 IST">
  <testcase classname="usedCar.CP.Acquisition_Quotes_CP_PCP_used_car_with_funder_ownbook_calculation_with_maintenance_Test" name="aquisition_quotes_OTR_calculation_with_maintenance_test" time="95.995"/>
  <testcase classname="usedCar.CP.Acquisition_Quotes_CP_PCP_used_car_with_funder_ownbook_calculation_with_maintenance_Test" name="aquisition_quotes_holding_cost_calculations_with_maintenance_test" time="43.592"/>
  <testcase classname="usedCar.CP.Acquisition_Quotes_CP_PCP_used_car_with_funder_ownbook_calculation_with_maintenance_Test" name="aquisition_quotes_customer_quote_calculations_check_monthly_finance_payment_with_maintenance_test" time="126.752"/>
  <testcase classname="usedCar.CP.Acquisition_Quotes_CP_PCP_used_car_with_funder_ownbook_calculation_with_maintenance_Test" name="aquisition_quotes_customer_quote_part_exchange_value_edit_check_with_maintenance_test" time="48.29"/>
  <testcase classname="usedCar.CP.Acquisition_Quotes_CP_PCP_used_car_with_funder_ownbook_calculation_with_maintenance_Test" name="aquisition_quotes_verify_customer_quote_monthly_finance_payment_after_adding_referrer_commission_test" time="22.869"/>
  <testcase classname="usedCar.CP.Acquisition_Quotes_CP_PCP_used_car_with_funder_ownbook_calculation_with_maintenance_Test" name="aquisition_quotes_quote_summary_values_verification_with_maintenance_test" time="281.817"/>
</testsuite> <!-- Default test -->
