<?xml version="1.0" encoding="UTF-8"?>
<!-- Generated by org.testng.reporters.JUnitXMLReporter -->
<testsuite ignored="0" hostname="DSK-4052" failures="0" tests="7" name="Default test" time="565.394" errors="0" timestamp="2023-08-14T16:03:17 IST">
  <testcase classname="newCar.CP.Acquisition_Quotes_CP_CP_with_maintenance_Test" name="aquisition_quotes_CP_CP_OTR_calculation_with_maintenance_test" time="79.97"/>
  <testcase classname="newCar.CP.Acquisition_Quotes_CP_CP_with_maintenance_Test" name="aquisition_quotes_CP_CP_after_discount_calculations_with_maintenance_test" time="4.688"/>
  <testcase classname="newCar.CP.Acquisition_Quotes_CP_CP_with_maintenance_Test" name="aquisition_quotes_CP_CP_holding_cost_calculations_with_maintenance_test" time="45.104"/>
  <testcase classname="newCar.CP.Acquisition_Quotes_CP_CP_with_maintenance_Test" name="aquisition_quotes_CP_CP_customer_quote_calculations_check_monthly_finance_payment_with_maintenance_test" time="111.417"/>
  <testcase classname="newCar.CP.Acquisition_Quotes_CP_CP_with_maintenance_Test" name="aquisition_quotes_CP_CP_customer_quote_vehicle_profit_edit_check_with_maintenance_test" time="31.958"/>
  <testcase classname="newCar.CP.Acquisition_Quotes_CP_CP_with_maintenance_Test" name="aquisition_quotes_CP_CP_customer_quote_part_exchange_value_edit_check_with_maintenance_test" time="37.273"/>
  <testcase classname="newCar.CP.Acquisition_Quotes_CP_CP_with_maintenance_Test" name="aquisition_quotes_CP_CP_quote_summary_values_verification_with_maintenance_test" time="238.137"/>
</testsuite> <!-- Default test -->
