<?xml version="1.0" encoding="UTF-8"?>
<!-- Generated by org.testng.reporters.JUnitXMLReporter -->
<testsuite ignored="0" hostname="DSK-4052" failures="0" tests="8" name="Default test" time="777.645" errors="0" timestamp="2024-07-17T19:21:29 IST">
  <testcase classname="newCar.OP.Acquisition_Quotes_Outright_PCP_with_maintenance_Test" name="aquisition_quotes_outright_PCP_OTR_calculation_with_maintenance_test" time="130.242"/>
  <testcase classname="newCar.OP.Acquisition_Quotes_Outright_PCP_with_maintenance_Test" name="aquisition_quotes_outright_PCP_after_discount_calculations_with_maintenance_test" time="4.345"/>
  <testcase classname="newCar.OP.Acquisition_Quotes_Outright_PCP_with_maintenance_Test" name="aquisition_quotes_outright_PCP_holding_cost_calculations_with_maintenance_test" time="54.662"/>
  <testcase classname="newCar.OP.Acquisition_Quotes_Outright_PCP_with_maintenance_Test" name="aquisition_quotes_outright_PCP_customer_quote_calculations_check_monthly_finance_payment_with_maintenance_test" time="148.677"/>
  <testcase classname="newCar.OP.Acquisition_Quotes_Outright_PCP_with_maintenance_Test" name="aquisition_quotes_outright_PCP_customer_quote_vehicle_profit_edit_check_with_maintenance_test" time="50.226"/>
  <testcase classname="newCar.OP.Acquisition_Quotes_Outright_PCP_with_maintenance_Test" name="aquisition_quotes_outright_PCP_customer_quote_part_exchange_value_edit_check_with_maintenance_test" time="53.712"/>
  <testcase classname="newCar.OP.Acquisition_Quotes_Outright_PCP_with_maintenance_Test" name="aquisition_quotes_verify_customer_quote_monthly_finance_payment_after_adding_referrer_commission_test" time="23.876"/>
  <testcase classname="newCar.OP.Acquisition_Quotes_Outright_PCP_with_maintenance_Test" name="aquisition_quotes_outright_PCP_quote_summary_values_verification_with_maintenance_test" time="292.897"/>
</testsuite> <!-- Default test -->
