<?xml version="1.0" encoding="UTF-8"?>
<!-- Generated by org.testng.reporters.JUnitXMLReporter -->
<testsuite ignored="0" hostname="DSK-4052" failures="0" tests="6" name="Default test" time="458.286" errors="0" timestamp="2023-08-17T14:30:36 IST">
  <testcase classname="newCar.HPNR.Acquisition_Quotes_HPNR_PCH_without_maintenance_Test" name="aquisition_quotes_HPNR_PCH_OTR_calculation_without_maintenance_test" time="89.911"/>
  <testcase classname="newCar.HPNR.Acquisition_Quotes_HPNR_PCH_without_maintenance_Test" name="aquisition_quotes_HPNR_PCH_after_discount_calculations_without_maintenance_test" time="4.867"/>
  <testcase classname="newCar.HPNR.Acquisition_Quotes_HPNR_PCH_without_maintenance_Test" name="aquisition_quotes_HPNR_PCH_other_support_check_without_maintenance_test" time="17.254"/>
  <testcase classname="newCar.HPNR.Acquisition_Quotes_HPNR_PCH_without_maintenance_Test" name="aquisition_quotes_HPNR_PCH_holding_cost_calculations_without_maintenance_test" time="36.491"/>
  <testcase classname="newCar.HPNR.Acquisition_Quotes_HPNR_PCH_without_maintenance_Test" name="aquisition_quotes_HPNR_PCH_customer_quote_payment_profile_calculations_without_maintenance_test" time="70.641"/>
  <testcase classname="newCar.HPNR.Acquisition_Quotes_HPNR_PCH_without_maintenance_Test" name="aquisition_quotes_HPNR_PCH_quote_summary_values_verification_without_maintenance_test" time="221.966"/>
</testsuite> <!-- Default test -->
