<?xml version="1.0" encoding="UTF-8"?>
<!-- Generated by org.testng.reporters.JUnitXMLReporter -->
<testsuite ignored="0" hostname="DSK-4052" failures="0" tests="8" name="Default test" time="660.09" errors="0" timestamp="2023-09-14T13:04:30 IST">
  <testcase classname="newLCV.OP.Acquisition_Quotes_Outright_HPNR_LCV_without_maintenance_Test" name="aquisition_quotes_outright_HPNR_OTR_calculation_without_maintenance_test" time="103.628"/>
  <testcase classname="newLCV.OP.Acquisition_Quotes_Outright_HPNR_LCV_without_maintenance_Test" name="aquisition_quotes_outright_HPNR_after_discount_calculations_without_maintenance_test" time="4.928"/>
  <testcase classname="newLCV.OP.Acquisition_Quotes_Outright_HPNR_LCV_without_maintenance_Test" name="aquisition_quotes_outright_HPNR_holding_cost_calculations_without_maintenance_test" time="35.549"/>
  <testcase classname="newLCV.OP.Acquisition_Quotes_Outright_HPNR_LCV_without_maintenance_Test" name="aquisition_quotes_outright_HPNR_customer_quote_calculations_check_monthly_finance_payment_without_maintenance_test" time="81.915"/>
  <testcase classname="newLCV.OP.Acquisition_Quotes_Outright_HPNR_LCV_without_maintenance_Test" name="aquisition_quotes_outright_HPNR_customer_quote_vehicle_profit_edit_check_without_maintenance_test" time="39.238"/>
  <testcase classname="newLCV.OP.Acquisition_Quotes_Outright_HPNR_LCV_without_maintenance_Test" name="aquisition_quotes_outright_HPNR_customer_quote_part_exchange_value_edit_check_without_maintenance_test" time="64.609"/>
  <testcase classname="newLCV.OP.Acquisition_Quotes_Outright_HPNR_LCV_without_maintenance_Test" name="aquisition_quotes_outright_HPNR_customer_quote_monthly_finance_payment_after_balloon_payment_off_without_maintenance_test" time="17.726"/>
  <testcase classname="newLCV.OP.Acquisition_Quotes_Outright_HPNR_LCV_without_maintenance_Test" name="aquisition_quotes_outright_HPNR_quote_summary_values_verification_without_maintenance_test" time="286.776"/>
</testsuite> <!-- Default test -->
