<?xml version="1.0" encoding="UTF-8"?>
<!-- Generated by org.testng.reporters.JUnitXMLReporter -->
<testsuite ignored="0" hostname="DSK-4052" failures="0" tests="7" name="Default test" time="520.334" errors="0" timestamp="2023-09-04T14:44:05 IST">
  <testcase classname="newLCV.CP.Acquisition_Quotes_CP_PCP_LCV_without_maintenance_Test" name="aquisition_quotes_CP_PCP_OTR_calculation_without_maintenance_test" time="57.293"/>
  <testcase classname="newLCV.CP.Acquisition_Quotes_CP_PCP_LCV_without_maintenance_Test" name="aquisition_quotes_CP_PCP_after_discount_calculations_without_maintenance_test" time="4.915"/>
  <testcase classname="newLCV.CP.Acquisition_Quotes_CP_PCP_LCV_without_maintenance_Test" name="aquisition_quotes_CP_PCP_holding_cost_calculations_without_maintenance_test" time="41.987"/>
  <testcase classname="newLCV.CP.Acquisition_Quotes_CP_PCP_LCV_without_maintenance_Test" name="aquisition_quotes_CP_PCP_customer_quote_calculations_check_monthly_finance_payment_without_maintenance_test" time="70.573"/>
  <testcase classname="newLCV.CP.Acquisition_Quotes_CP_PCP_LCV_without_maintenance_Test" name="aquisition_quotes_CP_PCP_customer_quote_vehicle_profit_edit_check_without_maintenance_test" time="36.848"/>
  <testcase classname="newLCV.CP.Acquisition_Quotes_CP_PCP_LCV_without_maintenance_Test" name="aquisition_quotes_CP_PCP_customer_quote_part_exchange_value_edit_check_without_maintenance_test" time="76.741"/>
  <testcase classname="newLCV.CP.Acquisition_Quotes_CP_PCP_LCV_without_maintenance_Test" name="aquisition_quotes_CP_PCP_quote_summary_values_verification_without_maintenance_test" time="215.091"/>
</testsuite> <!-- Default test -->
