<?xml version="1.0" encoding="UTF-8"?>
<!-- Generated by org.testng.reporters.JUnitXMLReporter -->
<testsuite ignored="0" hostname="DSK-4052" failures="0" tests="4" name="Default test" time="564.508" errors="0" timestamp="2024-06-20T20:12:34 IST">
  <testcase classname="usedCar.CP.Acquisition_Quotes_CP_BCH_used_car_with_funder_ownbook_calculation_with_maintenance_Test" name="aquisition_quotes_used_car_OTR_calculation_with_maintenance_test" time="95.313"/>
  <testcase classname="usedCar.CP.Acquisition_Quotes_CP_BCH_used_car_with_funder_ownbook_calculation_with_maintenance_Test" name="aquisition_quotes_holding_cost_calculations_with_maintenance_test" time="48.674"/>
  <testcase classname="usedCar.CP.Acquisition_Quotes_CP_BCH_used_car_with_funder_ownbook_calculation_with_maintenance_Test" name="aquisition_quotes_customer_quote_payment_profile_calculations_with_maintenance_test" time="129.131"/>
  <testcase classname="usedCar.CP.Acquisition_Quotes_CP_BCH_used_car_with_funder_ownbook_calculation_with_maintenance_Test" name="aquisition_quotes_quote_summary_values_verification_with_maintenance_test" time="271.592"/>
</testsuite> <!-- Default test -->
