<?xml version="1.0" encoding="UTF-8"?>
<!-- Generated by org.testng.reporters.JUnitXMLReporter -->
<testsuite ignored="0" hostname="DSK-4052" failures="0" tests="5" name="Default test" time="621.847" errors="0" timestamp="2024-06-07T19:18:39 IST">
  <testcase classname="newCar.HPNR.Acquisition_Quotes_HPNR_BCH_with_funder_add_discount_without_maintenance_Test" name="aquisition_quotes_HPNR_BCH_OTR_calculation_without_maintenance_test" time="148.196"/>
  <testcase classname="newCar.HPNR.Acquisition_Quotes_HPNR_BCH_with_funder_add_discount_without_maintenance_Test" name="aquisition_quotes_HPNR_BCH_after_discount_calculations_without_maintenance_test" time="4.457"/>
  <testcase classname="newCar.HPNR.Acquisition_Quotes_HPNR_BCH_with_funder_add_discount_without_maintenance_Test" name="aquisition_quotes_HPNR_BCH_holding_cost_calculations_without_maintenance_test" time="25.977"/>
  <testcase classname="newCar.HPNR.Acquisition_Quotes_HPNR_BCH_with_funder_add_discount_without_maintenance_Test" name="aquisition_quotes_HPNR_BCH_customer_quote_payment_profile_calculations_without_maintenance_test" time="216.546"/>
  <testcase classname="newCar.HPNR.Acquisition_Quotes_HPNR_BCH_with_funder_add_discount_without_maintenance_Test" name="aquisition_quotes_HPNR_BCH_quote_summary_values_verification_without_maintenance_test" time="205.88"/>
</testsuite> <!-- Default test -->
