<?xml version="1.0" encoding="UTF-8"?>
<!-- Generated by org.testng.reporters.JUnitXMLReporter -->
<testsuite ignored="0" hostname="DSK-4052" failures="0" tests="6" name="Default test" time="519.345" errors="0" timestamp="2024-07-19T20:42:50 IST">
  <testcase classname="newCar.HPNR.Acquisition_Quotes_HPNR_BCH_without_maintenance_Test" name="aquisition_quotes_HPNR_BCH_OTR_calculation_without_maintenance_test" time="128.494"/>
  <testcase classname="newCar.HPNR.Acquisition_Quotes_HPNR_BCH_without_maintenance_Test" name="aquisition_quotes_HPNR_BCH_after_discount_calculations_without_maintenance_test" time="4.384"/>
  <testcase classname="newCar.HPNR.Acquisition_Quotes_HPNR_BCH_without_maintenance_Test" name="aquisition_quotes_HPNR_BCH_other_support_check_without_maintenance_test" time="22.155"/>
  <testcase classname="newCar.HPNR.Acquisition_Quotes_HPNR_BCH_without_maintenance_Test" name="aquisition_quotes_HPNR_BCH_holding_cost_calculations_without_maintenance_test" time="41.482"/>
  <testcase classname="newCar.HPNR.Acquisition_Quotes_HPNR_BCH_without_maintenance_Test" name="aquisition_quotes_HPNR_BCH_customer_quote_payment_profile_calculations_without_maintenance_test" time="80.102"/>
  <testcase classname="newCar.HPNR.Acquisition_Quotes_HPNR_BCH_without_maintenance_Test" name="aquisition_quotes_HPNR_BCH_quote_summary_values_verification_without_maintenance_test" time="223.812"/>
</testsuite> <!-- Default test -->
