<?xml version="1.0" encoding="UTF-8"?>
<!-- Generated by org.testng.reporters.JUnitXMLReporter -->
<testsuite ignored="0" hostname="DSK-4052" failures="0" tests="5" name="Default test" time="508.858" errors="0" timestamp="2024-06-24T12:35:27 IST">
  <testcase classname="newCar.FL.Acquisition_Quotes_FL_FL_with_funder_quote_addition_with_maintenance_Test" name="aquisition_quotes_FL_FL_OTR_calculation_with_maintenance_test" time="120.558"/>
  <testcase classname="newCar.FL.Acquisition_Quotes_FL_FL_with_funder_quote_addition_with_maintenance_Test" name="aquisition_quotes_FL_FL_after_discount_calculations_with_maintenance_test" time="4.647"/>
  <testcase classname="newCar.FL.Acquisition_Quotes_FL_FL_with_funder_quote_addition_with_maintenance_Test" name="aquisition_quotes_FL_FL_holding_cost_calculations_with_maintenance_test" time="41.257"/>
  <testcase classname="newCar.FL.Acquisition_Quotes_FL_FL_with_funder_quote_addition_with_maintenance_Test" name="aquisition_quotes_FL_FL_customer_quote_payment_profile_calculations_with_maintenance_test" time="84.7"/>
  <testcase classname="newCar.FL.Acquisition_Quotes_FL_FL_with_funder_quote_addition_with_maintenance_Test" name="aquisition_quotes_FL_FL_quote_summary_values_verification_with_maintenance_test" time="233.683"/>
</testsuite> <!-- Default test -->
