<?xml version="1.0" encoding="UTF-8"?>
<!-- Generated by org.testng.reporters.JUnitXMLReporter -->
<testsuite ignored="0" hostname="DSK-4052" failures="0" tests="5" name="Default test" time="513.826" errors="0" timestamp="2023-09-20T13:26:19 IST">
  <testcase classname="newCar.HPNR.Acquisition_Quotes_HPNR_BCH_with_funder_quote_addition_with_maintenance_Test" name="aquisition_quotes_HPNR_BCH_OTR_calculation_with_maintenance_test" time="115.055"/>
  <testcase classname="newCar.HPNR.Acquisition_Quotes_HPNR_BCH_with_funder_quote_addition_with_maintenance_Test" name="aquisition_quotes_HPNR_BCH_after_discount_calculations_with_maintenance_test" time="4.646"/>
  <testcase classname="newCar.HPNR.Acquisition_Quotes_HPNR_BCH_with_funder_quote_addition_with_maintenance_Test" name="aquisition_quotes_HPNR_BCH_holding_cost_calculations_with_maintenance_test" time="46.006"/>
  <testcase classname="newCar.HPNR.Acquisition_Quotes_HPNR_BCH_with_funder_quote_addition_with_maintenance_Test" name="aquisition_quotes_HPNR_BCH_customer_quote_payment_profile_calculations_with_maintenance_test" time="117.397"/>
  <testcase classname="newCar.HPNR.Acquisition_Quotes_HPNR_BCH_with_funder_quote_addition_with_maintenance_Test" name="aquisition_quotes_HPNR_BCH_quote_summary_values_verification_with_maintenance_test" time="212.473"/>
</testsuite> <!-- Default test -->
