<?xml version="1.0" encoding="UTF-8"?>
<!-- Generated by org.testng.reporters.JUnitXMLReporter -->
<testsuite ignored="0" hostname="DSK-4052" failures="0" tests="5" name="Default test" time="390.066" errors="0" timestamp="2023-10-25T11:14:44 IST">
  <testcase classname="usedCar.HPNR.Acquisition_Quotes_HPNR_PCP_used_car_with_funder_quote_addition_without_maintenance_Test" name="aquisition_quotes_OTR_calculation_without_maintenance_test" time="72.852"/>
  <testcase classname="usedCar.HPNR.Acquisition_Quotes_HPNR_PCP_used_car_with_funder_quote_addition_without_maintenance_Test" name="aquisition_quotes_used_car_edit_cost_price_and_check_OTR_without_maintenance_test" time="0.001"/>
  <testcase classname="usedCar.HPNR.Acquisition_Quotes_HPNR_PCP_used_car_with_funder_quote_addition_without_maintenance_Test" name="aquisition_quotes_holding_cost_calculations_without_maintenance_test" time="46.239"/>
  <testcase classname="usedCar.HPNR.Acquisition_Quotes_HPNR_PCP_used_car_with_funder_quote_addition_without_maintenance_Test" name="aquisition_quotes_customer_quote_calculations_check_monthly_finance_payment_without_maintenance_test" time="52.655"/>
  <testcase classname="usedCar.HPNR.Acquisition_Quotes_HPNR_PCP_used_car_with_funder_quote_addition_without_maintenance_Test" name="aquisition_quotes_quote_summary_values_verification_without_maintenance_test" time="204.589"/>
</testsuite> <!-- Default test -->
