<?xml version="1.0" encoding="UTF-8"?>
<!-- Generated by org.testng.reporters.JUnitXMLReporter -->
<testsuite ignored="0" hostname="DSK-4052" failures="0" tests="5" name="Default test" time="438.967" errors="0" timestamp="2023-09-13T11:16:28 IST">
  <testcase classname="newCar.HPNR.Acquisition_Quotes_HPNR_PCP_with_funder_quote_addition_without_maintenance_Test" name="aquisition_quotes_HPNR_PCP_OTR_calculation_without_maintenance_test" time="93.456"/>
  <testcase classname="newCar.HPNR.Acquisition_Quotes_HPNR_PCP_with_funder_quote_addition_without_maintenance_Test" name="aquisition_quotes_HPNR_PCP_after_discount_calculations_without_maintenance_test" time="6.447"/>
  <testcase classname="newCar.HPNR.Acquisition_Quotes_HPNR_PCP_with_funder_quote_addition_without_maintenance_Test" name="aquisition_quotes_HPNR_PCP_holding_cost_calculations_without_maintenance_test" time="25.629"/>
  <testcase classname="newCar.HPNR.Acquisition_Quotes_HPNR_PCP_with_funder_quote_addition_without_maintenance_Test" name="aquisition_quotes_HPNR_PCP_customer_quote_calculations_check_monthly_finance_payment_without_maintenance_test" time="48.012"/>
  <testcase classname="newCar.HPNR.Acquisition_Quotes_HPNR_PCP_with_funder_quote_addition_without_maintenance_Test" name="aquisition_quotes_HPNR_PCP_quote_summary_values_verification_without_maintenance_test" time="250.069"/>
</testsuite> <!-- Default test -->
