<?xml version="1.0" encoding="UTF-8"?>
<!-- Generated by org.testng.reporters.JUnitXMLReporter -->
<testsuite ignored="0" hostname="DSK-4052" failures="0" tests="5" name="Default test" time="430.01" errors="0" timestamp="2023-10-11T20:05:35 IST">
  <testcase classname="newLCV.HPNR.Acquisition_Quotes_HPNR_PCP_LCV_with_funder_quote_addition_without_maintenance_Test" name="aquisition_quotes_HPNR_PCP_OTR_calculation_without_maintenance_test" time="110.808"/>
  <testcase classname="newLCV.HPNR.Acquisition_Quotes_HPNR_PCP_LCV_with_funder_quote_addition_without_maintenance_Test" name="aquisition_quotes_HPNR_PCP_after_discount_calculations_without_maintenance_test" time="4.821"/>
  <testcase classname="newLCV.HPNR.Acquisition_Quotes_HPNR_PCP_LCV_with_funder_quote_addition_without_maintenance_Test" name="aquisition_quotes_HPNR_PCP_holding_cost_calculations_without_maintenance_test" time="21.71"/>
  <testcase classname="newLCV.HPNR.Acquisition_Quotes_HPNR_PCP_LCV_with_funder_quote_addition_without_maintenance_Test" name="aquisition_quotes_HPNR_PCP_customer_quote_calculations_check_monthly_finance_payment_without_maintenance_test" time="41.199"/>
  <testcase classname="newLCV.HPNR.Acquisition_Quotes_HPNR_PCP_LCV_with_funder_quote_addition_without_maintenance_Test" name="aquisition_quotes_HPNR_PCP_quote_summary_values_verification_without_maintenance_test" time="235.727"/>
</testsuite> <!-- Default test -->
