<?xml version="1.0" encoding="UTF-8"?>
<!-- Generated by org.testng.reporters.JUnitXMLReporter -->
<testsuite ignored="0" hostname="DSK-4052" failures="0" tests="8" name="Default test" time="703.987" errors="0" timestamp="2024-06-06T20:38:00 IST">
  <testcase classname="newCar.HPNR.Acquisition_Quotes_HPNR_HPNR_Increase_OTR_purchase_without_maintenance_Test" name="aquisition_quotes_HPNR_HPNR_OTR_calculation_without_maintenance_test" time="117.561"/>
  <testcase classname="newCar.HPNR.Acquisition_Quotes_HPNR_HPNR_Increase_OTR_purchase_without_maintenance_Test" name="aquisition_quotes_HPNR_HPNR_after_discount_calculations_without_maintenance_test" time="11.283"/>
  <testcase classname="newCar.HPNR.Acquisition_Quotes_HPNR_HPNR_Increase_OTR_purchase_without_maintenance_Test" name="aquisition_quotes_HPNR_HPNR_holding_cost_calculations_without_maintenance_test" time="40.813"/>
  <testcase classname="newCar.HPNR.Acquisition_Quotes_HPNR_HPNR_Increase_OTR_purchase_without_maintenance_Test" name="aquisition_quotes_HPNR_HPNR_customer_quote_calculations_check_monthly_finance_payment_without_maintenance_test" time="105.609"/>
  <testcase classname="newCar.HPNR.Acquisition_Quotes_HPNR_HPNR_Increase_OTR_purchase_without_maintenance_Test" name="aquisition_quotes_HPNR_HPNR_customer_quote_vehicle_profit_edit_check_without_maintenance_test" time="48.109"/>
  <testcase classname="newCar.HPNR.Acquisition_Quotes_HPNR_HPNR_Increase_OTR_purchase_without_maintenance_Test" name="aquisition_quotes_HPNR_HPNR_customer_quote_part_exchange_value_edit_check_without_maintenance_test" time="58.523"/>
  <testcase classname="newCar.HPNR.Acquisition_Quotes_HPNR_HPNR_Increase_OTR_purchase_without_maintenance_Test" name="aquisition_quotes_HPNR_HPNR_customer_quote_monthly_finance_payment_after_balloon_payment_off_without_maintenance_test" time="20.723"/>
  <testcase classname="newCar.HPNR.Acquisition_Quotes_HPNR_HPNR_Increase_OTR_purchase_without_maintenance_Test" name="aquisition_quotes_HPNR_HPNR_quote_summary_values_verification_without_maintenance_test" time="281.247"/>
</testsuite> <!-- Default test -->
