<?xml version="1.0" encoding="UTF-8"?>
<!-- Generated by org.testng.reporters.JUnitXMLReporter -->
<testsuite ignored="0" hostname="DSK-4052" failures="1" tests="8" name="Default test" time="307.364" errors="0" timestamp="2024-02-06T18:27:08 IST">
  <testcase classname="newCar.OP.Acquisition_Quotes_Outright_HPNR_without_maintenance_Test" name="aquisition_quotes_outright_HPNR_OTR_calculation_without_maintenance_test" time="102.766"/>
  <testcase classname="newCar.OP.Acquisition_Quotes_Outright_HPNR_without_maintenance_Test" name="aquisition_quotes_outright_HPNR_after_discount_calculations_without_maintenance_test" time="4.89"/>
  <testcase classname="newCar.OP.Acquisition_Quotes_Outright_HPNR_without_maintenance_Test" name="aquisition_quotes_outright_HPNR_holding_cost_calculations_without_maintenance_test" time="36.066"/>
  <testcase classname="newCar.OP.Acquisition_Quotes_Outright_HPNR_without_maintenance_Test" name="aquisition_quotes_outright_HPNR_customer_quote_calculations_check_monthly_finance_payment_without_maintenance_test" time="143.5">
    <failure type="org.openqa.selenium.ElementClickInterceptedException" message="element click intercepted: Element &amp;lt;p style=&amp;quot; border: 1px solid white;&amp;quot;&amp;gt;...&amp;lt;/p&amp;gt; is not clickable at point (791, 98). Other element would receive the click: &amp;lt;div _ngcontent-ywi-c0=&amp;quot;&amp;quot; class=&amp;quot;loader_div&amp;quot;&amp;gt;...&amp;lt;/div&amp;gt;
  (Session info: chrome=121.0.6167.140)
Build info: version: &amp;apos;4.1.0&amp;apos;, revision: &amp;apos;87802e897b&amp;apos;
System info: host: &amp;apos;DSK-4052&amp;apos;, ip: &amp;apos;172.16.1.80&amp;apos;, os.name: &amp;apos;Windows 10&amp;apos;, os.arch: &amp;apos;amd64&amp;apos;, os.version: &amp;apos;10.0&amp;apos;, java.version: &amp;apos;19.0.1&amp;apos;
Driver info: org.openqa.selenium.chrome.ChromeDriver
Command: [f03554f002b138036b1124ab6e31e800, clickElement {id=8D5FC9EEC776262D9899AA26D0E72AE1_element_702}]
Capabilities {acceptInsecureCerts: false, browserName: chrome, browserVersion: 121.0.6167.140, chrome: {chromedriverVersion: 121.0.6167.85 (3f98d690ad7e..., userDataDir: C:\Users\NITEIN~1.KUR\AppDa...}, fedcm:accounts: true, goog:chromeOptions: {debuggerAddress: localhost:62502}, javascriptEnabled: true, networkConnectionEnabled: false, pageLoadStrategy: normal, platform: WINDOWS, platformName: WINDOWS, proxy: Proxy(), se:cdp: ws://localhost:62502/devtoo..., se:cdpVersion: 121.0.6167.140, setWindowRect: true, strictFileInteractability: false, timeouts: {implicit: 0, pageLoad: 300000, script: 30000}, unhandledPromptBehavior: dismiss and notify, webauthn:extension:credBlob: true, webauthn:extension:largeBlob: true, webauthn:extension:minPinLength: true, webauthn:extension:prf: true, webauthn:virtualAuthenticators: true}
Element: [[ChromeDriver: chrome on WINDOWS (f03554f002b138036b1124ab6e31e800)] -&amp;gt; xpath: //p[normalize-space()=&amp;apos;Customer Quote&amp;apos;]]
Session ID: f03554f002b138036b1124ab6e31e800">
      <![CDATA[org.openqa.selenium.ElementClickInterceptedException: element click intercepted: Element <p style=" border: 1px solid white;">...</p> is not clickable at point (791, 98). Other element would receive the click: <div _ngcontent-ywi-c0="" class="loader_div">...</div>
  (Session info: chrome=121.0.6167.140)
Build info: version: '4.1.0', revision: '87802e897b'
System info: host: 'DSK-4052', ip: '172.16.1.80', os.name: 'Windows 10', os.arch: 'amd64', os.version: '10.0', java.version: '19.0.1'
Driver info: org.openqa.selenium.chrome.ChromeDriver
Command: [f03554f002b138036b1124ab6e31e800, clickElement {id=8D5FC9EEC776262D9899AA26D0E72AE1_element_702}]
Capabilities {acceptInsecureCerts: false, browserName: chrome, browserVersion: 121.0.6167.140, chrome: {chromedriverVersion: 121.0.6167.85 (3f98d690ad7e..., userDataDir: C:\Users\NITEIN~1.KUR\AppDa...}, fedcm:accounts: true, goog:chromeOptions: {debuggerAddress: localhost:62502}, javascriptEnabled: true, networkConnectionEnabled: false, pageLoadStrategy: normal, platform: WINDOWS, platformName: WINDOWS, proxy: Proxy(), se:cdp: ws://localhost:62502/devtoo..., se:cdpVersion: 121.0.6167.140, setWindowRect: true, strictFileInteractability: false, timeouts: {implicit: 0, pageLoad: 300000, script: 30000}, unhandledPromptBehavior: dismiss and notify, webauthn:extension:credBlob: true, webauthn:extension:largeBlob: true, webauthn:extension:minPinLength: true, webauthn:extension:prf: true, webauthn:virtualAuthenticators: true}
Element: [[ChromeDriver: chrome on WINDOWS (f03554f002b138036b1124ab6e31e800)] -> xpath: //p[normalize-space()='Customer Quote']]
Session ID: f03554f002b138036b1124ab6e31e800
at java.base/jdk.internal.reflect.DirectConstructorHandleAccessor.newInstance(DirectConstructorHandleAccessor.java:67)
at java.base/java.lang.reflect.Constructor.newInstanceWithCaller(Constructor.java:500)
at java.base/java.lang.reflect.Constructor.newInstance(Constructor.java:484)
at org.openqa.selenium.remote.codec.w3c.W3CHttpResponseCodec.createException(W3CHttpResponseCodec.java:200)
at org.openqa.selenium.remote.codec.w3c.W3CHttpResponseCodec.decode(W3CHttpResponseCodec.java:133)
at org.openqa.selenium.remote.codec.w3c.W3CHttpResponseCodec.decode(W3CHttpResponseCodec.java:53)
at org.openqa.selenium.remote.HttpCommandExecutor.execute(HttpCommandExecutor.java:184)
at org.openqa.selenium.remote.service.DriverCommandExecutor.invokeExecute(DriverCommandExecutor.java:164)
at org.openqa.selenium.remote.service.DriverCommandExecutor.execute(DriverCommandExecutor.java:139)
at org.openqa.selenium.remote.RemoteWebDriver.execute(RemoteWebDriver.java:559)
at org.openqa.selenium.remote.RemoteWebElement.execute(RemoteWebElement.java:251)
at org.openqa.selenium.remote.RemoteWebElement.click(RemoteWebElement.java:77)
at java.base/jdk.internal.reflect.DirectMethodHandleAccessor.invoke(DirectMethodHandleAccessor.java:104)
at java.base/java.lang.reflect.Method.invoke(Method.java:578)
at org.openqa.selenium.support.pagefactory.internal.LocatingElementHandler.invoke(LocatingElementHandler.java:52)
at jdk.proxy2/jdk.proxy2.$Proxy22.click(Unknown Source)
at com.amt.testUtil.Click.on(Click.java:22)
at com.amt.CustomerQuotePackage.CustomerQuotePage_HPNR_HPRPage.update_sales_price_discount_and_verify_sales_price_vehicle_profit_monthly_rental_without_maintenance(CustomerQuotePage_HPNR_HPRPage.java:1562)
at newCar.OP.Acquisition_Quotes_Outright_HPNR_without_maintenance_Test.aquisition_quotes_outright_HPNR_customer_quote_calculations_check_monthly_finance_payment_without_maintenance_test(Acquisition_Quotes_Outright_HPNR_without_maintenance_Test.java:123)
at java.base/jdk.internal.reflect.DirectMethodHandleAccessor.invoke(DirectMethodHandleAccessor.java:104)
at java.base/java.lang.reflect.Method.invoke(Method.java:578)
at org.testng.internal.MethodInvocationHelper.invokeMethod(MethodInvocationHelper.java:133)
at org.testng.internal.TestInvoker.invokeMethod(TestInvoker.java:598)
at org.testng.internal.TestInvoker.invokeTestMethod(TestInvoker.java:173)
at org.testng.internal.MethodRunner.runInSequence(MethodRunner.java:46)
at org.testng.internal.TestInvoker$MethodInvocationAgent.invoke(TestInvoker.java:824)
at org.testng.internal.TestInvoker.invokeTestMethods(TestInvoker.java:146)
at org.testng.internal.TestMethodWorker.invokeTestMethods(TestMethodWorker.java:146)
at org.testng.internal.TestMethodWorker.run(TestMethodWorker.java:128)
at java.base/java.util.ArrayList.forEach(ArrayList.java:1511)
at org.testng.TestRunner.privateRun(TestRunner.java:794)
at org.testng.TestRunner.run(TestRunner.java:596)
at org.testng.SuiteRunner.runTest(SuiteRunner.java:377)
at org.testng.SuiteRunner.runSequentially(SuiteRunner.java:371)
at org.testng.SuiteRunner.privateRun(SuiteRunner.java:332)
at org.testng.SuiteRunner.run(SuiteRunner.java:276)
at org.testng.SuiteRunnerWorker.runSuite(SuiteRunnerWorker.java:53)
at org.testng.SuiteRunnerWorker.run(SuiteRunnerWorker.java:96)
at org.testng.TestNG.runSuitesSequentially(TestNG.java:1212)
at org.testng.TestNG.runSuitesLocally(TestNG.java:1134)
at org.testng.TestNG.runSuites(TestNG.java:1063)
at org.testng.TestNG.run(TestNG.java:1031)
at org.testng.remote.AbstractRemoteTestNG.run(AbstractRemoteTestNG.java:115)
at org.testng.remote.RemoteTestNG.initAndRun(RemoteTestNG.java:251)
at org.testng.remote.RemoteTestNG.main(RemoteTestNG.java:77)
]]>
    </failure>
  </testcase> <!-- aquisition_quotes_outright_HPNR_customer_quote_calculations_check_monthly_finance_payment_without_maintenance_test -->
  <testcase classname="newCar.OP.Acquisition_Quotes_Outright_HPNR_without_maintenance_Test" name="aquisition_quotes_outright_HPNR_customer_quote_vehicle_profit_edit_check_without_maintenance_test" time="0.0">
    <skipped/>
  </testcase> <!-- aquisition_quotes_outright_HPNR_customer_quote_vehicle_profit_edit_check_without_maintenance_test -->
  <testcase classname="newCar.OP.Acquisition_Quotes_Outright_HPNR_without_maintenance_Test" name="aquisition_quotes_outright_HPNR_customer_quote_part_exchange_value_edit_check_without_maintenance_test" time="0.0">
    <skipped/>
  </testcase> <!-- aquisition_quotes_outright_HPNR_customer_quote_part_exchange_value_edit_check_without_maintenance_test -->
  <testcase classname="newCar.OP.Acquisition_Quotes_Outright_HPNR_without_maintenance_Test" name="aquisition_quotes_outright_HPNR_customer_quote_monthly_finance_payment_after_balloon_payment_off_without_maintenance_test" time="0.0">
    <skipped/>
  </testcase> <!-- aquisition_quotes_outright_HPNR_customer_quote_monthly_finance_payment_after_balloon_payment_off_without_maintenance_test -->
  <testcase classname="newCar.OP.Acquisition_Quotes_Outright_HPNR_without_maintenance_Test" name="aquisition_quotes_outright_HPNR_quote_summary_values_verification_without_maintenance_test" time="0.0">
    <skipped/>
  </testcase> <!-- aquisition_quotes_outright_HPNR_quote_summary_values_verification_without_maintenance_test -->
</testsuite> <!-- Default test -->
