<?xml version="1.0" encoding="UTF-8"?>
<!-- Generated by org.testng.reporters.JUnitXMLReporter -->
<testsuite ignored="4" hostname="DSK-4052" failures="0" tests="1" name="Default test" time="60.693" errors="0" timestamp="2023-08-17T20:39:36 IST">
  <testcase classname="usedCar.CP.Acquisition_Quotes_CP_BCH_used_car_with_funder_quote_addition_with_maintenance_Test" name="aquisition_quotes_used_car_OTR_calculation_with_maintenance_test" time="46.234"/>
  <testcase classname="usedCar.CP.Acquisition_Quotes_CP_BCH_used_car_with_funder_quote_addition_with_maintenance_Test" name="aquisition_quotes_holding_cost_calculations_with_maintenance_test" time="0.0">
    <ignored/>
  </testcase> <!-- aquisition_quotes_holding_cost_calculations_with_maintenance_test -->
  <testcase classname="usedCar.CP.Acquisition_Quotes_CP_BCH_used_car_with_funder_quote_addition_with_maintenance_Test" name="aquisition_quotes_customer_quote_payment_profile_calculations_with_maintenance_test" time="0.0">
    <ignored/>
  </testcase> <!-- aquisition_quotes_customer_quote_payment_profile_calculations_with_maintenance_test -->
  <testcase classname="usedCar.CP.Acquisition_Quotes_CP_BCH_used_car_with_funder_quote_addition_with_maintenance_Test" name="aquisition_quotes_used_car_edit_cost_price_and_check_OTR_with_maintenance_test" time="0.0">
    <ignored/>
  </testcase> <!-- aquisition_quotes_used_car_edit_cost_price_and_check_OTR_with_maintenance_test -->
  <testcase classname="usedCar.CP.Acquisition_Quotes_CP_BCH_used_car_with_funder_quote_addition_with_maintenance_Test" name="aquisition_quotes_quote_summary_values_verification_with_maintenance_test" time="0.0">
    <ignored/>
  </testcase> <!-- aquisition_quotes_quote_summary_values_verification_with_maintenance_test -->
</testsuite> <!-- Default test -->
