<?xml version="1.0" encoding="UTF-8"?>
<!-- Generated by org.testng.reporters.JUnitXMLReporter -->
<testsuite ignored="0" hostname="DSK-4052" failures="0" tests="6" name="Default test" time="962.363" errors="0" timestamp="2025-09-16T12:31:49 IST">
  <testcase classname="usedCar.CP.Acquisition_Quotes_CP_PCP_used_car_with_maintenance_Test" name="aquisition_quotes_OTR_calculation_with_maintenance_test" time="98.869"/>
  <testcase classname="usedCar.CP.Acquisition_Quotes_CP_PCP_used_car_with_maintenance_Test" name="aquisition_quotes_holding_cost_calculations_with_maintenance_test" time="27.623"/>
  <testcase classname="usedCar.CP.Acquisition_Quotes_CP_PCP_used_car_with_maintenance_Test" name="aquisition_quotes_customer_quote_calculations_check_monthly_finance_payment_with_maintenance_test" time="192.7"/>
  <testcase classname="usedCar.CP.Acquisition_Quotes_CP_PCP_used_car_with_maintenance_Test" name="aquisition_quotes_customer_quote_part_exchange_value_edit_check_with_maintenance_test" time="96.177"/>
  <testcase classname="usedCar.CP.Acquisition_Quotes_CP_PCP_used_car_with_maintenance_Test" name="aquisition_quotes_verify_customer_quote_monthly_finance_payment_after_adding_referrer_commission_test" time="62.243"/>
  <testcase classname="usedCar.CP.Acquisition_Quotes_CP_PCP_used_car_with_maintenance_Test" name="aquisition_quotes_quote_summary_values_verification_with_maintenance_test" time="465.379"/>
</testsuite> <!-- Default test -->
