<?xml version="1.0" encoding="UTF-8"?>
<!-- Generated by org.testng.reporters.JUnitXMLReporter -->
<testsuite ignored="0" hostname="DSK-4052" failures="1" tests="5" name="Default test" time="188.71" errors="0" timestamp="2024-06-03T18:09:42 IST">
  <testcase classname="usedLCV.CP.Acquisition_Quotes_CP_PCP_used_LCV_with_funder_quote_addition_with_maintenance_Test" name="aquisition_quotes_OTR_calculation_with_maintenance_test" time="92.876"/>
  <testcase classname="usedLCV.CP.Acquisition_Quotes_CP_PCP_used_LCV_with_funder_quote_addition_with_maintenance_Test" name="aquisition_quotes_used_LCV_edit_cost_price_and_check_OTR_with_maintenance_test" time="0.003"/>
  <testcase classname="usedLCV.CP.Acquisition_Quotes_CP_PCP_used_LCV_with_funder_quote_addition_with_maintenance_Test" name="aquisition_quotes_holding_cost_calculations_with_maintenance_test" time="65.173"/>
  <testcase classname="usedLCV.CP.Acquisition_Quotes_CP_PCP_used_LCV_with_funder_quote_addition_with_maintenance_Test" name="aquisition_quotes_customer_quote_calculations_check_monthly_finance_payment_with_maintenance_test" time="10.594">
    <failure type="org.openqa.selenium.ElementClickInterceptedException" message="element click intercepted: Element &amp;lt;ng-select _ngcontent-tri-c22=&amp;quot;&amp;quot; bindlabel=&amp;quot;creditCheckName&amp;quot; bindvalue=&amp;quot;creditCheckName&amp;quot; class=&amp;quot;form-control select20 mr-15-laptop-low ng-select ng-select-single ng-untouched ng-pristine ng-valid&amp;quot; name=&amp;quot;creditCheckName&amp;quot; role=&amp;quot;listbox&amp;quot; trackformchanges=&amp;quot;&amp;quot; style=&amp;quot; border: 1px solid white;&amp;quot;&amp;gt;...&amp;lt;/ng-select&amp;gt; is not clickable at point (1349, 559). Other element would receive the click: &amp;lt;div _ngcontent-tri-c1=&amp;quot;&amp;quot; class=&amp;quot;loader_div&amp;quot;&amp;gt;...&amp;lt;/div&amp;gt;
  (Session info: chrome=125.0.6422.114)
Build info: version: &amp;apos;4.1.0&amp;apos;, revision: &amp;apos;87802e897b&amp;apos;
System info: host: &amp;apos;DSK-4052&amp;apos;, ip: &amp;apos;172.16.1.80&amp;apos;, os.name: &amp;apos;Windows 10&amp;apos;, os.arch: &amp;apos;amd64&amp;apos;, os.version: &amp;apos;10.0&amp;apos;, java.version: &amp;apos;19.0.1&amp;apos;
Driver info: org.openqa.selenium.chrome.ChromeDriver
Command: [9a78258aa8dc45c897a06d1b5d1ba0c4, clickElement {id=f.9439A9663C76E40857E22278EB656836.d.845E152B030C41369DACF6C99902411D.e.1151}]
Capabilities {acceptInsecureCerts: false, browserName: chrome, browserVersion: 125.0.6422.114, chrome: {chromedriverVersion: 125.0.6422.78 (14db42ec38ad..., userDataDir: C:\Users\NITEIN~1.KUR\AppDa...}, fedcm:accounts: true, goog:chromeOptions: {debuggerAddress: localhost:55858}, javascriptEnabled: true, networkConnectionEnabled: false, pageLoadStrategy: normal, platform: WINDOWS, platformName: WINDOWS, proxy: Proxy(), se:cdp: ws://localhost:55858/devtoo..., se:cdpVersion: 125.0.6422.114, setWindowRect: true, strictFileInteractability: false, timeouts: {implicit: 0, pageLoad: 300000, script: 30000}, unhandledPromptBehavior: dismiss and notify, webauthn:extension:credBlob: true, webauthn:extension:largeBlob: true, webauthn:extension:minPinLength: true, webauthn:extension:prf: true, webauthn:virtualAuthenticators: true}
Element: [[ChromeDriver: chrome on WINDOWS (9a78258aa8dc45c897a06d1b5d1ba0c4)] -&amp;gt; xpath: //*[normalize-space()=&amp;apos;Matrix Credit type&amp;apos;]//ancestor::div[1]//div//ng-select]
Session ID: 9a78258aa8dc45c897a06d1b5d1ba0c4">
      <![CDATA[org.openqa.selenium.ElementClickInterceptedException: element click intercepted: Element <ng-select _ngcontent-tri-c22="" bindlabel="creditCheckName" bindvalue="creditCheckName" class="form-control select20 mr-15-laptop-low ng-select ng-select-single ng-untouched ng-pristine ng-valid" name="creditCheckName" role="listbox" trackformchanges="" style=" border: 1px solid white;">...</ng-select> is not clickable at point (1349, 559). Other element would receive the click: <div _ngcontent-tri-c1="" class="loader_div">...</div>
  (Session info: chrome=125.0.6422.114)
Build info: version: '4.1.0', revision: '87802e897b'
System info: host: 'DSK-4052', ip: '172.16.1.80', os.name: 'Windows 10', os.arch: 'amd64', os.version: '10.0', java.version: '19.0.1'
Driver info: org.openqa.selenium.chrome.ChromeDriver
Command: [9a78258aa8dc45c897a06d1b5d1ba0c4, clickElement {id=f.9439A9663C76E40857E22278EB656836.d.845E152B030C41369DACF6C99902411D.e.1151}]
Capabilities {acceptInsecureCerts: false, browserName: chrome, browserVersion: 125.0.6422.114, chrome: {chromedriverVersion: 125.0.6422.78 (14db42ec38ad..., userDataDir: C:\Users\NITEIN~1.KUR\AppDa...}, fedcm:accounts: true, goog:chromeOptions: {debuggerAddress: localhost:55858}, javascriptEnabled: true, networkConnectionEnabled: false, pageLoadStrategy: normal, platform: WINDOWS, platformName: WINDOWS, proxy: Proxy(), se:cdp: ws://localhost:55858/devtoo..., se:cdpVersion: 125.0.6422.114, setWindowRect: true, strictFileInteractability: false, timeouts: {implicit: 0, pageLoad: 300000, script: 30000}, unhandledPromptBehavior: dismiss and notify, webauthn:extension:credBlob: true, webauthn:extension:largeBlob: true, webauthn:extension:minPinLength: true, webauthn:extension:prf: true, webauthn:virtualAuthenticators: true}
Element: [[ChromeDriver: chrome on WINDOWS (9a78258aa8dc45c897a06d1b5d1ba0c4)] -> xpath: //*[normalize-space()='Matrix Credit type']//ancestor::div[1]//div//ng-select]
Session ID: 9a78258aa8dc45c897a06d1b5d1ba0c4
at java.base/jdk.internal.reflect.DirectConstructorHandleAccessor.newInstance(DirectConstructorHandleAccessor.java:67)
at java.base/java.lang.reflect.Constructor.newInstanceWithCaller(Constructor.java:500)
at java.base/java.lang.reflect.Constructor.newInstance(Constructor.java:484)
at org.openqa.selenium.remote.codec.w3c.W3CHttpResponseCodec.createException(W3CHttpResponseCodec.java:200)
at org.openqa.selenium.remote.codec.w3c.W3CHttpResponseCodec.decode(W3CHttpResponseCodec.java:133)
at org.openqa.selenium.remote.codec.w3c.W3CHttpResponseCodec.decode(W3CHttpResponseCodec.java:53)
at org.openqa.selenium.remote.HttpCommandExecutor.execute(HttpCommandExecutor.java:184)
at org.openqa.selenium.remote.service.DriverCommandExecutor.invokeExecute(DriverCommandExecutor.java:164)
at org.openqa.selenium.remote.service.DriverCommandExecutor.execute(DriverCommandExecutor.java:139)
at org.openqa.selenium.remote.RemoteWebDriver.execute(RemoteWebDriver.java:559)
at org.openqa.selenium.remote.RemoteWebElement.execute(RemoteWebElement.java:251)
at org.openqa.selenium.remote.RemoteWebElement.click(RemoteWebElement.java:77)
at java.base/jdk.internal.reflect.DirectMethodHandleAccessor.invoke(DirectMethodHandleAccessor.java:104)
at java.base/java.lang.reflect.Method.invoke(Method.java:578)
at org.openqa.selenium.support.pagefactory.internal.LocatingElementHandler.invoke(LocatingElementHandler.java:52)
at jdk.proxy2/jdk.proxy2.$Proxy22.click(Unknown Source)
at com.amt.testUtil.Click.on(Click.java:22)
at com.amt.CustomerQuotePackage.CustomerQuotePage_CP_PCP_Page.check_monthly_finance_payment_on_customer_quote_for_used_car_with_funder_quote_addition_with_maintenance(CustomerQuotePage_CP_PCP_Page.java:302)
at usedLCV.CP.Acquisition_Quotes_CP_PCP_used_LCV_with_funder_quote_addition_with_maintenance_Test.aquisition_quotes_customer_quote_calculations_check_monthly_finance_payment_with_maintenance_test(Acquisition_Quotes_CP_PCP_used_LCV_with_funder_quote_addition_with_maintenance_Test.java:117)
at java.base/jdk.internal.reflect.DirectMethodHandleAccessor.invoke(DirectMethodHandleAccessor.java:104)
at java.base/java.lang.reflect.Method.invoke(Method.java:578)
at org.testng.internal.MethodInvocationHelper.invokeMethod(MethodInvocationHelper.java:133)
at org.testng.internal.TestInvoker.invokeMethod(TestInvoker.java:598)
at org.testng.internal.TestInvoker.invokeTestMethod(TestInvoker.java:173)
at org.testng.internal.MethodRunner.runInSequence(MethodRunner.java:46)
at org.testng.internal.TestInvoker$MethodInvocationAgent.invoke(TestInvoker.java:824)
at org.testng.internal.TestInvoker.invokeTestMethods(TestInvoker.java:146)
at org.testng.internal.TestMethodWorker.invokeTestMethods(TestMethodWorker.java:146)
at org.testng.internal.TestMethodWorker.run(TestMethodWorker.java:128)
at java.base/java.util.ArrayList.forEach(ArrayList.java:1511)
at org.testng.TestRunner.privateRun(TestRunner.java:794)
at org.testng.TestRunner.run(TestRunner.java:596)
at org.testng.SuiteRunner.runTest(SuiteRunner.java:377)
at org.testng.SuiteRunner.runSequentially(SuiteRunner.java:371)
at org.testng.SuiteRunner.privateRun(SuiteRunner.java:332)
at org.testng.SuiteRunner.run(SuiteRunner.java:276)
at org.testng.SuiteRunnerWorker.runSuite(SuiteRunnerWorker.java:53)
at org.testng.SuiteRunnerWorker.run(SuiteRunnerWorker.java:96)
at org.testng.TestNG.runSuitesSequentially(TestNG.java:1212)
at org.testng.TestNG.runSuitesLocally(TestNG.java:1134)
at org.testng.TestNG.runSuites(TestNG.java:1063)
at org.testng.TestNG.run(TestNG.java:1031)
at org.testng.remote.AbstractRemoteTestNG.run(AbstractRemoteTestNG.java:115)
at org.testng.remote.RemoteTestNG.initAndRun(RemoteTestNG.java:251)
at org.testng.remote.RemoteTestNG.main(RemoteTestNG.java:77)
]]>
    </failure>
  </testcase> <!-- aquisition_quotes_customer_quote_calculations_check_monthly_finance_payment_with_maintenance_test -->
  <testcase classname="usedLCV.CP.Acquisition_Quotes_CP_PCP_used_LCV_with_funder_quote_addition_with_maintenance_Test" name="aquisition_quotes_customer_quote_monthly_total_payment_after_balloon_payment_off_with_maintenance_test" time="0.0">
    <skipped/>
  </testcase> <!-- aquisition_quotes_customer_quote_monthly_total_payment_after_balloon_payment_off_with_maintenance_test -->
</testsuite> <!-- Default test -->
