<?xml version="1.0" encoding="UTF-8"?>
<!-- Generated by org.testng.reporters.JUnitXMLReporter -->
<testsuite ignored="0" hostname="DSK-4052" failures="0" tests="5" name="Default test" time="571.601" errors="0" timestamp="2024-06-19T19:41:33 IST">
  <testcase classname="newCar.CP.Acquisition_Quotes_CP_PCH_with_funder_ownbook_calculation_with_maintenance_Test" name="aquisition_quotes_CP_PCH_OTR_calculation_with_maintenance_test" time="116.075"/>
  <testcase classname="newCar.CP.Acquisition_Quotes_CP_PCH_with_funder_ownbook_calculation_with_maintenance_Test" name="aquisition_quotes_CP_PCH_after_discount_calculations_with_maintenance_test" time="4.71"/>
  <testcase classname="newCar.CP.Acquisition_Quotes_CP_PCH_with_funder_ownbook_calculation_with_maintenance_Test" name="aquisition_quotes_CP_PCH_holding_cost_calculations_with_maintenance_test" time="47.236"/>
  <testcase classname="newCar.CP.Acquisition_Quotes_CP_PCH_with_funder_ownbook_calculation_with_maintenance_Test" name="aquisition_quotes_CP_PCH_customer_quote_payment_profile_calculations_with_maintenance_test" time="116.793"/>
  <testcase classname="newCar.CP.Acquisition_Quotes_CP_PCH_with_funder_ownbook_calculation_with_maintenance_Test" name="aquisition_quotes_CP_PCH_quote_summary_values_verification_with_maintenance_test" time="267.916"/>
</testsuite> <!-- Default test -->
