<?xml version="1.0" encoding="UTF-8"?>
<!-- Generated by org.testng.reporters.JUnitXMLReporter -->
<testsuite ignored="0" hostname="DSK-4052" failures="0" tests="5" name="Default test" time="780.965" errors="0" timestamp="2023-12-06T16:40:34 IST">
  <testcase classname="usedCar.OP.Acquisition_Quotes_Outright_CP_used_car_with_maintenance_Test" name="aquisition_quotes_OTR_calculation_with_maintenance_test" time="58.899"/>
  <testcase classname="usedCar.OP.Acquisition_Quotes_Outright_CP_used_car_with_maintenance_Test" name="aquisition_quotes_holding_cost_calculations_with_maintenance_test" time="25.166"/>
  <testcase classname="usedCar.OP.Acquisition_Quotes_Outright_CP_used_car_with_maintenance_Test" name="aquisition_quotes_customer_quote_calculations_check_monthly_finance_payment_with_maintenance_test" time="171.517"/>
  <testcase classname="usedCar.OP.Acquisition_Quotes_Outright_CP_used_car_with_maintenance_Test" name="aquisition_quotes_customer_quote_part_exchange_value_edit_check_with_maintenance_test" time="79.615"/>
  <testcase classname="usedCar.OP.Acquisition_Quotes_Outright_CP_used_car_with_maintenance_Test" name="aquisition_quotes_quote_summary_values_verification_with_maintenance_test" time="429.617"/>
</testsuite> <!-- Default test -->
