<?xml version="1.0" encoding="UTF-8"?>
<!-- Generated by org.testng.reporters.JUnitXMLReporter -->
<testsuite ignored="0" hostname="DSK-4052" failures="0" tests="8" name="Default test" time="604.563" errors="0" timestamp="2023-10-03T13:16:23 IST">
  <testcase classname="newCar.HPNR.Acquisition_Quotes_HPNR_HPNR_with_maintenance_Test" name="aquisition_quotes_HPNR_HPNR_OTR_calculation_with_maintenance_test" time="89.491"/>
  <testcase classname="newCar.HPNR.Acquisition_Quotes_HPNR_HPNR_with_maintenance_Test" name="aquisition_quotes_HPNR_HPNR_after_discount_calculations_with_maintenance_test" time="4.754"/>
  <testcase classname="newCar.HPNR.Acquisition_Quotes_HPNR_HPNR_with_maintenance_Test" name="aquisition_quotes_HPNR_HPNR_holding_cost_calculations_with_maintenance_test" time="42.743"/>
  <testcase classname="newCar.HPNR.Acquisition_Quotes_HPNR_HPNR_with_maintenance_Test" name="aquisition_quotes_HPNR_HPNR_customer_quote_calculations_check_monthly_finance_payment_with_maintenance_test" time="103.436"/>
  <testcase classname="newCar.HPNR.Acquisition_Quotes_HPNR_HPNR_with_maintenance_Test" name="aquisition_quotes_HPNR_HPNR_customer_quote_vehicle_profit_edit_check_with_maintenance_test" time="32.78"/>
  <testcase classname="newCar.HPNR.Acquisition_Quotes_HPNR_HPNR_with_maintenance_Test" name="aquisition_quotes_HPNR_HPNR_customer_quote_part_exchange_value_edit_check_with_maintenance_test" time="38.453"/>
  <testcase classname="newCar.HPNR.Acquisition_Quotes_HPNR_HPNR_with_maintenance_Test" name="aquisition_quotes_HPNR_HPNR_customer_quote_monthly_finance_payment_after_balloon_payment_off_with_maintenance_test" time="21.574"/>
  <testcase classname="newCar.HPNR.Acquisition_Quotes_HPNR_HPNR_with_maintenance_Test" name="aquisition_quotes_HPNR_HPNR_quote_summary_values_verification_with_maintenance_test" time="256.849"/>
</testsuite> <!-- Default test -->
