<?xml version="1.0" encoding="UTF-8"?>
<!-- Generated by org.testng.reporters.JUnitXMLReporter -->
<testsuite ignored="0" hostname="DSK-4052" failures="0" tests="7" name="Default test" time="565.989" errors="0" timestamp="2023-12-22T16:58:33 IST">
  <testcase classname="newLCV.HPNR.Acquisition_Quotes_HPNR_CP_LCV_without_maintenance_Test" name="aquisition_quotes_HPNR_CP_OTR_calculation_without_maintenance_test" time="87.997"/>
  <testcase classname="newLCV.HPNR.Acquisition_Quotes_HPNR_CP_LCV_without_maintenance_Test" name="aquisition_quotes_HPNR_CP_after_discount_calculations_without_maintenance_test" time="4.712"/>
  <testcase classname="newLCV.HPNR.Acquisition_Quotes_HPNR_CP_LCV_without_maintenance_Test" name="aquisition_quotes_HPNR_CP_holding_cost_calculations_without_maintenance_test" time="34.652"/>
  <testcase classname="newLCV.HPNR.Acquisition_Quotes_HPNR_CP_LCV_without_maintenance_Test" name="aquisition_quotes_HPNR_CP_customer_quote_calculations_check_monthly_finance_payment_without_maintenance_test" time="74.829"/>
  <testcase classname="newLCV.HPNR.Acquisition_Quotes_HPNR_CP_LCV_without_maintenance_Test" name="aquisition_quotes_HPNR_CP_customer_quote_vehicle_profit_edit_check_without_maintenance_test" time="35.471"/>
  <testcase classname="newLCV.HPNR.Acquisition_Quotes_HPNR_CP_LCV_without_maintenance_Test" name="aquisition_quotes_HPNR_CP_customer_quote_part_exchange_value_edit_check_without_maintenance_test" time="65.05"/>
  <testcase classname="newLCV.HPNR.Acquisition_Quotes_HPNR_CP_LCV_without_maintenance_Test" name="aquisition_quotes_HPNR_CP_quote_summary_values_verification_without_maintenance_test" time="250.432"/>
</testsuite> <!-- Default test -->
