<?xml version="1.0" encoding="UTF-8"?>
<!-- Generated by org.testng.reporters.JUnitXMLReporter -->
<testsuite ignored="0" hostname="DSK-4052" failures="0" tests="6" name="Default test" time="545.461" errors="0" timestamp="2025-08-05T10:46:01 IST">
  <testcase classname="newCar.CP.Acquisition_Quotes_CP_CP_with_funder_quote_addition_without_maintenance_Test" name="aquisition_quotes_CP_CP_OTR_calculation_without_maintenance_test" time="161.581"/>
  <testcase classname="newCar.CP.Acquisition_Quotes_CP_CP_with_funder_quote_addition_without_maintenance_Test" name="aquisition_quotes_CP_CP_after_discount_calculations_without_maintenance_test" time="4.535"/>
  <testcase classname="newCar.CP.Acquisition_Quotes_CP_CP_with_funder_quote_addition_without_maintenance_Test" name="aquisition_quotes_CP_CP_holding_cost_calculations_without_maintenance_test" time="23.105"/>
  <testcase classname="newCar.CP.Acquisition_Quotes_CP_CP_with_funder_quote_addition_without_maintenance_Test" name="aquisition_quotes_CP_CP_customer_quote_calculations_check_monthly_finance_payment_without_maintenance_test" time="54.471"/>
  <testcase classname="newCar.CP.Acquisition_Quotes_CP_CP_with_funder_quote_addition_without_maintenance_Test" name="aquisition_quotes_verify_customer_quote_monthly_finance_payment_after_adding_referrer_commission_test" time="59.198"/>
  <testcase classname="newCar.CP.Acquisition_Quotes_CP_CP_with_funder_quote_addition_without_maintenance_Test" name="aquisition_quotes_CP_CP_quote_summary_values_verification_without_maintenance_test" time="223.594"/>
</testsuite> <!-- Default test -->
