<?xml version="1.0" encoding="UTF-8"?>
<!-- Generated by org.testng.reporters.JUnitXMLReporter -->
<testsuite ignored="0" hostname="DSK-4052" failures="0" tests="5" name="Default test" time="176.327" errors="0" timestamp="2024-02-07T12:49:25 IST">
  <testcase classname="newCar.OP.Acquisition_Quotes_OP_OP_Test" name="aquisition_quotes_OP_OP_OTR_calculation_test" time="118.377"/>
  <testcase classname="newCar.OP.Acquisition_Quotes_OP_OP_Test" name="aquisition_quotes_OP_OP_after_discount_calculations_test" time="4.908"/>
  <testcase classname="newCar.OP.Acquisition_Quotes_OP_OP_Test" name="aquisition_quotes_OP_OP_customer_quote_vehicle_profit_edit_test" time="6.29"/>
  <testcase classname="newCar.OP.Acquisition_Quotes_OP_OP_Test" name="aquisition_quotes_OP_OP_customer_quote_part_exchange_value_edit_test" time="26.928"/>
  <testcase classname="newCar.OP.Acquisition_Quotes_OP_OP_Test" name="aquisition_quotes_OP_OP_quote_summary_values_verification_with_maintenance_test" time="7.281"/>
</testsuite> <!-- Default test -->
