<?xml version="1.0" encoding="UTF-8"?>
<!-- Generated by org.testng.reporters.JUnitXMLReporter -->
<testsuite ignored="172" hostname="DSK-4052" failures="47" tests="430" name="Acquisition Used LCV" time="23956.964" errors="0" timestamp="2023-11-30T03:11:54 IST">
  <testcase classname="usedLCV.HPNR.Acquisition_Quotes_HPNR_HPNR_used_LCV_without_maintenance_Test" name="aquisition_quotes_OTR_calculation_without_maintenance_test" time="57.546"/>
  <testcase classname="usedLCV.HPNR.Acquisition_Quotes_HPNR_HPNR_used_LCV_without_maintenance_Test" name="aquisition_quotes_holding_cost_calculations_without_maintenance_test" time="14.577"/>
  <testcase classname="usedLCV.HPNR.Acquisition_Quotes_HPNR_HPNR_used_LCV_without_maintenance_Test" name="aquisition_quotes_customer_quote_calculations_check_monthly_finance_payment_without_maintenance_test" time="65.02">
    <failure type="java.lang.AssertionError" message="expected [true] but found [false]">
      <![CDATA[java.lang.AssertionError: expected [true] but found [false]
at usedLCV.HPNR.Acquisition_Quotes_HPNR_HPNR_used_LCV_without_maintenance_Test.aquisition_quotes_customer_quote_calculations_check_monthly_finance_payment_without_maintenance_test(Acquisition_Quotes_HPNR_HPNR_used_LCV_without_maintenance_Test.java:116)
at java.base/java.util.ArrayList.forEach(ArrayList.java:1511)
... Removed 29 stack frames]]>
    </failure>
  </testcase> <!-- aquisition_quotes_customer_quote_calculations_check_monthly_finance_payment_without_maintenance_test -->
  <testcase classname="usedLCV.HPNR.Acquisition_Quotes_HPNR_HPNR_used_LCV_without_maintenance_Test" name="aquisition_quotes_customer_quote_part_exchange_value_edit_check_without_maintenance_test" time="0.0">
    <skipped/>
  </testcase> <!-- aquisition_quotes_customer_quote_part_exchange_value_edit_check_without_maintenance_test -->
  <testcase classname="usedLCV.HPNR.Acquisition_Quotes_HPNR_HPNR_used_LCV_without_maintenance_Test" name="aquisition_quotes_customer_quote_monthly_finance_payment_after_balloon_payment_off_without_maintenance_test" time="0.0">
    <skipped/>
  </testcase> <!-- aquisition_quotes_customer_quote_monthly_finance_payment_after_balloon_payment_off_without_maintenance_test -->
  <testcase classname="usedLCV.HPNR.Acquisition_Quotes_HPNR_HPNR_used_LCV_without_maintenance_Test" name="aquisition_quotes_quote_summary_values_verification_without_maintenance_test" time="0.0">
    <skipped/>
  </testcase> <!-- aquisition_quotes_quote_summary_values_verification_without_maintenance_test -->
  <testcase classname="usedLCV.FL.Acquisition_Quotes_FL_PCH_used_LCV_without_maintenance_Test" name="aquisition_quotes_used_LCV_OTR_calculation_without_maintenance_test" time="53.024"/>
  <testcase classname="usedLCV.FL.Acquisition_Quotes_FL_PCH_used_LCV_without_maintenance_Test" name="aquisition_quotes_used_LCV_edit_cost_price_and_check_OTR_without_maintenance_test" time="0.001"/>
  <testcase classname="usedLCV.FL.Acquisition_Quotes_FL_PCH_used_LCV_without_maintenance_Test" name="aquisition_quotes_used_LCV_holding_cost_calculations_without_maintenance_test" time="21.894">
    <failure type="java.lang.AssertionError" message="expected [true] but found [false]">
      <![CDATA[java.lang.AssertionError: expected [true] but found [false]
at usedLCV.FL.Acquisition_Quotes_FL_PCH_used_LCV_without_maintenance_Test.aquisition_quotes_used_LCV_holding_cost_calculations_without_maintenance_test(Acquisition_Quotes_FL_PCH_used_LCV_without_maintenance_Test.java:97)
at java.base/java.util.ArrayList.forEach(ArrayList.java:1511)
... Removed 29 stack frames]]>
    </failure>
  </testcase> <!-- aquisition_quotes_used_LCV_holding_cost_calculations_without_maintenance_test -->
  <testcase classname="usedLCV.FL.Acquisition_Quotes_FL_PCH_used_LCV_without_maintenance_Test" name="aquisition_quotes_customer_quote_payment_profile_calculations_without_maintenance_test" time="0.0">
    <skipped/>
  </testcase> <!-- aquisition_quotes_customer_quote_payment_profile_calculations_without_maintenance_test -->
  <testcase classname="usedLCV.FL.Acquisition_Quotes_FL_PCH_used_LCV_without_maintenance_Test" name="aquisition_quotes_quote_summary_values_verification_without_maintenance_test" time="0.0">
    <skipped/>
  </testcase> <!-- aquisition_quotes_quote_summary_values_verification_without_maintenance_test -->
  <testcase classname="usedLCV.CP.Acquisition_Quotes_CP_PCP_used_LCV_without_maintenance_Test" name="aquisition_quotes_OTR_calculation_without_maintenance_test" time="52.386"/>
  <testcase classname="usedLCV.CP.Acquisition_Quotes_CP_PCP_used_LCV_without_maintenance_Test" name="aquisition_quotes_holding_cost_calculations_without_maintenance_test" time="13.867"/>
  <testcase classname="usedLCV.CP.Acquisition_Quotes_CP_PCP_used_LCV_without_maintenance_Test" name="aquisition_quotes_customer_quote_calculations_check_monthly_finance_payment_without_maintenance_test" time="50.377"/>
  <testcase classname="usedLCV.CP.Acquisition_Quotes_CP_PCP_used_LCV_without_maintenance_Test" name="aquisition_quotes_customer_quote_part_exchange_value_edit_check_without_maintenance_test" time="65.154"/>
  <testcase classname="usedLCV.CP.Acquisition_Quotes_CP_PCP_used_LCV_without_maintenance_Test" name="aquisition_quotes_quote_summary_values_verification_without_maintenance_test" time="235.435"/>
  <testcase classname="usedLCV.HPNR.Acquisition_Quotes_HPNR_BCH_used_LCV_with_maintenance_Test" name="aquisition_quotes_used_LCV_OTR_calculation_with_maintenance_test" time="52.558"/>
  <testcase classname="usedLCV.HPNR.Acquisition_Quotes_HPNR_BCH_used_LCV_with_maintenance_Test" name="aquisition_quotes_used_LCV_edit_cost_price_and_check_OTR_with_maintenance_test" time="6.772"/>
  <testcase classname="usedLCV.HPNR.Acquisition_Quotes_HPNR_BCH_used_LCV_with_maintenance_Test" name="aquisition_quotes_used_LCV_holding_cost_calculations_with_maintenance_test" time="39.938">
    <failure type="java.lang.AssertionError" message="expected [true] but found [false]">
      <![CDATA[java.lang.AssertionError: expected [true] but found [false]
at usedLCV.HPNR.Acquisition_Quotes_HPNR_BCH_used_LCV_with_maintenance_Test.aquisition_quotes_used_LCV_holding_cost_calculations_with_maintenance_test(Acquisition_Quotes_HPNR_BCH_used_LCV_with_maintenance_Test.java:98)
at java.base/java.util.ArrayList.forEach(ArrayList.java:1511)
... Removed 29 stack frames]]>
    </failure>
  </testcase> <!-- aquisition_quotes_used_LCV_holding_cost_calculations_with_maintenance_test -->
  <testcase classname="usedLCV.HPNR.Acquisition_Quotes_HPNR_BCH_used_LCV_with_maintenance_Test" name="aquisition_quotes_customer_quote_payment_profile_calculations_with_maintenance_test" time="0.0">
    <skipped/>
  </testcase> <!-- aquisition_quotes_customer_quote_payment_profile_calculations_with_maintenance_test -->
  <testcase classname="usedLCV.HPNR.Acquisition_Quotes_HPNR_BCH_used_LCV_with_maintenance_Test" name="aquisition_quotes_quote_summary_values_verification_with_maintenance_test" time="0.0">
    <skipped/>
  </testcase> <!-- aquisition_quotes_quote_summary_values_verification_with_maintenance_test -->
  <testcase classname="usedLCV.CP.Acquisition_Quotes_CP_CP_used_LCV_with_funder_quote_addition_with_maintenance_Test" name="aquisition_quotes_OTR_calculation_with_maintenance_test" time="60.553"/>
  <testcase classname="usedLCV.CP.Acquisition_Quotes_CP_CP_used_LCV_with_funder_quote_addition_with_maintenance_Test" name="aquisition_quotes_used_LCV_edit_cost_price_and_check_OTR_with_maintenance_test" time="0.001"/>
  <testcase classname="usedLCV.CP.Acquisition_Quotes_CP_CP_used_LCV_with_funder_quote_addition_with_maintenance_Test" name="aquisition_quotes_holding_cost_calculations_with_maintenance_test" time="53.761">
    <failure type="org.openqa.selenium.TimeoutException" message="Expected condition failed: waiting for visibility of Proxy element for: DefaultElementLocator &amp;apos;By.xpath: //*[contains(text(),&amp;apos;Total CAP maint. value&amp;apos;)]//ancestor::div[1]//p//strong&amp;apos; (tried for 30 second(s) with 500 milliseconds interval)">
      <![CDATA[org.openqa.selenium.TimeoutException: Expected condition failed: waiting for visibility of Proxy element for: DefaultElementLocator 'By.xpath: //*[contains(text(),'Total CAP maint. value')]//ancestor::div[1]//p//strong' (tried for 30 second(s) with 500 milliseconds interval)
at org.openqa.selenium.support.ui.WebDriverWait.timeoutException(WebDriverWait.java:138)
at org.openqa.selenium.support.ui.FluentWait.until(FluentWait.java:231)
at com.amt.testUtil.ExplicitWait.visibleElement(ExplicitWait.java:23)
at com.amt.HoldingCostPages.HoldingCost_CP_CP_Page.verify_holding_cost_after_adding_funder_quote_with_maintenance(HoldingCost_CP_CP_Page.java:320)
at usedLCV.CP.Acquisition_Quotes_CP_CP_used_LCV_with_funder_quote_addition_with_maintenance_Test.aquisition_quotes_holding_cost_calculations_with_maintenance_test(Acquisition_Quotes_CP_CP_used_LCV_with_funder_quote_addition_with_maintenance_Test.java:94)
at java.base/java.util.ArrayList.forEach(ArrayList.java:1511)
Caused by: org.openqa.selenium.NoSuchElementException: no such element: Unable to locate element: {"method":"xpath","selector":"//*[contains(text(),'Total CAP maint. value')]//ancestor::div[1]//p//strong"}
  (Session info: MicrosoftEdge=119.0.2151.72)
For documentation on this error, please visit: https://selenium.dev/exceptions/#no_such_element
Build info: version: '4.1.0', revision: '87802e897b'
System info: host: 'DSK-4052', ip: '172.16.1.80', os.name: 'Windows 10', os.arch: 'amd64', os.version: '10.0', java.version: '19.0.1'
Driver info: org.openqa.selenium.edge.EdgeDriver
Command: [98414c1836bca274977d95dcd677ca57, findElement {using=xpath, value=//*[contains(text(),'Total CAP maint. value')]//ancestor::div[1]//p//strong}]
Capabilities {acceptInsecureCerts: false, browserName: msedge, browserVersion: 119.0.2151.72, fedcm:accounts: true, javascriptEnabled: true, ms:edgeOptions: {debuggerAddress: localhost:62862}, msedge: {msedgedriverVersion: 119.0.2151.44 (44557a29097a..., userDataDir: C:\Users\NITEIN~1.KUR\AppDa...}, networkConnectionEnabled: false, pageLoadStrategy: normal, platform: WINDOWS, platformName: WINDOWS, proxy: Proxy(), se:cdp: ws://localhost:62862/devtoo..., se:cdpVersion: 119.0.2151.72, setWindowRect: true, strictFileInteractability: false, timeouts: {implicit: 0, pageLoad: 300000, script: 30000}, unhandledPromptBehavior: dismiss and notify, webauthn:extension:credBlob: true, webauthn:extension:largeBlob: true, webauthn:extension:minPinLength: true, webauthn:extension:prf: true, webauthn:virtualAuthenticators: true}
Session ID: 98414c1836bca274977d95dcd677ca57
at org.openqa.selenium.remote.codec.w3c.W3CHttpResponseCodec.createException(W3CHttpResponseCodec.java:200)
at org.openqa.selenium.remote.codec.w3c.W3CHttpResponseCodec.decode(W3CHttpResponseCodec.java:133)
at org.openqa.selenium.remote.codec.w3c.W3CHttpResponseCodec.decode(W3CHttpResponseCodec.java:53)
at org.openqa.selenium.remote.HttpCommandExecutor.execute(HttpCommandExecutor.java:184)
at org.openqa.selenium.remote.service.DriverCommandExecutor.invokeExecute(DriverCommandExecutor.java:164)
at org.openqa.selenium.remote.service.DriverCommandExecutor.execute(DriverCommandExecutor.java:139)
at org.openqa.selenium.remote.RemoteWebDriver.execute(RemoteWebDriver.java:559)
at org.openqa.selenium.remote.ElementLocation$ElementFinder$2.findElement(ElementLocation.java:162)
at org.openqa.selenium.remote.ElementLocation.findElement(ElementLocation.java:60)
at org.openqa.selenium.remote.RemoteWebDriver.findElement(RemoteWebDriver.java:383)
at org.openqa.selenium.remote.RemoteWebDriver.findElement(RemoteWebDriver.java:375)
at org.openqa.selenium.support.pagefactory.DefaultElementLocator.findElement(DefaultElementLocator.java:70)
at org.openqa.selenium.support.pagefactory.internal.LocatingElementHandler.invoke(LocatingElementHandler.java:39)
at jdk.proxy2/jdk.proxy2.$Proxy23.isDisplayed(Unknown Source)
at org.openqa.selenium.support.ui.ExpectedConditions.elementIfVisible(ExpectedConditions.java:307)
at org.openqa.selenium.support.ui.ExpectedConditions.access$000(ExpectedConditions.java:40)
at org.openqa.selenium.support.ui.ExpectedConditions$10.apply(ExpectedConditions.java:293)
at org.openqa.selenium.support.ui.ExpectedConditions$10.apply(ExpectedConditions.java:290)
at org.openqa.selenium.support.ui.FluentWait.until(FluentWait.java:208)
... 29 more
... Removed 28 stack frames]]>
    </failure>
  </testcase> <!-- aquisition_quotes_holding_cost_calculations_with_maintenance_test -->
  <testcase classname="usedLCV.CP.Acquisition_Quotes_CP_CP_used_LCV_with_funder_quote_addition_with_maintenance_Test" name="aquisition_quotes_customer_quote_calculations_check_monthly_finance_payment_with_maintenance_test" time="0.0">
    <skipped/>
  </testcase> <!-- aquisition_quotes_customer_quote_calculations_check_monthly_finance_payment_with_maintenance_test -->
  <testcase classname="usedLCV.CP.Acquisition_Quotes_CP_CP_used_LCV_with_funder_quote_addition_with_maintenance_Test" name="aquisition_quotes_quote_summary_values_verification_with_maintenance_test" time="0.0">
    <skipped/>
  </testcase> <!-- aquisition_quotes_quote_summary_values_verification_with_maintenance_test -->
  <testcase classname="usedLCV.CP.Acquisition_Quotes_CP_CP_used_LCV_with_funder_quote_addition_without_maintenance_Test" name="aquisition_quotes_OTR_calculation_without_maintenance_test" time="53.205"/>
  <testcase classname="usedLCV.CP.Acquisition_Quotes_CP_CP_used_LCV_with_funder_quote_addition_without_maintenance_Test" name="aquisition_quotes_used_LCV_edit_cost_price_and_check_OTR_without_maintenance_test" time="0.001"/>
  <testcase classname="usedLCV.CP.Acquisition_Quotes_CP_CP_used_LCV_with_funder_quote_addition_without_maintenance_Test" name="aquisition_quotes_holding_cost_calculations_without_maintenance_test" time="27.401"/>
  <testcase classname="usedLCV.CP.Acquisition_Quotes_CP_CP_used_LCV_with_funder_quote_addition_without_maintenance_Test" name="aquisition_quotes_customer_quote_calculations_check_monthly_finance_payment_without_maintenance_test" time="66.398"/>
  <testcase classname="usedLCV.CP.Acquisition_Quotes_CP_CP_used_LCV_with_funder_quote_addition_without_maintenance_Test" name="aquisition_quotes_quote_summary_values_verification_without_maintenance_test" time="214.245"/>
  <testcase classname="usedLCV.HPNR.Acquisition_Quotes_HPNR_FL_used_LCV_without_maintenance_Test" name="aquisition_quotes_used_LCV_OTR_calculation_without_maintenance_test" time="63.385"/>
  <testcase classname="usedLCV.HPNR.Acquisition_Quotes_HPNR_FL_used_LCV_without_maintenance_Test" name="aquisition_quotes_used_LCV_edit_cost_price_and_check_OTR_without_maintenance_test" time="0.0"/>
  <testcase classname="usedLCV.HPNR.Acquisition_Quotes_HPNR_FL_used_LCV_without_maintenance_Test" name="aquisition_quotes_used_LCV_holding_cost_calculations_without_maintenance_test" time="102.639"/>
  <testcase classname="usedLCV.HPNR.Acquisition_Quotes_HPNR_FL_used_LCV_without_maintenance_Test" name="aquisition_quotes_customer_quote_payment_profile_calculations_without_maintenance_test" time="73.694"/>
  <testcase classname="usedLCV.HPNR.Acquisition_Quotes_HPNR_FL_used_LCV_without_maintenance_Test" name="aquisition_quotes_quote_summary_values_verification_without_maintenance_test" time="194.87"/>
  <testcase classname="usedLCV.BROKER.Acquisition_Quotes_Broker_CP_used_LCV_with_maintenance_Test" name="aquisition_quotes_user_flow_broker_CP_OTR_calculation_with_maintenance_test" time="62.413"/>
  <testcase classname="usedLCV.BROKER.Acquisition_Quotes_Broker_CP_used_LCV_with_maintenance_Test" name="aquisition_quotes_used_car_edit_cost_price_and_check_OTR_with_maintenance_test" time="0.001"/>
  <testcase classname="usedLCV.BROKER.Acquisition_Quotes_Broker_CP_used_LCV_with_maintenance_Test" name="aquisition_quotes_user_flow_broker_CP_vehicle_profit_check_with_maintenance_test" time="10.613"/>
  <testcase classname="usedLCV.BROKER.Acquisition_Quotes_Broker_CP_used_LCV_with_maintenance_Test" name="aquisition_quotes_user_flow_broker_CP_balance_to_finance_check_with_maintenance_test" time="36.873"/>
  <testcase classname="usedLCV.BROKER.Acquisition_Quotes_Broker_CP_used_LCV_with_maintenance_Test" name="aquisition_quotes_user_flow_broker_CP_quote_summary_values_verification_with_maintenance_test" time="332.028">
    <failure type="org.openqa.selenium.TimeoutException" message="Expected condition failed: waiting for visibility of Proxy element for: DefaultElementLocator &amp;apos;By.xpath: //*[normalize-space()=&amp;apos;Quote reference no.:&amp;apos;]//ancestor::div[1]//span[2]&amp;apos; (tried for 120 second(s) with 500 milliseconds interval)">
      <![CDATA[org.openqa.selenium.TimeoutException: Expected condition failed: waiting for visibility of Proxy element for: DefaultElementLocator 'By.xpath: //*[normalize-space()='Quote reference no.:']//ancestor::div[1]//span[2]' (tried for 120 second(s) with 500 milliseconds interval)
at org.openqa.selenium.support.ui.WebDriverWait.timeoutException(WebDriverWait.java:138)
at org.openqa.selenium.support.ui.FluentWait.until(FluentWait.java:231)
at com.amt.testUtil.ExplicitWait.visibleElement(ExplicitWait.java:23)
at com.amt.QuoteSummaryPages.QuoteSummaryBrokerCPPage.quote_summary_broker_purchase_for_used_vehicle(QuoteSummaryBrokerCPPage.java:204)
at usedLCV.BROKER.Acquisition_Quotes_Broker_CP_used_LCV_with_maintenance_Test.aquisition_quotes_user_flow_broker_CP_quote_summary_values_verification_with_maintenance_test(Acquisition_Quotes_Broker_CP_used_LCV_with_maintenance_Test.java:125)
at java.base/java.util.ArrayList.forEach(ArrayList.java:1511)
Caused by: org.openqa.selenium.NoSuchElementException: no such element: Unable to locate element: {"method":"xpath","selector":"//*[normalize-space()='Quote reference no.:']//ancestor::div[1]//span[2]"}
  (Session info: MicrosoftEdge=119.0.2151.72)
For documentation on this error, please visit: https://selenium.dev/exceptions/#no_such_element
Build info: version: '4.1.0', revision: '87802e897b'
System info: host: 'DSK-4052', ip: '172.16.1.80', os.name: 'Windows 10', os.arch: 'amd64', os.version: '10.0', java.version: '19.0.1'
Driver info: org.openqa.selenium.edge.EdgeDriver
Command: [b9670bfcd20ea58bb49b0d54ac4d5f62, findElement {using=xpath, value=//*[normalize-space()='Quote reference no.:']//ancestor::div[1]//span[2]}]
Capabilities {acceptInsecureCerts: false, browserName: msedge, browserVersion: 119.0.2151.72, fedcm:accounts: true, javascriptEnabled: true, ms:edgeOptions: {debuggerAddress: localhost:63248}, msedge: {msedgedriverVersion: 119.0.2151.44 (44557a29097a..., userDataDir: C:\Users\NITEIN~1.KUR\AppDa...}, networkConnectionEnabled: false, pageLoadStrategy: normal, platform: WINDOWS, platformName: WINDOWS, proxy: Proxy(), se:cdp: ws://localhost:63248/devtoo..., se:cdpVersion: 119.0.2151.72, setWindowRect: true, strictFileInteractability: false, timeouts: {implicit: 0, pageLoad: 300000, script: 30000}, unhandledPromptBehavior: dismiss and notify, webauthn:extension:credBlob: true, webauthn:extension:largeBlob: true, webauthn:extension:minPinLength: true, webauthn:extension:prf: true, webauthn:virtualAuthenticators: true}
Session ID: b9670bfcd20ea58bb49b0d54ac4d5f62
at org.openqa.selenium.remote.codec.w3c.W3CHttpResponseCodec.createException(W3CHttpResponseCodec.java:200)
at org.openqa.selenium.remote.codec.w3c.W3CHttpResponseCodec.decode(W3CHttpResponseCodec.java:133)
at org.openqa.selenium.remote.codec.w3c.W3CHttpResponseCodec.decode(W3CHttpResponseCodec.java:53)
at org.openqa.selenium.remote.HttpCommandExecutor.execute(HttpCommandExecutor.java:184)
at org.openqa.selenium.remote.service.DriverCommandExecutor.invokeExecute(DriverCommandExecutor.java:164)
at org.openqa.selenium.remote.service.DriverCommandExecutor.execute(DriverCommandExecutor.java:139)
at org.openqa.selenium.remote.RemoteWebDriver.execute(RemoteWebDriver.java:559)
at org.openqa.selenium.remote.ElementLocation$ElementFinder$2.findElement(ElementLocation.java:162)
at org.openqa.selenium.remote.ElementLocation.findElement(ElementLocation.java:60)
at org.openqa.selenium.remote.RemoteWebDriver.findElement(RemoteWebDriver.java:383)
at org.openqa.selenium.remote.RemoteWebDriver.findElement(RemoteWebDriver.java:375)
at org.openqa.selenium.support.pagefactory.DefaultElementLocator.findElement(DefaultElementLocator.java:70)
at org.openqa.selenium.support.pagefactory.internal.LocatingElementHandler.invoke(LocatingElementHandler.java:39)
at jdk.proxy2/jdk.proxy2.$Proxy23.isDisplayed(Unknown Source)
at org.openqa.selenium.support.ui.ExpectedConditions.elementIfVisible(ExpectedConditions.java:307)
at org.openqa.selenium.support.ui.ExpectedConditions.access$000(ExpectedConditions.java:40)
at org.openqa.selenium.support.ui.ExpectedConditions$10.apply(ExpectedConditions.java:293)
at org.openqa.selenium.support.ui.ExpectedConditions$10.apply(ExpectedConditions.java:290)
at org.openqa.selenium.support.ui.FluentWait.until(FluentWait.java:208)
... 29 more
... Removed 28 stack frames]]>
    </failure>
  </testcase> <!-- aquisition_quotes_user_flow_broker_CP_quote_summary_values_verification_with_maintenance_test -->
  <testcase classname="usedLCV.CP.Acquisition_Quotes_CP_PCH_used_LCV_with_funder_quote_addition_with_maintenance_Test" name="aquisition_quotes_used_LCV_OTR_calculation_with_maintenance_test" time="73.958"/>
  <testcase classname="usedLCV.CP.Acquisition_Quotes_CP_PCH_used_LCV_with_funder_quote_addition_with_maintenance_Test" name="aquisition_quotes_used_LCV_edit_cost_price_and_check_OTR_with_maintenance_test" time="0.0"/>
  <testcase classname="usedLCV.CP.Acquisition_Quotes_CP_PCH_used_LCV_with_funder_quote_addition_with_maintenance_Test" name="aquisition_quotes_holding_cost_calculations_with_maintenance_test" time="34.782">
    <failure type="java.lang.AssertionError" message="expected [true] but found [false]">
      <![CDATA[java.lang.AssertionError: expected [true] but found [false]
at usedLCV.CP.Acquisition_Quotes_CP_PCH_used_LCV_with_funder_quote_addition_with_maintenance_Test.aquisition_quotes_holding_cost_calculations_with_maintenance_test(Acquisition_Quotes_CP_PCH_used_LCV_with_funder_quote_addition_with_maintenance_Test.java:92)
at java.base/java.util.ArrayList.forEach(ArrayList.java:1511)
... Removed 29 stack frames]]>
    </failure>
  </testcase> <!-- aquisition_quotes_holding_cost_calculations_with_maintenance_test -->
  <testcase classname="usedLCV.CP.Acquisition_Quotes_CP_PCH_used_LCV_with_funder_quote_addition_with_maintenance_Test" name="aquisition_quotes_customer_quote_payment_profile_calculations_with_maintenance_test" time="0.0">
    <skipped/>
  </testcase> <!-- aquisition_quotes_customer_quote_payment_profile_calculations_with_maintenance_test -->
  <testcase classname="usedLCV.CP.Acquisition_Quotes_CP_PCH_used_LCV_with_funder_quote_addition_with_maintenance_Test" name="aquisition_quotes_quote_summary_values_verification_with_maintenance_test" time="0.0">
    <skipped/>
  </testcase> <!-- aquisition_quotes_quote_summary_values_verification_with_maintenance_test -->
  <testcase classname="usedLCV.CP.Acquisition_Quotes_CP_BCH_used_LCV_with_funder_quote_addition_without_maintenance_Test" name="aquisition_quotes_used_LCV_OTR_calculation_with_maintenance_test" time="53.807"/>
  <testcase classname="usedLCV.CP.Acquisition_Quotes_CP_BCH_used_LCV_with_funder_quote_addition_without_maintenance_Test" name="aquisition_quotes_used_LCV_edit_cost_price_and_check_OTR_with_maintenance_test" time="0.001"/>
  <testcase classname="usedLCV.CP.Acquisition_Quotes_CP_BCH_used_LCV_with_funder_quote_addition_without_maintenance_Test" name="aquisition_quotes_holding_cost_calculations_without_maintenance_test" time="30.634"/>
  <testcase classname="usedLCV.CP.Acquisition_Quotes_CP_BCH_used_LCV_with_funder_quote_addition_without_maintenance_Test" name="aquisition_quotes_customer_quote_payment_profile_calculations_without_maintenance_test" time="215.72"/>
  <testcase classname="usedLCV.CP.Acquisition_Quotes_CP_BCH_used_LCV_with_funder_quote_addition_without_maintenance_Test" name="aquisition_quotes_quote_summary_values_verification_without_maintenance_test" time="191.518"/>
  <testcase classname="usedLCV.FL.Acquisition_Quotes_FL_BCH_used_LCV_with_funder_quote_addition_without_maintenance_Test" name="aquisition_quotes_used_LCV_OTR_calculation_with_maintenance_test" time="61.26"/>
  <testcase classname="usedLCV.FL.Acquisition_Quotes_FL_BCH_used_LCV_with_funder_quote_addition_without_maintenance_Test" name="aquisition_quotes_used_LCV_edit_cost_price_and_check_OTR_with_maintenance_test" time="0.001"/>
  <testcase classname="usedLCV.FL.Acquisition_Quotes_FL_BCH_used_LCV_with_funder_quote_addition_without_maintenance_Test" name="aquisition_quotes_holding_cost_calculations_without_maintenance_test" time="40.794"/>
  <testcase classname="usedLCV.FL.Acquisition_Quotes_FL_BCH_used_LCV_with_funder_quote_addition_without_maintenance_Test" name="aquisition_quotes_customer_quote_payment_profile_calculations_without_maintenance_test" time="208.525"/>
  <testcase classname="usedLCV.FL.Acquisition_Quotes_FL_BCH_used_LCV_with_funder_quote_addition_without_maintenance_Test" name="aquisition_quotes_quote_summary_values_verification_without_maintenance_test" time="198.304"/>
  <testcase classname="usedLCV.FL.Acquisition_Quotes_FL_PCH_used_LCV_with_funder_quote_addition_without_maintenance_Test" name="aquisition_quotes_used_LCV_OTR_calculation_with_maintenance_test" time="52.739"/>
  <testcase classname="usedLCV.FL.Acquisition_Quotes_FL_PCH_used_LCV_with_funder_quote_addition_without_maintenance_Test" name="aquisition_quotes_used_LCV_edit_cost_price_and_check_OTR_with_maintenance_test" time="0.001"/>
  <testcase classname="usedLCV.FL.Acquisition_Quotes_FL_PCH_used_LCV_with_funder_quote_addition_without_maintenance_Test" name="aquisition_quotes_holding_cost_calculations_without_maintenance_test" time="35.961"/>
  <testcase classname="usedLCV.FL.Acquisition_Quotes_FL_PCH_used_LCV_with_funder_quote_addition_without_maintenance_Test" name="aquisition_quotes_customer_quote_payment_profile_calculations_without_maintenance_test" time="78.19"/>
  <testcase classname="usedLCV.FL.Acquisition_Quotes_FL_PCH_used_LCV_with_funder_quote_addition_without_maintenance_Test" name="aquisition_quotes_quote_summary_values_verification_without_maintenance_test" time="172.845"/>
  <testcase classname="usedLCV.HPNR.Acquisition_Quotes_HPNR_BCH_used_LCV_with_funder_quote_addition_without_maintenance_Test" name="aquisition_quotes_used_LCV_OTR_calculation_with_maintenance_test" time="75.8"/>
  <testcase classname="usedLCV.HPNR.Acquisition_Quotes_HPNR_BCH_used_LCV_with_funder_quote_addition_without_maintenance_Test" name="aquisition_quotes_used_LCV_edit_cost_price_and_check_OTR_with_maintenance_test" time="0.001"/>
  <testcase classname="usedLCV.HPNR.Acquisition_Quotes_HPNR_BCH_used_LCV_with_funder_quote_addition_without_maintenance_Test" name="aquisition_quotes_holding_cost_calculations_without_maintenance_test" time="24.72"/>
  <testcase classname="usedLCV.HPNR.Acquisition_Quotes_HPNR_BCH_used_LCV_with_funder_quote_addition_without_maintenance_Test" name="aquisition_quotes_customer_quote_payment_profile_calculations_without_maintenance_test" time="208.551"/>
  <testcase classname="usedLCV.HPNR.Acquisition_Quotes_HPNR_BCH_used_LCV_with_funder_quote_addition_without_maintenance_Test" name="aquisition_quotes_quote_summary_values_verification_without_maintenance_test" time="166.796"/>
  <testcase classname="usedLCV.HPNR.Acquisition_Quotes_HPNR_FL_used_LCV_with_funder_quote_addition_with_maintenance_Test" name="aquisition_quotes_used_LCV_OTR_calculation_with_maintenance_test" time="52.382"/>
  <testcase classname="usedLCV.HPNR.Acquisition_Quotes_HPNR_FL_used_LCV_with_funder_quote_addition_with_maintenance_Test" name="aquisition_quotes_used_LCV_edit_cost_price_and_check_OTR_with_maintenance_test" time="0.0"/>
  <testcase classname="usedLCV.HPNR.Acquisition_Quotes_HPNR_FL_used_LCV_with_funder_quote_addition_with_maintenance_Test" name="aquisition_quotes_holding_cost_calculations_with_maintenance_test" time="40.647"/>
  <testcase classname="usedLCV.HPNR.Acquisition_Quotes_HPNR_FL_used_LCV_with_funder_quote_addition_with_maintenance_Test" name="aquisition_quotes_customer_quote_payment_profile_calculations_with_maintenance_test" time="97.559"/>
  <testcase classname="usedLCV.HPNR.Acquisition_Quotes_HPNR_FL_used_LCV_with_funder_quote_addition_with_maintenance_Test" name="aquisition_quotes_quote_summary_values_verification_with_maintenance_test" time="218.467"/>
  <testcase classname="usedLCV.BROKER.Acquisition_Quotes_Broker_BCH_used_LCV_with_maintenance_Test" name="aquisition_quotes_user_flow_broker_bch_OTR_calculation_with_maintenance_test" time="45.597">
    <failure type="org.openqa.selenium.NoSuchElementException" message="no such element: Unable to locate element: {&amp;quot;method&amp;quot;:&amp;quot;xpath&amp;quot;,&amp;quot;selector&amp;quot;:&amp;quot;//*[contains(text(),&amp;apos;Paint -&amp;apos;)]//ancestor::div[1]//div/div/div/div/label&amp;quot;}
  (Session info: MicrosoftEdge=119.0.2151.72)
For documentation on this error, please visit: https://selenium.dev/exceptions/#no_such_element
Build info: version: &amp;apos;4.1.0&amp;apos;, revision: &amp;apos;87802e897b&amp;apos;
System info: host: &amp;apos;DSK-4052&amp;apos;, ip: &amp;apos;172.16.1.80&amp;apos;, os.name: &amp;apos;Windows 10&amp;apos;, os.arch: &amp;apos;amd64&amp;apos;, os.version: &amp;apos;10.0&amp;apos;, java.version: &amp;apos;19.0.1&amp;apos;
Driver info: org.openqa.selenium.edge.EdgeDriver
Command: [47e9a8bedd676139d9c82436015f6c10, findElement {using=xpath, value=//*[contains(text(),&amp;apos;Paint -&amp;apos;)]//ancestor::div[1]//div/div/div/div/label}]
Capabilities {acceptInsecureCerts: false, browserName: msedge, browserVersion: 119.0.2151.72, fedcm:accounts: true, javascriptEnabled: true, ms:edgeOptions: {debuggerAddress: localhost:64312}, msedge: {msedgedriverVersion: 119.0.2151.44 (44557a29097a..., userDataDir: C:\Users\NITEIN~1.KUR\AppDa...}, networkConnectionEnabled: false, pageLoadStrategy: normal, platform: WINDOWS, platformName: WINDOWS, proxy: Proxy(), se:cdp: ws://localhost:64312/devtoo..., se:cdpVersion: 119.0.2151.72, setWindowRect: true, strictFileInteractability: false, timeouts: {implicit: 0, pageLoad: 300000, script: 30000}, unhandledPromptBehavior: dismiss and notify, webauthn:extension:credBlob: true, webauthn:extension:largeBlob: true, webauthn:extension:minPinLength: true, webauthn:extension:prf: true, webauthn:virtualAuthenticators: true}
Session ID: 47e9a8bedd676139d9c82436015f6c10">
      <![CDATA[org.openqa.selenium.NoSuchElementException: no such element: Unable to locate element: {"method":"xpath","selector":"//*[contains(text(),'Paint -')]//ancestor::div[1]//div/div/div/div/label"}
  (Session info: MicrosoftEdge=119.0.2151.72)
For documentation on this error, please visit: https://selenium.dev/exceptions/#no_such_element
Build info: version: '4.1.0', revision: '87802e897b'
System info: host: 'DSK-4052', ip: '172.16.1.80', os.name: 'Windows 10', os.arch: 'amd64', os.version: '10.0', java.version: '19.0.1'
Driver info: org.openqa.selenium.edge.EdgeDriver
Command: [47e9a8bedd676139d9c82436015f6c10, findElement {using=xpath, value=//*[contains(text(),'Paint -')]//ancestor::div[1]//div/div/div/div/label}]
Capabilities {acceptInsecureCerts: false, browserName: msedge, browserVersion: 119.0.2151.72, fedcm:accounts: true, javascriptEnabled: true, ms:edgeOptions: {debuggerAddress: localhost:64312}, msedge: {msedgedriverVersion: 119.0.2151.44 (44557a29097a..., userDataDir: C:\Users\NITEIN~1.KUR\AppDa...}, networkConnectionEnabled: false, pageLoadStrategy: normal, platform: WINDOWS, platformName: WINDOWS, proxy: Proxy(), se:cdp: ws://localhost:64312/devtoo..., se:cdpVersion: 119.0.2151.72, setWindowRect: true, strictFileInteractability: false, timeouts: {implicit: 0, pageLoad: 300000, script: 30000}, unhandledPromptBehavior: dismiss and notify, webauthn:extension:credBlob: true, webauthn:extension:largeBlob: true, webauthn:extension:minPinLength: true, webauthn:extension:prf: true, webauthn:virtualAuthenticators: true}
Session ID: 47e9a8bedd676139d9c82436015f6c10
at org.openqa.selenium.remote.codec.w3c.W3CHttpResponseCodec.createException(W3CHttpResponseCodec.java:200)
at org.openqa.selenium.remote.codec.w3c.W3CHttpResponseCodec.decode(W3CHttpResponseCodec.java:133)
at org.openqa.selenium.remote.codec.w3c.W3CHttpResponseCodec.decode(W3CHttpResponseCodec.java:53)
at org.openqa.selenium.remote.HttpCommandExecutor.execute(HttpCommandExecutor.java:184)
at org.openqa.selenium.remote.service.DriverCommandExecutor.invokeExecute(DriverCommandExecutor.java:164)
at org.openqa.selenium.remote.service.DriverCommandExecutor.execute(DriverCommandExecutor.java:139)
at org.openqa.selenium.remote.RemoteWebDriver.execute(RemoteWebDriver.java:559)
at org.openqa.selenium.remote.ElementLocation$ElementFinder$2.findElement(ElementLocation.java:162)
at org.openqa.selenium.remote.ElementLocation.findElement(ElementLocation.java:60)
at org.openqa.selenium.remote.RemoteWebDriver.findElement(RemoteWebDriver.java:383)
at org.openqa.selenium.remote.RemoteWebDriver.findElement(RemoteWebDriver.java:375)
at org.openqa.selenium.support.pagefactory.DefaultElementLocator.findElement(DefaultElementLocator.java:70)
at org.openqa.selenium.support.pagefactory.internal.LocatingElementHandler.invoke(LocatingElementHandler.java:39)
at jdk.proxy2/jdk.proxy2.$Proxy23.getWrappedElement(Unknown Source)
at org.openqa.selenium.remote.internal.WebElementToJsonConverter.apply(WebElementToJsonConverter.java:51)
at java.base/java.util.stream.ReferencePipeline$3$1.accept(ReferencePipeline.java:197)
at java.base/java.util.Spliterators$ArraySpliterator.forEachRemaining(Spliterators.java:1006)
at java.base/java.util.stream.AbstractPipeline.copyInto(AbstractPipeline.java:509)
at java.base/java.util.stream.AbstractPipeline.wrapAndCopyInto(AbstractPipeline.java:499)
at java.base/java.util.stream.ReduceOps$ReduceOp.evaluateSequential(ReduceOps.java:921)
at java.base/java.util.stream.AbstractPipeline.evaluate(AbstractPipeline.java:234)
at java.base/java.util.stream.ReferencePipeline.collect(ReferencePipeline.java:682)
at org.openqa.selenium.remote.RemoteWebDriver.executeScript(RemoteWebDriver.java:490)
at com.amt.pages.OptionsAccessoriesPage.options_And_Accessories_selection_for_used_LCV(OptionsAccessoriesPage.java:160)
at usedLCV.BROKER.Acquisition_Quotes_Broker_BCH_used_LCV_with_maintenance_Test.aquisition_quotes_user_flow_broker_bch_OTR_calculation_with_maintenance_test(Acquisition_Quotes_Broker_BCH_used_LCV_with_maintenance_Test.java:46)
at java.base/java.util.ArrayList.forEach(ArrayList.java:1511)
... Removed 28 stack frames]]>
    </failure>
  </testcase> <!-- aquisition_quotes_user_flow_broker_bch_OTR_calculation_with_maintenance_test -->
  <testcase classname="usedLCV.BROKER.Acquisition_Quotes_Broker_BCH_used_LCV_with_maintenance_Test" name="aquisition_quotes_user_flow_broker_bch_with_maintenance_test" time="0.0">
    <skipped/>
  </testcase> <!-- aquisition_quotes_user_flow_broker_bch_with_maintenance_test -->
  <testcase classname="usedLCV.BROKER.Acquisition_Quotes_Broker_BCH_used_LCV_with_maintenance_Test" name="aquisition_quotes_user_flow_broker_bch_quote_summary_values_verification_with_maintenance_test" time="0.0">
    <skipped/>
  </testcase> <!-- aquisition_quotes_user_flow_broker_bch_quote_summary_values_verification_with_maintenance_test -->
  <testcase classname="usedLCV.HPNR.Acquisition_Quotes_HPNR_CP_used_LCV_with_funder_quote_addition_with_maintenance_Test" name="aquisition_quotes_OTR_calculation_with_maintenance_test" time="52.748"/>
  <testcase classname="usedLCV.HPNR.Acquisition_Quotes_HPNR_CP_used_LCV_with_funder_quote_addition_with_maintenance_Test" name="aquisition_quotes_used_LCV_edit_cost_price_and_check_OTR_with_maintenance_test" time="0.001"/>
  <testcase classname="usedLCV.HPNR.Acquisition_Quotes_HPNR_CP_used_LCV_with_funder_quote_addition_with_maintenance_Test" name="aquisition_quotes_holding_cost_calculations_with_maintenance_test" time="30.302"/>
  <testcase classname="usedLCV.HPNR.Acquisition_Quotes_HPNR_CP_used_LCV_with_funder_quote_addition_with_maintenance_Test" name="aquisition_quotes_customer_quote_calculations_check_monthly_finance_payment_with_maintenance_test" time="58.809"/>
  <testcase classname="usedLCV.HPNR.Acquisition_Quotes_HPNR_CP_used_LCV_with_funder_quote_addition_with_maintenance_Test" name="aquisition_quotes_quote_summary_values_verification_with_maintenance_test" time="281.086"/>
  <testcase classname="usedLCV.BROKER.Acquisition_Quotes_Broker_CP_used_LCV_without_maintenance_Test" name="aquisition_quotes_user_flow_broker_CP_OTR_calculation_without_maintenance_test" time="62.589"/>
  <testcase classname="usedLCV.BROKER.Acquisition_Quotes_Broker_CP_used_LCV_without_maintenance_Test" name="aquisition_quotes_used_car_edit_cost_price_and_check_OTR_with_maintenance_test" time="0.001"/>
  <testcase classname="usedLCV.BROKER.Acquisition_Quotes_Broker_CP_used_LCV_without_maintenance_Test" name="aquisition_quotes_user_flow_broker_CP_vehicle_profit_check_without_maintenance_test" time="13.295"/>
  <testcase classname="usedLCV.BROKER.Acquisition_Quotes_Broker_CP_used_LCV_without_maintenance_Test" name="aquisition_quotes_user_flow_broker_CP_balance_to_finance_check_without_maintenance_test" time="30.919"/>
  <testcase classname="usedLCV.BROKER.Acquisition_Quotes_Broker_CP_used_LCV_without_maintenance_Test" name="aquisition_quotes_user_flow_broker_CP_quote_summary_values_verification_without_maintenance_test" time="331.136">
    <failure type="org.openqa.selenium.TimeoutException" message="Expected condition failed: waiting for visibility of Proxy element for: DefaultElementLocator &amp;apos;By.xpath: //*[normalize-space()=&amp;apos;Quote reference no.:&amp;apos;]//ancestor::div[1]//span[2]&amp;apos; (tried for 120 second(s) with 500 milliseconds interval)">
      <![CDATA[org.openqa.selenium.TimeoutException: Expected condition failed: waiting for visibility of Proxy element for: DefaultElementLocator 'By.xpath: //*[normalize-space()='Quote reference no.:']//ancestor::div[1]//span[2]' (tried for 120 second(s) with 500 milliseconds interval)
at org.openqa.selenium.support.ui.WebDriverWait.timeoutException(WebDriverWait.java:138)
at org.openqa.selenium.support.ui.FluentWait.until(FluentWait.java:231)
at com.amt.testUtil.ExplicitWait.visibleElement(ExplicitWait.java:23)
at com.amt.QuoteSummaryPages.QuoteSummaryBrokerCPPage.quote_summary_broker_purchase_for_used_vehicle(QuoteSummaryBrokerCPPage.java:204)
at usedLCV.BROKER.Acquisition_Quotes_Broker_CP_used_LCV_without_maintenance_Test.aquisition_quotes_user_flow_broker_CP_quote_summary_values_verification_without_maintenance_test(Acquisition_Quotes_Broker_CP_used_LCV_without_maintenance_Test.java:129)
at java.base/java.util.ArrayList.forEach(ArrayList.java:1511)
Caused by: org.openqa.selenium.NoSuchElementException: no such element: Unable to locate element: {"method":"xpath","selector":"//*[normalize-space()='Quote reference no.:']//ancestor::div[1]//span[2]"}
  (Session info: MicrosoftEdge=119.0.2151.72)
For documentation on this error, please visit: https://selenium.dev/exceptions/#no_such_element
Build info: version: '4.1.0', revision: '87802e897b'
System info: host: 'DSK-4052', ip: '172.16.1.80', os.name: 'Windows 10', os.arch: 'amd64', os.version: '10.0', java.version: '19.0.1'
Driver info: org.openqa.selenium.edge.EdgeDriver
Command: [fd7f7bec8b15c800598a890969f55a4f, findElement {using=xpath, value=//*[normalize-space()='Quote reference no.:']//ancestor::div[1]//span[2]}]
Capabilities {acceptInsecureCerts: false, browserName: msedge, browserVersion: 119.0.2151.72, fedcm:accounts: true, javascriptEnabled: true, ms:edgeOptions: {debuggerAddress: localhost:64590}, msedge: {msedgedriverVersion: 119.0.2151.44 (44557a29097a..., userDataDir: C:\Users\NITEIN~1.KUR\AppDa...}, networkConnectionEnabled: false, pageLoadStrategy: normal, platform: WINDOWS, platformName: WINDOWS, proxy: Proxy(), se:cdp: ws://localhost:64590/devtoo..., se:cdpVersion: 119.0.2151.72, setWindowRect: true, strictFileInteractability: false, timeouts: {implicit: 0, pageLoad: 300000, script: 30000}, unhandledPromptBehavior: dismiss and notify, webauthn:extension:credBlob: true, webauthn:extension:largeBlob: true, webauthn:extension:minPinLength: true, webauthn:extension:prf: true, webauthn:virtualAuthenticators: true}
Session ID: fd7f7bec8b15c800598a890969f55a4f
at org.openqa.selenium.remote.codec.w3c.W3CHttpResponseCodec.createException(W3CHttpResponseCodec.java:200)
at org.openqa.selenium.remote.codec.w3c.W3CHttpResponseCodec.decode(W3CHttpResponseCodec.java:133)
at org.openqa.selenium.remote.codec.w3c.W3CHttpResponseCodec.decode(W3CHttpResponseCodec.java:53)
at org.openqa.selenium.remote.HttpCommandExecutor.execute(HttpCommandExecutor.java:184)
at org.openqa.selenium.remote.service.DriverCommandExecutor.invokeExecute(DriverCommandExecutor.java:164)
at org.openqa.selenium.remote.service.DriverCommandExecutor.execute(DriverCommandExecutor.java:139)
at org.openqa.selenium.remote.RemoteWebDriver.execute(RemoteWebDriver.java:559)
at org.openqa.selenium.remote.ElementLocation$ElementFinder$2.findElement(ElementLocation.java:162)
at org.openqa.selenium.remote.ElementLocation.findElement(ElementLocation.java:60)
at org.openqa.selenium.remote.RemoteWebDriver.findElement(RemoteWebDriver.java:383)
at org.openqa.selenium.remote.RemoteWebDriver.findElement(RemoteWebDriver.java:375)
at org.openqa.selenium.support.pagefactory.DefaultElementLocator.findElement(DefaultElementLocator.java:70)
at org.openqa.selenium.support.pagefactory.internal.LocatingElementHandler.invoke(LocatingElementHandler.java:39)
at jdk.proxy2/jdk.proxy2.$Proxy23.isDisplayed(Unknown Source)
at org.openqa.selenium.support.ui.ExpectedConditions.elementIfVisible(ExpectedConditions.java:307)
at org.openqa.selenium.support.ui.ExpectedConditions.access$000(ExpectedConditions.java:40)
at org.openqa.selenium.support.ui.ExpectedConditions$10.apply(ExpectedConditions.java:293)
at org.openqa.selenium.support.ui.ExpectedConditions$10.apply(ExpectedConditions.java:290)
at org.openqa.selenium.support.ui.FluentWait.until(FluentWait.java:208)
... 29 more
... Removed 28 stack frames]]>
    </failure>
  </testcase> <!-- aquisition_quotes_user_flow_broker_CP_quote_summary_values_verification_without_maintenance_test -->
  <testcase classname="usedLCV.HPNR.Acquisition_Quotes_HPNR_CP_used_LCV_with_maintenance_Test" name="aquisition_quotes_OTR_calculation_with_maintenance_test" time="54.651"/>
  <testcase classname="usedLCV.HPNR.Acquisition_Quotes_HPNR_CP_used_LCV_with_maintenance_Test" name="aquisition_quotes_holding_cost_calculations_with_maintenance_test" time="39.197"/>
  <testcase classname="usedLCV.HPNR.Acquisition_Quotes_HPNR_CP_used_LCV_with_maintenance_Test" name="aquisition_quotes_customer_quote_calculations_check_monthly_finance_payment_with_maintenance_test" time="92.72"/>
  <testcase classname="usedLCV.HPNR.Acquisition_Quotes_HPNR_CP_used_LCV_with_maintenance_Test" name="aquisition_quotes_customer_quote_part_exchange_value_edit_check_with_maintenance_test" time="35.704"/>
  <testcase classname="usedLCV.HPNR.Acquisition_Quotes_HPNR_CP_used_LCV_with_maintenance_Test" name="aquisition_quotes_quote_summary_values_verification_with_maintenance_test" time="279.079"/>
  <testcase classname="usedLCV.BROKER.Acquisition_Quotes_Broker_PCH_used_LCV_without_maintenance_Test" name="aquisition_quotes_user_flow_broker_bch_OTR_calculation_without_maintenance_test" time="59.233"/>
  <testcase classname="usedLCV.BROKER.Acquisition_Quotes_Broker_PCH_used_LCV_without_maintenance_Test" name="aquisition_quotes_user_flow_broker_pch_without_maintenance_test" time="65.356"/>
  <testcase classname="usedLCV.BROKER.Acquisition_Quotes_Broker_PCH_used_LCV_without_maintenance_Test" name="aquisition_quotes_user_flow_broker_pch_quote_summary_values_verification_without_maintenance_test" time="19.816"/>
  <testcase classname="usedLCV.BCH.Acquisition_Quotes_BCH_PCH_used_LCV_without_maintenance_Test" name="aquisition_quotes_OTR_calculation_without_maintenance_test" time="50.822"/>
  <testcase classname="usedLCV.BCH.Acquisition_Quotes_BCH_PCH_used_LCV_without_maintenance_Test" name="aquisition_quotes_holding_cost_calculations_without_maintenance_test" time="21.143"/>
  <testcase classname="usedLCV.BCH.Acquisition_Quotes_BCH_PCH_used_LCV_without_maintenance_Test" name="aquisition_quotes_customer_quote_payment_profile_calculations_without_maintenance_test" time="71.575"/>
  <testcase classname="usedLCV.BCH.Acquisition_Quotes_BCH_PCH_used_LCV_without_maintenance_Test" name="aquisition_quotes_quote_summary_values_verification_without_maintenance_test" time="374.878"/>
  <testcase classname="usedLCV.BROKER.Acquisition_Quotes_Broker_PCH_used_LCV_with_maintenance_Test" name="aquisition_quotes_user_flow_broker_pch_OTR_calculation_with_maintenance_test" time="131.968"/>
  <testcase classname="usedLCV.BROKER.Acquisition_Quotes_Broker_PCH_used_LCV_with_maintenance_Test" name="aquisition_quotes_user_flow_broker_pch_with_maintenance_test" time="40.74"/>
  <testcase classname="usedLCV.BROKER.Acquisition_Quotes_Broker_PCH_used_LCV_with_maintenance_Test" name="aquisition_quotes_user_flow_broker_pch_quote_summary_values_verification_with_maintenance_test" time="18.873"/>
  <testcase classname="usedLCV.FL.Acquisition_Quotes_FL_BCH_used_LCV_without_maintenance_Test" name="aquisition_quotes_used_LCV_OTR_calculation_without_maintenance_test" time="52.1"/>
  <testcase classname="usedLCV.FL.Acquisition_Quotes_FL_BCH_used_LCV_without_maintenance_Test" name="aquisition_quotes_used_LCV_edit_cost_price_and_check_OTR_without_maintenance_test" time="0.0"/>
  <testcase classname="usedLCV.FL.Acquisition_Quotes_FL_BCH_used_LCV_without_maintenance_Test" name="aquisition_quotes_used_LCV_holding_cost_calculations_without_maintenance_test" time="18.837">
    <failure type="java.lang.AssertionError" message="expected [true] but found [false]">
      <![CDATA[java.lang.AssertionError: expected [true] but found [false]
at usedLCV.FL.Acquisition_Quotes_FL_BCH_used_LCV_without_maintenance_Test.aquisition_quotes_used_LCV_holding_cost_calculations_without_maintenance_test(Acquisition_Quotes_FL_BCH_used_LCV_without_maintenance_Test.java:96)
at java.base/java.util.ArrayList.forEach(ArrayList.java:1511)
... Removed 29 stack frames]]>
    </failure>
  </testcase> <!-- aquisition_quotes_used_LCV_holding_cost_calculations_without_maintenance_test -->
  <testcase classname="usedLCV.FL.Acquisition_Quotes_FL_BCH_used_LCV_without_maintenance_Test" name="aquisition_quotes_customer_quote_payment_profile_calculations_without_maintenance_test" time="0.0">
    <skipped/>
  </testcase> <!-- aquisition_quotes_customer_quote_payment_profile_calculations_without_maintenance_test -->
  <testcase classname="usedLCV.FL.Acquisition_Quotes_FL_BCH_used_LCV_without_maintenance_Test" name="aquisition_quotes_quote_summary_values_verification_without_maintenance_test" time="0.0">
    <skipped/>
  </testcase> <!-- aquisition_quotes_quote_summary_values_verification_without_maintenance_test -->
  <testcase classname="usedLCV.HPNR.Acquisition_Quotes_HPNR_HPR_used_LCV_with_maintenance_Test" name="aquisition_quotes_OTR_calculation_with_maintenance_test" time="52.062"/>
  <testcase classname="usedLCV.HPNR.Acquisition_Quotes_HPNR_HPR_used_LCV_with_maintenance_Test" name="aquisition_quotes_holding_cost_calculations_with_maintenance_test" time="110.027"/>
  <testcase classname="usedLCV.HPNR.Acquisition_Quotes_HPNR_HPR_used_LCV_with_maintenance_Test" name="aquisition_quotes_customer_quote_calculations_check_monthly_finance_payment_with_maintenance_test" time="79.524">
    <failure type="java.lang.AssertionError" message="expected [true] but found [false]">
      <![CDATA[java.lang.AssertionError: expected [true] but found [false]
at usedLCV.HPNR.Acquisition_Quotes_HPNR_HPR_used_LCV_with_maintenance_Test.aquisition_quotes_customer_quote_calculations_check_monthly_finance_payment_with_maintenance_test(Acquisition_Quotes_HPNR_HPR_used_LCV_with_maintenance_Test.java:118)
at java.base/java.util.ArrayList.forEach(ArrayList.java:1511)
... Removed 29 stack frames]]>
    </failure>
  </testcase> <!-- aquisition_quotes_customer_quote_calculations_check_monthly_finance_payment_with_maintenance_test -->
  <testcase classname="usedLCV.HPNR.Acquisition_Quotes_HPNR_HPR_used_LCV_with_maintenance_Test" name="aquisition_quotes_customer_quote_part_exchange_value_edit_check_with_maintenance_test" time="0.0">
    <skipped/>
  </testcase> <!-- aquisition_quotes_customer_quote_part_exchange_value_edit_check_with_maintenance_test -->
  <testcase classname="usedLCV.HPNR.Acquisition_Quotes_HPNR_HPR_used_LCV_with_maintenance_Test" name="aquisition_quotes_customer_quote_monthly_finance_payment_after_balloon_payment_off_with_maintenance_test" time="0.0">
    <skipped/>
  </testcase> <!-- aquisition_quotes_customer_quote_monthly_finance_payment_after_balloon_payment_off_with_maintenance_test -->
  <testcase classname="usedLCV.HPNR.Acquisition_Quotes_HPNR_HPR_used_LCV_with_maintenance_Test" name="aquisition_quotes_quote_summary_values_verification_with_maintenance_test" time="0.0">
    <skipped/>
  </testcase> <!-- aquisition_quotes_quote_summary_values_verification_with_maintenance_test -->
  <testcase classname="usedLCV.HPNR.Acquisition_Quotes_HPNR_PCH_used_LCV_with_funder_quote_addition_with_maintenance_Test" name="aquisition_quotes_used_LCV_OTR_calculation_with_maintenance_test" time="40.826">
    <failure type="org.openqa.selenium.NoSuchElementException" message="no such element: Unable to locate element: {&amp;quot;method&amp;quot;:&amp;quot;xpath&amp;quot;,&amp;quot;selector&amp;quot;:&amp;quot;//*[contains(text(),&amp;apos;Paint -&amp;apos;)]//ancestor::div[1]//div/div/div/div/label&amp;quot;}
  (Session info: MicrosoftEdge=119.0.2151.72)
For documentation on this error, please visit: https://selenium.dev/exceptions/#no_such_element
Build info: version: &amp;apos;4.1.0&amp;apos;, revision: &amp;apos;87802e897b&amp;apos;
System info: host: &amp;apos;DSK-4052&amp;apos;, ip: &amp;apos;172.16.1.80&amp;apos;, os.name: &amp;apos;Windows 10&amp;apos;, os.arch: &amp;apos;amd64&amp;apos;, os.version: &amp;apos;10.0&amp;apos;, java.version: &amp;apos;19.0.1&amp;apos;
Driver info: org.openqa.selenium.edge.EdgeDriver
Command: [d8753cca2ce06d61cb04cb21a32f0e44, findElement {using=xpath, value=//*[contains(text(),&amp;apos;Paint -&amp;apos;)]//ancestor::div[1]//div/div/div/div/label}]
Capabilities {acceptInsecureCerts: false, browserName: msedge, browserVersion: 119.0.2151.72, fedcm:accounts: true, javascriptEnabled: true, ms:edgeOptions: {debuggerAddress: localhost:49167}, msedge: {msedgedriverVersion: 119.0.2151.44 (44557a29097a..., userDataDir: C:\Users\NITEIN~1.KUR\AppDa...}, networkConnectionEnabled: false, pageLoadStrategy: normal, platform: WINDOWS, platformName: WINDOWS, proxy: Proxy(), se:cdp: ws://localhost:49167/devtoo..., se:cdpVersion: 119.0.2151.72, setWindowRect: true, strictFileInteractability: false, timeouts: {implicit: 0, pageLoad: 300000, script: 30000}, unhandledPromptBehavior: dismiss and notify, webauthn:extension:credBlob: true, webauthn:extension:largeBlob: true, webauthn:extension:minPinLength: true, webauthn:extension:prf: true, webauthn:virtualAuthenticators: true}
Session ID: d8753cca2ce06d61cb04cb21a32f0e44">
      <![CDATA[org.openqa.selenium.NoSuchElementException: no such element: Unable to locate element: {"method":"xpath","selector":"//*[contains(text(),'Paint -')]//ancestor::div[1]//div/div/div/div/label"}
  (Session info: MicrosoftEdge=119.0.2151.72)
For documentation on this error, please visit: https://selenium.dev/exceptions/#no_such_element
Build info: version: '4.1.0', revision: '87802e897b'
System info: host: 'DSK-4052', ip: '172.16.1.80', os.name: 'Windows 10', os.arch: 'amd64', os.version: '10.0', java.version: '19.0.1'
Driver info: org.openqa.selenium.edge.EdgeDriver
Command: [d8753cca2ce06d61cb04cb21a32f0e44, findElement {using=xpath, value=//*[contains(text(),'Paint -')]//ancestor::div[1]//div/div/div/div/label}]
Capabilities {acceptInsecureCerts: false, browserName: msedge, browserVersion: 119.0.2151.72, fedcm:accounts: true, javascriptEnabled: true, ms:edgeOptions: {debuggerAddress: localhost:49167}, msedge: {msedgedriverVersion: 119.0.2151.44 (44557a29097a..., userDataDir: C:\Users\NITEIN~1.KUR\AppDa...}, networkConnectionEnabled: false, pageLoadStrategy: normal, platform: WINDOWS, platformName: WINDOWS, proxy: Proxy(), se:cdp: ws://localhost:49167/devtoo..., se:cdpVersion: 119.0.2151.72, setWindowRect: true, strictFileInteractability: false, timeouts: {implicit: 0, pageLoad: 300000, script: 30000}, unhandledPromptBehavior: dismiss and notify, webauthn:extension:credBlob: true, webauthn:extension:largeBlob: true, webauthn:extension:minPinLength: true, webauthn:extension:prf: true, webauthn:virtualAuthenticators: true}
Session ID: d8753cca2ce06d61cb04cb21a32f0e44
at org.openqa.selenium.remote.codec.w3c.W3CHttpResponseCodec.createException(W3CHttpResponseCodec.java:200)
at org.openqa.selenium.remote.codec.w3c.W3CHttpResponseCodec.decode(W3CHttpResponseCodec.java:133)
at org.openqa.selenium.remote.codec.w3c.W3CHttpResponseCodec.decode(W3CHttpResponseCodec.java:53)
at org.openqa.selenium.remote.HttpCommandExecutor.execute(HttpCommandExecutor.java:184)
at org.openqa.selenium.remote.service.DriverCommandExecutor.invokeExecute(DriverCommandExecutor.java:164)
at org.openqa.selenium.remote.service.DriverCommandExecutor.execute(DriverCommandExecutor.java:139)
at org.openqa.selenium.remote.RemoteWebDriver.execute(RemoteWebDriver.java:559)
at org.openqa.selenium.remote.ElementLocation$ElementFinder$2.findElement(ElementLocation.java:162)
at org.openqa.selenium.remote.ElementLocation.findElement(ElementLocation.java:60)
at org.openqa.selenium.remote.RemoteWebDriver.findElement(RemoteWebDriver.java:383)
at org.openqa.selenium.remote.RemoteWebDriver.findElement(RemoteWebDriver.java:375)
at org.openqa.selenium.support.pagefactory.DefaultElementLocator.findElement(DefaultElementLocator.java:70)
at org.openqa.selenium.support.pagefactory.internal.LocatingElementHandler.invoke(LocatingElementHandler.java:39)
at jdk.proxy2/jdk.proxy2.$Proxy23.getWrappedElement(Unknown Source)
at org.openqa.selenium.remote.internal.WebElementToJsonConverter.apply(WebElementToJsonConverter.java:51)
at java.base/java.util.stream.ReferencePipeline$3$1.accept(ReferencePipeline.java:197)
at java.base/java.util.Spliterators$ArraySpliterator.forEachRemaining(Spliterators.java:1006)
at java.base/java.util.stream.AbstractPipeline.copyInto(AbstractPipeline.java:509)
at java.base/java.util.stream.AbstractPipeline.wrapAndCopyInto(AbstractPipeline.java:499)
at java.base/java.util.stream.ReduceOps$ReduceOp.evaluateSequential(ReduceOps.java:921)
at java.base/java.util.stream.AbstractPipeline.evaluate(AbstractPipeline.java:234)
at java.base/java.util.stream.ReferencePipeline.collect(ReferencePipeline.java:682)
at org.openqa.selenium.remote.RemoteWebDriver.executeScript(RemoteWebDriver.java:490)
at com.amt.pages.OptionsAccessoriesPage.options_And_Accessories_selection_for_used_LCV(OptionsAccessoriesPage.java:160)
at usedLCV.HPNR.Acquisition_Quotes_HPNR_PCH_used_LCV_with_funder_quote_addition_with_maintenance_Test.aquisition_quotes_used_LCV_OTR_calculation_with_maintenance_test(Acquisition_Quotes_HPNR_PCH_used_LCV_with_funder_quote_addition_with_maintenance_Test.java:53)
at java.base/java.util.ArrayList.forEach(ArrayList.java:1511)
... Removed 28 stack frames]]>
    </failure>
  </testcase> <!-- aquisition_quotes_used_LCV_OTR_calculation_with_maintenance_test -->
  <testcase classname="usedLCV.HPNR.Acquisition_Quotes_HPNR_PCH_used_LCV_with_funder_quote_addition_with_maintenance_Test" name="aquisition_quotes_used_LCV_edit_cost_price_and_check_OTR_with_maintenance_test" time="0.0">
    <skipped/>
  </testcase> <!-- aquisition_quotes_used_LCV_edit_cost_price_and_check_OTR_with_maintenance_test -->
  <testcase classname="usedLCV.HPNR.Acquisition_Quotes_HPNR_PCH_used_LCV_with_funder_quote_addition_with_maintenance_Test" name="aquisition_quotes_holding_cost_calculations_with_maintenance_test" time="0.0">
    <skipped/>
  </testcase> <!-- aquisition_quotes_holding_cost_calculations_with_maintenance_test -->
  <testcase classname="usedLCV.HPNR.Acquisition_Quotes_HPNR_PCH_used_LCV_with_funder_quote_addition_with_maintenance_Test" name="aquisition_quotes_customer_quote_payment_profile_calculations_with_maintenance_test" time="0.0">
    <skipped/>
  </testcase> <!-- aquisition_quotes_customer_quote_payment_profile_calculations_with_maintenance_test -->
  <testcase classname="usedLCV.HPNR.Acquisition_Quotes_HPNR_PCH_used_LCV_with_funder_quote_addition_with_maintenance_Test" name="aquisition_quotes_quote_summary_values_verification_with_maintenance_test" time="0.0">
    <skipped/>
  </testcase> <!-- aquisition_quotes_quote_summary_values_verification_with_maintenance_test -->
  <testcase classname="usedLCV.CP.Acquisition_Quotes_CP_BCH_used_LCV_with_funder_quote_addition_with_maintenance_Test" name="aquisition_quotes_used_LCV_OTR_calculation_with_maintenance_test" time="56.809"/>
  <testcase classname="usedLCV.CP.Acquisition_Quotes_CP_BCH_used_LCV_with_funder_quote_addition_with_maintenance_Test" name="aquisition_quotes_used_LCV_edit_cost_price_and_check_OTR_with_maintenance_test" time="0.0"/>
  <testcase classname="usedLCV.CP.Acquisition_Quotes_CP_BCH_used_LCV_with_funder_quote_addition_with_maintenance_Test" name="aquisition_quotes_holding_cost_calculations_with_maintenance_test" time="34.783">
    <failure type="java.lang.AssertionError" message="expected [true] but found [false]">
      <![CDATA[java.lang.AssertionError: expected [true] but found [false]
at usedLCV.CP.Acquisition_Quotes_CP_BCH_used_LCV_with_funder_quote_addition_with_maintenance_Test.aquisition_quotes_holding_cost_calculations_with_maintenance_test(Acquisition_Quotes_CP_BCH_used_LCV_with_funder_quote_addition_with_maintenance_Test.java:92)
at java.base/java.util.ArrayList.forEach(ArrayList.java:1511)
... Removed 29 stack frames]]>
    </failure>
  </testcase> <!-- aquisition_quotes_holding_cost_calculations_with_maintenance_test -->
  <testcase classname="usedLCV.CP.Acquisition_Quotes_CP_BCH_used_LCV_with_funder_quote_addition_with_maintenance_Test" name="aquisition_quotes_customer_quote_payment_profile_calculations_with_maintenance_test" time="0.0">
    <skipped/>
  </testcase> <!-- aquisition_quotes_customer_quote_payment_profile_calculations_with_maintenance_test -->
  <testcase classname="usedLCV.CP.Acquisition_Quotes_CP_BCH_used_LCV_with_funder_quote_addition_with_maintenance_Test" name="aquisition_quotes_quote_summary_values_verification_with_maintenance_test" time="0.0">
    <skipped/>
  </testcase> <!-- aquisition_quotes_quote_summary_values_verification_with_maintenance_test -->
  <testcase classname="usedLCV.CP.Acquisition_Quotes_CP_CP_used_LCV_without_maintenance_Test" name="aquisition_quotes_OTR_calculation_without_maintenance_test" time="51.871"/>
  <testcase classname="usedLCV.CP.Acquisition_Quotes_CP_CP_used_LCV_without_maintenance_Test" name="aquisition_quotes_holding_cost_calculations_without_maintenance_test" time="13.881"/>
  <testcase classname="usedLCV.CP.Acquisition_Quotes_CP_CP_used_LCV_without_maintenance_Test" name="aquisition_quotes_customer_quote_calculations_check_monthly_finance_payment_without_maintenance_test" time="50.618"/>
  <testcase classname="usedLCV.CP.Acquisition_Quotes_CP_CP_used_LCV_without_maintenance_Test" name="aquisition_quotes_customer_quote_part_exchange_value_edit_check_without_maintenance_test" time="66.899"/>
  <testcase classname="usedLCV.CP.Acquisition_Quotes_CP_CP_used_LCV_without_maintenance_Test" name="aquisition_quotes_quote_summary_values_verification_without_maintenance_test" time="212.807"/>
  <testcase classname="usedLCV.OP.Acquisition_Quotes_Outright_HPNR_used_LCV_with_maintenance_Test" name="aquisition_quotes_OTR_calculation_with_maintenance_test" time="56.675"/>
  <testcase classname="usedLCV.OP.Acquisition_Quotes_Outright_HPNR_used_LCV_with_maintenance_Test" name="aquisition_quotes_holding_cost_calculations_with_maintenance_test" time="97.904"/>
  <testcase classname="usedLCV.OP.Acquisition_Quotes_Outright_HPNR_used_LCV_with_maintenance_Test" name="aquisition_quotes_customer_quote_calculations_check_monthly_finance_payment_with_maintenance_test" time="76.306">
    <failure type="java.lang.AssertionError" message="expected [true] but found [false]">
      <![CDATA[java.lang.AssertionError: expected [true] but found [false]
at usedLCV.OP.Acquisition_Quotes_Outright_HPNR_used_LCV_with_maintenance_Test.aquisition_quotes_customer_quote_calculations_check_monthly_finance_payment_with_maintenance_test(Acquisition_Quotes_Outright_HPNR_used_LCV_with_maintenance_Test.java:118)
at java.base/java.util.ArrayList.forEach(ArrayList.java:1511)
... Removed 29 stack frames]]>
    </failure>
  </testcase> <!-- aquisition_quotes_customer_quote_calculations_check_monthly_finance_payment_with_maintenance_test -->
  <testcase classname="usedLCV.OP.Acquisition_Quotes_Outright_HPNR_used_LCV_with_maintenance_Test" name="aquisition_quotes_customer_quote_part_exchange_value_edit_check_with_maintenance_test" time="0.0">
    <skipped/>
  </testcase> <!-- aquisition_quotes_customer_quote_part_exchange_value_edit_check_with_maintenance_test -->
  <testcase classname="usedLCV.OP.Acquisition_Quotes_Outright_HPNR_used_LCV_with_maintenance_Test" name="aquisition_quotes_customer_quote_monthly_finance_payment_after_balloon_payment_off_with_maintenance_test" time="0.0">
    <skipped/>
  </testcase> <!-- aquisition_quotes_customer_quote_monthly_finance_payment_after_balloon_payment_off_with_maintenance_test -->
  <testcase classname="usedLCV.OP.Acquisition_Quotes_Outright_HPNR_used_LCV_with_maintenance_Test" name="aquisition_quotes_quote_summary_values_verification_with_maintenance_test" time="0.0">
    <skipped/>
  </testcase> <!-- aquisition_quotes_quote_summary_values_verification_with_maintenance_test -->
  <testcase classname="usedLCV.BROKER.Acquisition_Quotes_Broker_PCP_used_LCV_with_maintenance_Test" name="aquisition_quotes_user_flow_broker_PCP_OTR_calculation_with_maintenance_test" time="108.905"/>
  <testcase classname="usedLCV.BROKER.Acquisition_Quotes_Broker_PCP_used_LCV_with_maintenance_Test" name="aquisition_quotes_used_car_edit_cost_price_and_check_OTR_with_maintenance_test" time="0.0"/>
  <testcase classname="usedLCV.BROKER.Acquisition_Quotes_Broker_PCP_used_LCV_with_maintenance_Test" name="aquisition_quotes_user_flow_broker_PCP_vehicle_profit_check_with_maintenance_test" time="21.658"/>
  <testcase classname="usedLCV.BROKER.Acquisition_Quotes_Broker_PCP_used_LCV_with_maintenance_Test" name="aquisition_quotes_user_flow_broker_PCP_balance_to_finance_check_with_maintenance_test" time="36.729"/>
  <testcase classname="usedLCV.BROKER.Acquisition_Quotes_Broker_PCP_used_LCV_with_maintenance_Test" name="aquisition_quotes_user_flow_broker_PCP_quote_summary_values_verification_with_maintenance_test" time="331.225">
    <failure type="org.openqa.selenium.TimeoutException" message="Expected condition failed: waiting for visibility of Proxy element for: DefaultElementLocator &amp;apos;By.xpath: //*[normalize-space()=&amp;apos;Quote reference no.:&amp;apos;]//ancestor::div[1]//span[2]&amp;apos; (tried for 120 second(s) with 500 milliseconds interval)">
      <![CDATA[org.openqa.selenium.TimeoutException: Expected condition failed: waiting for visibility of Proxy element for: DefaultElementLocator 'By.xpath: //*[normalize-space()='Quote reference no.:']//ancestor::div[1]//span[2]' (tried for 120 second(s) with 500 milliseconds interval)
at org.openqa.selenium.support.ui.WebDriverWait.timeoutException(WebDriverWait.java:138)
at org.openqa.selenium.support.ui.FluentWait.until(FluentWait.java:231)
at com.amt.testUtil.ExplicitWait.visibleElement(ExplicitWait.java:23)
at com.amt.QuoteSummaryPages.QuoteSummaryBrokerCPPage.quote_summary_broker_purchase_for_used_vehicle(QuoteSummaryBrokerCPPage.java:204)
at usedLCV.BROKER.Acquisition_Quotes_Broker_PCP_used_LCV_with_maintenance_Test.aquisition_quotes_user_flow_broker_PCP_quote_summary_values_verification_with_maintenance_test(Acquisition_Quotes_Broker_PCP_used_LCV_with_maintenance_Test.java:125)
at java.base/java.util.ArrayList.forEach(ArrayList.java:1511)
Caused by: org.openqa.selenium.NoSuchElementException: no such element: Unable to locate element: {"method":"xpath","selector":"//*[normalize-space()='Quote reference no.:']//ancestor::div[1]//span[2]"}
  (Session info: MicrosoftEdge=119.0.2151.72)
For documentation on this error, please visit: https://selenium.dev/exceptions/#no_such_element
Build info: version: '4.1.0', revision: '87802e897b'
System info: host: 'DSK-4052', ip: '172.16.1.80', os.name: 'Windows 10', os.arch: 'amd64', os.version: '10.0', java.version: '19.0.1'
Driver info: org.openqa.selenium.edge.EdgeDriver
Command: [74786f87e70bbded7d5d5ade7cfc088f, findElement {using=xpath, value=//*[normalize-space()='Quote reference no.:']//ancestor::div[1]//span[2]}]
Capabilities {acceptInsecureCerts: false, browserName: msedge, browserVersion: 119.0.2151.72, fedcm:accounts: true, javascriptEnabled: true, ms:edgeOptions: {debuggerAddress: localhost:49721}, msedge: {msedgedriverVersion: 119.0.2151.44 (44557a29097a..., userDataDir: C:\Users\NITEIN~1.KUR\AppDa...}, networkConnectionEnabled: false, pageLoadStrategy: normal, platform: WINDOWS, platformName: WINDOWS, proxy: Proxy(), se:cdp: ws://localhost:49721/devtoo..., se:cdpVersion: 119.0.2151.72, setWindowRect: true, strictFileInteractability: false, timeouts: {implicit: 0, pageLoad: 300000, script: 30000}, unhandledPromptBehavior: dismiss and notify, webauthn:extension:credBlob: true, webauthn:extension:largeBlob: true, webauthn:extension:minPinLength: true, webauthn:extension:prf: true, webauthn:virtualAuthenticators: true}
Session ID: 74786f87e70bbded7d5d5ade7cfc088f
at org.openqa.selenium.remote.codec.w3c.W3CHttpResponseCodec.createException(W3CHttpResponseCodec.java:200)
at org.openqa.selenium.remote.codec.w3c.W3CHttpResponseCodec.decode(W3CHttpResponseCodec.java:133)
at org.openqa.selenium.remote.codec.w3c.W3CHttpResponseCodec.decode(W3CHttpResponseCodec.java:53)
at org.openqa.selenium.remote.HttpCommandExecutor.execute(HttpCommandExecutor.java:184)
at org.openqa.selenium.remote.service.DriverCommandExecutor.invokeExecute(DriverCommandExecutor.java:164)
at org.openqa.selenium.remote.service.DriverCommandExecutor.execute(DriverCommandExecutor.java:139)
at org.openqa.selenium.remote.RemoteWebDriver.execute(RemoteWebDriver.java:559)
at org.openqa.selenium.remote.ElementLocation$ElementFinder$2.findElement(ElementLocation.java:162)
at org.openqa.selenium.remote.ElementLocation.findElement(ElementLocation.java:60)
at org.openqa.selenium.remote.RemoteWebDriver.findElement(RemoteWebDriver.java:383)
at org.openqa.selenium.remote.RemoteWebDriver.findElement(RemoteWebDriver.java:375)
at org.openqa.selenium.support.pagefactory.DefaultElementLocator.findElement(DefaultElementLocator.java:70)
at org.openqa.selenium.support.pagefactory.internal.LocatingElementHandler.invoke(LocatingElementHandler.java:39)
at jdk.proxy2/jdk.proxy2.$Proxy23.isDisplayed(Unknown Source)
at org.openqa.selenium.support.ui.ExpectedConditions.elementIfVisible(ExpectedConditions.java:307)
at org.openqa.selenium.support.ui.ExpectedConditions.access$000(ExpectedConditions.java:40)
at org.openqa.selenium.support.ui.ExpectedConditions$10.apply(ExpectedConditions.java:293)
at org.openqa.selenium.support.ui.ExpectedConditions$10.apply(ExpectedConditions.java:290)
at org.openqa.selenium.support.ui.FluentWait.until(FluentWait.java:208)
... 29 more
... Removed 28 stack frames]]>
    </failure>
  </testcase> <!-- aquisition_quotes_user_flow_broker_PCP_quote_summary_values_verification_with_maintenance_test -->
  <testcase classname="usedLCV.HPNR.Acquisition_Quotes_HPNR_PCP_used_LCV_with_maintenance_Test" name="aquisition_quotes_OTR_calculation_with_maintenance_test" time="53.048"/>
  <testcase classname="usedLCV.HPNR.Acquisition_Quotes_HPNR_PCP_used_LCV_with_maintenance_Test" name="aquisition_quotes_holding_cost_calculations_with_maintenance_test" time="22.893"/>
  <testcase classname="usedLCV.HPNR.Acquisition_Quotes_HPNR_PCP_used_LCV_with_maintenance_Test" name="aquisition_quotes_customer_quote_calculations_check_monthly_finance_payment_with_maintenance_test" time="77.401"/>
  <testcase classname="usedLCV.HPNR.Acquisition_Quotes_HPNR_PCP_used_LCV_with_maintenance_Test" name="aquisition_quotes_customer_quote_part_exchange_value_edit_check_with_maintenance_test" time="35.797"/>
  <testcase classname="usedLCV.HPNR.Acquisition_Quotes_HPNR_PCP_used_LCV_with_maintenance_Test" name="aquisition_quotes_quote_summary_values_verification_with_maintenance_test" time="267.817"/>
  <testcase classname="usedLCV.OP.Acquisition_Quotes_Outright_FL_used_LCV_with_maintenance_Test" name="aquisition_quotes_used_LCV_OTR_calculation_with_maintenance_test" time="43.596">
    <failure type="org.openqa.selenium.NoSuchElementException" message="no such element: Unable to locate element: {&amp;quot;method&amp;quot;:&amp;quot;xpath&amp;quot;,&amp;quot;selector&amp;quot;:&amp;quot;//*[contains(text(),&amp;apos;Paint -&amp;apos;)]//ancestor::div[1]//div/div/div/div/label&amp;quot;}
  (Session info: MicrosoftEdge=119.0.2151.72)
For documentation on this error, please visit: https://selenium.dev/exceptions/#no_such_element
Build info: version: &amp;apos;4.1.0&amp;apos;, revision: &amp;apos;87802e897b&amp;apos;
System info: host: &amp;apos;DSK-4052&amp;apos;, ip: &amp;apos;172.16.1.80&amp;apos;, os.name: &amp;apos;Windows 10&amp;apos;, os.arch: &amp;apos;amd64&amp;apos;, os.version: &amp;apos;10.0&amp;apos;, java.version: &amp;apos;19.0.1&amp;apos;
Driver info: org.openqa.selenium.edge.EdgeDriver
Command: [cc290c4bba991646c64a7436dddb2095, findElement {using=xpath, value=//*[contains(text(),&amp;apos;Paint -&amp;apos;)]//ancestor::div[1]//div/div/div/div/label}]
Capabilities {acceptInsecureCerts: false, browserName: msedge, browserVersion: 119.0.2151.72, fedcm:accounts: true, javascriptEnabled: true, ms:edgeOptions: {debuggerAddress: localhost:50095}, msedge: {msedgedriverVersion: 119.0.2151.44 (44557a29097a..., userDataDir: C:\Users\NITEIN~1.KUR\AppDa...}, networkConnectionEnabled: false, pageLoadStrategy: normal, platform: WINDOWS, platformName: WINDOWS, proxy: Proxy(), se:cdp: ws://localhost:50095/devtoo..., se:cdpVersion: 119.0.2151.72, setWindowRect: true, strictFileInteractability: false, timeouts: {implicit: 0, pageLoad: 300000, script: 30000}, unhandledPromptBehavior: dismiss and notify, webauthn:extension:credBlob: true, webauthn:extension:largeBlob: true, webauthn:extension:minPinLength: true, webauthn:extension:prf: true, webauthn:virtualAuthenticators: true}
Session ID: cc290c4bba991646c64a7436dddb2095">
      <![CDATA[org.openqa.selenium.NoSuchElementException: no such element: Unable to locate element: {"method":"xpath","selector":"//*[contains(text(),'Paint -')]//ancestor::div[1]//div/div/div/div/label"}
  (Session info: MicrosoftEdge=119.0.2151.72)
For documentation on this error, please visit: https://selenium.dev/exceptions/#no_such_element
Build info: version: '4.1.0', revision: '87802e897b'
System info: host: 'DSK-4052', ip: '172.16.1.80', os.name: 'Windows 10', os.arch: 'amd64', os.version: '10.0', java.version: '19.0.1'
Driver info: org.openqa.selenium.edge.EdgeDriver
Command: [cc290c4bba991646c64a7436dddb2095, findElement {using=xpath, value=//*[contains(text(),'Paint -')]//ancestor::div[1]//div/div/div/div/label}]
Capabilities {acceptInsecureCerts: false, browserName: msedge, browserVersion: 119.0.2151.72, fedcm:accounts: true, javascriptEnabled: true, ms:edgeOptions: {debuggerAddress: localhost:50095}, msedge: {msedgedriverVersion: 119.0.2151.44 (44557a29097a..., userDataDir: C:\Users\NITEIN~1.KUR\AppDa...}, networkConnectionEnabled: false, pageLoadStrategy: normal, platform: WINDOWS, platformName: WINDOWS, proxy: Proxy(), se:cdp: ws://localhost:50095/devtoo..., se:cdpVersion: 119.0.2151.72, setWindowRect: true, strictFileInteractability: false, timeouts: {implicit: 0, pageLoad: 300000, script: 30000}, unhandledPromptBehavior: dismiss and notify, webauthn:extension:credBlob: true, webauthn:extension:largeBlob: true, webauthn:extension:minPinLength: true, webauthn:extension:prf: true, webauthn:virtualAuthenticators: true}
Session ID: cc290c4bba991646c64a7436dddb2095
at org.openqa.selenium.remote.codec.w3c.W3CHttpResponseCodec.createException(W3CHttpResponseCodec.java:200)
at org.openqa.selenium.remote.codec.w3c.W3CHttpResponseCodec.decode(W3CHttpResponseCodec.java:133)
at org.openqa.selenium.remote.codec.w3c.W3CHttpResponseCodec.decode(W3CHttpResponseCodec.java:53)
at org.openqa.selenium.remote.HttpCommandExecutor.execute(HttpCommandExecutor.java:184)
at org.openqa.selenium.remote.service.DriverCommandExecutor.invokeExecute(DriverCommandExecutor.java:164)
at org.openqa.selenium.remote.service.DriverCommandExecutor.execute(DriverCommandExecutor.java:139)
at org.openqa.selenium.remote.RemoteWebDriver.execute(RemoteWebDriver.java:559)
at org.openqa.selenium.remote.ElementLocation$ElementFinder$2.findElement(ElementLocation.java:162)
at org.openqa.selenium.remote.ElementLocation.findElement(ElementLocation.java:60)
at org.openqa.selenium.remote.RemoteWebDriver.findElement(RemoteWebDriver.java:383)
at org.openqa.selenium.remote.RemoteWebDriver.findElement(RemoteWebDriver.java:375)
at org.openqa.selenium.support.pagefactory.DefaultElementLocator.findElement(DefaultElementLocator.java:70)
at org.openqa.selenium.support.pagefactory.internal.LocatingElementHandler.invoke(LocatingElementHandler.java:39)
at jdk.proxy2/jdk.proxy2.$Proxy23.getWrappedElement(Unknown Source)
at org.openqa.selenium.remote.internal.WebElementToJsonConverter.apply(WebElementToJsonConverter.java:51)
at java.base/java.util.stream.ReferencePipeline$3$1.accept(ReferencePipeline.java:197)
at java.base/java.util.Spliterators$ArraySpliterator.forEachRemaining(Spliterators.java:1006)
at java.base/java.util.stream.AbstractPipeline.copyInto(AbstractPipeline.java:509)
at java.base/java.util.stream.AbstractPipeline.wrapAndCopyInto(AbstractPipeline.java:499)
at java.base/java.util.stream.ReduceOps$ReduceOp.evaluateSequential(ReduceOps.java:921)
at java.base/java.util.stream.AbstractPipeline.evaluate(AbstractPipeline.java:234)
at java.base/java.util.stream.ReferencePipeline.collect(ReferencePipeline.java:682)
at org.openqa.selenium.remote.RemoteWebDriver.executeScript(RemoteWebDriver.java:490)
at com.amt.pages.OptionsAccessoriesPage.options_And_Accessories_selection_for_used_LCV(OptionsAccessoriesPage.java:160)
at usedLCV.OP.Acquisition_Quotes_Outright_FL_used_LCV_with_maintenance_Test.aquisition_quotes_used_LCV_OTR_calculation_with_maintenance_test(Acquisition_Quotes_Outright_FL_used_LCV_with_maintenance_Test.java:52)
at java.base/java.util.ArrayList.forEach(ArrayList.java:1511)
... Removed 28 stack frames]]>
    </failure>
  </testcase> <!-- aquisition_quotes_used_LCV_OTR_calculation_with_maintenance_test -->
  <testcase classname="usedLCV.OP.Acquisition_Quotes_Outright_FL_used_LCV_with_maintenance_Test" name="aquisition_quotes_used_LCV_edit_cost_price_and_check_OTR_with_maintenance_test" time="0.0">
    <skipped/>
  </testcase> <!-- aquisition_quotes_used_LCV_edit_cost_price_and_check_OTR_with_maintenance_test -->
  <testcase classname="usedLCV.OP.Acquisition_Quotes_Outright_FL_used_LCV_with_maintenance_Test" name="aquisition_quotes_used_LCV_holding_cost_calculations_with_maintenance_test" time="0.0">
    <skipped/>
  </testcase> <!-- aquisition_quotes_used_LCV_holding_cost_calculations_with_maintenance_test -->
  <testcase classname="usedLCV.OP.Acquisition_Quotes_Outright_FL_used_LCV_with_maintenance_Test" name="aquisition_quotes_customer_quote_payment_profile_calculations_with_maintenance_test" time="0.0">
    <skipped/>
  </testcase> <!-- aquisition_quotes_customer_quote_payment_profile_calculations_with_maintenance_test -->
  <testcase classname="usedLCV.OP.Acquisition_Quotes_Outright_FL_used_LCV_with_maintenance_Test" name="aquisition_quotes_quote_summary_values_verification_with_maintenance_test" time="0.0">
    <skipped/>
  </testcase> <!-- aquisition_quotes_quote_summary_values_verification_with_maintenance_test -->
  <testcase classname="usedLCV.OP.Acquisition_Quotes_Outright_PCH_used_LCV_without_maintenance_Test" name="aquisition_quotes_used_LCV_OTR_calculation_without_maintenance_test" time="54.062"/>
  <testcase classname="usedLCV.OP.Acquisition_Quotes_Outright_PCH_used_LCV_without_maintenance_Test" name="aquisition_quotes_used_LCV_edit_cost_price_and_check_OTR_without_maintenance_test" time="0.0"/>
  <testcase classname="usedLCV.OP.Acquisition_Quotes_Outright_PCH_used_LCV_without_maintenance_Test" name="aquisition_quotes_used_LCV_holding_cost_calculations_without_maintenance_test" time="17.825">
    <failure type="java.lang.AssertionError" message="expected [true] but found [false]">
      <![CDATA[java.lang.AssertionError: expected [true] but found [false]
at usedLCV.OP.Acquisition_Quotes_Outright_PCH_used_LCV_without_maintenance_Test.aquisition_quotes_used_LCV_holding_cost_calculations_without_maintenance_test(Acquisition_Quotes_Outright_PCH_used_LCV_without_maintenance_Test.java:96)
at java.base/java.util.ArrayList.forEach(ArrayList.java:1511)
... Removed 29 stack frames]]>
    </failure>
  </testcase> <!-- aquisition_quotes_used_LCV_holding_cost_calculations_without_maintenance_test -->
  <testcase classname="usedLCV.OP.Acquisition_Quotes_Outright_PCH_used_LCV_without_maintenance_Test" name="aquisition_quotes_customer_quote_payment_profile_calculations_without_maintenance_test" time="0.0">
    <skipped/>
  </testcase> <!-- aquisition_quotes_customer_quote_payment_profile_calculations_without_maintenance_test -->
  <testcase classname="usedLCV.OP.Acquisition_Quotes_Outright_PCH_used_LCV_without_maintenance_Test" name="aquisition_quotes_quote_summary_values_verification_without_maintenance_test" time="0.0">
    <skipped/>
  </testcase> <!-- aquisition_quotes_quote_summary_values_verification_without_maintenance_test -->
  <testcase classname="usedLCV.HPNR.Acquisition_Quotes_HPNR_PCH_used_LCV_with_maintenance_Test" name="aquisition_quotes_used_LCV_OTR_calculation_with_maintenance_test" time="51.604"/>
  <testcase classname="usedLCV.HPNR.Acquisition_Quotes_HPNR_PCH_used_LCV_with_maintenance_Test" name="aquisition_quotes_used_LCV_edit_cost_price_and_check_OTR_with_maintenance_test" time="0.0"/>
  <testcase classname="usedLCV.HPNR.Acquisition_Quotes_HPNR_PCH_used_LCV_with_maintenance_Test" name="aquisition_quotes_used_LCV_holding_cost_calculations_with_maintenance_test" time="29.797">
    <failure type="java.lang.AssertionError" message="expected [true] but found [false]">
      <![CDATA[java.lang.AssertionError: expected [true] but found [false]
at usedLCV.HPNR.Acquisition_Quotes_HPNR_PCH_used_LCV_with_maintenance_Test.aquisition_quotes_used_LCV_holding_cost_calculations_with_maintenance_test(Acquisition_Quotes_HPNR_PCH_used_LCV_with_maintenance_Test.java:96)
at java.base/java.util.ArrayList.forEach(ArrayList.java:1511)
... Removed 29 stack frames]]>
    </failure>
  </testcase> <!-- aquisition_quotes_used_LCV_holding_cost_calculations_with_maintenance_test -->
[...]
    <ignored/>
  </testcase> <!-- @AfterSuite end -->
  <testcase classname="com.amt.testBase.TestBase" name="@AfterSuite end" time="0.0">
    <ignored/>
  </testcase> <!-- @AfterSuite end -->
  <testcase classname="com.amt.testBase.TestBase" name="@AfterSuite end" time="0.0">
    <ignored/>
  </testcase> <!-- @AfterSuite end -->
  <testcase classname="com.amt.testBase.TestBase" name="@AfterSuite end" time="0.0">
    <ignored/>
  </testcase> <!-- @AfterSuite end -->
  <testcase classname="com.amt.testBase.TestBase" name="@AfterSuite end" time="0.0">
    <ignored/>
  </testcase> <!-- @AfterSuite end -->
  <testcase classname="com.amt.testBase.TestBase" name="@AfterSuite end" time="0.0">
    <ignored/>
  </testcase> <!-- @AfterSuite end -->
  <testcase classname="com.amt.testBase.TestBase" name="@AfterSuite end" time="0.0">
    <ignored/>
  </testcase> <!-- @AfterSuite end -->
  <testcase classname="com.amt.testBase.TestBase" name="@AfterSuite end" time="0.0">
    <ignored/>
  </testcase> <!-- @AfterSuite end -->
  <testcase classname="com.amt.testBase.TestBase" name="@AfterSuite end" time="0.0">
    <ignored/>
  </testcase> <!-- @AfterSuite end -->
  <testcase classname="com.amt.testBase.TestBase" name="@AfterSuite end" time="0.0">
    <ignored/>
  </testcase> <!-- @AfterSuite end -->
  <testcase classname="com.amt.testBase.TestBase" name="@AfterSuite end" time="0.0">
    <ignored/>
  </testcase> <!-- @AfterSuite end -->
  <testcase classname="com.amt.testBase.TestBase" name="@AfterSuite end" time="0.0">
    <ignored/>
  </testcase> <!-- @AfterSuite end -->
  <testcase classname="com.amt.testBase.TestBase" name="@AfterSuite end" time="0.0">
    <ignored/>
  </testcase> <!-- @AfterSuite end -->
  <testcase classname="com.amt.testBase.TestBase" name="@AfterSuite end" time="0.0">
    <ignored/>
  </testcase> <!-- @AfterSuite end -->
  <testcase classname="com.amt.testBase.TestBase" name="@AfterSuite end" time="0.0">
    <ignored/>
  </testcase> <!-- @AfterSuite end -->
  <testcase classname="com.amt.testBase.TestBase" name="@AfterSuite end" time="0.0">
    <ignored/>
  </testcase> <!-- @AfterSuite end -->
  <testcase classname="com.amt.testBase.TestBase" name="@AfterSuite end" time="0.0">
    <ignored/>
  </testcase> <!-- @AfterSuite end -->
  <testcase classname="com.amt.testBase.TestBase" name="@AfterSuite end" time="0.0">
    <ignored/>
  </testcase> <!-- @AfterSuite end -->
  <testcase classname="com.amt.testBase.TestBase" name="@AfterSuite end" time="0.0">
    <ignored/>
  </testcase> <!-- @AfterSuite end -->
  <testcase classname="com.amt.testBase.TestBase" name="@AfterSuite end" time="0.0">
    <ignored/>
  </testcase> <!-- @AfterSuite end -->
  <testcase classname="com.amt.testBase.TestBase" name="@AfterSuite end" time="0.0">
    <ignored/>
  </testcase> <!-- @AfterSuite end -->
  <testcase classname="com.amt.testBase.TestBase" name="@AfterSuite end" time="0.0">
    <ignored/>
  </testcase> <!-- @AfterSuite end -->
  <testcase classname="com.amt.testBase.TestBase" name="@AfterSuite end" time="0.0">
    <ignored/>
  </testcase> <!-- @AfterSuite end -->
  <testcase classname="com.amt.testBase.TestBase" name="@AfterSuite end" time="0.0">
    <ignored/>
  </testcase> <!-- @AfterSuite end -->
  <testcase classname="com.amt.testBase.TestBase" name="@AfterSuite end" time="0.0">
    <ignored/>
  </testcase> <!-- @AfterSuite end -->
  <testcase classname="com.amt.testBase.TestBase" name="@AfterSuite end" time="0.0">
    <ignored/>
  </testcase> <!-- @AfterSuite end -->
  <testcase classname="com.amt.testBase.TestBase" name="@AfterSuite end" time="0.0">
    <ignored/>
  </testcase> <!-- @AfterSuite end -->
  <testcase classname="com.amt.testBase.TestBase" name="@AfterSuite end" time="0.0">
    <ignored/>
  </testcase> <!-- @AfterSuite end -->
  <testcase classname="com.amt.testBase.TestBase" name="@AfterSuite end" time="0.0">
    <ignored/>
  </testcase> <!-- @AfterSuite end -->
  <testcase classname="com.amt.testBase.TestBase" name="@AfterSuite end" time="0.0">
    <ignored/>
  </testcase> <!-- @AfterSuite end -->
  <testcase classname="com.amt.testBase.TestBase" name="@AfterSuite end" time="0.0">
    <ignored/>
  </testcase> <!-- @AfterSuite end -->
  <testcase classname="com.amt.testBase.TestBase" name="@AfterSuite end" time="0.0">
    <ignored/>
  </testcase> <!-- @AfterSuite end -->
  <testcase classname="com.amt.testBase.TestBase" name="@AfterSuite end" time="0.0">
    <ignored/>
  </testcase> <!-- @AfterSuite end -->
  <testcase classname="com.amt.testBase.TestBase" name="@AfterSuite end" time="0.0">
    <ignored/>
  </testcase> <!-- @AfterSuite end -->
  <testcase classname="com.amt.testBase.TestBase" name="@AfterSuite end" time="0.0">
    <ignored/>
  </testcase> <!-- @AfterSuite end -->
  <testcase classname="com.amt.testBase.TestBase" name="@AfterSuite end" time="0.0">
    <ignored/>
  </testcase> <!-- @AfterSuite end -->
  <testcase classname="com.amt.testBase.TestBase" name="@AfterSuite end" time="0.0">
    <ignored/>
  </testcase> <!-- @AfterSuite end -->
  <testcase classname="com.amt.testBase.TestBase" name="@AfterSuite end" time="0.0">
    <ignored/>
  </testcase> <!-- @AfterSuite end -->
  <testcase classname="com.amt.testBase.TestBase" name="@AfterSuite end" time="0.0">
    <ignored/>
  </testcase> <!-- @AfterSuite end -->
  <testcase classname="com.amt.testBase.TestBase" name="@AfterSuite end" time="0.0">
    <ignored/>
  </testcase> <!-- @AfterSuite end -->
  <testcase classname="com.amt.testBase.TestBase" name="@AfterSuite end" time="0.0">
    <ignored/>
  </testcase> <!-- @AfterSuite end -->
  <testcase classname="com.amt.testBase.TestBase" name="@AfterSuite end" time="0.0">
    <ignored/>
  </testcase> <!-- @AfterSuite end -->
  <testcase classname="com.amt.testBase.TestBase" name="@AfterSuite end" time="0.0">
    <ignored/>
  </testcase> <!-- @AfterSuite end -->
  <testcase classname="com.amt.testBase.TestBase" name="@AfterSuite end" time="0.0">
    <ignored/>
  </testcase> <!-- @AfterSuite end -->
  <testcase classname="com.amt.testBase.TestBase" name="@AfterSuite end" time="0.0">
    <ignored/>
  </testcase> <!-- @AfterSuite end -->
  <testcase classname="com.amt.testBase.TestBase" name="@AfterSuite end" time="0.0">
    <ignored/>
  </testcase> <!-- @AfterSuite end -->
  <testcase classname="com.amt.testBase.TestBase" name="@AfterSuite end" time="0.0">
    <ignored/>
  </testcase> <!-- @AfterSuite end -->
  <testcase classname="com.amt.testBase.TestBase" name="@AfterSuite end" time="0.0">
    <ignored/>
  </testcase> <!-- @AfterSuite end -->
  <testcase classname="com.amt.testBase.TestBase" name="@AfterSuite end" time="0.0">
    <ignored/>
  </testcase> <!-- @AfterSuite end -->
  <testcase classname="com.amt.testBase.TestBase" name="@BeforeTest start_info" time="0.0">
    <ignored/>
  </testcase> <!-- @BeforeTest start_info -->
  <testcase classname="com.amt.testBase.TestBase" name="@BeforeTest start_info" time="0.0">
    <ignored/>
  </testcase> <!-- @BeforeTest start_info -->
  <testcase classname="com.amt.testBase.TestBase" name="@BeforeTest start_info" time="0.0">
    <ignored/>
  </testcase> <!-- @BeforeTest start_info -->
  <testcase classname="com.amt.testBase.TestBase" name="@BeforeTest start_info" time="0.0">
    <ignored/>
  </testcase> <!-- @BeforeTest start_info -->
  <testcase classname="com.amt.testBase.TestBase" name="@BeforeTest start_info" time="0.0">
    <ignored/>
  </testcase> <!-- @BeforeTest start_info -->
  <testcase classname="com.amt.testBase.TestBase" name="@BeforeTest start_info" time="0.0">
    <ignored/>
  </testcase> <!-- @BeforeTest start_info -->
  <testcase classname="com.amt.testBase.TestBase" name="@BeforeTest start_info" time="0.0">
    <ignored/>
  </testcase> <!-- @BeforeTest start_info -->
  <testcase classname="com.amt.testBase.TestBase" name="@BeforeTest start_info" time="0.0">
    <ignored/>
  </testcase> <!-- @BeforeTest start_info -->
  <testcase classname="com.amt.testBase.TestBase" name="@BeforeTest start_info" time="0.0">
    <ignored/>
  </testcase> <!-- @BeforeTest start_info -->
  <testcase classname="com.amt.testBase.TestBase" name="@BeforeTest start_info" time="0.0">
    <ignored/>
  </testcase> <!-- @BeforeTest start_info -->
  <testcase classname="com.amt.testBase.TestBase" name="@BeforeTest start_info" time="0.0">
    <ignored/>
  </testcase> <!-- @BeforeTest start_info -->
  <testcase classname="com.amt.testBase.TestBase" name="@BeforeTest start_info" time="0.0">
    <ignored/>
  </testcase> <!-- @BeforeTest start_info -->
  <testcase classname="com.amt.testBase.TestBase" name="@BeforeTest start_info" time="0.0">
    <ignored/>
  </testcase> <!-- @BeforeTest start_info -->
  <testcase classname="com.amt.testBase.TestBase" name="@BeforeTest start_info" time="0.0">
    <ignored/>
  </testcase> <!-- @BeforeTest start_info -->
  <testcase classname="com.amt.testBase.TestBase" name="@BeforeTest start_info" time="0.0">
    <ignored/>
  </testcase> <!-- @BeforeTest start_info -->
  <testcase classname="com.amt.testBase.TestBase" name="@BeforeTest start_info" time="0.0">
    <ignored/>
  </testcase> <!-- @BeforeTest start_info -->
  <testcase classname="com.amt.testBase.TestBase" name="@BeforeTest start_info" time="0.0">
    <ignored/>
  </testcase> <!-- @BeforeTest start_info -->
  <testcase classname="com.amt.testBase.TestBase" name="@BeforeTest start_info" time="0.0">
    <ignored/>
  </testcase> <!-- @BeforeTest start_info -->
  <testcase classname="com.amt.testBase.TestBase" name="@BeforeTest start_info" time="0.0">
    <ignored/>
  </testcase> <!-- @BeforeTest start_info -->
  <testcase classname="com.amt.testBase.TestBase" name="@BeforeTest start_info" time="0.0">
    <ignored/>
  </testcase> <!-- @BeforeTest start_info -->
  <testcase classname="com.amt.testBase.TestBase" name="@BeforeTest start_info" time="0.0">
    <ignored/>
  </testcase> <!-- @BeforeTest start_info -->
  <testcase classname="com.amt.testBase.TestBase" name="@BeforeTest start_info" time="0.0">
    <ignored/>
  </testcase> <!-- @BeforeTest start_info -->
  <testcase classname="com.amt.testBase.TestBase" name="@BeforeTest start_info" time="0.0">
    <ignored/>
  </testcase> <!-- @BeforeTest start_info -->
  <testcase classname="com.amt.testBase.TestBase" name="@BeforeTest start_info" time="0.0">
    <ignored/>
  </testcase> <!-- @BeforeTest start_info -->
  <testcase classname="com.amt.testBase.TestBase" name="@BeforeTest start_info" time="0.0">
    <ignored/>
  </testcase> <!-- @BeforeTest start_info -->
  <testcase classname="com.amt.testBase.TestBase" name="@BeforeTest start_info" time="0.0">
    <ignored/>
  </testcase> <!-- @BeforeTest start_info -->
  <testcase classname="com.amt.testBase.TestBase" name="@BeforeTest start_info" time="0.0">
    <ignored/>
  </testcase> <!-- @BeforeTest start_info -->
  <testcase classname="com.amt.testBase.TestBase" name="@BeforeTest start_info" time="0.0">
    <ignored/>
  </testcase> <!-- @BeforeTest start_info -->
  <testcase classname="com.amt.testBase.TestBase" name="@BeforeTest start_info" time="0.0">
    <ignored/>
  </testcase> <!-- @BeforeTest start_info -->
  <testcase classname="com.amt.testBase.TestBase" name="@BeforeTest start_info" time="0.0">
    <ignored/>
  </testcase> <!-- @BeforeTest start_info -->
  <testcase classname="com.amt.testBase.TestBase" name="@BeforeTest start_info" time="0.0">
    <ignored/>
  </testcase> <!-- @BeforeTest start_info -->
  <testcase classname="com.amt.testBase.TestBase" name="@BeforeTest start_info" time="0.0">
    <ignored/>
  </testcase> <!-- @BeforeTest start_info -->
  <testcase classname="com.amt.testBase.TestBase" name="@BeforeTest start_info" time="0.0">
    <ignored/>
  </testcase> <!-- @BeforeTest start_info -->
  <testcase classname="com.amt.testBase.TestBase" name="@BeforeTest start_info" time="0.0">
    <ignored/>
  </testcase> <!-- @BeforeTest start_info -->
  <testcase classname="com.amt.testBase.TestBase" name="@BeforeTest start_info" time="0.0">
    <ignored/>
  </testcase> <!-- @BeforeTest start_info -->
  <testcase classname="com.amt.testBase.TestBase" name="@BeforeTest start_info" time="0.0">
    <ignored/>
  </testcase> <!-- @BeforeTest start_info -->
  <testcase classname="com.amt.testBase.TestBase" name="@BeforeTest start_info" time="0.0">
    <ignored/>
  </testcase> <!-- @BeforeTest start_info -->
  <testcase classname="com.amt.testBase.TestBase" name="@BeforeTest start_info" time="0.0">
    <ignored/>
  </testcase> <!-- @BeforeTest start_info -->
  <testcase classname="com.amt.testBase.TestBase" name="@BeforeTest start_info" time="0.0">
    <ignored/>
  </testcase> <!-- @BeforeTest start_info -->
  <testcase classname="com.amt.testBase.TestBase" name="@BeforeTest start_info" time="0.0">
    <ignored/>
  </testcase> <!-- @BeforeTest start_info -->
  <testcase classname="com.amt.testBase.TestBase" name="@BeforeTest start_info" time="0.0">
    <ignored/>
  </testcase> <!-- @BeforeTest start_info -->
  <testcase classname="com.amt.testBase.TestBase" name="@BeforeTest start_info" time="0.0">
    <ignored/>
  </testcase> <!-- @BeforeTest start_info -->
  <testcase classname="com.amt.testBase.TestBase" name="@BeforeTest start_info" time="0.0">
    <ignored/>
  </testcase> <!-- @BeforeTest start_info -->
  <testcase classname="com.amt.testBase.TestBase" name="@BeforeTest start_info" time="0.0">
    <ignored/>
  </testcase> <!-- @BeforeTest start_info -->
  <testcase classname="com.amt.testBase.TestBase" name="@BeforeTest start_info" time="0.0">
    <ignored/>
  </testcase> <!-- @BeforeTest start_info -->
  <testcase classname="com.amt.testBase.TestBase" name="@BeforeTest start_info" time="0.0">
    <ignored/>
  </testcase> <!-- @BeforeTest start_info -->
  <testcase classname="com.amt.testBase.TestBase" name="@BeforeTest start_info" time="0.0">
    <ignored/>
  </testcase> <!-- @BeforeTest start_info -->
  <testcase classname="com.amt.testBase.TestBase" name="@BeforeTest start_info" time="0.0">
    <ignored/>
  </testcase> <!-- @BeforeTest start_info -->
  <testcase classname="com.amt.testBase.TestBase" name="@BeforeTest start_info" time="0.0">
    <ignored/>
  </testcase> <!-- @BeforeTest start_info -->
  <testcase classname="com.amt.testBase.TestBase" name="@BeforeTest start_info" time="0.0">
    <ignored/>
  </testcase> <!-- @BeforeTest start_info -->
  <testcase classname="com.amt.testBase.TestBase" name="@BeforeTest start_info" time="0.0">
    <ignored/>
  </testcase> <!-- @BeforeTest start_info -->
  <testcase classname="com.amt.testBase.TestBase" name="@BeforeTest start_info" time="0.0">
    <ignored/>
  </testcase> <!-- @BeforeTest start_info -->
  <testcase classname="com.amt.testBase.TestBase" name="@BeforeTest start_info" time="0.0">
    <ignored/>
  </testcase> <!-- @BeforeTest start_info -->
  <testcase classname="com.amt.testBase.TestBase" name="@BeforeTest start_info" time="0.0">
    <ignored/>
  </testcase> <!-- @BeforeTest start_info -->
  <testcase classname="com.amt.testBase.TestBase" name="@BeforeTest start_info" time="0.0">
    <ignored/>
  </testcase> <!-- @BeforeTest start_info -->
  <testcase classname="com.amt.testBase.TestBase" name="@BeforeTest start_info" time="0.0">
    <ignored/>
  </testcase> <!-- @BeforeTest start_info -->
  <testcase classname="com.amt.testBase.TestBase" name="@BeforeTest start_info" time="0.0">
    <ignored/>
  </testcase> <!-- @BeforeTest start_info -->
  <testcase classname="com.amt.testBase.TestBase" name="@BeforeTest start_info" time="0.0">
    <ignored/>
  </testcase> <!-- @BeforeTest start_info -->
  <testcase classname="com.amt.testBase.TestBase" name="@BeforeTest start_info" time="0.0">
    <ignored/>
  </testcase> <!-- @BeforeTest start_info -->
  <testcase classname="com.amt.testBase.TestBase" name="@BeforeTest start_info" time="0.0">
    <ignored/>
  </testcase> <!-- @BeforeTest start_info -->
  <testcase classname="com.amt.testBase.TestBase" name="@BeforeTest start_info" time="0.0">
    <ignored/>
  </testcase> <!-- @BeforeTest start_info -->
  <testcase classname="com.amt.testBase.TestBase" name="@BeforeTest start_info" time="0.0">
    <ignored/>
  </testcase> <!-- @BeforeTest start_info -->
  <testcase classname="com.amt.testBase.TestBase" name="@BeforeTest start_info" time="0.0">
    <ignored/>
  </testcase> <!-- @BeforeTest start_info -->
  <testcase classname="com.amt.testBase.TestBase" name="@BeforeTest start_info" time="0.0">
    <ignored/>
  </testcase> <!-- @BeforeTest start_info -->
  <testcase classname="com.amt.testBase.TestBase" name="@BeforeTest start_info" time="0.0">
    <ignored/>
  </testcase> <!-- @BeforeTest start_info -->
  <testcase classname="com.amt.testBase.TestBase" name="@BeforeTest start_info" time="0.0">
    <ignored/>
  </testcase> <!-- @BeforeTest start_info -->
  <testcase classname="com.amt.testBase.TestBase" name="@BeforeTest start_info" time="0.0">
    <ignored/>
  </testcase> <!-- @BeforeTest start_info -->
  <testcase classname="com.amt.testBase.TestBase" name="@BeforeTest start_info" time="0.0">
    <ignored/>
  </testcase> <!-- @BeforeTest start_info -->
  <testcase classname="com.amt.testBase.TestBase" name="@BeforeTest start_info" time="0.0">
    <ignored/>
  </testcase> <!-- @BeforeTest start_info -->
  <testcase classname="com.amt.testBase.TestBase" name="@BeforeTest start_info" time="0.0">
    <ignored/>
  </testcase> <!-- @BeforeTest start_info -->
  <testcase classname="com.amt.testBase.TestBase" name="@BeforeTest start_info" time="0.0">
    <ignored/>
  </testcase> <!-- @BeforeTest start_info -->
  <testcase classname="com.amt.testBase.TestBase" name="@BeforeTest start_info" time="0.0">
    <ignored/>
  </testcase> <!-- @BeforeTest start_info -->
  <testcase classname="com.amt.testBase.TestBase" name="@BeforeTest start_info" time="0.0">
    <ignored/>
  </testcase> <!-- @BeforeTest start_info -->
  <testcase classname="com.amt.testBase.TestBase" name="@BeforeTest start_info" time="0.0">
    <ignored/>
  </testcase> <!-- @BeforeTest start_info -->
  <testcase classname="com.amt.testBase.TestBase" name="@BeforeTest start_info" time="0.0">
    <ignored/>
  </testcase> <!-- @BeforeTest start_info -->
  <testcase classname="com.amt.testBase.TestBase" name="@BeforeTest start_info" time="0.0">
    <ignored/>
  </testcase> <!-- @BeforeTest start_info -->
  <testcase classname="com.amt.testBase.TestBase" name="@BeforeTest start_info" time="0.0">
    <ignored/>
  </testcase> <!-- @BeforeTest start_info -->
  <testcase classname="com.amt.testBase.TestBase" name="@BeforeTest start_info" time="0.0">
    <ignored/>
  </testcase> <!-- @BeforeTest start_info -->
  <testcase classname="com.amt.testBase.TestBase" name="@BeforeTest start_info" time="0.0">
    <ignored/>
  </testcase> <!-- @BeforeTest start_info -->
  <testcase classname="com.amt.testBase.TestBase" name="@BeforeTest start_info" time="0.0">
    <ignored/>
  </testcase> <!-- @BeforeTest start_info -->
  <testcase classname="com.amt.testBase.TestBase" name="@BeforeTest start_info" time="0.0">
    <ignored/>
  </testcase> <!-- @BeforeTest start_info -->
  <testcase classname="com.amt.testBase.TestBase" name="@BeforeTest start_info" time="0.0">
    <ignored/>
  </testcase> <!-- @BeforeTest start_info -->
  <testcase classname="com.amt.testBase.TestBase" name="@BeforeTest start_info" time="0.0">
    <ignored/>
  </testcase> <!-- @BeforeTest start_info -->
  <testcase classname="com.amt.testBase.TestBase" name="@BeforeTest start_info" time="0.0">
    <ignored/>
  </testcase> <!-- @BeforeTest start_info -->
  <testcase classname="com.amt.testBase.TestBase" name="@BeforeTest start_info" time="0.0">
    <ignored/>
  </testcase> <!-- @BeforeTest start_info -->
  <testcase classname="com.amt.testBase.TestBase" name="@BeforeTest start_info" time="0.0">
    <ignored/>
  </testcase> <!-- @BeforeTest start_info -->
</testsuite> <!-- Acquisition Used LCV -->
