<?xml version="1.0" encoding="UTF-8"?>
<!-- Generated by org.testng.reporters.JUnitXMLReporter -->
<testsuite ignored="162" hostname="DSK-4052" failures="7" tests="465" name="Acquisition New Car" time="33070.573" errors="0" timestamp="2023-10-10T04:17:48 IST">
  <testcase classname="com.amt.testBase.TestBase" name="@BeforeClass setup" time="0.61">
    <failure type="org.openqa.selenium.SessionNotCreatedException" message="Could not start a new session. Response code 500. Message: unknown error: Chrome failed to start: exited normally.
  (unknown error: DevToolsActivePort file doesn&amp;apos;t exist)
  (The process started from chrome location C:\Program Files\Google\Chrome\Application\chrome.exe is no longer running, so ChromeDriver is assuming that Chrome has crashed.)
Build info: version: &amp;apos;4.1.0&amp;apos;, revision: &amp;apos;87802e897b&amp;apos;
System info: host: &amp;apos;DSK-4052&amp;apos;, ip: &amp;apos;172.16.1.80&amp;apos;, os.name: &amp;apos;Windows 10&amp;apos;, os.arch: &amp;apos;amd64&amp;apos;, os.version: &amp;apos;10.0&amp;apos;, java.version: &amp;apos;19.0.1&amp;apos;
Driver info: org.openqa.selenium.chrome.ChromeDriver
Command: [null, newSession {capabilities=[Capabilities {browserName: chrome, goog:chromeOptions: {args: [--remote-allow-origins=*, force-device-scale-factor=0.67, high-dpi-support=0.67], extensions: []}}], desiredCapabilities=Capabilities {browserName: chrome, goog:chromeOptions: {args: [--remote-allow-origins=*, force-device-scale-factor=0.67, high-dpi-support=0.67], extensions: []}}}]">
      <![CDATA[org.openqa.selenium.SessionNotCreatedException: Could not start a new session. Response code 500. Message: unknown error: Chrome failed to start: exited normally.
  (unknown error: DevToolsActivePort file doesn't exist)
  (The process started from chrome location C:\Program Files\Google\Chrome\Application\chrome.exe is no longer running, so ChromeDriver is assuming that Chrome has crashed.)
Build info: version: '4.1.0', revision: '87802e897b'
System info: host: 'DSK-4052', ip: '172.16.1.80', os.name: 'Windows 10', os.arch: 'amd64', os.version: '10.0', java.version: '19.0.1'
Driver info: org.openqa.selenium.chrome.ChromeDriver
Command: [null, newSession {capabilities=[Capabilities {browserName: chrome, goog:chromeOptions: {args: [--remote-allow-origins=*, force-device-scale-factor=0.67, high-dpi-support=0.67], extensions: []}}], desiredCapabilities=Capabilities {browserName: chrome, goog:chromeOptions: {args: [--remote-allow-origins=*, force-device-scale-factor=0.67, high-dpi-support=0.67], extensions: []}}}]
at org.openqa.selenium.remote.ProtocolHandshake.createSession(ProtocolHandshake.java:126)
at org.openqa.selenium.remote.ProtocolHandshake.createSession(ProtocolHandshake.java:84)
at org.openqa.selenium.remote.ProtocolHandshake.createSession(ProtocolHandshake.java:62)
at org.openqa.selenium.remote.HttpCommandExecutor.execute(HttpCommandExecutor.java:156)
at org.openqa.selenium.remote.service.DriverCommandExecutor.invokeExecute(DriverCommandExecutor.java:164)
at org.openqa.selenium.remote.service.DriverCommandExecutor.execute(DriverCommandExecutor.java:139)
at org.openqa.selenium.remote.RemoteWebDriver.execute(RemoteWebDriver.java:559)
at org.openqa.selenium.remote.RemoteWebDriver.startSession(RemoteWebDriver.java:246)
at org.openqa.selenium.remote.RemoteWebDriver.<init>(RemoteWebDriver.java:168)
at org.openqa.selenium.chromium.ChromiumDriver.<init>(ChromiumDriver.java:108)
at org.openqa.selenium.chrome.ChromeDriver.<init>(ChromeDriver.java:104)
at org.openqa.selenium.chrome.ChromeDriver.<init>(ChromeDriver.java:91)
at org.openqa.selenium.chrome.ChromeDriver.<init>(ChromeDriver.java:80)
at com.amt.testBase.TestBase.initialization(TestBase.java:70)
at com.amt.testBase.TestBase.setup(TestBase.java:117)
at java.base/java.util.ArrayList.forEach(ArrayList.java:1511)
... Removed 23 stack frames]]>
    </failure>
  </testcase> <!-- @BeforeClass setup -->
  <testcase classname="com.amt.testBase.TestBase" name="@AfterClass tearDown" time="-1.696877311187E9">
    <skipped/>
  </testcase> <!-- @AfterClass tearDown -->
  <testcase classname="com.amt.testBase.TestBase" name="@BeforeClass setup" time="180.867">
    <failure type="org.openqa.selenium.TimeoutException" message="java.util.concurrent.TimeoutException
Build info: version: &amp;apos;4.1.0&amp;apos;, revision: &amp;apos;87802e897b&amp;apos;
System info: host: &amp;apos;DSK-4052&amp;apos;, ip: &amp;apos;172.16.1.80&amp;apos;, os.name: &amp;apos;Windows 10&amp;apos;, os.arch: &amp;apos;amd64&amp;apos;, os.version: &amp;apos;10.0&amp;apos;, java.version: &amp;apos;19.0.1&amp;apos;
Driver info: org.openqa.selenium.chrome.ChromeDriver
Command: [4203fdf857e8f391f13e9a8cd77ddd90, get {url=https://stagingamt.azurewebsites.net/}]
Capabilities {acceptInsecureCerts: false, browserName: chrome, browserVersion: 117.0.5938.150, chrome: {chromedriverVersion: 116.0.5845.96 (1a3918166880..., userDataDir: C:\Users\NITEIN~1.KUR\AppDa...}, fedcm:accounts: true, goog:chromeOptions: {debuggerAddress: localhost:60666}, javascriptEnabled: true, networkConnectionEnabled: false, pageLoadStrategy: normal, platform: WINDOWS, platformName: WINDOWS, proxy: Proxy(), se:cdp: ws://localhost:60666/devtoo..., se:cdpVersion: 117.0.5938.150, setWindowRect: true, strictFileInteractability: false, timeouts: {implicit: 0, pageLoad: 300000, script: 30000}, unhandledPromptBehavior: dismiss and notify, webauthn:extension:credBlob: true, webauthn:extension:largeBlob: true, webauthn:extension:minPinLength: true, webauthn:extension:prf: true, webauthn:virtualAuthenticators: true}
Session ID: 4203fdf857e8f391f13e9a8cd77ddd90">
      <![CDATA[org.openqa.selenium.TimeoutException: java.util.concurrent.TimeoutException
Build info: version: '4.1.0', revision: '87802e897b'
System info: host: 'DSK-4052', ip: '172.16.1.80', os.name: 'Windows 10', os.arch: 'amd64', os.version: '10.0', java.version: '19.0.1'
Driver info: org.openqa.selenium.chrome.ChromeDriver
Command: [4203fdf857e8f391f13e9a8cd77ddd90, get {url=https://stagingamt.azurewebsites.net/}]
Capabilities {acceptInsecureCerts: false, browserName: chrome, browserVersion: 117.0.5938.150, chrome: {chromedriverVersion: 116.0.5845.96 (1a3918166880..., userDataDir: C:\Users\NITEIN~1.KUR\AppDa...}, fedcm:accounts: true, goog:chromeOptions: {debuggerAddress: localhost:60666}, javascriptEnabled: true, networkConnectionEnabled: false, pageLoadStrategy: normal, platform: WINDOWS, platformName: WINDOWS, proxy: Proxy(), se:cdp: ws://localhost:60666/devtoo..., se:cdpVersion: 117.0.5938.150, setWindowRect: true, strictFileInteractability: false, timeouts: {implicit: 0, pageLoad: 300000, script: 30000}, unhandledPromptBehavior: dismiss and notify, webauthn:extension:credBlob: true, webauthn:extension:largeBlob: true, webauthn:extension:minPinLength: true, webauthn:extension:prf: true, webauthn:virtualAuthenticators: true}
Session ID: 4203fdf857e8f391f13e9a8cd77ddd90
at org.openqa.selenium.remote.http.netty.NettyHttpHandler.makeCall(NettyHttpHandler.java:72)
at org.openqa.selenium.remote.http.RetryRequest.lambda$apply$6(RetryRequest.java:82)
at net.jodah.failsafe.Functions.lambda$get$0(Functions.java:48)
at net.jodah.failsafe.RetryPolicyExecutor.lambda$supply$0(RetryPolicyExecutor.java:66)
at net.jodah.failsafe.RetryPolicyExecutor.lambda$supply$0(RetryPolicyExecutor.java:66)
at net.jodah.failsafe.RetryPolicyExecutor.lambda$supply$0(RetryPolicyExecutor.java:66)
at net.jodah.failsafe.Execution.executeSync(Execution.java:128)
at net.jodah.failsafe.FailsafeExecutor.call(FailsafeExecutor.java:379)
at net.jodah.failsafe.FailsafeExecutor.get(FailsafeExecutor.java:68)
at org.openqa.selenium.remote.http.RetryRequest.lambda$apply$7(RetryRequest.java:82)
at org.openqa.selenium.remote.http.AddSeleniumUserAgent.lambda$apply$0(AddSeleniumUserAgent.java:42)
at org.openqa.selenium.remote.http.Filter.lambda$andFinally$1(Filter.java:56)
at org.openqa.selenium.remote.http.netty.NettyHttpHandler.execute(NettyHttpHandler.java:51)
at org.openqa.selenium.remote.http.RetryRequest.lambda$apply$6(RetryRequest.java:82)
at net.jodah.failsafe.Functions.lambda$get$0(Functions.java:48)
at net.jodah.failsafe.RetryPolicyExecutor.lambda$supply$0(RetryPolicyExecutor.java:66)
at net.jodah.failsafe.RetryPolicyExecutor.lambda$supply$0(RetryPolicyExecutor.java:66)
at net.jodah.failsafe.RetryPolicyExecutor.lambda$supply$0(RetryPolicyExecutor.java:66)
at net.jodah.failsafe.Execution.executeSync(Execution.java:128)
at net.jodah.failsafe.FailsafeExecutor.call(FailsafeExecutor.java:379)
at net.jodah.failsafe.FailsafeExecutor.get(FailsafeExecutor.java:68)
at org.openqa.selenium.remote.http.RetryRequest.lambda$apply$7(RetryRequest.java:82)
at org.openqa.selenium.remote.http.AddSeleniumUserAgent.lambda$apply$0(AddSeleniumUserAgent.java:42)
at org.openqa.selenium.remote.http.Filter.lambda$andFinally$1(Filter.java:56)
at org.openqa.selenium.remote.http.netty.NettyClient.execute(NettyClient.java:108)
at org.openqa.selenium.remote.HttpCommandExecutor.execute(HttpCommandExecutor.java:181)
at org.openqa.selenium.remote.service.DriverCommandExecutor.invokeExecute(DriverCommandExecutor.java:164)
at org.openqa.selenium.remote.service.DriverCommandExecutor.execute(DriverCommandExecutor.java:139)
at org.openqa.selenium.remote.RemoteWebDriver.execute(RemoteWebDriver.java:559)
at org.openqa.selenium.remote.RemoteWebDriver.get(RemoteWebDriver.java:328)
at com.amt.testBase.TestBase.initialization(TestBase.java:87)
at com.amt.testBase.TestBase.setup(TestBase.java:117)
at java.base/java.util.ArrayList.forEach(ArrayList.java:1511)
Caused by: java.util.concurrent.TimeoutException
at java.base/java.util.concurrent.CompletableFuture.timedGet(CompletableFuture.java:1960)
at java.base/java.util.concurrent.CompletableFuture.get(CompletableFuture.java:2095)
at org.asynchttpclient.netty.NettyResponseFuture.get(NettyResponseFuture.java:206)
at org.openqa.selenium.remote.http.netty.NettyHttpHandler.makeCall(NettyHttpHandler.java:66)
... 55 more
... Removed 23 stack frames]]>
    </failure>
  </testcase> <!-- @BeforeClass setup -->
  <testcase classname="com.amt.testBase.TestBase" name="@AfterClass tearDown" time="-1.696883134701E9">
    <skipped/>
  </testcase> <!-- @AfterClass tearDown -->
  <testcase classname="newCar.CP.Acquisition_Quotes_CP_CP_without_maintenance_Test" name="aquisition_quotes_CP_CP_OTR_calculation_without_maintenance_test" time="92.259"/>
  <testcase classname="newCar.CP.Acquisition_Quotes_CP_CP_without_maintenance_Test" name="aquisition_quotes_CP_CP_after_discount_calculations_without_maintenance_test" time="4.659"/>
  <testcase classname="newCar.CP.Acquisition_Quotes_CP_CP_without_maintenance_Test" name="aquisition_quotes_CP_CP_holding_cost_calculations_without_maintenance_test" time="33.182"/>
  <testcase classname="newCar.CP.Acquisition_Quotes_CP_CP_without_maintenance_Test" name="aquisition_quotes_CP_CP_customer_quote_calculations_check_monthly_finance_payment_without_maintenance_test" time="77.155"/>
  <testcase classname="newCar.CP.Acquisition_Quotes_CP_CP_without_maintenance_Test" name="aquisition_quotes_CP_CP_customer_quote_vehicle_profit_edit_check_without_maintenance_test" time="42.463"/>
  <testcase classname="newCar.CP.Acquisition_Quotes_CP_CP_without_maintenance_Test" name="aquisition_quotes_CP_CP_customer_quote_part_exchange_value_edit_check_without_maintenance_test" time="59.093"/>
  <testcase classname="newCar.CP.Acquisition_Quotes_CP_CP_without_maintenance_Test" name="aquisition_quotes_CP_CP_quote_summary_values_verification_without_maintenance_test" time="210.862"/>
  <testcase classname="newCar.HPNR.Acquisition_Quotes_HPNR_PCP_with_funder_quote_addition_with_maintenance_Test" name="aquisition_quotes_HPNR_PCP_OTR_calculation_with_maintenance_test" time="87.621"/>
  <testcase classname="newCar.HPNR.Acquisition_Quotes_HPNR_PCP_with_funder_quote_addition_with_maintenance_Test" name="aquisition_quotes_HPNR_PCP_after_discount_calculations_with_maintenance_test" time="4.612"/>
  <testcase classname="newCar.HPNR.Acquisition_Quotes_HPNR_PCP_with_funder_quote_addition_with_maintenance_Test" name="aquisition_quotes_HPNR_PCP_holding_cost_calculations_with_maintenance_test" time="21.479"/>
  <testcase classname="newCar.HPNR.Acquisition_Quotes_HPNR_PCP_with_funder_quote_addition_with_maintenance_Test" name="aquisition_quotes_HPNR_PCP_customer_quote_calculations_check_monthly_finance_payment_with_maintenance_test" time="43.488"/>
  <testcase classname="newCar.HPNR.Acquisition_Quotes_HPNR_PCP_with_funder_quote_addition_with_maintenance_Test" name="aquisition_quotes_HPNR_PCP_quote_summary_values_verification_with_maintenance_test" time="255.235"/>
  <testcase classname="newCar.BCH.Acquisition_Quotes_BCH_BCH_without_maintenance_Test" name="aquisition_quotes_BCH_BCH_OTR_calculation_without_maintenance_test" time="87.175"/>
  <testcase classname="newCar.BCH.Acquisition_Quotes_BCH_BCH_without_maintenance_Test" name="aquisition_quotes_BCH_BCH_after_discount_calculations_without_maintenance_test" time="4.434"/>
  <testcase classname="newCar.BCH.Acquisition_Quotes_BCH_BCH_without_maintenance_Test" name="aquisition_quotes_BCH_BCH_holding_cost_calculations_without_maintenance_test" time="18.002"/>
  <testcase classname="newCar.BCH.Acquisition_Quotes_BCH_BCH_without_maintenance_Test" name="aquisition_quotes_BCH_BCH_customer_quote_payment_profile_calculations_without_maintenance_test" time="190.888"/>
  <testcase classname="newCar.BCH.Acquisition_Quotes_BCH_BCH_without_maintenance_Test" name="aquisition_quotes_BCH_BCH_quote_summary_values_verification_without_maintenance_test" time="156.48"/>
  <testcase classname="newCar.BROKER.Acquisition_Quotes_Broker_FL_with_maintenance_Test" name="aquisition_quotes_user_flow_broker_pch_OTR_calculation_with_maintenance_test" time="95.286"/>
  <testcase classname="newCar.BROKER.Acquisition_Quotes_Broker_FL_with_maintenance_Test" name="aquisition_quotes_user_flow_broker_pch_after_discount_calculation_with_maintenance_test" time="4.481"/>
  <testcase classname="newCar.BROKER.Acquisition_Quotes_Broker_FL_with_maintenance_Test" name="aquisition_quotes_user_flow_broker_pch_funder_quote_addition_with_maintenance_test" time="26.228"/>
  <testcase classname="newCar.BROKER.Acquisition_Quotes_Broker_FL_with_maintenance_Test" name="aquisition_quotes_user_flow_broker_pch_quote_summary_calculation_with_maintenance_test" time="23.976"/>
  <testcase classname="newCar.OP.Acquisition_Quotes_Outright_HPNR_with_maintenance_Test" name="aquisition_quotes_outright_HPNR_OTR_calculation_with_maintenance_test" time="94.693"/>
  <testcase classname="newCar.OP.Acquisition_Quotes_Outright_HPNR_with_maintenance_Test" name="aquisition_quotes_outright_HPNR_after_discount_calculations_with_maintenance_test" time="4.531"/>
  <testcase classname="newCar.OP.Acquisition_Quotes_Outright_HPNR_with_maintenance_Test" name="aquisition_quotes_outright_HPNR_holding_cost_calculations_with_maintenance_test" time="44.368"/>
  <testcase classname="newCar.OP.Acquisition_Quotes_Outright_HPNR_with_maintenance_Test" name="aquisition_quotes_outright_HPNR_customer_quote_calculations_check_monthly_finance_payment_with_maintenance_test" time="98.797"/>
  <testcase classname="newCar.OP.Acquisition_Quotes_Outright_HPNR_with_maintenance_Test" name="aquisition_quotes_outright_HPNR_customer_quote_vehicle_profit_edit_check_with_maintenance_test" time="30.61"/>
  <testcase classname="newCar.OP.Acquisition_Quotes_Outright_HPNR_with_maintenance_Test" name="aquisition_quotes_outright_HPNR_customer_quote_part_exchange_value_edit_check_with_maintenance_test" time="35.299"/>
  <testcase classname="newCar.OP.Acquisition_Quotes_Outright_HPNR_with_maintenance_Test" name="aquisition_quotes_outright_HPNR_customer_quote_monthly_finance_payment_after_balloon_payment_off_with_maintenance_test" time="21.435"/>
  <testcase classname="newCar.OP.Acquisition_Quotes_Outright_HPNR_with_maintenance_Test" name="aquisition_quotes_outright_HPNR_quote_summary_values_verification_with_maintenance_test" time="158.929"/>
  <testcase classname="newCar.CP.Acquisition_Quotes_CP_PCH_without_maintenance_Test" name="aquisition_quotes_CP_PCH_OTR_calculation_without_maintenance_test" time="87.16"/>
  <testcase classname="newCar.CP.Acquisition_Quotes_CP_PCH_without_maintenance_Test" name="aquisition_quotes_CP_PCH_after_discount_calculations_without_maintenance_test" time="4.368"/>
  <testcase classname="newCar.CP.Acquisition_Quotes_CP_PCH_without_maintenance_Test" name="aquisition_quotes_CP_PCH_holding_cost_calculations_without_maintenance_test" time="51.728"/>
  <testcase classname="newCar.CP.Acquisition_Quotes_CP_PCH_without_maintenance_Test" name="aquisition_quotes_CP_PCH_customer_quote_payment_profile_calculations_without_maintenance_test" time="173.24"/>
  <testcase classname="newCar.CP.Acquisition_Quotes_CP_PCH_without_maintenance_Test" name="aquisition_quotes_CP_PCH_quote_summary_values_verification_without_maintenance_test" time="172.623"/>
  <testcase classname="newCar.HPNR.Acquisition_Quotes_HPNR_FL_with_maintenance_Test" name="aquisition_quotes_HPNR_FL_OTR_calculation_with_maintenance_test" time="89.075"/>
  <testcase classname="newCar.HPNR.Acquisition_Quotes_HPNR_FL_with_maintenance_Test" name="aquisition_quotes_HPNR_FL_after_discount_calculations_with_maintenance_test" time="4.357"/>
  <testcase classname="newCar.HPNR.Acquisition_Quotes_HPNR_FL_with_maintenance_Test" name="aquisition_quotes_HPNR_FL_other_support_check_with_maintenance_test" time="16.758"/>
  <testcase classname="newCar.HPNR.Acquisition_Quotes_HPNR_FL_with_maintenance_Test" name="aquisition_quotes_HPNR_FL_holding_cost_calculations_with_maintenance_test" time="23.206"/>
  <testcase classname="newCar.HPNR.Acquisition_Quotes_HPNR_FL_with_maintenance_Test" name="aquisition_quotes_HPNR_FL_customer_quote_payment_profile_calculations_with_maintenance_test" time="105.918"/>
  <testcase classname="newCar.HPNR.Acquisition_Quotes_HPNR_FL_with_maintenance_Test" name="aquisition_quotes_HPNR_FL_quote_summary_values_verification_with_maintenance_test" time="210.276"/>
  <testcase classname="newCar.OP.Acquisition_Quotes_Outright_BCH_with_maintenance_Test" name="aquisition_quotes_outright_BCH_OTR_calculation_with_maintenance_test" time="89.185"/>
  <testcase classname="newCar.OP.Acquisition_Quotes_Outright_BCH_with_maintenance_Test" name="aquisition_quotes_outright_BCH_after_discount_calculations_with_maintenance_test" time="4.286"/>
  <testcase classname="newCar.OP.Acquisition_Quotes_Outright_BCH_with_maintenance_Test" name="aquisition_quotes_outright_BCH_other_support_check_with_maintenance_test" time="16.454"/>
  <testcase classname="newCar.OP.Acquisition_Quotes_Outright_BCH_with_maintenance_Test" name="aquisition_quotes_outright_BCH_holding_cost_calculations_with_maintenance_test" time="80.832"/>
  <testcase classname="newCar.OP.Acquisition_Quotes_Outright_BCH_with_maintenance_Test" name="aquisition_quotes_outright_BCH_customer_quote_payment_profile_calculations_with_maintenance_test" time="109.069"/>
  <testcase classname="newCar.OP.Acquisition_Quotes_Outright_BCH_with_maintenance_Test" name="aquisition_quotes_outright_BCH_quote_summary_values_verification_with_maintenance_test" time="131.658"/>
  <testcase classname="newCar.HPNR.Acquisition_Quotes_HPNR_HPR_with_maintenance_Test" name="aquisition_quotes_HPNR_HPR_OTR_calculation_with_maintenance_test" time="90.196"/>
  <testcase classname="newCar.HPNR.Acquisition_Quotes_HPNR_HPR_with_maintenance_Test" name="aquisition_quotes_HPNR_HPR_after_discount_calculations_with_maintenance_test" time="4.585"/>
  <testcase classname="newCar.HPNR.Acquisition_Quotes_HPNR_HPR_with_maintenance_Test" name="aquisition_quotes_HPNR_HPR_holding_cost_calculations_with_maintenance_test" time="41.856"/>
  <testcase classname="newCar.HPNR.Acquisition_Quotes_HPNR_HPR_with_maintenance_Test" name="aquisition_quotes_HPNR_HPR_customer_quote_calculations_check_monthly_finance_payment_with_maintenance_test" time="107.213"/>
  <testcase classname="newCar.HPNR.Acquisition_Quotes_HPNR_HPR_with_maintenance_Test" name="aquisition_quotes_HPNR_HPR_customer_quote_vehicle_profit_edit_check_with_maintenance_test" time="53.824"/>
  <testcase classname="newCar.HPNR.Acquisition_Quotes_HPNR_HPR_with_maintenance_Test" name="aquisition_quotes_HPNR_HPR_customer_quote_part_exchange_value_edit_check_with_maintenance_test" time="39.818"/>
  <testcase classname="newCar.HPNR.Acquisition_Quotes_HPNR_HPR_with_maintenance_Test" name="aquisition_quotes_HPNR_HPR_customer_quote_monthly_finance_payment_after_balloon_payment_off_with_maintenance_test" time="32.716"/>
  <testcase classname="newCar.HPNR.Acquisition_Quotes_HPNR_HPR_with_maintenance_Test" name="aquisition_quotes_HPNR_HPR_quote_summary_values_verification_with_maintenance_test" time="225.54"/>
  <testcase classname="newCar.FL.Acquisition_Quotes_FL_PCH_without_maintenance_Test" name="aquisition_quotes_FL_PCH_OTR_calculation_without_maintenance_test" time="85.052"/>
  <testcase classname="newCar.FL.Acquisition_Quotes_FL_PCH_without_maintenance_Test" name="aquisition_quotes_FL_PCH_after_discount_calculations_without_maintenance_test" time="4.365"/>
  <testcase classname="newCar.FL.Acquisition_Quotes_FL_PCH_without_maintenance_Test" name="aquisition_quotes_FL_PCH_holding_cost_calculations_without_maintenance_test" time="47.935"/>
  <testcase classname="newCar.FL.Acquisition_Quotes_FL_PCH_without_maintenance_Test" name="aquisition_quotes_FL_PCH_customer_quote_payment_profile_calculations_without_maintenance_test" time="67.031"/>
  <testcase classname="newCar.FL.Acquisition_Quotes_FL_PCH_without_maintenance_Test" name="aquisition_quotes_FL_PCH_quote_summary_values_verification_without_maintenance_test" time="184.001"/>
  <testcase classname="newCar.BROKER.Acquisition_Quotes_Broker_HPR_Test" name="aquisition_quotes_user_flow_broker_HPR_OTR_calculation" time="91.995"/>
  <testcase classname="newCar.BROKER.Acquisition_Quotes_Broker_HPR_Test" name="aquisition_quotes_user_flow_broker_HPR_after_discount_calculations_test" time="4.369"/>
  <testcase classname="newCar.BROKER.Acquisition_Quotes_Broker_HPR_Test" name="aquisition_quotes_user_flow_broker_HPR_vehicle_profit_check_test" time="15.826"/>
  <testcase classname="newCar.BROKER.Acquisition_Quotes_Broker_HPR_Test" name="aquisition_quotes_user_flow_broker_HPR_balance_to_finance_check_test" time="28.706"/>
  <testcase classname="newCar.BROKER.Acquisition_Quotes_Broker_HPR_Test" name="aquisition_quotes_user_flow_broker_HPR_quote_summary_values_verification_test" time="41.213"/>
  <testcase classname="newCar.FL.Acquisition_Quotes_FL_FL_without_maintenance_Test" name="aquisition_quotes_FL_FL_OTR_calculation_without_maintenance_test" time="84.47"/>
  <testcase classname="newCar.FL.Acquisition_Quotes_FL_FL_without_maintenance_Test" name="aquisition_quotes_FL_FL_after_discount_calculations_without_maintenance_test" time="4.508"/>
  <testcase classname="newCar.FL.Acquisition_Quotes_FL_FL_without_maintenance_Test" name="aquisition_quotes_FL_FL_holding_cost_calculations_without_maintenance_test" time="48.512"/>
  <testcase classname="newCar.FL.Acquisition_Quotes_FL_FL_without_maintenance_Test" name="aquisition_quotes_FL_FL_customer_quote_payment_profile_calculations_without_maintenance_test" time="84.49"/>
  <testcase classname="newCar.FL.Acquisition_Quotes_FL_FL_without_maintenance_Test" name="aquisition_quotes_FL_FL_quote_summary_values_verification_without_maintenance_test" time="175.749"/>
  <testcase classname="newCar.BCH.Acquisition_Quotes_BCH_BCH_with_maintenance_Test" name="aquisition_quotes_BCH_BCH_OTR_calculation_with_maintenance_test" time="84.763"/>
  <testcase classname="newCar.BCH.Acquisition_Quotes_BCH_BCH_with_maintenance_Test" name="aquisition_quotes_BCH_BCH_after_discount_calculations_with_maintenance_test" time="4.545"/>
  <testcase classname="newCar.BCH.Acquisition_Quotes_BCH_BCH_with_maintenance_Test" name="aquisition_quotes_BCH_BCH_holding_cost_calculations_with_maintenance_test" time="21.492"/>
  <testcase classname="newCar.BCH.Acquisition_Quotes_BCH_BCH_with_maintenance_Test" name="aquisition_quotes_BCH_BCH_customer_quote_payment_profile_calculations_with_maintenance_test" time="111.555"/>
  <testcase classname="newCar.BCH.Acquisition_Quotes_BCH_BCH_with_maintenance_Test" name="aquisition_quotes_BCH_BCH_quote_summary_values_verification_with_maintenance_test" time="188.892"/>
  <testcase classname="newCar.FL.Acquisition_Quotes_FL_FL_with_funder_quote_addition_without_maintenance_Test" name="aquisition_quotes_FL_FL_OTR_calculation_without_maintenance_test" time="97.122"/>
  <testcase classname="newCar.FL.Acquisition_Quotes_FL_FL_with_funder_quote_addition_without_maintenance_Test" name="aquisition_quotes_FL_FL_after_discount_calculations_without_maintenance_test" time="4.592"/>
  <testcase classname="newCar.FL.Acquisition_Quotes_FL_FL_with_funder_quote_addition_without_maintenance_Test" name="aquisition_quotes_FL_FL_holding_cost_calculations_without_maintenance_test" time="21.727"/>
  <testcase classname="newCar.FL.Acquisition_Quotes_FL_FL_with_funder_quote_addition_without_maintenance_Test" name="aquisition_quotes_FL_FL_customer_quote_payment_profile_calculations_without_maintenance_test" time="68.34"/>
  <testcase classname="newCar.FL.Acquisition_Quotes_FL_FL_with_funder_quote_addition_without_maintenance_Test" name="aquisition_quotes_FL_FL_quote_summary_values_verification_without_maintenance_test" time="145.964"/>
  <testcase classname="newCar.CP.Acquisition_Quotes_CP_PCP_with_funder_quote_addition_with_maintenance_Test" name="aquisition_quotes_CP_PCP_OTR_calculation_with_maintenance_test" time="108.422"/>
  <testcase classname="newCar.CP.Acquisition_Quotes_CP_PCP_with_funder_quote_addition_with_maintenance_Test" name="aquisition_quotes_CP_PCP_after_discount_calculations_with_maintenance_test" time="4.303"/>
  <testcase classname="newCar.CP.Acquisition_Quotes_CP_PCP_with_funder_quote_addition_with_maintenance_Test" name="aquisition_quotes_CP_PCP_holding_cost_calculations_with_maintenance_test" time="32.008"/>
  <testcase classname="newCar.CP.Acquisition_Quotes_CP_PCP_with_funder_quote_addition_with_maintenance_Test" name="aquisition_quotes_CP_PCP_customer_quote_calculations_check_monthly_finance_payment_with_maintenance_test" time="39.965"/>
  <testcase classname="newCar.CP.Acquisition_Quotes_CP_PCP_with_funder_quote_addition_with_maintenance_Test" name="aquisition_quotes_CP_PCP_quote_summary_values_verification_with_maintenance_test" time="165.328">
    <failure type="java.lang.AssertionError" message="expected [true] but found [false]">
      <![CDATA[java.lang.AssertionError: expected [true] but found [false]
at newCar.CP.Acquisition_Quotes_CP_PCP_with_funder_quote_addition_with_maintenance_Test.aquisition_quotes_CP_PCP_quote_summary_values_verification_with_maintenance_test(Acquisition_Quotes_CP_PCP_with_funder_quote_addition_with_maintenance_Test.java:158)
at java.base/java.util.ArrayList.forEach(ArrayList.java:1511)
... Removed 29 stack frames]]>
    </failure>
  </testcase> <!-- aquisition_quotes_CP_PCP_quote_summary_values_verification_with_maintenance_test -->
  <testcase classname="newCar.HPNR.Acquisition_Quotes_HPNR_HPR_with_funder_quote_addition_with_maintenance_Test" name="aquisition_quotes_HPNR_HPR_OTR_calculation_with_maintenance_test" time="83.466"/>
  <testcase classname="newCar.HPNR.Acquisition_Quotes_HPNR_HPR_with_funder_quote_addition_with_maintenance_Test" name="aquisition_quotes_HPNR_HPR_after_discount_calculations_with_maintenance_test" time="4.569"/>
  <testcase classname="newCar.HPNR.Acquisition_Quotes_HPNR_HPR_with_funder_quote_addition_with_maintenance_Test" name="aquisition_quotes_HPNR_HPR_holding_cost_calculations_with_maintenance_test" time="19.837"/>
  <testcase classname="newCar.HPNR.Acquisition_Quotes_HPNR_HPR_with_funder_quote_addition_with_maintenance_Test" name="aquisition_quotes_HPNR_HPR_customer_quote_calculations_check_monthly_finance_payment_with_maintenance_test" time="52.935"/>
  <testcase classname="newCar.HPNR.Acquisition_Quotes_HPNR_HPR_with_funder_quote_addition_with_maintenance_Test" name="aquisition_quotes_HPNR_HPR_customer_quote_monthly_total_payment_after_balloon_payment_off_with_maintenance_test" time="19.407"/>
  <testcase classname="newCar.HPNR.Acquisition_Quotes_HPNR_HPR_with_funder_quote_addition_with_maintenance_Test" name="aquisition_quotes_HPNR_HPR_quote_summary_values_verification_with_maintenance_test" time="237.899"/>
  <testcase classname="newCar.OP.Acquisition_Quotes_Outright_FL_without_maintenance_Test" name="aquisition_quotes_outright_FL_OTR_calculation_without_maintenance_test" time="97.722"/>
  <testcase classname="newCar.OP.Acquisition_Quotes_Outright_FL_without_maintenance_Test" name="aquisition_quotes_outright_FL_after_discount_calculations_without_maintenance_test" time="4.255"/>
  <testcase classname="newCar.OP.Acquisition_Quotes_Outright_FL_without_maintenance_Test" name="aquisition_quotes_outright_FL_other_support_check_without_maintenance_test" time="16.458"/>
  <testcase classname="newCar.OP.Acquisition_Quotes_Outright_FL_without_maintenance_Test" name="aquisition_quotes_outright_FL_holding_cost_calculations_without_maintenance_test" time="44.797"/>
  <testcase classname="newCar.OP.Acquisition_Quotes_Outright_FL_without_maintenance_Test" name="aquisition_quotes_outright_FL_customer_quote_payment_profile_calculations_without_maintenance_test" time="83.86"/>
  <testcase classname="newCar.OP.Acquisition_Quotes_Outright_FL_without_maintenance_Test" name="aquisition_quotes_outright_FL_quote_summary_values_verification_without_maintenance_test" time="100.621"/>
  <testcase classname="newCar.BCH.Acquisition_Quotes_BCH_PCH_with_maintenance_Test" name="aquisition_quotes_BCH_PCH_OTR_calculation_with_maintenance_test" time="90.084"/>
  <testcase classname="newCar.BCH.Acquisition_Quotes_BCH_PCH_with_maintenance_Test" name="aquisition_quotes_BCH_PCH_after_discount_calculations_with_maintenance_test" time="4.531"/>
  <testcase classname="newCar.BCH.Acquisition_Quotes_BCH_PCH_with_maintenance_Test" name="aquisition_quotes_BCH_PCH_holding_cost_calculations_with_maintenance_test" time="21.418"/>
  <testcase classname="newCar.BCH.Acquisition_Quotes_BCH_PCH_with_maintenance_Test" name="aquisition_quotes_BCH_PCH_customer_quote_payment_profile_calculations_with_maintenance_test" time="274.882"/>
  <testcase classname="newCar.BCH.Acquisition_Quotes_BCH_PCH_with_maintenance_Test" name="aquisition_quotes_BCH_PCH_quote_summary_values_verification_with_maintenance_test" time="188.545"/>
  <testcase classname="newCar.CP.Acquisition_Quotes_CP_PCH_with_funder_quote_addition_without_maintenance_Test" name="aquisition_quotes_CP_PCH_OTR_calculation_without_maintenance_test" time="68.05">
    <failure type="org.openqa.selenium.json.JsonException" message="java.lang.reflect.InvocationTargetException
Build info: version: &amp;apos;4.1.0&amp;apos;, revision: &amp;apos;87802e897b&amp;apos;
System info: host: &amp;apos;DSK-4052&amp;apos;, ip: &amp;apos;172.16.1.80&amp;apos;, os.name: &amp;apos;Windows 10&amp;apos;, os.arch: &amp;apos;amd64&amp;apos;, os.version: &amp;apos;10.0&amp;apos;, java.version: &amp;apos;19.0.1&amp;apos;
Driver info: org.openqa.selenium.chrome.ChromeDriver
Command: [8669608edc9ecf91091131ec2376293e, actions {actions=[org.openqa.selenium.interactions.Sequence@471c101b]}]
Capabilities {acceptInsecureCerts: false, browserName: chrome, browserVersion: 117.0.5938.149, chrome: {chromedriverVersion: 116.0.5845.96 (1a3918166880..., userDataDir: C:\Users\NITEIN~1.KUR\AppDa...}, fedcm:accounts: true, goog:chromeOptions: {debuggerAddress: localhost:55475}, javascriptEnabled: true, networkConnectionEnabled: false, pageLoadStrategy: normal, platform: WINDOWS, platformName: WINDOWS, proxy: Proxy(), se:cdp: ws://localhost:55475/devtoo..., se:cdpVersion: 117.0.5938.149, setWindowRect: true, strictFileInteractability: false, timeouts: {implicit: 0, pageLoad: 300000, script: 30000}, unhandledPromptBehavior: dismiss and notify, webauthn:extension:credBlob: true, webauthn:extension:largeBlob: true, webauthn:extension:minPinLength: true, webauthn:extension:prf: true, webauthn:virtualAuthenticators: true}
Session ID: 8669608edc9ecf91091131ec2376293e">
      <![CDATA[org.openqa.selenium.json.JsonException: java.lang.reflect.InvocationTargetException
Build info: version: '4.1.0', revision: '87802e897b'
System info: host: 'DSK-4052', ip: '172.16.1.80', os.name: 'Windows 10', os.arch: 'amd64', os.version: '10.0', java.version: '19.0.1'
Driver info: org.openqa.selenium.chrome.ChromeDriver
Command: [8669608edc9ecf91091131ec2376293e, actions {actions=[org.openqa.selenium.interactions.Sequence@471c101b]}]
Capabilities {acceptInsecureCerts: false, browserName: chrome, browserVersion: 117.0.5938.149, chrome: {chromedriverVersion: 116.0.5845.96 (1a3918166880..., userDataDir: C:\Users\NITEIN~1.KUR\AppDa...}, fedcm:accounts: true, goog:chromeOptions: {debuggerAddress: localhost:55475}, javascriptEnabled: true, networkConnectionEnabled: false, pageLoadStrategy: normal, platform: WINDOWS, platformName: WINDOWS, proxy: Proxy(), se:cdp: ws://localhost:55475/devtoo..., se:cdpVersion: 117.0.5938.149, setWindowRect: true, strictFileInteractability: false, timeouts: {implicit: 0, pageLoad: 300000, script: 30000}, unhandledPromptBehavior: dismiss and notify, webauthn:extension:credBlob: true, webauthn:extension:largeBlob: true, webauthn:extension:minPinLength: true, webauthn:extension:prf: true, webauthn:virtualAuthenticators: true}
Session ID: 8669608edc9ecf91091131ec2376293e
at org.openqa.selenium.json.JsonOutput.convertUsingMethod(JsonOutput.java:362)
at org.openqa.selenium.json.JsonOutput.lambda$new$16(JsonOutput.java:154)
at org.openqa.selenium.json.JsonOutput.write(JsonOutput.java:287)
at org.openqa.selenium.json.JsonOutput.lambda$new$22(JsonOutput.java:169)
at java.base/java.util.stream.ForEachOps$ForEachOp$OfRef.accept(ForEachOps.java:183)
at java.base/java.util.stream.ReferencePipeline$2$1.accept(ReferencePipeline.java:179)
at java.base/java.util.Iterator.forEachRemaining(Iterator.java:133)
at java.base/java.util.Spliterators$IteratorSpliterator.forEachRemaining(Spliterators.java:1921)
at java.base/java.util.stream.AbstractPipeline.copyInto(AbstractPipeline.java:509)
at java.base/java.util.stream.AbstractPipeline.wrapAndCopyInto(AbstractPipeline.java:499)
at java.base/java.util.stream.ForEachOps$ForEachOp.evaluateSequential(ForEachOps.java:150)
at java.base/java.util.stream.ForEachOps$ForEachOp$OfRef.evaluateSequential(ForEachOps.java:173)
at java.base/java.util.stream.AbstractPipeline.evaluate(AbstractPipeline.java:234)
at java.base/java.util.stream.ReferencePipeline.forEach(ReferencePipeline.java:596)
at org.openqa.selenium.json.JsonOutput.lambda$new$23(JsonOutput.java:169)
at org.openqa.selenium.json.JsonOutput.write(JsonOutput.java:287)
at org.openqa.selenium.json.JsonOutput.lambda$new$24(JsonOutput.java:182)
at com.google.common.collect.SingletonImmutableBiMap.forEach(SingletonImmutableBiMap.java:65)
at org.openqa.selenium.json.JsonOutput.lambda$new$25(JsonOutput.java:177)
at org.openqa.selenium.json.JsonOutput.write(JsonOutput.java:287)
at org.openqa.selenium.json.JsonOutput.write(JsonOutput.java:278)
at org.openqa.selenium.json.Json.toJson(Json.java:42)
at org.openqa.selenium.remote.codec.AbstractHttpCommandCodec.encode(AbstractHttpCommandCodec.java:259)
at org.openqa.selenium.remote.codec.AbstractHttpCommandCodec.encode(AbstractHttpCommandCodec.java:127)
at org.openqa.selenium.remote.HttpCommandExecutor.execute(HttpCommandExecutor.java:172)
at org.openqa.selenium.remote.service.DriverCommandExecutor.invokeExecute(DriverCommandExecutor.java:164)
at org.openqa.selenium.remote.service.DriverCommandExecutor.execute(DriverCommandExecutor.java:139)
at org.openqa.selenium.remote.RemoteWebDriver.execute(RemoteWebDriver.java:559)
at org.openqa.selenium.remote.RemoteWebDriver.perform(RemoteWebDriver.java:627)
at org.openqa.selenium.interactions.Actions$BuiltAction.perform(Actions.java:617)
at com.amt.pages.VehicleSelectionPage.select_vehicle(VehicleSelectionPage.java:117)
at newCar.CP.Acquisition_Quotes_CP_PCH_with_funder_quote_addition_without_maintenance_Test.aquisition_quotes_CP_PCH_OTR_calculation_without_maintenance_test(Acquisition_Quotes_CP_PCH_with_funder_quote_addition_without_maintenance_Test.java:54)
at java.base/java.util.ArrayList.forEach(ArrayList.java:1511)
Suppressed: org.openqa.selenium.json.JsonException: Attempting to close incomplete json stream
Build info: version: '4.1.0', revision: '87802e897b'
System info: host: 'DSK-4052', ip: '172.16.1.80', os.name: 'Windows 10', os.arch: 'amd64', os.version: '10.0', java.version: '19.0.1'
Driver info: driver.version: RemoteWebDriver
at org.openqa.selenium.json.JsonOutput.close(JsonOutput.java:303)
at org.openqa.selenium.json.Json.toJson(Json.java:40)
... 36 more
at org.openqa.selenium.json.JsonOutput.convertUsingMethod(JsonOutput.java:358)
... 57 more
Caused by: org.openqa.selenium.NoSuchElementException: no such element: Unable to locate element: {"method":"xpath","selector":"//*[@id="divVehicleTable"]/div[1]/div/div[1]/div/div[1]/div[2]"}
  (Session info: chrome=117.0.5938.149)
For documentation on this error, please visit: https://selenium.dev/exceptions/#no_such_element
Build info: version: '4.1.0', revision: '87802e897b'
System info: host: 'DSK-4052', ip: '172.16.1.80', os.name: 'Windows 10', os.arch: 'amd64', os.version: '10.0', java.version: '19.0.1'
Driver info: org.openqa.selenium.chrome.ChromeDriver
Command: [8669608edc9ecf91091131ec2376293e, findElement {using=xpath, value=//*[@id="divVehicleTable"]/div[1]/div/div[1]/div/div[1]/div[2]}]
Capabilities {acceptInsecureCerts: false, browserName: chrome, browserVersion: 117.0.5938.149, chrome: {chromedriverVersion: 116.0.5845.96 (1a3918166880..., userDataDir: C:\Users\NITEIN~1.KUR\AppDa...}, fedcm:accounts: true, goog:chromeOptions: {debuggerAddress: localhost:55475}, javascriptEnabled: true, networkConnectionEnabled: false, pageLoadStrategy: normal, platform: WINDOWS, platformName: WINDOWS, proxy: Proxy(), se:cdp: ws://localhost:55475/devtoo..., se:cdpVersion: 117.0.5938.149, setWindowRect: true, strictFileInteractability: false, timeouts: {implicit: 0, pageLoad: 300000, script: 30000}, unhandledPromptBehavior: dismiss and notify, webauthn:extension:credBlob: true, webauthn:extension:largeBlob: true, webauthn:extension:minPinLength: true, webauthn:extension:prf: true, webauthn:virtualAuthenticators: true}
Session ID: 8669608edc9ecf91091131ec2376293e
at org.openqa.selenium.remote.codec.w3c.W3CHttpResponseCodec.createException(W3CHttpResponseCodec.java:200)
at org.openqa.selenium.remote.codec.w3c.W3CHttpResponseCodec.decode(W3CHttpResponseCodec.java:133)
at org.openqa.selenium.remote.codec.w3c.W3CHttpResponseCodec.decode(W3CHttpResponseCodec.java:53)
at org.openqa.selenium.remote.HttpCommandExecutor.execute(HttpCommandExecutor.java:184)
at org.openqa.selenium.remote.service.DriverCommandExecutor.invokeExecute(DriverCommandExecutor.java:164)
at org.openqa.selenium.remote.service.DriverCommandExecutor.execute(DriverCommandExecutor.java:139)
at org.openqa.selenium.remote.RemoteWebDriver.execute(RemoteWebDriver.java:559)
at org.openqa.selenium.remote.ElementLocation$ElementFinder$2.findElement(ElementLocation.java:162)
at org.openqa.selenium.remote.ElementLocation.findElement(ElementLocation.java:60)
at org.openqa.selenium.remote.RemoteWebDriver.findElement(RemoteWebDriver.java:383)
at org.openqa.selenium.remote.RemoteWebDriver.findElement(RemoteWebDriver.java:375)
at org.openqa.selenium.support.pagefactory.DefaultElementLocator.findElement(DefaultElementLocator.java:70)
at org.openqa.selenium.support.pagefactory.internal.LocatingElementHandler.invoke(LocatingElementHandler.java:39)
at jdk.proxy2/jdk.proxy2.$Proxy23.getWrappedElement(Unknown Source)
at org.openqa.selenium.interactions.PointerInput$Origin.asArg(PointerInput.java:201)
at org.openqa.selenium.interactions.PointerInput$Move.encode(PointerInput.java:152)
at org.openqa.selenium.interactions.Sequence.encode(Sequence.java:73)
at org.openqa.selenium.interactions.Sequence.toJson(Sequence.java:82)
... 59 more
... Removed 32 stack frames]]>
    </failure>
  </testcase> <!-- aquisition_quotes_CP_PCH_OTR_calculation_without_maintenance_test -->
  <testcase classname="newCar.CP.Acquisition_Quotes_CP_PCH_with_funder_quote_addition_without_maintenance_Test" name="aquisition_quotes_CP_PCH_after_discount_calculations_without_maintenance_test" time="0.0">
    <skipped/>
  </testcase> <!-- aquisition_quotes_CP_PCH_after_discount_calculations_without_maintenance_test -->
  <testcase classname="newCar.CP.Acquisition_Quotes_CP_PCH_with_funder_quote_addition_without_maintenance_Test" name="aquisition_quotes_CP_PCH_holding_cost_calculations_without_maintenance_test" time="0.0">
    <skipped/>
  </testcase> <!-- aquisition_quotes_CP_PCH_holding_cost_calculations_without_maintenance_test -->
  <testcase classname="newCar.CP.Acquisition_Quotes_CP_PCH_with_funder_quote_addition_without_maintenance_Test" name="aquisition_quotes_CP_PCH_customer_quote_payment_profile_calculations_without_maintenance_test" time="0.0">
    <skipped/>
  </testcase> <!-- aquisition_quotes_CP_PCH_customer_quote_payment_profile_calculations_without_maintenance_test -->
  <testcase classname="newCar.CP.Acquisition_Quotes_CP_PCH_with_funder_quote_addition_without_maintenance_Test" name="aquisition_quotes_CP_PCH_quote_summary_values_verification_without_maintenance_test" time="0.0">
    <skipped/>
  </testcase> <!-- aquisition_quotes_CP_PCH_quote_summary_values_verification_without_maintenance_test -->
  <testcase classname="newCar.OP.Acquisition_Quotes_Outright_PCH_with_maintenance_Test" name="aquisition_quotes_outright_PCH_OTR_calculation_with_maintenance_test" time="87.882"/>
  <testcase classname="newCar.OP.Acquisition_Quotes_Outright_PCH_with_maintenance_Test" name="aquisition_quotes_outright_PCH_after_discount_calculations_with_maintenance_test" time="4.52"/>
  <testcase classname="newCar.OP.Acquisition_Quotes_Outright_PCH_with_maintenance_Test" name="aquisition_quotes_outright_PCH_other_support_check_with_maintenance_test" time="16.752"/>
  <testcase classname="newCar.OP.Acquisition_Quotes_Outright_PCH_with_maintenance_Test" name="aquisition_quotes_outright_PCH_holding_cost_calculations_with_maintenance_test" time="59.331"/>
  <testcase classname="newCar.OP.Acquisition_Quotes_Outright_PCH_with_maintenance_Test" name="aquisition_quotes_outright_PCH_customer_quote_payment_profile_calculations_with_maintenance_test" time="277.619"/>
  <testcase classname="newCar.OP.Acquisition_Quotes_Outright_PCH_with_maintenance_Test" name="aquisition_quotes_outright_PCH_quote_summary_values_verification_with_maintenance_test" time="138.369"/>
  <testcase classname="newCar.CP.Acquisition_Quotes_CP_CP_with_funder_quote_addition_with_maintenance_Test" name="aquisition_quotes_CP_CP_OTR_calculation_with_maintenance_test" time="90.227"/>
  <testcase classname="newCar.CP.Acquisition_Quotes_CP_CP_with_funder_quote_addition_with_maintenance_Test" name="aquisition_quotes_CP_CP_after_discount_calculations_with_maintenance_test" time="4.217"/>
  <testcase classname="newCar.CP.Acquisition_Quotes_CP_CP_with_funder_quote_addition_with_maintenance_Test" name="aquisition_quotes_CP_CP_holding_cost_calculations_with_maintenance_test" time="28.644"/>
  <testcase classname="newCar.CP.Acquisition_Quotes_CP_CP_with_funder_quote_addition_with_maintenance_Test" name="aquisition_quotes_CP_CP_customer_quote_calculations_check_monthly_finance_payment_with_maintenance_test" time="33.936"/>
  <testcase classname="newCar.CP.Acquisition_Quotes_CP_CP_with_funder_quote_addition_with_maintenance_Test" name="aquisition_quotes_CP_CP_quote_summary_values_verification_with_maintenance_test" time="244.973"/>
  <testcase classname="newCar.FL.Acquisition_Quotes_FL_BCH_with_funder_quote_addition_without_maintenance_Test" name="aquisition_quotes_FL_BCH_OTR_calculation_without_maintenance_test" time="87.415"/>
  <testcase classname="newCar.FL.Acquisition_Quotes_FL_BCH_with_funder_quote_addition_without_maintenance_Test" name="aquisition_quotes_FL_BCH_after_discount_calculations_without_maintenance_test" time="4.178"/>
  <testcase classname="newCar.FL.Acquisition_Quotes_FL_BCH_with_funder_quote_addition_without_maintenance_Test" name="aquisition_quotes_FL_BCH_holding_cost_calculations_without_maintenance_test" time="31.297"/>
  <testcase classname="newCar.FL.Acquisition_Quotes_FL_BCH_with_funder_quote_addition_without_maintenance_Test" name="aquisition_quotes_FL_BCH_customer_quote_payment_profile_calculations_without_maintenance_test" time="71.225"/>
  <testcase classname="newCar.FL.Acquisition_Quotes_FL_BCH_with_funder_quote_addition_without_maintenance_Test" name="aquisition_quotes_FL_BCH_quote_summary_values_verification_without_maintenance_test" time="146.589"/>
  <testcase classname="newCar.BROKER.Acquisition_Quotes_Broker_BCH_without_maintenance_Test" name="aquisition_quotes_user_flow_broker_bch_OTR_calculation_without_maintenance_test" time="107.837"/>
  <testcase classname="newCar.BROKER.Acquisition_Quotes_Broker_BCH_without_maintenance_Test" name="aquisition_quotes_user_flow_broker_bch_after_discount_calculation_without_maintenance_test" time="4.332"/>
  <testcase classname="newCar.BROKER.Acquisition_Quotes_Broker_BCH_without_maintenance_Test" name="aquisition_quotes_user_flow_broker_bch_funder_quote_addition_without_maintenance_test" time="32.362"/>
  <testcase classname="newCar.BROKER.Acquisition_Quotes_Broker_BCH_without_maintenance_Test" name="aquisition_quotes_user_flow_broker_bch_quote_summary_values_verification_without_maintenance_test" time="23.919"/>
  <testcase classname="newCar.CP.Acquisition_Quotes_CP_PCP_with_maintenance_Test" name="aquisition_quotes_CP_PCP_OTR_calculation_with_maintenance_test" time="87.801"/>
  <testcase classname="newCar.CP.Acquisition_Quotes_CP_PCP_with_maintenance_Test" name="aquisition_quotes_CP_PCP_after_discount_calculations_with_maintenance_test" time="4.549"/>
  <testcase classname="newCar.CP.Acquisition_Quotes_CP_PCP_with_maintenance_Test" name="aquisition_quotes_CP_PCP_holding_cost_calculations_with_maintenance_test" time="42.382"/>
  <testcase classname="newCar.CP.Acquisition_Quotes_CP_PCP_with_maintenance_Test" name="aquisition_quotes_CP_PCP_customer_quote_calculations_check_monthly_finance_payment_with_maintenance_test" time="98.635"/>
  <testcase classname="newCar.CP.Acquisition_Quotes_CP_PCP_with_maintenance_Test" name="aquisition_quotes_CP_PCP_customer_quote_vehicle_profit_edit_check_with_maintenance_test" time="33.745"/>
  <testcase classname="newCar.CP.Acquisition_Quotes_CP_PCP_with_maintenance_Test" name="aquisition_quotes_CP_PCP_customer_quote_part_exchange_value_edit_check_with_maintenance_test" time="38.244"/>
  <testcase classname="newCar.CP.Acquisition_Quotes_CP_PCP_with_maintenance_Test" name="aquisition_quotes_CP_PCP_quote_summary_values_verification_with_maintenance_test" time="248.517"/>
  <testcase classname="newCar.CP.Acquisition_Quotes_CP_BCH_with_funder_quote_addition_without_maintenance_Test" name="aquisition_quotes_CP_BCH_OTR_calculation_without_maintenance_test" time="86.772"/>
  <testcase classname="newCar.CP.Acquisition_Quotes_CP_BCH_with_funder_quote_addition_without_maintenance_Test" name="aquisition_quotes_CP_BCH_after_discount_calculations_without_maintenance_test" time="4.434"/>
  <testcase classname="newCar.CP.Acquisition_Quotes_CP_BCH_with_funder_quote_addition_without_maintenance_Test" name="aquisition_quotes_CP_BCH_holding_cost_calculations_without_maintenance_test" time="22.139"/>
  <testcase classname="newCar.CP.Acquisition_Quotes_CP_BCH_with_funder_quote_addition_without_maintenance_Test" name="aquisition_quotes_CP_BCH_customer_quote_payment_profile_calculations_without_maintenance_test" time="208.665"/>
  <testcase classname="newCar.CP.Acquisition_Quotes_CP_BCH_with_funder_quote_addition_without_maintenance_Test" name="aquisition_quotes_CP_BCH_quote_summary_values_verification_without_maintenance_test" time="155.801"/>
  <testcase classname="newCar.CP.Acquisition_Quotes_CP_PCH_with_maintenance_Test" name="aquisition_quotes_CP_PCH_OTR_calculation_with_maintenance_test" time="97.236"/>
  <testcase classname="newCar.CP.Acquisition_Quotes_CP_PCH_with_maintenance_Test" name="aquisition_quotes_CP_PCH_after_discount_calculations_with_maintenance_test" time="4.404"/>
  <testcase classname="newCar.CP.Acquisition_Quotes_CP_PCH_with_maintenance_Test" name="aquisition_quotes_CP_PCH_holding_cost_calculations_with_maintenance_test" time="59.865"/>
  <testcase classname="newCar.CP.Acquisition_Quotes_CP_PCH_with_maintenance_Test" name="aquisition_quotes_CP_PCH_customer_quote_payment_profile_calculations_with_maintenance_test" time="101.873"/>
  <testcase classname="newCar.CP.Acquisition_Quotes_CP_PCH_with_maintenance_Test" name="aquisition_quotes_CP_PCH_quote_summary_values_verification_with_maintenance_test" time="227.953"/>
  <testcase classname="newCar.OP.Acquisition_Quotes_Outright_PCP_with_maintenance_Test" name="aquisition_quotes_outright_PCP_OTR_calculation_with_maintenance_test" time="85.979"/>
  <testcase classname="newCar.OP.Acquisition_Quotes_Outright_PCP_with_maintenance_Test" name="aquisition_quotes_outright_PCP_after_discount_calculations_with_maintenance_test" time="4.49"/>
  <testcase classname="newCar.OP.Acquisition_Quotes_Outright_PCP_with_maintenance_Test" name="aquisition_quotes_outright_PCP_holding_cost_calculations_with_maintenance_test" time="45.343"/>
  <testcase classname="newCar.OP.Acquisition_Quotes_Outright_PCP_with_maintenance_Test" name="aquisition_quotes_outright_PCP_customer_quote_calculations_check_monthly_finance_payment_with_maintenance_test" time="112.913"/>
  <testcase classname="newCar.OP.Acquisition_Quotes_Outright_PCP_with_maintenance_Test" name="aquisition_quotes_outright_PCP_customer_quote_vehicle_profit_edit_check_with_maintenance_test" time="33.484"/>
  <testcase classname="newCar.OP.Acquisition_Quotes_Outright_PCP_with_maintenance_Test" name="aquisition_quotes_outright_PCP_customer_quote_part_exchange_value_edit_check_with_maintenance_test" time="38.316"/>
  <testcase classname="newCar.OP.Acquisition_Quotes_Outright_PCP_with_maintenance_Test" name="aquisition_quotes_outright_PCP_quote_summary_values_verification_with_maintenance_test" time="139.07"/>
  <testcase classname="newCar.BROKER.Acquisition_Quotes_Broker_FL_without_maintenance_Test" name="aquisition_quotes_user_flow_broker_fl_OTR_calculation_without_maintenance_test" time="109.802"/>
  <testcase classname="newCar.BROKER.Acquisition_Quotes_Broker_FL_without_maintenance_Test" name="aquisition_quotes_user_flow_broker_fl_after_discount_calculation_without_maintenance_test" time="4.261"/>
  <testcase classname="newCar.BROKER.Acquisition_Quotes_Broker_FL_without_maintenance_Test" name="aquisition_quotes_user_flow_broker_fl_funder_quote_addition_without_maintenance_test" time="44.621"/>
  <testcase classname="newCar.BROKER.Acquisition_Quotes_Broker_FL_without_maintenance_Test" name="aquisition_quotes_user_flow_broker_fl_quote_summary_values_verification_without_maintenance_test" time="43.532"/>
  <testcase classname="newCar.CP.Acquisition_Quotes_CP_CP_with_maintenance_Test" name="aquisition_quotes_CP_CP_OTR_calculation_with_maintenance_test" time="83.546"/>
  <testcase classname="newCar.CP.Acquisition_Quotes_CP_CP_with_maintenance_Test" name="aquisition_quotes_CP_CP_after_discount_calculations_with_maintenance_test" time="4.471"/>
  <testcase classname="newCar.CP.Acquisition_Quotes_CP_CP_with_maintenance_Test" name="aquisition_quotes_CP_CP_holding_cost_calculations_with_maintenance_test" time="65.338"/>
  <testcase classname="newCar.CP.Acquisition_Quotes_CP_CP_with_maintenance_Test" name="aquisition_quotes_CP_CP_customer_quote_calculations_check_monthly_finance_payment_with_maintenance_test" time="105.277">
    <failure type="java.lang.AssertionError" message="expected [true] but found [false]">
      <![CDATA[java.lang.AssertionError: expected [true] but found [false]
at newCar.CP.Acquisition_Quotes_CP_CP_with_maintenance_Test.aquisition_quotes_CP_CP_customer_quote_calculations_check_monthly_finance_payment_with_maintenance_test(Acquisition_Quotes_CP_CP_with_maintenance_Test.java:133)
at java.base/java.util.ArrayList.forEach(ArrayList.java:1511)
... Removed 29 stack frames]]>
    </failure>
  </testcase> <!-- aquisition_quotes_CP_CP_customer_quote_calculations_check_monthly_finance_payment_with_maintenance_test -->
  <testcase classname="newCar.CP.Acquisition_Quotes_CP_CP_with_maintenance_Test" name="aquisition_quotes_CP_CP_customer_quote_vehicle_profit_edit_check_with_maintenance_test" time="0.0">
    <skipped/>
  </testcase> <!-- aquisition_quotes_CP_CP_customer_quote_vehicle_profit_edit_check_with_maintenance_test -->
  <testcase classname="newCar.CP.Acquisition_Quotes_CP_CP_with_maintenance_Test" name="aquisition_quotes_CP_CP_customer_quote_part_exchange_value_edit_check_with_maintenance_test" time="0.0">
    <skipped/>
  </testcase> <!-- aquisition_quotes_CP_CP_customer_quote_part_exchange_value_edit_check_with_maintenance_test -->
  <testcase classname="newCar.CP.Acquisition_Quotes_CP_CP_with_maintenance_Test" name="aquisition_quotes_CP_CP_quote_summary_values_verification_with_maintenance_test" time="0.0">
    <skipped/>
  </testcase> <!-- aquisition_quotes_CP_CP_quote_summary_values_verification_with_maintenance_test -->
  <testcase classname="newCar.HPNR.Acquisition_Quotes_HPNR_CP_with_maintenance_Test" name="aquisition_quotes_HPNR_CP_OTR_calculation_with_maintenance_test" time="102.489"/>
  <testcase classname="newCar.HPNR.Acquisition_Quotes_HPNR_CP_with_maintenance_Test" name="aquisition_quotes_HPNR_CP_after_discount_calculations_with_maintenance_test" time="4.462"/>
  <testcase classname="newCar.HPNR.Acquisition_Quotes_HPNR_CP_with_maintenance_Test" name="aquisition_quotes_HPNR_CP_holding_cost_calculations_with_maintenance_test" time="42.874"/>
  <testcase classname="newCar.HPNR.Acquisition_Quotes_HPNR_CP_with_maintenance_Test" name="aquisition_quotes_HPNR_CP_customer_quote_calculations_check_monthly_finance_payment_with_maintenance_test" time="102.329"/>
  <testcase classname="newCar.HPNR.Acquisition_Quotes_HPNR_CP_with_maintenance_Test" name="aquisition_quotes_HPNR_CP_customer_quote_vehicle_profit_edit_check_with_maintenance_test" time="31.766"/>
  <testcase classname="newCar.HPNR.Acquisition_Quotes_HPNR_CP_with_maintenance_Test" name="aquisition_quotes_HPNR_CP_customer_quote_part_exchange_value_edit_check_with_maintenance_test" time="38.345"/>
  <testcase classname="newCar.HPNR.Acquisition_Quotes_HPNR_CP_with_maintenance_Test" name="aquisition_quotes_HPNR_CP_quote_summary_values_verification_with_maintenance_test" time="266.679"/>
  <testcase classname="newCar.CP.Acquisition_Quotes_CP_PCP_without_maintenance_Test" name="aquisition_quotes_CP_PCP_OTR_calculation_without_maintenance_test" time="100.214"/>
  <testcase classname="newCar.CP.Acquisition_Quotes_CP_PCP_without_maintenance_Test" name="aquisition_quotes_CP_PCP_after_discount_calculations_without_maintenance_test" time="4.257"/>
  <testcase classname="newCar.CP.Acquisition_Quotes_CP_PCP_without_maintenance_Test" name="aquisition_quotes_CP_PCP_holding_cost_calculations_without_maintenance_test" time="34.391"/>
  <testcase classname="newCar.CP.Acquisition_Quotes_CP_PCP_without_maintenance_Test" name="aquisition_quotes_CP_PCP_customer_quote_calculations_check_monthly_finance_payment_without_maintenance_test" time="70.008"/>
  <testcase classname="newCar.CP.Acquisition_Quotes_CP_PCP_without_maintenance_Test" name="aquisition_quotes_CP_PCP_customer_quote_vehicle_profit_edit_check_without_maintenance_test" time="38.99"/>
  <testcase classname="newCar.CP.Acquisition_Quotes_CP_PCP_without_maintenance_Test" name="aquisition_quotes_CP_PCP_customer_quote_part_exchange_value_edit_check_without_maintenance_test" time="59.697"/>
  <testcase classname="newCar.CP.Acquisition_Quotes_CP_PCP_without_maintenance_Test" name="aquisition_quotes_CP_PCP_quote_summary_values_verification_without_maintenance_test" time="206.167"/>
  <testcase classname="newCar.OP.Acquisition_Quotes_Outright_HPR_without_maintenance_Test" name="aquisition_quotes_outright_HPR_OTR_calculation_without_maintenance_test" time="85.225"/>
  <testcase classname="newCar.OP.Acquisition_Quotes_Outright_HPR_without_maintenance_Test" name="aquisition_quotes_outright_HPR_after_discount_calculations_without_maintenance_test" time="4.289"/>
  <testcase classname="newCar.OP.Acquisition_Quotes_Outright_HPR_without_maintenance_Test" name="aquisition_quotes_outright_HPR_holding_cost_calculations_without_maintenance_test" time="33.406"/>
  <testcase classname="newCar.OP.Acquisition_Quotes_Outright_HPR_without_maintenance_Test" name="aquisition_quotes_outright_HPR_customer_quote_calculations_check_monthly_finance_payment_without_maintenance_test" time="73.953"/>
  <testcase classname="newCar.OP.Acquisition_Quotes_Outright_HPR_without_maintenance_Test" name="aquisition_quotes_outright_HPR_customer_quote_vehicle_profit_edit_check_without_maintenance_test" time="37.686"/>
  <testcase classname="newCar.OP.Acquisition_Quotes_Outright_HPR_without_maintenance_Test" name="aquisition_quotes_outright_HPR_customer_quote_part_exchange_value_edit_check_without_maintenance_test" time="62.253"/>
  <testcase classname="newCar.OP.Acquisition_Quotes_Outright_HPR_without_maintenance_Test" name="aquisition_quotes_outright_HPR_customer_quote_monthly_finance_payment_after_balloon_payment_off_without_maintenance_test" time="17.398"/>
  <testcase classname="newCar.OP.Acquisition_Quotes_Outright_HPR_without_maintenance_Test" name="aquisition_quotes_outright_HPR_quote_summary_values_verification_without_maintenance_test" time="101.899"/>
  <testcase classname="newCar.CP.Acquisition_Quotes_CP_BCH_with_funder_quote_addition_with_maintenance_Test" name="aquisition_quotes_CP_BCH_OTR_calculation_with_maintenance_test" time="98.065"/>
  <testcase classname="newCar.CP.Acquisition_Quotes_CP_BCH_with_funder_quote_addition_with_maintenance_Test" name="aquisition_quotes_CP_BCH_after_discount_calculations_with_maintenance_test" time="4.251"/>
  <testcase classname="newCar.CP.Acquisition_Quotes_CP_BCH_with_funder_quote_addition_with_maintenance_Test" name="aquisition_quotes_CP_BCH_holding_cost_calculations_with_maintenance_test" time="25.131"/>
  <testcase classname="newCar.CP.Acquisition_Quotes_CP_BCH_with_funder_quote_addition_with_maintenance_Test" name="aquisition_quotes_CP_BCH_customer_quote_payment_profile_calculations_with_maintenance_test" time="232.278"/>
  <testcase classname="newCar.CP.Acquisition_Quotes_CP_BCH_with_funder_quote_addition_with_maintenance_Test" name="aquisition_quotes_CP_BCH_quote_summary_values_verification_with_maintenance_test" time="191.288"/>
  <testcase classname="newCar.BROKER.Acquisition_Quotes_Broker_PCP_without_maintenance_Test" name="aquisition_quotes_user_flow_broker_PCP_OTR_calculation_without_maintenance_test" time="105.559"/>
  <testcase classname="newCar.BROKER.Acquisition_Quotes_Broker_PCP_without_maintenance_Test" name="aquisition_quotes_user_flow_broker_PCP_after_discount_calculations_without_maintenance_test" time="4.3"/>
  <testcase classname="newCar.BROKER.Acquisition_Quotes_Broker_PCP_without_maintenance_Test" name="aquisition_quotes_user_flow_broker_PCP_vehicle_profit_check_without_maintenance_test" time="9.097"/>
  <testcase classname="newCar.BROKER.Acquisition_Quotes_Broker_PCP_without_maintenance_Test" name="aquisition_quotes_user_flow_broker_PCP_balance_to_finance_check_without_maintenance_test" time="28.538"/>
  <testcase classname="newCar.BROKER.Acquisition_Quotes_Broker_PCP_without_maintenance_Test" name="aquisition_quotes_user_flow_broker_PCP_quote_summary_values_verification_without_maintenance_test" time="28.902"/>
  <testcase classname="newCar.HPNR.Acquisition_Quotes_HPNR_FL_without_maintenance_Test" name="aquisition_quotes_HPNR_FL_OTR_calculation_without_maintenance_test" time="88.411"/>
  <testcase classname="newCar.HPNR.Acquisition_Quotes_HPNR_FL_without_maintenance_Test" name="aquisition_quotes_HPNR_FL_after_discount_calculations_without_maintenance_test" time="4.506"/>
  <testcase classname="newCar.HPNR.Acquisition_Quotes_HPNR_FL_without_maintenance_Test" name="aquisition_quotes_HPNR_FL_other_support_check_without_maintenance_test" time="16.498"/>
  <testcase classname="newCar.HPNR.Acquisition_Quotes_HPNR_FL_without_maintenance_Test" name="aquisition_quotes_HPNR_FL_holding_cost_calculations_without_maintenance_test" time="48.519"/>
  <testcase classname="newCar.HPNR.Acquisition_Quotes_HPNR_FL_without_maintenance_Test" name="aquisition_quotes_HPNR_FL_customer_quote_payment_profile_calculations_without_maintenance_test" time="83.016"/>
  <testcase classname="newCar.HPNR.Acquisition_Quotes_HPNR_FL_without_maintenance_Test" name="aquisition_quotes_HPNR_FL_quote_summary_values_verification_without_maintenance_test" time="20.793">
    <failure type="java.lang.AssertionError" message="expected [true] but found [false]">
      <![CDATA[java.lang.AssertionError: expected [true] but found [false]
at newCar.HPNR.Acquisition_Quotes_HPNR_FL_without_maintenance_Test.aquisition_quotes_HPNR_FL_quote_summary_values_verification_without_maintenance_test(Acquisition_Quotes_HPNR_FL_without_maintenance_Test.java:239)
at java.base/java.util.ArrayList.forEach(ArrayList.java:1511)
... Removed 29 stack frames]]>
    </failure>
  </testcase> <!-- aquisition_quotes_HPNR_FL_quote_summary_values_verification_without_maintenance_test -->
  <testcase classname="newCar.HPNR.Acquisition_Quotes_HPNR_HPR_with_funder_quote_addition_without_maintenance_Test" name="aquisition_quotes_HPNR_HPR_OTR_calculation_without_maintenance_test" time="85.032"/>
  <testcase classname="newCar.HPNR.Acquisition_Quotes_HPNR_HPR_with_funder_quote_addition_without_maintenance_Test" name="aquisition_quotes_HPNR_HPR_after_discount_calculations_without_maintenance_test" time="4.271"/>
  <testcase classname="newCar.HPNR.Acquisition_Quotes_HPNR_HPR_with_funder_quote_addition_without_maintenance_Test" name="aquisition_quotes_HPNR_HPR_holding_cost_calculations_without_maintenance_test" time="15.399"/>
  <testcase classname="newCar.HPNR.Acquisition_Quotes_HPNR_HPR_with_funder_quote_addition_without_maintenance_Test" name="aquisition_quotes_HPNR_HPR_customer_quote_calculations_check_monthly_finance_payment_without_maintenance_test" time="42.115"/>
  <testcase classname="newCar.HPNR.Acquisition_Quotes_HPNR_HPR_with_funder_quote_addition_without_maintenance_Test" name="aquisition_quotes_HPNR_HPR_customer_quote_monthly_finance_payment_after_balloon_payment_off_without_maintenance_test" time="17.257"/>
  <testcase classname="newCar.HPNR.Acquisition_Quotes_HPNR_HPR_with_funder_quote_addition_without_maintenance_Test" name="aquisition_quotes_HPNR_HPR_quote_summary_values_verification_without_maintenance_test" time="202.399"/>
  <testcase classname="newCar.OP.Acquisition_Quotes_Outright_FL_with_maintenance_Test" name="aquisition_quotes_outright_FL_OTR_calculation_with_maintenance_test" time="94.384"/>
  <testcase classname="newCar.OP.Acquisition_Quotes_Outright_FL_with_maintenance_Test" name="aquisition_quotes_outright_FL_after_discount_calculations_with_maintenance_test" time="4.262"/>
  <testcase classname="newCar.OP.Acquisition_Quotes_Outright_FL_with_maintenance_Test" name="aquisition_quotes_outright_FL_other_support_check_with_maintenance_test" time="16.331"/>
  <testcase classname="newCar.OP.Acquisition_Quotes_Outright_FL_with_maintenance_Test" name="aquisition_quotes_outright_FL_holding_cost_calculations_with_maintenance_test" time="57.259"/>
  <testcase classname="newCar.OP.Acquisition_Quotes_Outright_FL_with_maintenance_Test" name="aquisition_quotes_outright_FL_customer_quote_payment_profile_calculations_with_maintenance_test" time="116.074"/>
  <testcase classname="newCar.OP.Acquisition_Quotes_Outright_FL_with_maintenance_Test" name="aquisition_quotes_outright_FL_quote_summary_values_verification_with_maintenance_test" time="129.259"/>
  <testcase classname="newCar.BROKER.Acquisition_Quotes_Broker_HPNR_Test" name="aquisition_quotes_user_flow_broker_HPNR_OTR_calculation_test" time="93.796"/>
  <testcase classname="newCar.BROKER.Acquisition_Quotes_Broker_HPNR_Test" name="aquisition_quotes_user_flow_broker_HPNR_after_discount_calculations_test" time="4.321"/>
  <testcase classname="newCar.BROKER.Acquisition_Quotes_Broker_HPNR_Test" name="aquisition_quotes_user_flow_broker_HPNR_vehicle_profit_check_test" time="16.15"/>
  <testcase classname="newCar.BROKER.Acquisition_Quotes_Broker_HPNR_Test" name="aquisition_quotes_user_flow_broker_HPNR_balance_to_finance_check_test" time="34.039"/>
  <testcase classname="newCar.BROKER.Acquisition_Quotes_Broker_HPNR_Test" name="aquisition_quotes_user_flow_broker_HPNR_quote_summary_values_verification_test" time="20.957"/>
  <testcase classname="newCar.FL.Acquisition_Quotes_FL_PCH_with_funder_quote_addition_with_maintenance_Test" name="aquisition_quotes_FL_PCH_OTR_calculation_with_maintenance_test" time="98.649">
    <failure type="org.openqa.selenium.ElementClickInterceptedException" message="element click intercepted: Element &amp;lt;a href=&amp;quot;javascript:;&amp;quot; id=&amp;quot;acqOTRHeader&amp;quot;&amp;gt;...&amp;lt;/a&amp;gt; is not clickable at point (559, 87). Other element would receive the click: &amp;lt;div _ngcontent-cwk-c0=&amp;quot;&amp;quot; class=&amp;quot;loader_div&amp;quot;&amp;gt;...&amp;lt;/div&amp;gt;
  (Session info: chrome=117.0.5938.149)
Build info: version: &amp;apos;4.1.0&amp;apos;, revision: &amp;apos;87802e897b&amp;apos;
System info: host: &amp;apos;DSK-4052&amp;apos;, ip: &amp;apos;172.16.1.80&amp;apos;, os.name: &amp;apos;Windows 10&amp;apos;, os.arch: &amp;apos;amd64&amp;apos;, os.version: &amp;apos;10.0&amp;apos;, java.version: &amp;apos;19.0.1&amp;apos;
Driver info: org.openqa.selenium.chrome.ChromeDriver
Command: [7faa8eed34c2c52aa22ae57755336319, clickElement {id=1593FF9D768826DA44159A16B517DE63_element_385}]
Capabilities {acceptInsecureCerts: false, browserName: chrome, browserVersion: 117.0.5938.149, chrome: {chromedriverVersion: 116.0.5845.96 (1a3918166880..., userDataDir: C:\Users\NITEIN~1.KUR\AppDa...}, fedcm:accounts: true, goog:chromeOptions: {debuggerAddress: localhost:58017}, javascriptEnabled: true, networkConnectionEnabled: false, pageLoadStrategy: normal, platform: WINDOWS, platformName: WINDOWS, proxy: Proxy(), se:cdp: ws://localhost:58017/devtoo..., se:cdpVersion: 117.0.5938.149, setWindowRect: true, strictFileInteractability: false, timeouts: {implicit: 0, pageLoad: 300000, script: 30000}, unhandledPromptBehavior: dismiss and notify, webauthn:extension:credBlob: true, webauthn:extension:largeBlob: true, webauthn:extension:minPinLength: true, webauthn:extension:prf: true, webauthn:virtualAuthenticators: true}
Element: [[ChromeDriver: chrome on WINDOWS (7faa8eed34c2c52aa22ae57755336319)] -&amp;gt; xpath: //*[@id =&amp;apos;acqOTRHeader&amp;apos;]]
Session ID: 7faa8eed34c2c52aa22ae57755336319">
      <![CDATA[org.openqa.selenium.ElementClickInterceptedException: element click intercepted: Element <a href="javascript:;" id="acqOTRHeader">...</a> is not clickable at point (559, 87). Other element would receive the click: <div _ngcontent-cwk-c0="" class="loader_div">...</div>
  (Session info: chrome=117.0.5938.149)
Build info: version: '4.1.0', revision: '87802e897b'
System info: host: 'DSK-4052', ip: '172.16.1.80', os.name: 'Windows 10', os.arch: 'amd64', os.version: '10.0', java.version: '19.0.1'
Driver info: org.openqa.selenium.chrome.ChromeDriver
Command: [7faa8eed34c2c52aa22ae57755336319, clickElement {id=1593FF9D768826DA44159A16B517DE63_element_385}]
Capabilities {acceptInsecureCerts: false, browserName: chrome, browserVersion: 117.0.5938.149, chrome: {chromedriverVersion: 116.0.5845.96 (1a3918166880..., userDataDir: C:\Users\NITEIN~1.KUR\AppDa...}, fedcm:accounts: true, goog:chromeOptions: {debuggerAddress: localhost:58017}, javascriptEnabled: true, networkConnectionEnabled: false, pageLoadStrategy: normal, platform: WINDOWS, platformName: WINDOWS, proxy: Proxy(), se:cdp: ws://localhost:58017/devtoo..., se:cdpVersion: 117.0.5938.149, setWindowRect: true, strictFileInteractability: false, timeouts: {implicit: 0, pageLoad: 300000, script: 30000}, unhandledPromptBehavior: dismiss and notify, webauthn:extension:credBlob: true, webauthn:extension:largeBlob: true, webauthn:extension:minPinLength: true, webauthn:extension:prf: true, webauthn:virtualAuthenticators: true}
Element: [[ChromeDriver: chrome on WINDOWS (7faa8eed34c2c52aa22ae57755336319)] -> xpath: //*[@id ='acqOTRHeader']]
Session ID: 7faa8eed34c2c52aa22ae57755336319
at org.openqa.selenium.remote.codec.w3c.W3CHttpResponseCodec.createException(W3CHttpResponseCodec.java:200)
at org.openqa.selenium.remote.codec.w3c.W3CHttpResponseCodec.decode(W3CHttpResponseCodec.java:133)
at org.openqa.selenium.remote.codec.w3c.W3CHttpResponseCodec.decode(W3CHttpResponseCodec.java:53)
at org.openqa.selenium.remote.HttpCommandExecutor.execute(HttpCommandExecutor.java:184)
at org.openqa.selenium.remote.service.DriverCommandExecutor.invokeExecute(DriverCommandExecutor.java:164)
at org.openqa.selenium.remote.service.DriverCommandExecutor.execute(DriverCommandExecutor.java:139)
at org.openqa.selenium.remote.RemoteWebDriver.execute(RemoteWebDriver.java:559)
at org.openqa.selenium.remote.RemoteWebElement.execute(RemoteWebElement.java:251)
at org.openqa.selenium.remote.RemoteWebElement.click(RemoteWebElement.java:77)
at org.openqa.selenium.support.pagefactory.internal.LocatingElementHandler.invoke(LocatingElementHandler.java:52)
at jdk.proxy2/jdk.proxy2.$Proxy23.click(Unknown Source)
at com.amt.testUtil.Click.on(Click.java:18)
at com.amt.pages.ContractTypesAndOTRPages.ContractTypesAndOTR_FL_PCH_Page.contractTypes_and_OTR_selection_FL_PCH_OTR_calculations(ContractTypesAndOTR_FL_PCH_Page.java:207)
at newCar.FL.Acquisition_Quotes_FL_PCH_with_funder_quote_addition_with_maintenance_Test.aquisition_quotes_FL_PCH_OTR_calculation_with_maintenance_test(Acquisition_Quotes_FL_PCH_with_funder_quote_addition_with_maintenance_Test.java:56)
at java.base/java.util.ArrayList.forEach(ArrayList.java:1511)
... Removed 30 stack frames]]>
    </failure>
  </testcase> <!-- aquisition_quotes_FL_PCH_OTR_calculation_with_maintenance_test -->
  <testcase classname="newCar.FL.Acquisition_Quotes_FL_PCH_with_funder_quote_addition_with_maintenance_Test" name="aquisition_quotes_FL_PCH_after_discount_calculations_with_maintenance_test" time="0.0">
    <skipped/>
  </testcase> <!-- aquisition_quotes_FL_PCH_after_discount_calculations_with_maintenance_test -->
  <testcase classname="newCar.FL.Acquisition_Quotes_FL_PCH_with_funder_quote_addition_with_maintenance_Test" name="aquisition_quotes_FL_PCH_holding_cost_calculations_with_maintenance_test" time="0.0">
    <skipped/>
  </testcase> <!-- aquisition_quotes_FL_PCH_holding_cost_calculations_with_maintenance_test -->
  <testcase classname="newCar.FL.Acquisition_Quotes_FL_PCH_with_funder_quote_addition_with_maintenance_Test" name="aquisition_quotes_FL_PCH_customer_quote_payment_profile_calculations_with_maintenance_test" time="0.0">
    <skipped/>
  </testcase> <!-- aquisition_quotes_FL_PCH_customer_quote_payment_profile_calculations_with_maintenance_test -->
  <testcase classname="newCar.FL.Acquisition_Quotes_FL_PCH_with_funder_quote_addition_with_maintenance_Test" name="aquisition_quotes_FL_PCH_quote_summary_values_verification_with_maintenance_test" time="0.0">
    <skipped/>
  </testcase> <!-- aquisition_quotes_FL_PCH_quote_summary_values_verification_with_maintenance_test -->
  <testcase classname="newCar.HPNR.Acquisition_Quotes_HPNR_FL_with_funder_quote_addition_without_maintenance_Test" name="aquisition_quotes_HPNR_FL_OTR_calculation_without_maintenance_test" time="84.435"/>
  <testcase classname="newCar.HPNR.Acquisition_Quotes_HPNR_FL_with_funder_quote_addition_without_maintenance_Test" name="aquisition_quotes_HPNR_FL_after_discount_calculations_without_maintenance_test" time="4.412"/>
  <testcase classname="newCar.HPNR.Acquisition_Quotes_HPNR_FL_with_funder_quote_addition_without_maintenance_Test" name="aquisition_quotes_HPNR_FL_holding_cost_calculations_without_maintenance_test" time="19.728"/>
  <testcase classname="newCar.HPNR.Acquisition_Quotes_HPNR_FL_with_funder_quote_addition_without_maintenance_Test" name="aquisition_quotes_HPNR_FL_customer_quote_payment_profile_calculations_without_maintenance_test" time="211.231"/>
  <testcase classname="newCar.HPNR.Acquisition_Quotes_HPNR_FL_with_funder_quote_addition_without_maintenance_Test" name="aquisition_quotes_HPNR_FL_quote_summary_values_verification_without_maintenance_test" time="147.14"/>
  <testcase classname="newCar.BROKER.Acquisition_Quotes_Broker_CP_with_maintenance_Test" name="aquisition_quotes_user_flow_broker_CP_OTR_calculation_with_maintenance_test" time="102.777"/>
  <testcase classname="newCar.BROKER.Acquisition_Quotes_Broker_CP_with_maintenance_Test" name="aquisition_quotes_user_flow_broker_CP_after_discount_calculations_with_maintenance_test" time="4.34"/>
  <testcase classname="newCar.BROKER.Acquisition_Quotes_Broker_CP_with_maintenance_Test" name="aquisition_quotes_user_flow_broker_CP_vehicle_profit_check_with_maintenance_test" time="18.039"/>
  <testcase classname="newCar.BROKER.Acquisition_Quotes_Broker_CP_with_maintenance_Test" name="aquisition_quotes_user_flow_broker_CP_balance_to_finance_check_with_maintenance_test" time="31.699"/>
  <testcase classname="newCar.BROKER.Acquisition_Quotes_Broker_CP_with_maintenance_Test" name="aquisition_quotes_user_flow_broker_CP_quote_summary_values_verification_with_maintenance_test" time="21.924"/>
  <testcase classname="newCar.BROKER.Acquisition_Quotes_Broker_PCH_with_maintenance_Test" name="aquisition_quotes_user_flow_broker_pch_OTR_calculation_with_maintenance_test" time="91.404"/>
  <testcase classname="newCar.BROKER.Acquisition_Quotes_Broker_PCH_with_maintenance_Test" name="aquisition_quotes_user_flow_broker_pch_after_discount_calculation_with_maintenance_test" time="4.425"/>
  <testcase classname="newCar.BROKER.Acquisition_Quotes_Broker_PCH_with_maintenance_Test" name="aquisition_quotes_user_flow_broker_pch_with_maintenance_test" time="31.782"/>
  <testcase classname="newCar.BROKER.Acquisition_Quotes_Broker_PCH_with_maintenance_Test" name="aquisition_quotes_user_flow_broker_pch_quote_summary_values_verification_with_maintenance_test" time="35.201"/>
  <testcase classname="newCar.HPNR.Acquisition_Quotes_HPNR_BCH_without_maintenance_Test" name="aquisition_quotes_HPNR_BCH_OTR_calculation_without_maintenance_test" time="86.665"/>
  <testcase classname="newCar.HPNR.Acquisition_Quotes_HPNR_BCH_without_maintenance_Test" name="aquisition_quotes_HPNR_BCH_after_discount_calculations_without_maintenance_test" time="4.448"/>
  <testcase classname="newCar.HPNR.Acquisition_Quotes_HPNR_BCH_without_maintenance_Test" name="aquisition_quotes_HPNR_BCH_other_support_check_without_maintenance_test" time="16.299"/>
  <testcase classname="newCar.HPNR.Acquisition_Quotes_HPNR_BCH_without_maintenance_Test" name="aquisition_quotes_HPNR_BCH_holding_cost_calculations_without_maintenance_test" time="66.442"/>
  <testcase classname="newCar.HPNR.Acquisition_Quotes_HPNR_BCH_without_maintenance_Test" name="aquisition_quotes_HPNR_BCH_customer_quote_payment_profile_calculations_without_maintenance_test" time="185.119"/>
  <testcase classname="newCar.HPNR.Acquisition_Quotes_HPNR_BCH_without_maintenance_Test" name="aquisition_quotes_HPNR_BCH_quote_summary_values_verification_without_maintenance_test" time="182.019"/>
  <testcase classname="newCar.CP.Acquisition_Quotes_CP_PCP_with_funder_quote_addition_without_maintenance_Test" name="aquisition_quotes_CP_PCP_OTR_calculation_without_maintenance_test" time="102.5"/>
  <testcase classname="newCar.CP.Acquisition_Quotes_CP_PCP_with_funder_quote_addition_without_maintenance_Test" name="aquisition_quotes_CP_PCP_after_discount_calculations_without_maintenance_test" time="4.368"/>
  <testcase classname="newCar.CP.Acquisition_Quotes_CP_PCP_with_funder_quote_addition_without_maintenance_Test" name="aquisition_quotes_CP_PCP_holding_cost_calculations_without_maintenance_test" time="16.901"/>
  <testcase classname="newCar.CP.Acquisition_Quotes_CP_PCP_with_funder_quote_addition_without_maintenance_Test" name="aquisition_quotes_CP_PCP_customer_quote_calculations_check_monthly_finance_payment_without_maintenance_test" time="28.29"/>
  <testcase classname="newCar.CP.Acquisition_Quotes_CP_PCP_with_funder_quote_addition_without_maintenance_Test" name="aquisition_quotes_CP_PCP_quote_summary_values_verification_without_maintenance_test" time="211.276"/>
  <testcase classname="newCar.HPNR.Acquisition_Quotes_HPNR_PCH_with_funder_quote_addition_without_maintenance_Test" name="aquisition_quotes_HPNR_PCH_OTR_calculation_without_maintenance_test" time="97.086"/>
  <testcase classname="newCar.HPNR.Acquisition_Quotes_HPNR_PCH_with_funder_quote_addition_without_maintenance_Test" name="aquisition_quotes_HPNR_PCH_after_discount_calculations_without_maintenance_test" time="4.454"/>
  <testcase classname="newCar.HPNR.Acquisition_Quotes_HPNR_PCH_with_funder_quote_addition_without_maintenance_Test" name="aquisition_quotes_HPNR_PCH_holding_cost_calculations_without_maintenance_test" time="20.052"/>
  <testcase classname="newCar.HPNR.Acquisition_Quotes_HPNR_PCH_with_funder_quote_addition_without_maintenance_Test" name="aquisition_quotes_HPNR_PCH_customer_quote_payment_profile_calculations_without_maintenance_test" time="207.15"/>
  <testcase classname="newCar.HPNR.Acquisition_Quotes_HPNR_PCH_with_funder_quote_addition_without_maintenance_Test" name="aquisition_quotes_HPNR_PCH_quote_summary_values_verification_without_maintenance_test" time="145.02"/>
  <testcase classname="newCar.CP.Acquisition_Quotes_CP_BCH_without_maintenance_Test" name="aquisition_quotes_CP_BCH_OTR_calculation_without_maintenance_test" time="100.106"/>
  <testcase classname="newCar.CP.Acquisition_Quotes_CP_BCH_without_maintenance_Test" name="aquisition_quotes_CP_BCH_after_discount_calculations_without_maintenance_test" time="4.342"/>
  <testcase classname="newCar.CP.Acquisition_Quotes_CP_BCH_without_maintenance_Test" name="aquisition_quotes_CP_BCH_holding_cost_calculations_without_maintenance_test" time="46.271"/>
  <testcase classname="newCar.CP.Acquisition_Quotes_CP_BCH_without_maintenance_Test" name="aquisition_quotes_CP_BCH_customer_quote_payment_profile_calculations_without_maintenance_test" time="170.119"/>
  <testcase classname="newCar.CP.Acquisition_Quotes_CP_BCH_without_maintenance_Test" name="aquisition_quotes_CP_BCH_quote_summary_values_verification_without_maintenance_test" time="195.698"/>
  <testcase classname="newCar.BCH.Acquisition_Quotes_BCH_PCH_without_maintenance_Test" name="aquisition_quotes_BCH_PCH_OTR_calculation_without_maintenance_test" time="90.909"/>
  <testcase classname="newCar.BCH.Acquisition_Quotes_BCH_PCH_without_maintenance_Test" name="aquisition_quotes_BCH_PCH_after_discount_calculations_without_maintenance_test" time="4.318"/>
  <testcase classname="newCar.BCH.Acquisition_Quotes_BCH_PCH_without_maintenance_Test" name="aquisition_quotes_BCH_PCH_holding_cost_calculations_without_maintenance_test" time="17.938"/>
  <testcase classname="newCar.BCH.Acquisition_Quotes_BCH_PCH_without_maintenance_Test" name="aquisition_quotes_BCH_PCH_customer_quote_payment_profile_calculations_without_maintenance_test" time="83.445"/>
[...]
    <ignored/>
  </testcase> <!-- @AfterSuite end -->
  <testcase classname="com.amt.testBase.TestBase" name="@AfterSuite end" time="0.0">
    <ignored/>
  </testcase> <!-- @AfterSuite end -->
  <testcase classname="com.amt.testBase.TestBase" name="@AfterSuite end" time="0.0">
    <ignored/>
  </testcase> <!-- @AfterSuite end -->
  <testcase classname="com.amt.testBase.TestBase" name="@AfterSuite end" time="0.0">
    <ignored/>
  </testcase> <!-- @AfterSuite end -->
  <testcase classname="com.amt.testBase.TestBase" name="@AfterSuite end" time="0.0">
    <ignored/>
  </testcase> <!-- @AfterSuite end -->
  <testcase classname="com.amt.testBase.TestBase" name="@AfterSuite end" time="0.0">
    <ignored/>
  </testcase> <!-- @AfterSuite end -->
  <testcase classname="com.amt.testBase.TestBase" name="@AfterSuite end" time="0.0">
    <ignored/>
  </testcase> <!-- @AfterSuite end -->
  <testcase classname="com.amt.testBase.TestBase" name="@AfterSuite end" time="0.0">
    <ignored/>
  </testcase> <!-- @AfterSuite end -->
  <testcase classname="com.amt.testBase.TestBase" name="@AfterSuite end" time="0.0">
    <ignored/>
  </testcase> <!-- @AfterSuite end -->
  <testcase classname="com.amt.testBase.TestBase" name="@AfterSuite end" time="0.0">
    <ignored/>
  </testcase> <!-- @AfterSuite end -->
  <testcase classname="com.amt.testBase.TestBase" name="@AfterSuite end" time="0.0">
    <ignored/>
  </testcase> <!-- @AfterSuite end -->
  <testcase classname="com.amt.testBase.TestBase" name="@AfterSuite end" time="0.0">
    <ignored/>
  </testcase> <!-- @AfterSuite end -->
  <testcase classname="com.amt.testBase.TestBase" name="@AfterSuite end" time="0.0">
    <ignored/>
  </testcase> <!-- @AfterSuite end -->
  <testcase classname="com.amt.testBase.TestBase" name="@AfterSuite end" time="0.0">
    <ignored/>
  </testcase> <!-- @AfterSuite end -->
  <testcase classname="com.amt.testBase.TestBase" name="@AfterSuite end" time="0.0">
    <ignored/>
  </testcase> <!-- @AfterSuite end -->
  <testcase classname="com.amt.testBase.TestBase" name="@AfterSuite end" time="0.0">
    <ignored/>
  </testcase> <!-- @AfterSuite end -->
  <testcase classname="com.amt.testBase.TestBase" name="@AfterSuite end" time="0.0">
    <ignored/>
  </testcase> <!-- @AfterSuite end -->
  <testcase classname="com.amt.testBase.TestBase" name="@AfterSuite end" time="0.0">
    <ignored/>
  </testcase> <!-- @AfterSuite end -->
  <testcase classname="com.amt.testBase.TestBase" name="@AfterSuite end" time="0.0">
    <ignored/>
  </testcase> <!-- @AfterSuite end -->
  <testcase classname="com.amt.testBase.TestBase" name="@AfterSuite end" time="0.0">
    <ignored/>
  </testcase> <!-- @AfterSuite end -->
  <testcase classname="com.amt.testBase.TestBase" name="@AfterSuite end" time="0.0">
    <ignored/>
  </testcase> <!-- @AfterSuite end -->
  <testcase classname="com.amt.testBase.TestBase" name="@AfterSuite end" time="0.0">
    <ignored/>
  </testcase> <!-- @AfterSuite end -->
  <testcase classname="com.amt.testBase.TestBase" name="@AfterSuite end" time="0.0">
    <ignored/>
  </testcase> <!-- @AfterSuite end -->
  <testcase classname="com.amt.testBase.TestBase" name="@AfterSuite end" time="0.0">
    <ignored/>
  </testcase> <!-- @AfterSuite end -->
  <testcase classname="com.amt.testBase.TestBase" name="@AfterSuite end" time="0.0">
    <ignored/>
  </testcase> <!-- @AfterSuite end -->
  <testcase classname="com.amt.testBase.TestBase" name="@AfterSuite end" time="0.0">
    <ignored/>
  </testcase> <!-- @AfterSuite end -->
  <testcase classname="com.amt.testBase.TestBase" name="@AfterSuite end" time="0.0">
    <ignored/>
  </testcase> <!-- @AfterSuite end -->
  <testcase classname="com.amt.testBase.TestBase" name="@AfterSuite end" time="0.0">
    <ignored/>
  </testcase> <!-- @AfterSuite end -->
  <testcase classname="com.amt.testBase.TestBase" name="@AfterSuite end" time="0.0">
    <ignored/>
  </testcase> <!-- @AfterSuite end -->
  <testcase classname="com.amt.testBase.TestBase" name="@AfterSuite end" time="0.0">
    <ignored/>
  </testcase> <!-- @AfterSuite end -->
  <testcase classname="com.amt.testBase.TestBase" name="@AfterSuite end" time="0.0">
    <ignored/>
  </testcase> <!-- @AfterSuite end -->
  <testcase classname="com.amt.testBase.TestBase" name="@AfterSuite end" time="0.0">
    <ignored/>
  </testcase> <!-- @AfterSuite end -->
  <testcase classname="com.amt.testBase.TestBase" name="@AfterSuite end" time="0.0">
    <ignored/>
  </testcase> <!-- @AfterSuite end -->
  <testcase classname="com.amt.testBase.TestBase" name="@AfterSuite end" time="0.0">
    <ignored/>
  </testcase> <!-- @AfterSuite end -->
  <testcase classname="com.amt.testBase.TestBase" name="@AfterSuite end" time="0.0">
    <ignored/>
  </testcase> <!-- @AfterSuite end -->
  <testcase classname="com.amt.testBase.TestBase" name="@AfterSuite end" time="0.0">
    <ignored/>
  </testcase> <!-- @AfterSuite end -->
  <testcase classname="com.amt.testBase.TestBase" name="@AfterSuite end" time="0.0">
    <ignored/>
  </testcase> <!-- @AfterSuite end -->
  <testcase classname="com.amt.testBase.TestBase" name="@AfterSuite end" time="0.0">
    <ignored/>
  </testcase> <!-- @AfterSuite end -->
  <testcase classname="com.amt.testBase.TestBase" name="@AfterSuite end" time="0.0">
    <ignored/>
  </testcase> <!-- @AfterSuite end -->
  <testcase classname="com.amt.testBase.TestBase" name="@AfterSuite end" time="0.0">
    <ignored/>
  </testcase> <!-- @AfterSuite end -->
  <testcase classname="com.amt.testBase.TestBase" name="@AfterSuite end" time="0.0">
    <ignored/>
  </testcase> <!-- @AfterSuite end -->
  <testcase classname="com.amt.testBase.TestBase" name="@AfterSuite end" time="0.0">
    <ignored/>
  </testcase> <!-- @AfterSuite end -->
  <testcase classname="com.amt.testBase.TestBase" name="@AfterSuite end" time="0.0">
    <ignored/>
  </testcase> <!-- @AfterSuite end -->
  <testcase classname="com.amt.testBase.TestBase" name="@AfterSuite end" time="0.0">
    <ignored/>
  </testcase> <!-- @AfterSuite end -->
  <testcase classname="com.amt.testBase.TestBase" name="@AfterSuite end" time="0.0">
    <ignored/>
  </testcase> <!-- @AfterSuite end -->
  <testcase classname="com.amt.testBase.TestBase" name="@AfterSuite end" time="0.0">
    <ignored/>
  </testcase> <!-- @AfterSuite end -->
  <testcase classname="com.amt.testBase.TestBase" name="@AfterSuite end" time="0.0">
    <ignored/>
  </testcase> <!-- @AfterSuite end -->
  <testcase classname="com.amt.testBase.TestBase" name="@AfterSuite end" time="0.0">
    <ignored/>
  </testcase> <!-- @AfterSuite end -->
  <testcase classname="com.amt.testBase.TestBase" name="@AfterSuite end" time="0.0">
    <ignored/>
  </testcase> <!-- @AfterSuite end -->
  <testcase classname="com.amt.testBase.TestBase" name="@AfterSuite end" time="0.0">
    <ignored/>
  </testcase> <!-- @AfterSuite end -->
  <testcase classname="com.amt.testBase.TestBase" name="@AfterSuite end" time="0.0">
    <ignored/>
  </testcase> <!-- @AfterSuite end -->
  <testcase classname="com.amt.testBase.TestBase" name="@AfterSuite end" time="0.0">
    <ignored/>
  </testcase> <!-- @AfterSuite end -->
  <testcase classname="com.amt.testBase.TestBase" name="@AfterSuite end" time="0.0">
    <ignored/>
  </testcase> <!-- @AfterSuite end -->
  <testcase classname="com.amt.testBase.TestBase" name="@AfterSuite end" time="0.0">
    <ignored/>
  </testcase> <!-- @AfterSuite end -->
  <testcase classname="com.amt.testBase.TestBase" name="@AfterSuite end" time="0.0">
    <ignored/>
  </testcase> <!-- @AfterSuite end -->
  <testcase classname="com.amt.testBase.TestBase" name="@BeforeTest start_info" time="0.0">
    <ignored/>
  </testcase> <!-- @BeforeTest start_info -->
  <testcase classname="com.amt.testBase.TestBase" name="@BeforeTest start_info" time="0.0">
    <ignored/>
  </testcase> <!-- @BeforeTest start_info -->
  <testcase classname="com.amt.testBase.TestBase" name="@BeforeTest start_info" time="0.0">
    <ignored/>
  </testcase> <!-- @BeforeTest start_info -->
  <testcase classname="com.amt.testBase.TestBase" name="@BeforeTest start_info" time="0.0">
    <ignored/>
  </testcase> <!-- @BeforeTest start_info -->
  <testcase classname="com.amt.testBase.TestBase" name="@BeforeTest start_info" time="0.0">
    <ignored/>
  </testcase> <!-- @BeforeTest start_info -->
  <testcase classname="com.amt.testBase.TestBase" name="@BeforeTest start_info" time="0.0">
    <ignored/>
  </testcase> <!-- @BeforeTest start_info -->
  <testcase classname="com.amt.testBase.TestBase" name="@BeforeTest start_info" time="0.0">
    <ignored/>
  </testcase> <!-- @BeforeTest start_info -->
  <testcase classname="com.amt.testBase.TestBase" name="@BeforeTest start_info" time="0.0">
    <ignored/>
  </testcase> <!-- @BeforeTest start_info -->
  <testcase classname="com.amt.testBase.TestBase" name="@BeforeTest start_info" time="0.0">
    <ignored/>
  </testcase> <!-- @BeforeTest start_info -->
  <testcase classname="com.amt.testBase.TestBase" name="@BeforeTest start_info" time="0.0">
    <ignored/>
  </testcase> <!-- @BeforeTest start_info -->
  <testcase classname="com.amt.testBase.TestBase" name="@BeforeTest start_info" time="0.0">
    <ignored/>
  </testcase> <!-- @BeforeTest start_info -->
  <testcase classname="com.amt.testBase.TestBase" name="@BeforeTest start_info" time="0.0">
    <ignored/>
  </testcase> <!-- @BeforeTest start_info -->
  <testcase classname="com.amt.testBase.TestBase" name="@BeforeTest start_info" time="0.0">
    <ignored/>
  </testcase> <!-- @BeforeTest start_info -->
  <testcase classname="com.amt.testBase.TestBase" name="@BeforeTest start_info" time="0.0">
    <ignored/>
  </testcase> <!-- @BeforeTest start_info -->
  <testcase classname="com.amt.testBase.TestBase" name="@BeforeTest start_info" time="0.0">
    <ignored/>
  </testcase> <!-- @BeforeTest start_info -->
  <testcase classname="com.amt.testBase.TestBase" name="@BeforeTest start_info" time="0.0">
    <ignored/>
  </testcase> <!-- @BeforeTest start_info -->
  <testcase classname="com.amt.testBase.TestBase" name="@BeforeTest start_info" time="0.0">
    <ignored/>
  </testcase> <!-- @BeforeTest start_info -->
  <testcase classname="com.amt.testBase.TestBase" name="@BeforeTest start_info" time="0.0">
    <ignored/>
  </testcase> <!-- @BeforeTest start_info -->
  <testcase classname="com.amt.testBase.TestBase" name="@BeforeTest start_info" time="0.0">
    <ignored/>
  </testcase> <!-- @BeforeTest start_info -->
  <testcase classname="com.amt.testBase.TestBase" name="@BeforeTest start_info" time="0.0">
    <ignored/>
  </testcase> <!-- @BeforeTest start_info -->
  <testcase classname="com.amt.testBase.TestBase" name="@BeforeTest start_info" time="0.0">
    <ignored/>
  </testcase> <!-- @BeforeTest start_info -->
  <testcase classname="com.amt.testBase.TestBase" name="@BeforeTest start_info" time="0.0">
    <ignored/>
  </testcase> <!-- @BeforeTest start_info -->
  <testcase classname="com.amt.testBase.TestBase" name="@BeforeTest start_info" time="0.0">
    <ignored/>
  </testcase> <!-- @BeforeTest start_info -->
  <testcase classname="com.amt.testBase.TestBase" name="@BeforeTest start_info" time="0.0">
    <ignored/>
  </testcase> <!-- @BeforeTest start_info -->
  <testcase classname="com.amt.testBase.TestBase" name="@BeforeTest start_info" time="0.0">
    <ignored/>
  </testcase> <!-- @BeforeTest start_info -->
  <testcase classname="com.amt.testBase.TestBase" name="@BeforeTest start_info" time="0.0">
    <ignored/>
  </testcase> <!-- @BeforeTest start_info -->
  <testcase classname="com.amt.testBase.TestBase" name="@BeforeTest start_info" time="0.0">
    <ignored/>
  </testcase> <!-- @BeforeTest start_info -->
  <testcase classname="com.amt.testBase.TestBase" name="@BeforeTest start_info" time="0.0">
    <ignored/>
  </testcase> <!-- @BeforeTest start_info -->
  <testcase classname="com.amt.testBase.TestBase" name="@BeforeTest start_info" time="0.0">
    <ignored/>
  </testcase> <!-- @BeforeTest start_info -->
  <testcase classname="com.amt.testBase.TestBase" name="@BeforeTest start_info" time="0.0">
    <ignored/>
  </testcase> <!-- @BeforeTest start_info -->
  <testcase classname="com.amt.testBase.TestBase" name="@BeforeTest start_info" time="0.0">
    <ignored/>
  </testcase> <!-- @BeforeTest start_info -->
  <testcase classname="com.amt.testBase.TestBase" name="@BeforeTest start_info" time="0.0">
    <ignored/>
  </testcase> <!-- @BeforeTest start_info -->
  <testcase classname="com.amt.testBase.TestBase" name="@BeforeTest start_info" time="0.0">
    <ignored/>
  </testcase> <!-- @BeforeTest start_info -->
  <testcase classname="com.amt.testBase.TestBase" name="@BeforeTest start_info" time="0.0">
    <ignored/>
  </testcase> <!-- @BeforeTest start_info -->
  <testcase classname="com.amt.testBase.TestBase" name="@BeforeTest start_info" time="0.0">
    <ignored/>
  </testcase> <!-- @BeforeTest start_info -->
  <testcase classname="com.amt.testBase.TestBase" name="@BeforeTest start_info" time="0.0">
    <ignored/>
  </testcase> <!-- @BeforeTest start_info -->
  <testcase classname="com.amt.testBase.TestBase" name="@BeforeTest start_info" time="0.0">
    <ignored/>
  </testcase> <!-- @BeforeTest start_info -->
  <testcase classname="com.amt.testBase.TestBase" name="@BeforeTest start_info" time="0.0">
    <ignored/>
  </testcase> <!-- @BeforeTest start_info -->
  <testcase classname="com.amt.testBase.TestBase" name="@BeforeTest start_info" time="0.0">
    <ignored/>
  </testcase> <!-- @BeforeTest start_info -->
  <testcase classname="com.amt.testBase.TestBase" name="@BeforeTest start_info" time="0.0">
    <ignored/>
  </testcase> <!-- @BeforeTest start_info -->
  <testcase classname="com.amt.testBase.TestBase" name="@BeforeTest start_info" time="0.0">
    <ignored/>
  </testcase> <!-- @BeforeTest start_info -->
  <testcase classname="com.amt.testBase.TestBase" name="@BeforeTest start_info" time="0.0">
    <ignored/>
  </testcase> <!-- @BeforeTest start_info -->
  <testcase classname="com.amt.testBase.TestBase" name="@BeforeTest start_info" time="0.0">
    <ignored/>
  </testcase> <!-- @BeforeTest start_info -->
  <testcase classname="com.amt.testBase.TestBase" name="@BeforeTest start_info" time="0.0">
    <ignored/>
  </testcase> <!-- @BeforeTest start_info -->
  <testcase classname="com.amt.testBase.TestBase" name="@BeforeTest start_info" time="0.0">
    <ignored/>
  </testcase> <!-- @BeforeTest start_info -->
  <testcase classname="com.amt.testBase.TestBase" name="@BeforeTest start_info" time="0.0">
    <ignored/>
  </testcase> <!-- @BeforeTest start_info -->
  <testcase classname="com.amt.testBase.TestBase" name="@BeforeTest start_info" time="0.0">
    <ignored/>
  </testcase> <!-- @BeforeTest start_info -->
  <testcase classname="com.amt.testBase.TestBase" name="@BeforeTest start_info" time="0.0">
    <ignored/>
  </testcase> <!-- @BeforeTest start_info -->
  <testcase classname="com.amt.testBase.TestBase" name="@BeforeTest start_info" time="0.0">
    <ignored/>
  </testcase> <!-- @BeforeTest start_info -->
  <testcase classname="com.amt.testBase.TestBase" name="@BeforeTest start_info" time="0.0">
    <ignored/>
  </testcase> <!-- @BeforeTest start_info -->
  <testcase classname="com.amt.testBase.TestBase" name="@BeforeTest start_info" time="0.0">
    <ignored/>
  </testcase> <!-- @BeforeTest start_info -->
  <testcase classname="com.amt.testBase.TestBase" name="@BeforeTest start_info" time="0.0">
    <ignored/>
  </testcase> <!-- @BeforeTest start_info -->
  <testcase classname="com.amt.testBase.TestBase" name="@BeforeTest start_info" time="0.0">
    <ignored/>
  </testcase> <!-- @BeforeTest start_info -->
  <testcase classname="com.amt.testBase.TestBase" name="@BeforeTest start_info" time="0.0">
    <ignored/>
  </testcase> <!-- @BeforeTest start_info -->
  <testcase classname="com.amt.testBase.TestBase" name="@BeforeTest start_info" time="0.0">
    <ignored/>
  </testcase> <!-- @BeforeTest start_info -->
  <testcase classname="com.amt.testBase.TestBase" name="@BeforeTest start_info" time="0.0">
    <ignored/>
  </testcase> <!-- @BeforeTest start_info -->
  <testcase classname="com.amt.testBase.TestBase" name="@BeforeTest start_info" time="0.0">
    <ignored/>
  </testcase> <!-- @BeforeTest start_info -->
  <testcase classname="com.amt.testBase.TestBase" name="@BeforeTest start_info" time="0.0">
    <ignored/>
  </testcase> <!-- @BeforeTest start_info -->
  <testcase classname="com.amt.testBase.TestBase" name="@BeforeTest start_info" time="0.0">
    <ignored/>
  </testcase> <!-- @BeforeTest start_info -->
  <testcase classname="com.amt.testBase.TestBase" name="@BeforeTest start_info" time="0.0">
    <ignored/>
  </testcase> <!-- @BeforeTest start_info -->
  <testcase classname="com.amt.testBase.TestBase" name="@BeforeTest start_info" time="0.0">
    <ignored/>
  </testcase> <!-- @BeforeTest start_info -->
  <testcase classname="com.amt.testBase.TestBase" name="@BeforeTest start_info" time="0.0">
    <ignored/>
  </testcase> <!-- @BeforeTest start_info -->
  <testcase classname="com.amt.testBase.TestBase" name="@BeforeTest start_info" time="0.0">
    <ignored/>
  </testcase> <!-- @BeforeTest start_info -->
  <testcase classname="com.amt.testBase.TestBase" name="@BeforeTest start_info" time="0.0">
    <ignored/>
  </testcase> <!-- @BeforeTest start_info -->
  <testcase classname="com.amt.testBase.TestBase" name="@BeforeTest start_info" time="0.0">
    <ignored/>
  </testcase> <!-- @BeforeTest start_info -->
  <testcase classname="com.amt.testBase.TestBase" name="@BeforeTest start_info" time="0.0">
    <ignored/>
  </testcase> <!-- @BeforeTest start_info -->
  <testcase classname="com.amt.testBase.TestBase" name="@BeforeTest start_info" time="0.0">
    <ignored/>
  </testcase> <!-- @BeforeTest start_info -->
  <testcase classname="com.amt.testBase.TestBase" name="@BeforeTest start_info" time="0.0">
    <ignored/>
  </testcase> <!-- @BeforeTest start_info -->
  <testcase classname="com.amt.testBase.TestBase" name="@BeforeTest start_info" time="0.0">
    <ignored/>
  </testcase> <!-- @BeforeTest start_info -->
  <testcase classname="com.amt.testBase.TestBase" name="@BeforeTest start_info" time="0.0">
    <ignored/>
  </testcase> <!-- @BeforeTest start_info -->
  <testcase classname="com.amt.testBase.TestBase" name="@BeforeTest start_info" time="0.0">
    <ignored/>
  </testcase> <!-- @BeforeTest start_info -->
  <testcase classname="com.amt.testBase.TestBase" name="@BeforeTest start_info" time="0.0">
    <ignored/>
  </testcase> <!-- @BeforeTest start_info -->
  <testcase classname="com.amt.testBase.TestBase" name="@BeforeTest start_info" time="0.0">
    <ignored/>
  </testcase> <!-- @BeforeTest start_info -->
  <testcase classname="com.amt.testBase.TestBase" name="@BeforeTest start_info" time="0.0">
    <ignored/>
  </testcase> <!-- @BeforeTest start_info -->
  <testcase classname="com.amt.testBase.TestBase" name="@BeforeTest start_info" time="0.0">
    <ignored/>
  </testcase> <!-- @BeforeTest start_info -->
  <testcase classname="com.amt.testBase.TestBase" name="@BeforeTest start_info" time="0.0">
    <ignored/>
  </testcase> <!-- @BeforeTest start_info -->
  <testcase classname="com.amt.testBase.TestBase" name="@BeforeTest start_info" time="0.0">
    <ignored/>
  </testcase> <!-- @BeforeTest start_info -->
  <testcase classname="com.amt.testBase.TestBase" name="@BeforeTest start_info" time="0.0">
    <ignored/>
  </testcase> <!-- @BeforeTest start_info -->
  <testcase classname="com.amt.testBase.TestBase" name="@BeforeTest start_info" time="0.0">
    <ignored/>
  </testcase> <!-- @BeforeTest start_info -->
  <testcase classname="com.amt.testBase.TestBase" name="@BeforeTest start_info" time="0.0">
    <ignored/>
  </testcase> <!-- @BeforeTest start_info -->
  <testcase classname="com.amt.testBase.TestBase" name="@BeforeTest start_info" time="0.0">
    <ignored/>
  </testcase> <!-- @BeforeTest start_info -->
</testsuite> <!-- Acquisition New Car -->
