<?xml version="1.0" encoding="UTF-8"?>
<!-- Generated by org.testng.reporters.JUnitXMLReporter -->
<testsuite ignored="26" hostname="DSK-4052" failures="4" tests="79" name="NewLCVSmokeTesting" time="4780.576" errors="0" timestamp="2023-10-18T14:40:07 IST">
  <testcase classname="newLCV.FL.Acquisition_Quotes_FL_BCH_LCV_without_maintenance_Test" name="aquisition_quotes_FL_BCH_OTR_calculation_without_maintenance_test" time="100.785"/>
  <testcase classname="newLCV.FL.Acquisition_Quotes_FL_BCH_LCV_without_maintenance_Test" name="aquisition_quotes_FL_BCH_after_discount_calculations_without_maintenance_test" time="4.826"/>
  <testcase classname="newLCV.FL.Acquisition_Quotes_FL_BCH_LCV_without_maintenance_Test" name="aquisition_quotes_FL_BCH_holding_cost_calculations_without_maintenance_test" time="59.168"/>
  <testcase classname="newLCV.FL.Acquisition_Quotes_FL_BCH_LCV_without_maintenance_Test" name="aquisition_quotes_FL_BCH_customer_quote_payment_profile_calculations_without_maintenance_test" time="72.9"/>
  <testcase classname="newLCV.FL.Acquisition_Quotes_FL_BCH_LCV_without_maintenance_Test" name="aquisition_quotes_FL_BCH_quote_summary_values_verification_without_maintenance_test" time="205.008"/>
  <testcase classname="newLCV.CP.Acquisition_Quotes_CP_PCP_LCV_without_maintenance_Test" name="aquisition_quotes_CP_PCP_OTR_calculation_without_maintenance_test" time="108.696"/>
  <testcase classname="newLCV.CP.Acquisition_Quotes_CP_PCP_LCV_without_maintenance_Test" name="aquisition_quotes_CP_PCP_after_discount_calculations_without_maintenance_test" time="4.651"/>
  <testcase classname="newLCV.CP.Acquisition_Quotes_CP_PCP_LCV_without_maintenance_Test" name="aquisition_quotes_CP_PCP_holding_cost_calculations_without_maintenance_test" time="36.6"/>
  <testcase classname="newLCV.CP.Acquisition_Quotes_CP_PCP_LCV_without_maintenance_Test" name="aquisition_quotes_CP_PCP_customer_quote_calculations_check_monthly_finance_payment_without_maintenance_test" time="37.826">
    <failure type="java.lang.AssertionError" message="expected [true] but found [false]">
      <![CDATA[java.lang.AssertionError: expected [true] but found [false]
at newLCV.CP.Acquisition_Quotes_CP_PCP_LCV_without_maintenance_Test.aquisition_quotes_CP_PCP_customer_quote_calculations_check_monthly_finance_payment_without_maintenance_test(Acquisition_Quotes_CP_PCP_LCV_without_maintenance_Test.java:117)
at java.base/java.util.ArrayList.forEach(ArrayList.java:1511)
... Removed 29 stack frames]]>
    </failure>
  </testcase> <!-- aquisition_quotes_CP_PCP_customer_quote_calculations_check_monthly_finance_payment_without_maintenance_test -->
  <testcase classname="newLCV.CP.Acquisition_Quotes_CP_PCP_LCV_without_maintenance_Test" name="aquisition_quotes_CP_PCP_customer_quote_vehicle_profit_edit_check_without_maintenance_test" time="0.0">
    <skipped/>
  </testcase> <!-- aquisition_quotes_CP_PCP_customer_quote_vehicle_profit_edit_check_without_maintenance_test -->
  <testcase classname="newLCV.CP.Acquisition_Quotes_CP_PCP_LCV_without_maintenance_Test" name="aquisition_quotes_CP_PCP_customer_quote_part_exchange_value_edit_check_without_maintenance_test" time="0.0">
    <skipped/>
  </testcase> <!-- aquisition_quotes_CP_PCP_customer_quote_part_exchange_value_edit_check_without_maintenance_test -->
  <testcase classname="newLCV.CP.Acquisition_Quotes_CP_PCP_LCV_without_maintenance_Test" name="aquisition_quotes_CP_PCP_quote_summary_values_verification_without_maintenance_test" time="0.0">
    <skipped/>
  </testcase> <!-- aquisition_quotes_CP_PCP_quote_summary_values_verification_without_maintenance_test -->
  <testcase classname="newLCV.OP.Acquisition_Quotes_Outright_BCH_LCV_without_maintenance_Test" name="aquisition_quotes_outright_BCH_OTR_calculation_without_maintenance_test" time="95.888"/>
  <testcase classname="newLCV.OP.Acquisition_Quotes_Outright_BCH_LCV_without_maintenance_Test" name="aquisition_quotes_outright_BCH_after_discount_calculations_without_maintenance_test" time="4.431"/>
  <testcase classname="newLCV.OP.Acquisition_Quotes_Outright_BCH_LCV_without_maintenance_Test" name="aquisition_quotes_outright_BCH_other_support_check_with_maintenance_test" time="17.538"/>
  <testcase classname="newLCV.OP.Acquisition_Quotes_Outright_BCH_LCV_without_maintenance_Test" name="aquisition_quotes_outright_BCH_holding_cost_calculations_without_maintenance_test" time="53.829"/>
  <testcase classname="newLCV.OP.Acquisition_Quotes_Outright_BCH_LCV_without_maintenance_Test" name="aquisition_quotes_outright_BCH_customer_quote_payment_profile_calculations_without_maintenance_test" time="17.199">
    <failure type="java.lang.AssertionError" message="expected [true] but found [false]">
      <![CDATA[java.lang.AssertionError: expected [true] but found [false]
at newLCV.OP.Acquisition_Quotes_Outright_BCH_LCV_without_maintenance_Test.aquisition_quotes_outright_BCH_customer_quote_payment_profile_calculations_without_maintenance_test(Acquisition_Quotes_Outright_BCH_LCV_without_maintenance_Test.java:188)
at java.base/java.util.ArrayList.forEach(ArrayList.java:1511)
... Removed 29 stack frames]]>
    </failure>
  </testcase> <!-- aquisition_quotes_outright_BCH_customer_quote_payment_profile_calculations_without_maintenance_test -->
  <testcase classname="newLCV.OP.Acquisition_Quotes_Outright_BCH_LCV_without_maintenance_Test" name="aquisition_quotes_outright_BCH_quote_summary_values_verification_without_maintenance_test" time="0.0">
    <skipped/>
  </testcase> <!-- aquisition_quotes_outright_BCH_quote_summary_values_verification_without_maintenance_test -->
  <testcase classname="newLCV.BROKER.Acquisition_Quotes_Broker_BCH_LCV_without_maintenance_Test" name="aquisition_quotes_user_flow_broker_bch_OTR_calculation_without_maintenance_test" time="103.354"/>
  <testcase classname="newLCV.BROKER.Acquisition_Quotes_Broker_BCH_LCV_without_maintenance_Test" name="aquisition_quotes_user_flow_broker_bch_after_discount_calculation_without_maintenance_test" time="4.525"/>
  <testcase classname="newLCV.BROKER.Acquisition_Quotes_Broker_BCH_LCV_without_maintenance_Test" name="aquisition_quotes_user_flow_broker_bch_funder_quote_addition_without_maintenance_test" time="33.89"/>
  <testcase classname="newLCV.BROKER.Acquisition_Quotes_Broker_BCH_LCV_without_maintenance_Test" name="aquisition_quotes_user_flow_broker_bch_quote_summary_values_verification_without_maintenance_test" time="27.479"/>
  <testcase classname="newLCV.HPNR.Acquisition_Quotes_HPNR_HPNR_LCV_with_maintenance_Test" name="aquisition_quotes_HPNR_HPNR_OTR_calculation_with_maintenance_test" time="95.518"/>
  <testcase classname="newLCV.HPNR.Acquisition_Quotes_HPNR_HPNR_LCV_with_maintenance_Test" name="aquisition_quotes_HPNR_HPNR_after_discount_calculations_with_maintenance_test" time="4.671"/>
  <testcase classname="newLCV.HPNR.Acquisition_Quotes_HPNR_HPNR_LCV_with_maintenance_Test" name="aquisition_quotes_HPNR_HPNR_holding_cost_calculations_with_maintenance_test" time="28.913"/>
  <testcase classname="newLCV.HPNR.Acquisition_Quotes_HPNR_HPNR_LCV_with_maintenance_Test" name="aquisition_quotes_HPNR_HPNR_customer_quote_calculations_check_monthly_finance_payment_with_maintenance_test" time="64.79">
    <failure type="java.lang.AssertionError" message="expected [true] but found [false]">
      <![CDATA[java.lang.AssertionError: expected [true] but found [false]
at newLCV.HPNR.Acquisition_Quotes_HPNR_HPNR_LCV_with_maintenance_Test.aquisition_quotes_HPNR_HPNR_customer_quote_calculations_check_monthly_finance_payment_with_maintenance_test(Acquisition_Quotes_HPNR_HPNR_LCV_with_maintenance_Test.java:135)
at java.base/java.util.ArrayList.forEach(ArrayList.java:1511)
... Removed 29 stack frames]]>
    </failure>
  </testcase> <!-- aquisition_quotes_HPNR_HPNR_customer_quote_calculations_check_monthly_finance_payment_with_maintenance_test -->
  <testcase classname="newLCV.HPNR.Acquisition_Quotes_HPNR_HPNR_LCV_with_maintenance_Test" name="aquisition_quotes_HPNR_HPNR_customer_quote_vehicle_profit_edit_check_with_maintenance_test" time="0.0">
    <skipped/>
  </testcase> <!-- aquisition_quotes_HPNR_HPNR_customer_quote_vehicle_profit_edit_check_with_maintenance_test -->
  <testcase classname="newLCV.HPNR.Acquisition_Quotes_HPNR_HPNR_LCV_with_maintenance_Test" name="aquisition_quotes_HPNR_HPNR_customer_quote_part_exchange_value_edit_check_with_maintenance_test" time="0.0">
    <skipped/>
  </testcase> <!-- aquisition_quotes_HPNR_HPNR_customer_quote_part_exchange_value_edit_check_with_maintenance_test -->
  <testcase classname="newLCV.HPNR.Acquisition_Quotes_HPNR_HPNR_LCV_with_maintenance_Test" name="aquisition_quotes_HPNR_HPNR_customer_quote_monthly_finance_payment_after_balloon_payment_off_with_maintenance_test" time="0.0">
    <skipped/>
  </testcase> <!-- aquisition_quotes_HPNR_HPNR_customer_quote_monthly_finance_payment_after_balloon_payment_off_with_maintenance_test -->
  <testcase classname="newLCV.HPNR.Acquisition_Quotes_HPNR_HPNR_LCV_with_maintenance_Test" name="aquisition_quotes_HPNR_HPNR_quote_summary_values_verification_with_maintenance_test" time="0.0">
    <skipped/>
  </testcase> <!-- aquisition_quotes_HPNR_HPNR_quote_summary_values_verification_with_maintenance_test -->
  <testcase classname="newLCV.BROKER.Acquisition_Quotes_Broker_HPR_LCV_Test" name="aquisition_quotes_user_flow_broker_HPR_OTR_calculation" time="107.249"/>
  <testcase classname="newLCV.BROKER.Acquisition_Quotes_Broker_HPR_LCV_Test" name="aquisition_quotes_user_flow_broker_HPR_after_discount_calculations_test" time="4.496"/>
  <testcase classname="newLCV.BROKER.Acquisition_Quotes_Broker_HPR_LCV_Test" name="aquisition_quotes_user_flow_broker_HPR_vehicle_profit_check_test" time="18.408"/>
  <testcase classname="newLCV.BROKER.Acquisition_Quotes_Broker_HPR_LCV_Test" name="aquisition_quotes_user_flow_broker_HPR_balance_to_finance_check_test" time="30.93"/>
  <testcase classname="newLCV.BROKER.Acquisition_Quotes_Broker_HPR_LCV_Test" name="aquisition_quotes_user_flow_broker_HPR_quote_summary_values_verification_test" time="54.422"/>
  <testcase classname="newLCV.CP.Acquisition_Quotes_CP_PCH_LCV_with_funder_quote_addition_with_maintenance_Test" name="aquisition_quotes_CP_PCH_OTR_calculation_with_maintenance_test" time="95.704"/>
  <testcase classname="newLCV.CP.Acquisition_Quotes_CP_PCH_LCV_with_funder_quote_addition_with_maintenance_Test" name="aquisition_quotes_CP_PCH_after_discount_calculations_with_maintenance_test" time="4.488"/>
  <testcase classname="newLCV.CP.Acquisition_Quotes_CP_PCH_LCV_with_funder_quote_addition_with_maintenance_Test" name="aquisition_quotes_CP_PCH_holding_cost_calculations_with_maintenance_test" time="29.496"/>
  <testcase classname="newLCV.CP.Acquisition_Quotes_CP_PCH_LCV_with_funder_quote_addition_with_maintenance_Test" name="aquisition_quotes_CP_PCH_customer_quote_payment_profile_calculations_with_maintenance_test" time="72.905"/>
  <testcase classname="newLCV.CP.Acquisition_Quotes_CP_PCH_LCV_with_funder_quote_addition_with_maintenance_Test" name="aquisition_quotes_CP_PCH_quote_summary_values_verification_with_maintenance_test" time="200.274"/>
  <testcase classname="newLCV.OP.Acquisition_Quotes_OP_OP_LCV_Test" name="aquisition_quotes_OP_OP_OTR_calculation_test" time="94.548"/>
  <testcase classname="newLCV.OP.Acquisition_Quotes_OP_OP_LCV_Test" name="aquisition_quotes_OP_OP_after_discount_calculations_test" time="4.338"/>
  <testcase classname="newLCV.OP.Acquisition_Quotes_OP_OP_LCV_Test" name="aquisition_quotes_OP_OP_customer_quote_vehicle_profit_edit_test" time="4.154"/>
  <testcase classname="newLCV.OP.Acquisition_Quotes_OP_OP_LCV_Test" name="aquisition_quotes_OP_OP_customer_quote_part_exchange_value_edit_test" time="14.543"/>
  <testcase classname="newLCV.OP.Acquisition_Quotes_OP_OP_LCV_Test" name="aquisition_quotes_OP_OP_quote_summary_values_verification_with_maintenance_test" time="48.19"/>
  <testcase classname="newLCV.OP.Acquisition_Quotes_Outright_HPR_LCV_with_maintenance_Test" name="aquisition_quotes_outright_HPR_OTR_calculation_with_maintenance_test" time="58.02">
    <failure type="org.openqa.selenium.ElementClickInterceptedException" message="element click intercepted: Element &amp;lt;span _ngcontent-kpl-c1=&amp;quot;&amp;quot; style=&amp;quot; border: 1px solid white;&amp;quot;&amp;gt;...&amp;lt;/span&amp;gt; is not clickable at point (632, 178). Other element would receive the click: &amp;lt;div _ngcontent-kpl-c0=&amp;quot;&amp;quot; class=&amp;quot;loader_div&amp;quot;&amp;gt;...&amp;lt;/div&amp;gt;
  (Session info: chrome=118.0.5993.72)
Build info: version: &amp;apos;4.1.0&amp;apos;, revision: &amp;apos;87802e897b&amp;apos;
System info: host: &amp;apos;DSK-4052&amp;apos;, ip: &amp;apos;172.16.1.80&amp;apos;, os.name: &amp;apos;Windows 10&amp;apos;, os.arch: &amp;apos;amd64&amp;apos;, os.version: &amp;apos;10.0&amp;apos;, java.version: &amp;apos;19.0.1&amp;apos;
Driver info: org.openqa.selenium.chrome.ChromeDriver
Command: [b1c991864bc72ac35a0f698308d8e7c6, clickElement {id=FF8CDD0AD2AB6B78B809066E2FE4F5B7_element_93}]
Capabilities {acceptInsecureCerts: false, browserName: chrome, browserVersion: 118.0.5993.72, chrome: {chromedriverVersion: 118.0.5993.70 (e52f33f30b91..., userDataDir: C:\Users\NITEIN~1.KUR\AppDa...}, fedcm:accounts: true, goog:chromeOptions: {debuggerAddress: localhost:53666}, javascriptEnabled: true, networkConnectionEnabled: false, pageLoadStrategy: normal, platform: WINDOWS, platformName: WINDOWS, proxy: Proxy(), se:cdp: ws://localhost:53666/devtoo..., se:cdpVersion: 118.0.5993.72, setWindowRect: true, strictFileInteractability: false, timeouts: {implicit: 0, pageLoad: 300000, script: 30000}, unhandledPromptBehavior: dismiss and notify, webauthn:extension:credBlob: true, webauthn:extension:largeBlob: true, webauthn:extension:minPinLength: true, webauthn:extension:prf: true, webauthn:virtualAuthenticators: true}
Element: [[ChromeDriver: chrome on WINDOWS (b1c991864bc72ac35a0f698308d8e7c6)] -&amp;gt; xpath: //*[text()=&amp;apos;New quote&amp;apos;]]
Session ID: b1c991864bc72ac35a0f698308d8e7c6">
      <![CDATA[org.openqa.selenium.ElementClickInterceptedException: element click intercepted: Element <span _ngcontent-kpl-c1="" style=" border: 1px solid white;">...</span> is not clickable at point (632, 178). Other element would receive the click: <div _ngcontent-kpl-c0="" class="loader_div">...</div>
  (Session info: chrome=118.0.5993.72)
Build info: version: '4.1.0', revision: '87802e897b'
System info: host: 'DSK-4052', ip: '172.16.1.80', os.name: 'Windows 10', os.arch: 'amd64', os.version: '10.0', java.version: '19.0.1'
Driver info: org.openqa.selenium.chrome.ChromeDriver
Command: [b1c991864bc72ac35a0f698308d8e7c6, clickElement {id=FF8CDD0AD2AB6B78B809066E2FE4F5B7_element_93}]
Capabilities {acceptInsecureCerts: false, browserName: chrome, browserVersion: 118.0.5993.72, chrome: {chromedriverVersion: 118.0.5993.70 (e52f33f30b91..., userDataDir: C:\Users\NITEIN~1.KUR\AppDa...}, fedcm:accounts: true, goog:chromeOptions: {debuggerAddress: localhost:53666}, javascriptEnabled: true, networkConnectionEnabled: false, pageLoadStrategy: normal, platform: WINDOWS, platformName: WINDOWS, proxy: Proxy(), se:cdp: ws://localhost:53666/devtoo..., se:cdpVersion: 118.0.5993.72, setWindowRect: true, strictFileInteractability: false, timeouts: {implicit: 0, pageLoad: 300000, script: 30000}, unhandledPromptBehavior: dismiss and notify, webauthn:extension:credBlob: true, webauthn:extension:largeBlob: true, webauthn:extension:minPinLength: true, webauthn:extension:prf: true, webauthn:virtualAuthenticators: true}
Element: [[ChromeDriver: chrome on WINDOWS (b1c991864bc72ac35a0f698308d8e7c6)] -> xpath: //*[text()='New quote']]
Session ID: b1c991864bc72ac35a0f698308d8e7c6
at org.openqa.selenium.remote.codec.w3c.W3CHttpResponseCodec.createException(W3CHttpResponseCodec.java:200)
at org.openqa.selenium.remote.codec.w3c.W3CHttpResponseCodec.decode(W3CHttpResponseCodec.java:133)
at org.openqa.selenium.remote.codec.w3c.W3CHttpResponseCodec.decode(W3CHttpResponseCodec.java:53)
at org.openqa.selenium.remote.HttpCommandExecutor.execute(HttpCommandExecutor.java:184)
at org.openqa.selenium.remote.service.DriverCommandExecutor.invokeExecute(DriverCommandExecutor.java:164)
at org.openqa.selenium.remote.service.DriverCommandExecutor.execute(DriverCommandExecutor.java:139)
at org.openqa.selenium.remote.RemoteWebDriver.execute(RemoteWebDriver.java:559)
at org.openqa.selenium.remote.RemoteWebElement.execute(RemoteWebElement.java:251)
at org.openqa.selenium.remote.RemoteWebElement.click(RemoteWebElement.java:77)
at org.openqa.selenium.support.pagefactory.internal.LocatingElementHandler.invoke(LocatingElementHandler.java:52)
at jdk.proxy2/jdk.proxy2.$Proxy23.click(Unknown Source)
at com.amt.testUtil.Click.on(Click.java:22)
at com.amt.pages.AcquisitionListingPage.aquisition_Listingpage_AddnewQuote(AcquisitionListingPage.java:133)
at newLCV.OP.Acquisition_Quotes_Outright_HPR_LCV_with_maintenance_Test.aquisition_quotes_outright_HPR_OTR_calculation_with_maintenance_test(Acquisition_Quotes_Outright_HPR_LCV_with_maintenance_Test.java:51)
at java.base/java.util.ArrayList.forEach(ArrayList.java:1511)
... Removed 30 stack frames]]>
    </failure>
  </testcase> <!-- aquisition_quotes_outright_HPR_OTR_calculation_with_maintenance_test -->
  <testcase classname="newLCV.OP.Acquisition_Quotes_Outright_HPR_LCV_with_maintenance_Test" name="aquisition_quotes_outright_HPR_after_discount_calculations_with_maintenance_test" time="0.0">
    <skipped/>
  </testcase> <!-- aquisition_quotes_outright_HPR_after_discount_calculations_with_maintenance_test -->
  <testcase classname="newLCV.OP.Acquisition_Quotes_Outright_HPR_LCV_with_maintenance_Test" name="aquisition_quotes_outright_HPR_holding_cost_calculations_with_maintenance_test" time="0.0">
    <skipped/>
  </testcase> <!-- aquisition_quotes_outright_HPR_holding_cost_calculations_with_maintenance_test -->
  <testcase classname="newLCV.OP.Acquisition_Quotes_Outright_HPR_LCV_with_maintenance_Test" name="aquisition_quotes_outright_HPR_customer_quote_calculations_check_monthly_finance_payment_with_maintenance_test" time="0.0">
    <skipped/>
  </testcase> <!-- aquisition_quotes_outright_HPR_customer_quote_calculations_check_monthly_finance_payment_with_maintenance_test -->
  <testcase classname="newLCV.OP.Acquisition_Quotes_Outright_HPR_LCV_with_maintenance_Test" name="aquisition_quotes_outright_HPR_customer_quote_vehicle_profit_edit_check_with_maintenance_test" time="0.0">
    <skipped/>
  </testcase> <!-- aquisition_quotes_outright_HPR_customer_quote_vehicle_profit_edit_check_with_maintenance_test -->
  <testcase classname="newLCV.OP.Acquisition_Quotes_Outright_HPR_LCV_with_maintenance_Test" name="aquisition_quotes_outright_HPR_customer_quote_part_exchange_value_edit_check_with_maintenance_test" time="0.0">
    <skipped/>
  </testcase> <!-- aquisition_quotes_outright_HPR_customer_quote_part_exchange_value_edit_check_with_maintenance_test -->
  <testcase classname="newLCV.OP.Acquisition_Quotes_Outright_HPR_LCV_with_maintenance_Test" name="aquisition_quotes_outright_HPR_customer_quote_monthly_finance_payment_after_balloon_payment_off_with_maintenance_test" time="0.001">
    <skipped/>
  </testcase> <!-- aquisition_quotes_outright_HPR_customer_quote_monthly_finance_payment_after_balloon_payment_off_with_maintenance_test -->
  <testcase classname="newLCV.OP.Acquisition_Quotes_Outright_HPR_LCV_with_maintenance_Test" name="aquisition_quotes_outright_HPR_quote_summary_values_verification_with_maintenance_test" time="0.0">
    <skipped/>
  </testcase> <!-- aquisition_quotes_outright_HPR_quote_summary_values_verification_with_maintenance_test -->
  <testcase classname="newLCV.BCH.Acquisition_Quotes_BCH_BCH_LCV_with_maintenance_Test" name="aquisition_quotes_BCH_BCH_OTR_calculation_with_maintenance_test" time="96.659"/>
  <testcase classname="newLCV.BCH.Acquisition_Quotes_BCH_BCH_LCV_with_maintenance_Test" name="aquisition_quotes_BCH_BCH_after_discount_calculations_with_maintenance_test" time="4.335"/>
  <testcase classname="newLCV.BCH.Acquisition_Quotes_BCH_BCH_LCV_with_maintenance_Test" name="aquisition_quotes_BCH_BCH_holding_cost_calculations_with_maintenance_test" time="32.057"/>
  <testcase classname="newLCV.BCH.Acquisition_Quotes_BCH_BCH_LCV_with_maintenance_Test" name="aquisition_quotes_BCH_BCH_customer_quote_payment_profile_calculations_with_maintenance_test" time="270.285"/>
  <testcase classname="newLCV.BCH.Acquisition_Quotes_BCH_BCH_LCV_with_maintenance_Test" name="aquisition_quotes_BCH_BCH_quote_summary_values_verification_with_maintenance_test" time="202.614"/>
  <testcase classname="newLCV.HPNR.Acquisition_Quotes_HPNR_CP_LCV_with_funder_quote_addition_with_maintenance_Test" name="aquisition_quotes_HPNR_CP_OTR_calculation_with_maintenance_test" time="97.624"/>
  <testcase classname="newLCV.HPNR.Acquisition_Quotes_HPNR_CP_LCV_with_funder_quote_addition_with_maintenance_Test" name="aquisition_quotes_HPNR_CP_after_discount_calculations_with_maintenance_test" time="4.363"/>
  <testcase classname="newLCV.HPNR.Acquisition_Quotes_HPNR_CP_LCV_with_funder_quote_addition_with_maintenance_Test" name="aquisition_quotes_HPNR_CP_holding_cost_calculations_with_maintenance_test" time="26.44"/>
  <testcase classname="newLCV.HPNR.Acquisition_Quotes_HPNR_CP_LCV_with_funder_quote_addition_with_maintenance_Test" name="aquisition_quotes_HPNR_CP_customer_quote_calculations_check_monthly_finance_payment_with_maintenance_test" time="53.901"/>
  <testcase classname="newLCV.HPNR.Acquisition_Quotes_HPNR_CP_LCV_with_funder_quote_addition_with_maintenance_Test" name="aquisition_quotes_HPNR_CP_quote_summary_values_verification_with_maintenance_test" time="282.579"/>
  <testcase classname="newLCV.CP.Acquisition_Quotes_CP_CP_LCV_with_funder_quote_addition_without_maintenance_Test" name="aquisition_quotes_CP_CP_OTR_calculation_without_maintenance_test" time="120.23"/>
  <testcase classname="newLCV.CP.Acquisition_Quotes_CP_CP_LCV_with_funder_quote_addition_without_maintenance_Test" name="aquisition_quotes_CP_CP_after_discount_calculations_without_maintenance_test" time="4.711"/>
  <testcase classname="newLCV.CP.Acquisition_Quotes_CP_CP_LCV_with_funder_quote_addition_without_maintenance_Test" name="aquisition_quotes_CP_CP_holding_cost_calculations_without_maintenance_test" time="20.147"/>
  <testcase classname="newLCV.CP.Acquisition_Quotes_CP_CP_LCV_with_funder_quote_addition_without_maintenance_Test" name="aquisition_quotes_CP_CP_customer_quote_calculations_check_monthly_finance_payment_without_maintenance_test" time="28.685"/>
  <testcase classname="newLCV.CP.Acquisition_Quotes_CP_CP_LCV_with_funder_quote_addition_without_maintenance_Test" name="aquisition_quotes_CP_CP_quote_summary_values_verification_without_maintenance_test" time="260.281"/>
  <testcase classname="newLCV.CP.Acquisition_Quotes_CP_BCH_LCV_with_maintenance_Test" name="aquisition_quotes_CP_BCH_OTR_calculation_with_maintenance_test" time="98.071"/>
  <testcase classname="newLCV.CP.Acquisition_Quotes_CP_BCH_LCV_with_maintenance_Test" name="aquisition_quotes_CP_BCH_after_discount_calculations_with_maintenance_test" time="4.503"/>
  <testcase classname="newLCV.CP.Acquisition_Quotes_CP_BCH_LCV_with_maintenance_Test" name="aquisition_quotes_CP_BCH_holding_cost_calculations_with_maintenance_test" time="79.43"/>
  <testcase classname="newLCV.CP.Acquisition_Quotes_CP_BCH_LCV_with_maintenance_Test" name="aquisition_quotes_CP_BCH_customer_quote_payment_profile_calculations_with_maintenance_test" time="116.683"/>
  <testcase classname="newLCV.CP.Acquisition_Quotes_CP_BCH_LCV_with_maintenance_Test" name="aquisition_quotes_CP_BCH_quote_summary_values_verification_with_maintenance_test" time="239.851"/>
  <testcase classname="newLCV.HPNR.Acquisition_Quotes_HPNR_PCH_LCV_without_maintenance_Test" name="aquisition_quotes_HPNR_PCH_OTR_calculation_without_maintenance_test" time="96.236"/>
  <testcase classname="newLCV.HPNR.Acquisition_Quotes_HPNR_PCH_LCV_without_maintenance_Test" name="aquisition_quotes_HPNR_PCH_after_discount_calculations_without_maintenance_test" time="4.491"/>
  <testcase classname="newLCV.HPNR.Acquisition_Quotes_HPNR_PCH_LCV_without_maintenance_Test" name="aquisition_quotes_HPNR_PCH_other_support_check_without_maintenance_test" time="17.412"/>
  <testcase classname="newLCV.HPNR.Acquisition_Quotes_HPNR_PCH_LCV_without_maintenance_Test" name="aquisition_quotes_HPNR_PCH_holding_cost_calculations_without_maintenance_test" time="73.885"/>
  <testcase classname="newLCV.HPNR.Acquisition_Quotes_HPNR_PCH_LCV_without_maintenance_Test" name="aquisition_quotes_HPNR_PCH_customer_quote_payment_profile_calculations_without_maintenance_test" time="70.314"/>
  <testcase classname="newLCV.HPNR.Acquisition_Quotes_HPNR_PCH_LCV_without_maintenance_Test" name="aquisition_quotes_HPNR_PCH_quote_summary_values_verification_without_maintenance_test" time="191.692"/>
  <testcase classname="com.amt.testBase.TestBase" name="@BeforeTest start_info" time="0.0">
    <ignored/>
  </testcase> <!-- @BeforeTest start_info -->
  <testcase classname="com.amt.testBase.TestBase" name="@BeforeTest start_info" time="0.0">
    <ignored/>
  </testcase> <!-- @BeforeTest start_info -->
  <testcase classname="com.amt.testBase.TestBase" name="@BeforeTest start_info" time="0.0">
    <ignored/>
  </testcase> <!-- @BeforeTest start_info -->
  <testcase classname="com.amt.testBase.TestBase" name="@BeforeTest start_info" time="0.0">
    <ignored/>
  </testcase> <!-- @BeforeTest start_info -->
  <testcase classname="com.amt.testBase.TestBase" name="@BeforeTest start_info" time="0.0">
    <ignored/>
  </testcase> <!-- @BeforeTest start_info -->
  <testcase classname="com.amt.testBase.TestBase" name="@BeforeTest start_info" time="0.0">
    <ignored/>
  </testcase> <!-- @BeforeTest start_info -->
  <testcase classname="com.amt.testBase.TestBase" name="@BeforeTest start_info" time="0.0">
    <ignored/>
  </testcase> <!-- @BeforeTest start_info -->
  <testcase classname="com.amt.testBase.TestBase" name="@BeforeTest start_info" time="0.0">
    <ignored/>
  </testcase> <!-- @BeforeTest start_info -->
  <testcase classname="com.amt.testBase.TestBase" name="@BeforeTest start_info" time="0.0">
    <ignored/>
  </testcase> <!-- @BeforeTest start_info -->
  <testcase classname="com.amt.testBase.TestBase" name="@BeforeTest start_info" time="0.0">
    <ignored/>
  </testcase> <!-- @BeforeTest start_info -->
  <testcase classname="com.amt.testBase.TestBase" name="@BeforeTest start_info" time="0.0">
    <ignored/>
  </testcase> <!-- @BeforeTest start_info -->
  <testcase classname="com.amt.testBase.TestBase" name="@BeforeTest start_info" time="0.0">
    <ignored/>
  </testcase> <!-- @BeforeTest start_info -->
  <testcase classname="com.amt.testBase.TestBase" name="@BeforeTest start_info" time="0.0">
    <ignored/>
  </testcase> <!-- @BeforeTest start_info -->
  <testcase classname="com.amt.testBase.TestBase" name="@AfterSuite end" time="0.0">
    <ignored/>
  </testcase> <!-- @AfterSuite end -->
  <testcase classname="com.amt.testBase.TestBase" name="@AfterSuite end" time="0.0">
    <ignored/>
  </testcase> <!-- @AfterSuite end -->
  <testcase classname="com.amt.testBase.TestBase" name="@AfterSuite end" time="0.0">
    <ignored/>
  </testcase> <!-- @AfterSuite end -->
  <testcase classname="com.amt.testBase.TestBase" name="@AfterSuite end" time="0.0">
    <ignored/>
  </testcase> <!-- @AfterSuite end -->
  <testcase classname="com.amt.testBase.TestBase" name="@AfterSuite end" time="0.0">
    <ignored/>
  </testcase> <!-- @AfterSuite end -->
  <testcase classname="com.amt.testBase.TestBase" name="@AfterSuite end" time="0.0">
    <ignored/>
  </testcase> <!-- @AfterSuite end -->
  <testcase classname="com.amt.testBase.TestBase" name="@AfterSuite end" time="0.0">
    <ignored/>
  </testcase> <!-- @AfterSuite end -->
  <testcase classname="com.amt.testBase.TestBase" name="@AfterSuite end" time="0.0">
    <ignored/>
  </testcase> <!-- @AfterSuite end -->
  <testcase classname="com.amt.testBase.TestBase" name="@AfterSuite end" time="0.0">
    <ignored/>
  </testcase> <!-- @AfterSuite end -->
  <testcase classname="com.amt.testBase.TestBase" name="@AfterSuite end" time="0.0">
    <ignored/>
  </testcase> <!-- @AfterSuite end -->
  <testcase classname="com.amt.testBase.TestBase" name="@AfterSuite end" time="0.0">
    <ignored/>
  </testcase> <!-- @AfterSuite end -->
  <testcase classname="com.amt.testBase.TestBase" name="@AfterSuite end" time="0.0">
    <ignored/>
  </testcase> <!-- @AfterSuite end -->
  <testcase classname="com.amt.testBase.TestBase" name="@AfterSuite end" time="0.0">
    <ignored/>
  </testcase> <!-- @AfterSuite end -->
</testsuite> <!-- NewLCVSmokeTesting -->
