<?xml version="1.0" encoding="UTF-8"?>
<!-- Generated by org.testng.reporters.JUnitXMLReporter -->
<testsuite ignored="26" hostname="DSK-4052" failures="5" tests="79" name="NewLCVSmokeTesting" time="4142.247" errors="0" timestamp="2023-10-05T08:39:54 IST">
  <testcase classname="newLCV.FL.Acquisition_Quotes_FL_BCH_LCV_without_maintenance_Test" name="aquisition_quotes_FL_BCH_OTR_calculation_without_maintenance_test" time="84.303"/>
  <testcase classname="newLCV.FL.Acquisition_Quotes_FL_BCH_LCV_without_maintenance_Test" name="aquisition_quotes_FL_BCH_after_discount_calculations_without_maintenance_test" time="4.685"/>
  <testcase classname="newLCV.FL.Acquisition_Quotes_FL_BCH_LCV_without_maintenance_Test" name="aquisition_quotes_FL_BCH_holding_cost_calculations_without_maintenance_test" time="50.13"/>
  <testcase classname="newLCV.FL.Acquisition_Quotes_FL_BCH_LCV_without_maintenance_Test" name="aquisition_quotes_FL_BCH_customer_quote_payment_profile_calculations_without_maintenance_test" time="66.327"/>
  <testcase classname="newLCV.FL.Acquisition_Quotes_FL_BCH_LCV_without_maintenance_Test" name="aquisition_quotes_FL_BCH_quote_summary_values_verification_without_maintenance_test" time="181.925"/>
  <testcase classname="newLCV.CP.Acquisition_Quotes_CP_PCP_LCV_without_maintenance_Test" name="aquisition_quotes_CP_PCP_OTR_calculation_without_maintenance_test" time="80.972"/>
  <testcase classname="newLCV.CP.Acquisition_Quotes_CP_PCP_LCV_without_maintenance_Test" name="aquisition_quotes_CP_PCP_after_discount_calculations_without_maintenance_test" time="4.624"/>
  <testcase classname="newLCV.CP.Acquisition_Quotes_CP_PCP_LCV_without_maintenance_Test" name="aquisition_quotes_CP_PCP_holding_cost_calculations_without_maintenance_test" time="40.693"/>
  <testcase classname="newLCV.CP.Acquisition_Quotes_CP_PCP_LCV_without_maintenance_Test" name="aquisition_quotes_CP_PCP_customer_quote_calculations_check_monthly_finance_payment_without_maintenance_test" time="76.918"/>
  <testcase classname="newLCV.CP.Acquisition_Quotes_CP_PCP_LCV_without_maintenance_Test" name="aquisition_quotes_CP_PCP_customer_quote_vehicle_profit_edit_check_without_maintenance_test" time="33.326"/>
  <testcase classname="newLCV.CP.Acquisition_Quotes_CP_PCP_LCV_without_maintenance_Test" name="aquisition_quotes_CP_PCP_customer_quote_part_exchange_value_edit_check_without_maintenance_test" time="59.737"/>
  <testcase classname="newLCV.CP.Acquisition_Quotes_CP_PCP_LCV_without_maintenance_Test" name="aquisition_quotes_CP_PCP_quote_summary_values_verification_without_maintenance_test" time="202.434"/>
  <testcase classname="newLCV.OP.Acquisition_Quotes_Outright_BCH_LCV_without_maintenance_Test" name="aquisition_quotes_outright_BCH_OTR_calculation_without_maintenance_test" time="91.518"/>
  <testcase classname="newLCV.OP.Acquisition_Quotes_Outright_BCH_LCV_without_maintenance_Test" name="aquisition_quotes_outright_BCH_after_discount_calculations_without_maintenance_test" time="4.601"/>
  <testcase classname="newLCV.OP.Acquisition_Quotes_Outright_BCH_LCV_without_maintenance_Test" name="aquisition_quotes_outright_BCH_other_support_check_with_maintenance_test" time="16.87"/>
  <testcase classname="newLCV.OP.Acquisition_Quotes_Outright_BCH_LCV_without_maintenance_Test" name="aquisition_quotes_outright_BCH_holding_cost_calculations_without_maintenance_test" time="53.262"/>
  <testcase classname="newLCV.OP.Acquisition_Quotes_Outright_BCH_LCV_without_maintenance_Test" name="aquisition_quotes_outright_BCH_customer_quote_payment_profile_calculations_without_maintenance_test" time="175.234">
    <failure type="java.lang.AssertionError" message="expected [true] but found [false]">
      <![CDATA[java.lang.AssertionError: expected [true] but found [false]
at newLCV.OP.Acquisition_Quotes_Outright_BCH_LCV_without_maintenance_Test.aquisition_quotes_outright_BCH_customer_quote_payment_profile_calculations_without_maintenance_test(Acquisition_Quotes_Outright_BCH_LCV_without_maintenance_Test.java:223)
at java.base/java.util.ArrayList.forEach(ArrayList.java:1511)
... Removed 29 stack frames]]>
    </failure>
  </testcase> <!-- aquisition_quotes_outright_BCH_customer_quote_payment_profile_calculations_without_maintenance_test -->
  <testcase classname="newLCV.OP.Acquisition_Quotes_Outright_BCH_LCV_without_maintenance_Test" name="aquisition_quotes_outright_BCH_quote_summary_values_verification_without_maintenance_test" time="0.0">
    <skipped/>
  </testcase> <!-- aquisition_quotes_outright_BCH_quote_summary_values_verification_without_maintenance_test -->
  <testcase classname="newLCV.BROKER.Acquisition_Quotes_Broker_BCH_LCV_without_maintenance_Test" name="aquisition_quotes_user_flow_broker_bch_OTR_calculation_without_maintenance_test" time="87.449"/>
  <testcase classname="newLCV.BROKER.Acquisition_Quotes_Broker_BCH_LCV_without_maintenance_Test" name="aquisition_quotes_user_flow_broker_bch_after_discount_calculation_without_maintenance_test" time="4.618"/>
  <testcase classname="newLCV.BROKER.Acquisition_Quotes_Broker_BCH_LCV_without_maintenance_Test" name="aquisition_quotes_user_flow_broker_bch_funder_quote_addition_without_maintenance_test" time="34.898"/>
  <testcase classname="newLCV.BROKER.Acquisition_Quotes_Broker_BCH_LCV_without_maintenance_Test" name="aquisition_quotes_user_flow_broker_bch_quote_summary_values_verification_without_maintenance_test" time="25.529"/>
  <testcase classname="newLCV.HPNR.Acquisition_Quotes_HPNR_HPNR_LCV_with_maintenance_Test" name="aquisition_quotes_HPNR_HPNR_OTR_calculation_with_maintenance_test" time="80.432"/>
  <testcase classname="newLCV.HPNR.Acquisition_Quotes_HPNR_HPNR_LCV_with_maintenance_Test" name="aquisition_quotes_HPNR_HPNR_after_discount_calculations_with_maintenance_test" time="4.494"/>
  <testcase classname="newLCV.HPNR.Acquisition_Quotes_HPNR_HPNR_LCV_with_maintenance_Test" name="aquisition_quotes_HPNR_HPNR_holding_cost_calculations_with_maintenance_test" time="55.464"/>
  <testcase classname="newLCV.HPNR.Acquisition_Quotes_HPNR_HPNR_LCV_with_maintenance_Test" name="aquisition_quotes_HPNR_HPNR_customer_quote_calculations_check_monthly_finance_payment_with_maintenance_test" time="47.016">
    <failure type="java.lang.AssertionError" message="expected [true] but found [false]">
      <![CDATA[java.lang.AssertionError: expected [true] but found [false]
at newLCV.HPNR.Acquisition_Quotes_HPNR_HPNR_LCV_with_maintenance_Test.aquisition_quotes_HPNR_HPNR_customer_quote_calculations_check_monthly_finance_payment_with_maintenance_test(Acquisition_Quotes_HPNR_HPNR_LCV_with_maintenance_Test.java:135)
at java.base/java.util.ArrayList.forEach(ArrayList.java:1511)
... Removed 29 stack frames]]>
    </failure>
  </testcase> <!-- aquisition_quotes_HPNR_HPNR_customer_quote_calculations_check_monthly_finance_payment_with_maintenance_test -->
  <testcase classname="newLCV.HPNR.Acquisition_Quotes_HPNR_HPNR_LCV_with_maintenance_Test" name="aquisition_quotes_HPNR_HPNR_customer_quote_vehicle_profit_edit_check_with_maintenance_test" time="0.0">
    <skipped/>
  </testcase> <!-- aquisition_quotes_HPNR_HPNR_customer_quote_vehicle_profit_edit_check_with_maintenance_test -->
  <testcase classname="newLCV.HPNR.Acquisition_Quotes_HPNR_HPNR_LCV_with_maintenance_Test" name="aquisition_quotes_HPNR_HPNR_customer_quote_part_exchange_value_edit_check_with_maintenance_test" time="0.0">
    <skipped/>
  </testcase> <!-- aquisition_quotes_HPNR_HPNR_customer_quote_part_exchange_value_edit_check_with_maintenance_test -->
  <testcase classname="newLCV.HPNR.Acquisition_Quotes_HPNR_HPNR_LCV_with_maintenance_Test" name="aquisition_quotes_HPNR_HPNR_customer_quote_monthly_finance_payment_after_balloon_payment_off_with_maintenance_test" time="0.0">
    <skipped/>
  </testcase> <!-- aquisition_quotes_HPNR_HPNR_customer_quote_monthly_finance_payment_after_balloon_payment_off_with_maintenance_test -->
  <testcase classname="newLCV.HPNR.Acquisition_Quotes_HPNR_HPNR_LCV_with_maintenance_Test" name="aquisition_quotes_HPNR_HPNR_quote_summary_values_verification_with_maintenance_test" time="0.0">
    <skipped/>
  </testcase> <!-- aquisition_quotes_HPNR_HPNR_quote_summary_values_verification_with_maintenance_test -->
  <testcase classname="newLCV.BROKER.Acquisition_Quotes_Broker_HPR_LCV_Test" name="aquisition_quotes_user_flow_broker_HPR_OTR_calculation" time="88.905"/>
  <testcase classname="newLCV.BROKER.Acquisition_Quotes_Broker_HPR_LCV_Test" name="aquisition_quotes_user_flow_broker_HPR_after_discount_calculations_test" time="4.554"/>
  <testcase classname="newLCV.BROKER.Acquisition_Quotes_Broker_HPR_LCV_Test" name="aquisition_quotes_user_flow_broker_HPR_vehicle_profit_check_test" time="21.767"/>
  <testcase classname="newLCV.BROKER.Acquisition_Quotes_Broker_HPR_LCV_Test" name="aquisition_quotes_user_flow_broker_HPR_balance_to_finance_check_test" time="28.6"/>
  <testcase classname="newLCV.BROKER.Acquisition_Quotes_Broker_HPR_LCV_Test" name="aquisition_quotes_user_flow_broker_HPR_quote_summary_values_verification_test" time="20.492"/>
  <testcase classname="newLCV.CP.Acquisition_Quotes_CP_PCH_LCV_with_funder_quote_addition_with_maintenance_Test" name="aquisition_quotes_CP_PCH_OTR_calculation_with_maintenance_test" time="80.8"/>
  <testcase classname="newLCV.CP.Acquisition_Quotes_CP_PCH_LCV_with_funder_quote_addition_with_maintenance_Test" name="aquisition_quotes_CP_PCH_after_discount_calculations_with_maintenance_test" time="4.533"/>
  <testcase classname="newLCV.CP.Acquisition_Quotes_CP_PCH_LCV_with_funder_quote_addition_with_maintenance_Test" name="aquisition_quotes_CP_PCH_holding_cost_calculations_with_maintenance_test" time="26.277"/>
  <testcase classname="newLCV.CP.Acquisition_Quotes_CP_PCH_LCV_with_funder_quote_addition_with_maintenance_Test" name="aquisition_quotes_CP_PCH_customer_quote_payment_profile_calculations_with_maintenance_test" time="65.677"/>
  <testcase classname="newLCV.CP.Acquisition_Quotes_CP_PCH_LCV_with_funder_quote_addition_with_maintenance_Test" name="aquisition_quotes_CP_PCH_quote_summary_values_verification_with_maintenance_test" time="193.524"/>
  <testcase classname="newLCV.OP.Acquisition_Quotes_OP_OP_LCV_Test" name="aquisition_quotes_OP_OP_OTR_calculation_test" time="82.33"/>
  <testcase classname="newLCV.OP.Acquisition_Quotes_OP_OP_LCV_Test" name="aquisition_quotes_OP_OP_after_discount_calculations_test" time="4.611"/>
  <testcase classname="newLCV.OP.Acquisition_Quotes_OP_OP_LCV_Test" name="aquisition_quotes_OP_OP_customer_quote_vehicle_profit_edit_test" time="3.752"/>
  <testcase classname="newLCV.OP.Acquisition_Quotes_OP_OP_LCV_Test" name="aquisition_quotes_OP_OP_customer_quote_part_exchange_value_edit_test" time="13.924"/>
  <testcase classname="newLCV.OP.Acquisition_Quotes_OP_OP_LCV_Test" name="aquisition_quotes_OP_OP_quote_summary_values_verification_with_maintenance_test" time="6.625"/>
  <testcase classname="newLCV.OP.Acquisition_Quotes_Outright_HPR_LCV_with_maintenance_Test" name="aquisition_quotes_outright_HPR_OTR_calculation_with_maintenance_test" time="86.428"/>
  <testcase classname="newLCV.OP.Acquisition_Quotes_Outright_HPR_LCV_with_maintenance_Test" name="aquisition_quotes_outright_HPR_after_discount_calculations_with_maintenance_test" time="4.3"/>
  <testcase classname="newLCV.OP.Acquisition_Quotes_Outright_HPR_LCV_with_maintenance_Test" name="aquisition_quotes_outright_HPR_holding_cost_calculations_with_maintenance_test" time="58.305"/>
  <testcase classname="newLCV.OP.Acquisition_Quotes_Outright_HPR_LCV_with_maintenance_Test" name="aquisition_quotes_outright_HPR_customer_quote_calculations_check_monthly_finance_payment_with_maintenance_test" time="47.112">
    <failure type="java.lang.AssertionError" message="expected [true] but found [false]">
      <![CDATA[java.lang.AssertionError: expected [true] but found [false]
at newLCV.OP.Acquisition_Quotes_Outright_HPR_LCV_with_maintenance_Test.aquisition_quotes_outright_HPR_customer_quote_calculations_check_monthly_finance_payment_with_maintenance_test(Acquisition_Quotes_Outright_HPR_LCV_with_maintenance_Test.java:128)
at java.base/java.util.ArrayList.forEach(ArrayList.java:1511)
... Removed 29 stack frames]]>
    </failure>
  </testcase> <!-- aquisition_quotes_outright_HPR_customer_quote_calculations_check_monthly_finance_payment_with_maintenance_test -->
  <testcase classname="newLCV.OP.Acquisition_Quotes_Outright_HPR_LCV_with_maintenance_Test" name="aquisition_quotes_outright_HPR_customer_quote_vehicle_profit_edit_check_with_maintenance_test" time="0.0">
    <skipped/>
  </testcase> <!-- aquisition_quotes_outright_HPR_customer_quote_vehicle_profit_edit_check_with_maintenance_test -->
  <testcase classname="newLCV.OP.Acquisition_Quotes_Outright_HPR_LCV_with_maintenance_Test" name="aquisition_quotes_outright_HPR_customer_quote_part_exchange_value_edit_check_with_maintenance_test" time="0.0">
    <skipped/>
  </testcase> <!-- aquisition_quotes_outright_HPR_customer_quote_part_exchange_value_edit_check_with_maintenance_test -->
  <testcase classname="newLCV.OP.Acquisition_Quotes_Outright_HPR_LCV_with_maintenance_Test" name="aquisition_quotes_outright_HPR_customer_quote_monthly_finance_payment_after_balloon_payment_off_with_maintenance_test" time="0.0">
    <skipped/>
  </testcase> <!-- aquisition_quotes_outright_HPR_customer_quote_monthly_finance_payment_after_balloon_payment_off_with_maintenance_test -->
  <testcase classname="newLCV.OP.Acquisition_Quotes_Outright_HPR_LCV_with_maintenance_Test" name="aquisition_quotes_outright_HPR_quote_summary_values_verification_with_maintenance_test" time="0.0">
    <skipped/>
  </testcase> <!-- aquisition_quotes_outright_HPR_quote_summary_values_verification_with_maintenance_test -->
  <testcase classname="newLCV.BCH.Acquisition_Quotes_BCH_BCH_LCV_with_maintenance_Test" name="aquisition_quotes_BCH_BCH_OTR_calculation_with_maintenance_test" time="81.447"/>
  <testcase classname="newLCV.BCH.Acquisition_Quotes_BCH_BCH_LCV_with_maintenance_Test" name="aquisition_quotes_BCH_BCH_after_discount_calculations_with_maintenance_test" time="4.588"/>
  <testcase classname="newLCV.BCH.Acquisition_Quotes_BCH_BCH_LCV_with_maintenance_Test" name="aquisition_quotes_BCH_BCH_holding_cost_calculations_with_maintenance_test" time="22.36"/>
  <testcase classname="newLCV.BCH.Acquisition_Quotes_BCH_BCH_LCV_with_maintenance_Test" name="aquisition_quotes_BCH_BCH_customer_quote_payment_profile_calculations_with_maintenance_test" time="37.454">
    <failure type="java.lang.AssertionError" message="expected [true] but found [false]">
      <![CDATA[java.lang.AssertionError: expected [true] but found [false]
at newLCV.BCH.Acquisition_Quotes_BCH_BCH_LCV_with_maintenance_Test.aquisition_quotes_BCH_BCH_customer_quote_payment_profile_calculations_with_maintenance_test(Acquisition_Quotes_BCH_BCH_LCV_with_maintenance_Test.java:142)
at java.base/java.util.ArrayList.forEach(ArrayList.java:1511)
... Removed 29 stack frames]]>
    </failure>
  </testcase> <!-- aquisition_quotes_BCH_BCH_customer_quote_payment_profile_calculations_with_maintenance_test -->
  <testcase classname="newLCV.BCH.Acquisition_Quotes_BCH_BCH_LCV_with_maintenance_Test" name="aquisition_quotes_BCH_BCH_quote_summary_values_verification_with_maintenance_test" time="0.0">
    <skipped/>
  </testcase> <!-- aquisition_quotes_BCH_BCH_quote_summary_values_verification_with_maintenance_test -->
  <testcase classname="newLCV.HPNR.Acquisition_Quotes_HPNR_CP_LCV_with_funder_quote_addition_with_maintenance_Test" name="aquisition_quotes_HPNR_CP_OTR_calculation_with_maintenance_test" time="80.588"/>
  <testcase classname="newLCV.HPNR.Acquisition_Quotes_HPNR_CP_LCV_with_funder_quote_addition_with_maintenance_Test" name="aquisition_quotes_HPNR_CP_after_discount_calculations_with_maintenance_test" time="4.514"/>
  <testcase classname="newLCV.HPNR.Acquisition_Quotes_HPNR_CP_LCV_with_funder_quote_addition_with_maintenance_Test" name="aquisition_quotes_HPNR_CP_holding_cost_calculations_with_maintenance_test" time="24.916"/>
  <testcase classname="newLCV.HPNR.Acquisition_Quotes_HPNR_CP_LCV_with_funder_quote_addition_with_maintenance_Test" name="aquisition_quotes_HPNR_CP_customer_quote_calculations_check_monthly_finance_payment_with_maintenance_test" time="42.212">
    <failure type="java.lang.AssertionError" message="expected [true] but found [false]">
      <![CDATA[java.lang.AssertionError: expected [true] but found [false]
at newLCV.HPNR.Acquisition_Quotes_HPNR_CP_LCV_with_funder_quote_addition_with_maintenance_Test.aquisition_quotes_HPNR_CP_customer_quote_calculations_check_monthly_finance_payment_with_maintenance_test(Acquisition_Quotes_HPNR_CP_LCV_with_funder_quote_addition_with_maintenance_Test.java:122)
at java.base/java.util.ArrayList.forEach(ArrayList.java:1511)
... Removed 29 stack frames]]>
    </failure>
  </testcase> <!-- aquisition_quotes_HPNR_CP_customer_quote_calculations_check_monthly_finance_payment_with_maintenance_test -->
  <testcase classname="newLCV.HPNR.Acquisition_Quotes_HPNR_CP_LCV_with_funder_quote_addition_with_maintenance_Test" name="aquisition_quotes_HPNR_CP_quote_summary_values_verification_with_maintenance_test" time="0.0">
    <skipped/>
  </testcase> <!-- aquisition_quotes_HPNR_CP_quote_summary_values_verification_with_maintenance_test -->
  <testcase classname="newLCV.CP.Acquisition_Quotes_CP_CP_LCV_with_funder_quote_addition_without_maintenance_Test" name="aquisition_quotes_CP_CP_OTR_calculation_without_maintenance_test" time="82.112"/>
  <testcase classname="newLCV.CP.Acquisition_Quotes_CP_CP_LCV_with_funder_quote_addition_without_maintenance_Test" name="aquisition_quotes_CP_CP_after_discount_calculations_without_maintenance_test" time="4.658"/>
  <testcase classname="newLCV.CP.Acquisition_Quotes_CP_CP_LCV_with_funder_quote_addition_without_maintenance_Test" name="aquisition_quotes_CP_CP_holding_cost_calculations_without_maintenance_test" time="24.383"/>
  <testcase classname="newLCV.CP.Acquisition_Quotes_CP_CP_LCV_with_funder_quote_addition_without_maintenance_Test" name="aquisition_quotes_CP_CP_customer_quote_calculations_check_monthly_finance_payment_without_maintenance_test" time="26.775"/>
  <testcase classname="newLCV.CP.Acquisition_Quotes_CP_CP_LCV_with_funder_quote_addition_without_maintenance_Test" name="aquisition_quotes_CP_CP_quote_summary_values_verification_without_maintenance_test" time="198.094"/>
  <testcase classname="newLCV.CP.Acquisition_Quotes_CP_BCH_LCV_with_maintenance_Test" name="aquisition_quotes_CP_BCH_OTR_calculation_with_maintenance_test" time="94.915"/>
  <testcase classname="newLCV.CP.Acquisition_Quotes_CP_BCH_LCV_with_maintenance_Test" name="aquisition_quotes_CP_BCH_after_discount_calculations_with_maintenance_test" time="4.232"/>
  <testcase classname="newLCV.CP.Acquisition_Quotes_CP_BCH_LCV_with_maintenance_Test" name="aquisition_quotes_CP_BCH_holding_cost_calculations_with_maintenance_test" time="70.965"/>
  <testcase classname="newLCV.CP.Acquisition_Quotes_CP_BCH_LCV_with_maintenance_Test" name="aquisition_quotes_CP_BCH_customer_quote_payment_profile_calculations_with_maintenance_test" time="107.997"/>
  <testcase classname="newLCV.CP.Acquisition_Quotes_CP_BCH_LCV_with_maintenance_Test" name="aquisition_quotes_CP_BCH_quote_summary_values_verification_with_maintenance_test" time="216.889"/>
  <testcase classname="newLCV.HPNR.Acquisition_Quotes_HPNR_PCH_LCV_without_maintenance_Test" name="aquisition_quotes_HPNR_PCH_OTR_calculation_without_maintenance_test" time="91.794"/>
  <testcase classname="newLCV.HPNR.Acquisition_Quotes_HPNR_PCH_LCV_without_maintenance_Test" name="aquisition_quotes_HPNR_PCH_after_discount_calculations_without_maintenance_test" time="4.486"/>
  <testcase classname="newLCV.HPNR.Acquisition_Quotes_HPNR_PCH_LCV_without_maintenance_Test" name="aquisition_quotes_HPNR_PCH_other_support_check_without_maintenance_test" time="16.568"/>
  <testcase classname="newLCV.HPNR.Acquisition_Quotes_HPNR_PCH_LCV_without_maintenance_Test" name="aquisition_quotes_HPNR_PCH_holding_cost_calculations_without_maintenance_test" time="61.29"/>
  <testcase classname="newLCV.HPNR.Acquisition_Quotes_HPNR_PCH_LCV_without_maintenance_Test" name="aquisition_quotes_HPNR_PCH_customer_quote_payment_profile_calculations_without_maintenance_test" time="68.433"/>
  <testcase classname="newLCV.HPNR.Acquisition_Quotes_HPNR_PCH_LCV_without_maintenance_Test" name="aquisition_quotes_HPNR_PCH_quote_summary_values_verification_without_maintenance_test" time="180.894"/>
  <testcase classname="com.amt.testBase.TestBase" name="@BeforeTest start_info" time="0.0">
    <ignored/>
  </testcase> <!-- @BeforeTest start_info -->
  <testcase classname="com.amt.testBase.TestBase" name="@BeforeTest start_info" time="0.0">
    <ignored/>
  </testcase> <!-- @BeforeTest start_info -->
  <testcase classname="com.amt.testBase.TestBase" name="@BeforeTest start_info" time="0.0">
    <ignored/>
  </testcase> <!-- @BeforeTest start_info -->
  <testcase classname="com.amt.testBase.TestBase" name="@BeforeTest start_info" time="0.0">
    <ignored/>
  </testcase> <!-- @BeforeTest start_info -->
  <testcase classname="com.amt.testBase.TestBase" name="@BeforeTest start_info" time="0.0">
    <ignored/>
  </testcase> <!-- @BeforeTest start_info -->
  <testcase classname="com.amt.testBase.TestBase" name="@BeforeTest start_info" time="0.0">
    <ignored/>
  </testcase> <!-- @BeforeTest start_info -->
  <testcase classname="com.amt.testBase.TestBase" name="@BeforeTest start_info" time="0.0">
    <ignored/>
  </testcase> <!-- @BeforeTest start_info -->
  <testcase classname="com.amt.testBase.TestBase" name="@BeforeTest start_info" time="0.0">
    <ignored/>
  </testcase> <!-- @BeforeTest start_info -->
  <testcase classname="com.amt.testBase.TestBase" name="@BeforeTest start_info" time="0.0">
    <ignored/>
  </testcase> <!-- @BeforeTest start_info -->
  <testcase classname="com.amt.testBase.TestBase" name="@BeforeTest start_info" time="0.0">
    <ignored/>
  </testcase> <!-- @BeforeTest start_info -->
  <testcase classname="com.amt.testBase.TestBase" name="@BeforeTest start_info" time="0.0">
    <ignored/>
  </testcase> <!-- @BeforeTest start_info -->
  <testcase classname="com.amt.testBase.TestBase" name="@BeforeTest start_info" time="0.0">
    <ignored/>
  </testcase> <!-- @BeforeTest start_info -->
  <testcase classname="com.amt.testBase.TestBase" name="@BeforeTest start_info" time="0.0">
    <ignored/>
  </testcase> <!-- @BeforeTest start_info -->
  <testcase classname="com.amt.testBase.TestBase" name="@AfterSuite end" time="0.0">
    <ignored/>
  </testcase> <!-- @AfterSuite end -->
  <testcase classname="com.amt.testBase.TestBase" name="@AfterSuite end" time="0.0">
    <ignored/>
  </testcase> <!-- @AfterSuite end -->
  <testcase classname="com.amt.testBase.TestBase" name="@AfterSuite end" time="0.0">
    <ignored/>
  </testcase> <!-- @AfterSuite end -->
  <testcase classname="com.amt.testBase.TestBase" name="@AfterSuite end" time="0.0">
    <ignored/>
  </testcase> <!-- @AfterSuite end -->
  <testcase classname="com.amt.testBase.TestBase" name="@AfterSuite end" time="0.0">
    <ignored/>
  </testcase> <!-- @AfterSuite end -->
  <testcase classname="com.amt.testBase.TestBase" name="@AfterSuite end" time="0.0">
    <ignored/>
  </testcase> <!-- @AfterSuite end -->
  <testcase classname="com.amt.testBase.TestBase" name="@AfterSuite end" time="0.0">
    <ignored/>
  </testcase> <!-- @AfterSuite end -->
  <testcase classname="com.amt.testBase.TestBase" name="@AfterSuite end" time="0.0">
    <ignored/>
  </testcase> <!-- @AfterSuite end -->
  <testcase classname="com.amt.testBase.TestBase" name="@AfterSuite end" time="0.0">
    <ignored/>
  </testcase> <!-- @AfterSuite end -->
  <testcase classname="com.amt.testBase.TestBase" name="@AfterSuite end" time="0.0">
    <ignored/>
  </testcase> <!-- @AfterSuite end -->
  <testcase classname="com.amt.testBase.TestBase" name="@AfterSuite end" time="0.0">
    <ignored/>
  </testcase> <!-- @AfterSuite end -->
  <testcase classname="com.amt.testBase.TestBase" name="@AfterSuite end" time="0.0">
    <ignored/>
  </testcase> <!-- @AfterSuite end -->
  <testcase classname="com.amt.testBase.TestBase" name="@AfterSuite end" time="0.0">
    <ignored/>
  </testcase> <!-- @AfterSuite end -->
</testsuite> <!-- NewLCVSmokeTesting -->
