<?xml version="1.0" encoding="UTF-8"?>
<!-- Generated by org.testng.reporters.JUnitXMLReporter -->
<testsuite ignored="6" hostname="DSK-4052" failures="3" tests="27" name="Test New Car" time="1135.058" errors="0" timestamp="2024-02-06T20:21:04 IST">
  <testcase classname="newCar.CP.Acquisition_Quotes_CP_CP_without_maintenance_Test" name="aquisition_quotes_CP_CP_OTR_calculation_without_maintenance_test" time="70.16">
    <failure type="org.openqa.selenium.TimeoutException" message="Expected condition failed: waiting for element to be clickable: Proxy element for: DefaultElementLocator &amp;apos;By.xpath: //*[@id=&amp;apos;dropdownRole&amp;apos;]&amp;apos; (tried for 60 second(s) with 500 milliseconds interval)">
      <![CDATA[org.openqa.selenium.TimeoutException: Expected condition failed: waiting for element to be clickable: Proxy element for: DefaultElementLocator 'By.xpath: //*[@id='dropdownRole']' (tried for 60 second(s) with 500 milliseconds interval)
at org.openqa.selenium.support.ui.WebDriverWait.timeoutException(WebDriverWait.java:138)
at org.openqa.selenium.support.ui.FluentWait.until(FluentWait.java:231)
at com.amt.testUtil.Click.on(Click.java:18)
at com.amt.pages.AcquisitionListingPage.aquisition_Listingpage_AddnewQuote(AcquisitionListingPage.java:131)
at newCar.CP.Acquisition_Quotes_CP_CP_without_maintenance_Test.aquisition_quotes_CP_CP_OTR_calculation_without_maintenance_test(Acquisition_Quotes_CP_CP_without_maintenance_Test.java:49)
at java.base/java.util.ArrayList.forEach(ArrayList.java:1511)
Caused by: org.openqa.selenium.NoSuchElementException: no such element: Unable to locate element: {"method":"xpath","selector":"//*[@id='dropdownRole']"}
  (Session info: chrome=121.0.6167.140)
For documentation on this error, please visit: https://selenium.dev/exceptions/#no_such_element
Build info: version: '4.1.0', revision: '87802e897b'
System info: host: 'DSK-4052', ip: '172.16.1.80', os.name: 'Windows 10', os.arch: 'amd64', os.version: '10.0', java.version: '19.0.1'
Driver info: org.openqa.selenium.chrome.ChromeDriver
Command: [e00815c41cff5b2d13e711efd9b7e462, findElement {using=xpath, value=//*[@id='dropdownRole']}]
Capabilities {acceptInsecureCerts: false, browserName: chrome, browserVersion: 121.0.6167.140, chrome: {chromedriverVersion: 121.0.6167.85 (3f98d690ad7e..., userDataDir: C:\Users\NITEIN~1.KUR\AppDa...}, fedcm:accounts: true, goog:chromeOptions: {debuggerAddress: localhost:50544}, javascriptEnabled: true, networkConnectionEnabled: false, pageLoadStrategy: normal, platform: WINDOWS, platformName: WINDOWS, proxy: Proxy(), se:cdp: ws://localhost:50544/devtoo..., se:cdpVersion: 121.0.6167.140, setWindowRect: true, strictFileInteractability: false, timeouts: {implicit: 0, pageLoad: 300000, script: 30000}, unhandledPromptBehavior: dismiss and notify, webauthn:extension:credBlob: true, webauthn:extension:largeBlob: true, webauthn:extension:minPinLength: true, webauthn:extension:prf: true, webauthn:virtualAuthenticators: true}
Session ID: e00815c41cff5b2d13e711efd9b7e462
at org.openqa.selenium.remote.codec.w3c.W3CHttpResponseCodec.createException(W3CHttpResponseCodec.java:200)
at org.openqa.selenium.remote.codec.w3c.W3CHttpResponseCodec.decode(W3CHttpResponseCodec.java:133)
at org.openqa.selenium.remote.codec.w3c.W3CHttpResponseCodec.decode(W3CHttpResponseCodec.java:53)
at org.openqa.selenium.remote.HttpCommandExecutor.execute(HttpCommandExecutor.java:184)
at org.openqa.selenium.remote.service.DriverCommandExecutor.invokeExecute(DriverCommandExecutor.java:164)
at org.openqa.selenium.remote.service.DriverCommandExecutor.execute(DriverCommandExecutor.java:139)
at org.openqa.selenium.remote.RemoteWebDriver.execute(RemoteWebDriver.java:559)
at org.openqa.selenium.remote.ElementLocation$ElementFinder$2.findElement(ElementLocation.java:162)
at org.openqa.selenium.remote.ElementLocation.findElement(ElementLocation.java:60)
at org.openqa.selenium.remote.RemoteWebDriver.findElement(RemoteWebDriver.java:383)
at org.openqa.selenium.remote.RemoteWebDriver.findElement(RemoteWebDriver.java:375)
at org.openqa.selenium.support.pagefactory.DefaultElementLocator.findElement(DefaultElementLocator.java:70)
at org.openqa.selenium.support.pagefactory.internal.LocatingElementHandler.invoke(LocatingElementHandler.java:39)
at jdk.proxy2/jdk.proxy2.$Proxy22.isDisplayed(Unknown Source)
at org.openqa.selenium.support.ui.ExpectedConditions.elementIfVisible(ExpectedConditions.java:307)
at org.openqa.selenium.support.ui.ExpectedConditions.access$000(ExpectedConditions.java:40)
at org.openqa.selenium.support.ui.ExpectedConditions$10.apply(ExpectedConditions.java:293)
at org.openqa.selenium.support.ui.ExpectedConditions$10.apply(ExpectedConditions.java:290)
at org.openqa.selenium.support.ui.ExpectedConditions$23.apply(ExpectedConditions.java:660)
at org.openqa.selenium.support.ui.ExpectedConditions$23.apply(ExpectedConditions.java:656)
at org.openqa.selenium.support.ui.FluentWait.until(FluentWait.java:208)
... 29 more
... Removed 28 stack frames]]>
    </failure>
  </testcase> <!-- aquisition_quotes_CP_CP_OTR_calculation_without_maintenance_test -->
  <testcase classname="newCar.CP.Acquisition_Quotes_CP_CP_without_maintenance_Test" name="aquisition_quotes_CP_CP_after_discount_calculations_without_maintenance_test" time="0.0">
    <skipped/>
  </testcase> <!-- aquisition_quotes_CP_CP_after_discount_calculations_without_maintenance_test -->
  <testcase classname="newCar.CP.Acquisition_Quotes_CP_CP_without_maintenance_Test" name="aquisition_quotes_CP_CP_holding_cost_calculations_without_maintenance_test" time="0.0">
    <skipped/>
  </testcase> <!-- aquisition_quotes_CP_CP_holding_cost_calculations_without_maintenance_test -->
  <testcase classname="newCar.CP.Acquisition_Quotes_CP_CP_without_maintenance_Test" name="aquisition_quotes_CP_CP_customer_quote_calculations_check_monthly_finance_payment_without_maintenance_test" time="0.0">
    <skipped/>
  </testcase> <!-- aquisition_quotes_CP_CP_customer_quote_calculations_check_monthly_finance_payment_without_maintenance_test -->
  <testcase classname="newCar.CP.Acquisition_Quotes_CP_CP_without_maintenance_Test" name="aquisition_quotes_CP_CP_customer_quote_vehicle_profit_edit_check_without_maintenance_test" time="0.0">
    <skipped/>
  </testcase> <!-- aquisition_quotes_CP_CP_customer_quote_vehicle_profit_edit_check_without_maintenance_test -->
  <testcase classname="newCar.CP.Acquisition_Quotes_CP_CP_without_maintenance_Test" name="aquisition_quotes_CP_CP_customer_quote_part_exchange_value_edit_check_without_maintenance_test" time="0.0">
    <skipped/>
  </testcase> <!-- aquisition_quotes_CP_CP_customer_quote_part_exchange_value_edit_check_without_maintenance_test -->
  <testcase classname="newCar.CP.Acquisition_Quotes_CP_CP_without_maintenance_Test" name="aquisition_quotes_CP_CP_quote_summary_values_verification_without_maintenance_test" time="0.0">
    <skipped/>
  </testcase> <!-- aquisition_quotes_CP_CP_quote_summary_values_verification_without_maintenance_test -->
  <testcase classname="newCar.BCH.Acquisition_Quotes_BCH_BCH_without_maintenance_Test" name="aquisition_quotes_BCH_BCH_OTR_calculation_without_maintenance_test" time="70.433">
    <failure type="org.openqa.selenium.TimeoutException" message="Expected condition failed: waiting for element to be clickable: Proxy element for: DefaultElementLocator &amp;apos;By.xpath: //*[@id=&amp;apos;dropdownRole&amp;apos;]&amp;apos; (tried for 60 second(s) with 500 milliseconds interval)">
      <![CDATA[org.openqa.selenium.TimeoutException: Expected condition failed: waiting for element to be clickable: Proxy element for: DefaultElementLocator 'By.xpath: //*[@id='dropdownRole']' (tried for 60 second(s) with 500 milliseconds interval)
at org.openqa.selenium.support.ui.WebDriverWait.timeoutException(WebDriverWait.java:138)
at org.openqa.selenium.support.ui.FluentWait.until(FluentWait.java:231)
at com.amt.testUtil.Click.on(Click.java:18)
at com.amt.pages.AcquisitionListingPage.aquisition_Listingpage_AddnewQuote(AcquisitionListingPage.java:131)
at newCar.BCH.Acquisition_Quotes_BCH_BCH_without_maintenance_Test.aquisition_quotes_BCH_BCH_OTR_calculation_without_maintenance_test(Acquisition_Quotes_BCH_BCH_without_maintenance_Test.java:52)
at java.base/java.util.ArrayList.forEach(ArrayList.java:1511)
Caused by: org.openqa.selenium.NoSuchElementException: no such element: Unable to locate element: {"method":"xpath","selector":"//*[@id='dropdownRole']"}
  (Session info: chrome=121.0.6167.140)
For documentation on this error, please visit: https://selenium.dev/exceptions/#no_such_element
Build info: version: '4.1.0', revision: '87802e897b'
System info: host: 'DSK-4052', ip: '172.16.1.80', os.name: 'Windows 10', os.arch: 'amd64', os.version: '10.0', java.version: '19.0.1'
Driver info: org.openqa.selenium.chrome.ChromeDriver
Command: [713daef9573b1a619aec0e6f8c205204, findElement {using=xpath, value=//*[@id='dropdownRole']}]
Capabilities {acceptInsecureCerts: false, browserName: chrome, browserVersion: 121.0.6167.140, chrome: {chromedriverVersion: 121.0.6167.85 (3f98d690ad7e..., userDataDir: C:\Users\NITEIN~1.KUR\AppDa...}, fedcm:accounts: true, goog:chromeOptions: {debuggerAddress: localhost:50596}, javascriptEnabled: true, networkConnectionEnabled: false, pageLoadStrategy: normal, platform: WINDOWS, platformName: WINDOWS, proxy: Proxy(), se:cdp: ws://localhost:50596/devtoo..., se:cdpVersion: 121.0.6167.140, setWindowRect: true, strictFileInteractability: false, timeouts: {implicit: 0, pageLoad: 300000, script: 30000}, unhandledPromptBehavior: dismiss and notify, webauthn:extension:credBlob: true, webauthn:extension:largeBlob: true, webauthn:extension:minPinLength: true, webauthn:extension:prf: true, webauthn:virtualAuthenticators: true}
Session ID: 713daef9573b1a619aec0e6f8c205204
at org.openqa.selenium.remote.codec.w3c.W3CHttpResponseCodec.createException(W3CHttpResponseCodec.java:200)
at org.openqa.selenium.remote.codec.w3c.W3CHttpResponseCodec.decode(W3CHttpResponseCodec.java:133)
at org.openqa.selenium.remote.codec.w3c.W3CHttpResponseCodec.decode(W3CHttpResponseCodec.java:53)
at org.openqa.selenium.remote.HttpCommandExecutor.execute(HttpCommandExecutor.java:184)
at org.openqa.selenium.remote.service.DriverCommandExecutor.invokeExecute(DriverCommandExecutor.java:164)
at org.openqa.selenium.remote.service.DriverCommandExecutor.execute(DriverCommandExecutor.java:139)
at org.openqa.selenium.remote.RemoteWebDriver.execute(RemoteWebDriver.java:559)
at org.openqa.selenium.remote.ElementLocation$ElementFinder$2.findElement(ElementLocation.java:162)
at org.openqa.selenium.remote.ElementLocation.findElement(ElementLocation.java:60)
at org.openqa.selenium.remote.RemoteWebDriver.findElement(RemoteWebDriver.java:383)
at org.openqa.selenium.remote.RemoteWebDriver.findElement(RemoteWebDriver.java:375)
at org.openqa.selenium.support.pagefactory.DefaultElementLocator.findElement(DefaultElementLocator.java:70)
at org.openqa.selenium.support.pagefactory.internal.LocatingElementHandler.invoke(LocatingElementHandler.java:39)
at jdk.proxy2/jdk.proxy2.$Proxy22.isDisplayed(Unknown Source)
at org.openqa.selenium.support.ui.ExpectedConditions.elementIfVisible(ExpectedConditions.java:307)
at org.openqa.selenium.support.ui.ExpectedConditions.access$000(ExpectedConditions.java:40)
at org.openqa.selenium.support.ui.ExpectedConditions$10.apply(ExpectedConditions.java:293)
at org.openqa.selenium.support.ui.ExpectedConditions$10.apply(ExpectedConditions.java:290)
at org.openqa.selenium.support.ui.ExpectedConditions$23.apply(ExpectedConditions.java:660)
at org.openqa.selenium.support.ui.ExpectedConditions$23.apply(ExpectedConditions.java:656)
at org.openqa.selenium.support.ui.FluentWait.until(FluentWait.java:208)
... 29 more
... Removed 28 stack frames]]>
    </failure>
  </testcase> <!-- aquisition_quotes_BCH_BCH_OTR_calculation_without_maintenance_test -->
  <testcase classname="newCar.BCH.Acquisition_Quotes_BCH_BCH_without_maintenance_Test" name="aquisition_quotes_BCH_BCH_after_discount_calculations_without_maintenance_test" time="0.0">
    <skipped/>
  </testcase> <!-- aquisition_quotes_BCH_BCH_after_discount_calculations_without_maintenance_test -->
  <testcase classname="newCar.BCH.Acquisition_Quotes_BCH_BCH_without_maintenance_Test" name="aquisition_quotes_BCH_BCH_holding_cost_calculations_without_maintenance_test" time="0.0">
    <skipped/>
  </testcase> <!-- aquisition_quotes_BCH_BCH_holding_cost_calculations_without_maintenance_test -->
  <testcase classname="newCar.BCH.Acquisition_Quotes_BCH_BCH_without_maintenance_Test" name="aquisition_quotes_BCH_BCH_customer_quote_payment_profile_calculations_without_maintenance_test" time="0.0">
    <skipped/>
  </testcase> <!-- aquisition_quotes_BCH_BCH_customer_quote_payment_profile_calculations_without_maintenance_test -->
  <testcase classname="newCar.BCH.Acquisition_Quotes_BCH_BCH_without_maintenance_Test" name="aquisition_quotes_BCH_BCH_quote_summary_values_verification_without_maintenance_test" time="0.0">
    <skipped/>
  </testcase> <!-- aquisition_quotes_BCH_BCH_quote_summary_values_verification_without_maintenance_test -->
  <testcase classname="newCar.OP.Acquisition_Quotes_Outright_HPNR_without_maintenance_Test" name="aquisition_quotes_outright_HPNR_OTR_calculation_without_maintenance_test" time="164.314">
    <failure type="org.openqa.selenium.TimeoutException" message="Expected condition failed: waiting for visibility of Proxy element for: DefaultElementLocator &amp;apos;By.xpath: //ng-select[@id=&amp;apos;Make&amp;apos;]//input[@role=&amp;apos;combobox&amp;apos;]&amp;apos; (tried for 120 second(s) with 500 milliseconds interval)">
      <![CDATA[org.openqa.selenium.TimeoutException: Expected condition failed: waiting for visibility of Proxy element for: DefaultElementLocator 'By.xpath: //ng-select[@id='Make']//input[@role='combobox']' (tried for 120 second(s) with 500 milliseconds interval)
at org.openqa.selenium.support.ui.WebDriverWait.timeoutException(WebDriverWait.java:138)
at org.openqa.selenium.support.ui.FluentWait.until(FluentWait.java:231)
at com.amt.testUtil.Click.sendKeys(Click.java:27)
at com.amt.pages.VehicleSelectionPage.select_vehicle(VehicleSelectionPage.java:89)
at newCar.OP.Acquisition_Quotes_Outright_HPNR_without_maintenance_Test.aquisition_quotes_outright_HPNR_OTR_calculation_without_maintenance_test(Acquisition_Quotes_Outright_HPNR_without_maintenance_Test.java:50)
at java.base/java.util.ArrayList.forEach(ArrayList.java:1511)
Caused by: org.openqa.selenium.NoSuchElementException: no such element: Unable to locate element: {"method":"xpath","selector":"//ng-select[@id='Make']//input[@role='combobox']"}
  (Session info: chrome=121.0.6167.140)
For documentation on this error, please visit: https://selenium.dev/exceptions/#no_such_element
Build info: version: '4.1.0', revision: '87802e897b'
System info: host: 'DSK-4052', ip: '172.16.1.80', os.name: 'Windows 10', os.arch: 'amd64', os.version: '10.0', java.version: '19.0.1'
Driver info: org.openqa.selenium.chrome.ChromeDriver
Command: [5eb34bdd161ea4c69b61cafa62bfd5b4, findElement {using=xpath, value=//ng-select[@id='Make']//input[@role='combobox']}]
Capabilities {acceptInsecureCerts: false, browserName: chrome, browserVersion: 121.0.6167.140, chrome: {chromedriverVersion: 121.0.6167.85 (3f98d690ad7e..., userDataDir: C:\Users\NITEIN~1.KUR\AppDa...}, fedcm:accounts: true, goog:chromeOptions: {debuggerAddress: localhost:50662}, javascriptEnabled: true, networkConnectionEnabled: false, pageLoadStrategy: normal, platform: WINDOWS, platformName: WINDOWS, proxy: Proxy(), se:cdp: ws://localhost:50662/devtoo..., se:cdpVersion: 121.0.6167.140, setWindowRect: true, strictFileInteractability: false, timeouts: {implicit: 0, pageLoad: 300000, script: 30000}, unhandledPromptBehavior: dismiss and notify, webauthn:extension:credBlob: true, webauthn:extension:largeBlob: true, webauthn:extension:minPinLength: true, webauthn:extension:prf: true, webauthn:virtualAuthenticators: true}
Session ID: 5eb34bdd161ea4c69b61cafa62bfd5b4
at org.openqa.selenium.remote.codec.w3c.W3CHttpResponseCodec.createException(W3CHttpResponseCodec.java:200)
at org.openqa.selenium.remote.codec.w3c.W3CHttpResponseCodec.decode(W3CHttpResponseCodec.java:133)
at org.openqa.selenium.remote.codec.w3c.W3CHttpResponseCodec.decode(W3CHttpResponseCodec.java:53)
at org.openqa.selenium.remote.HttpCommandExecutor.execute(HttpCommandExecutor.java:184)
at org.openqa.selenium.remote.service.DriverCommandExecutor.invokeExecute(DriverCommandExecutor.java:164)
at org.openqa.selenium.remote.service.DriverCommandExecutor.execute(DriverCommandExecutor.java:139)
at org.openqa.selenium.remote.RemoteWebDriver.execute(RemoteWebDriver.java:559)
at org.openqa.selenium.remote.ElementLocation$ElementFinder$2.findElement(ElementLocation.java:162)
at org.openqa.selenium.remote.ElementLocation.findElement(ElementLocation.java:60)
at org.openqa.selenium.remote.RemoteWebDriver.findElement(RemoteWebDriver.java:383)
at org.openqa.selenium.remote.RemoteWebDriver.findElement(RemoteWebDriver.java:375)
at org.openqa.selenium.support.pagefactory.DefaultElementLocator.findElement(DefaultElementLocator.java:70)
at org.openqa.selenium.support.pagefactory.internal.LocatingElementHandler.invoke(LocatingElementHandler.java:39)
at jdk.proxy2/jdk.proxy2.$Proxy22.isDisplayed(Unknown Source)
at org.openqa.selenium.support.ui.ExpectedConditions.elementIfVisible(ExpectedConditions.java:307)
at org.openqa.selenium.support.ui.ExpectedConditions.access$000(ExpectedConditions.java:40)
at org.openqa.selenium.support.ui.ExpectedConditions$10.apply(ExpectedConditions.java:293)
at org.openqa.selenium.support.ui.ExpectedConditions$10.apply(ExpectedConditions.java:290)
at org.openqa.selenium.support.ui.FluentWait.until(FluentWait.java:208)
... 29 more
... Removed 28 stack frames]]>
    </failure>
  </testcase> <!-- aquisition_quotes_outright_HPNR_OTR_calculation_without_maintenance_test -->
  <testcase classname="newCar.OP.Acquisition_Quotes_Outright_HPNR_without_maintenance_Test" name="aquisition_quotes_outright_HPNR_after_discount_calculations_without_maintenance_test" time="0.0">
    <skipped/>
  </testcase> <!-- aquisition_quotes_outright_HPNR_after_discount_calculations_without_maintenance_test -->
  <testcase classname="newCar.OP.Acquisition_Quotes_Outright_HPNR_without_maintenance_Test" name="aquisition_quotes_outright_HPNR_holding_cost_calculations_without_maintenance_test" time="0.0">
    <skipped/>
  </testcase> <!-- aquisition_quotes_outright_HPNR_holding_cost_calculations_without_maintenance_test -->
  <testcase classname="newCar.OP.Acquisition_Quotes_Outright_HPNR_without_maintenance_Test" name="aquisition_quotes_outright_HPNR_customer_quote_calculations_check_monthly_finance_payment_without_maintenance_test" time="0.0">
    <skipped/>
  </testcase> <!-- aquisition_quotes_outright_HPNR_customer_quote_calculations_check_monthly_finance_payment_without_maintenance_test -->
  <testcase classname="newCar.OP.Acquisition_Quotes_Outright_HPNR_without_maintenance_Test" name="aquisition_quotes_outright_HPNR_customer_quote_vehicle_profit_edit_check_without_maintenance_test" time="0.0">
    <skipped/>
  </testcase> <!-- aquisition_quotes_outright_HPNR_customer_quote_vehicle_profit_edit_check_without_maintenance_test -->
  <testcase classname="newCar.OP.Acquisition_Quotes_Outright_HPNR_without_maintenance_Test" name="aquisition_quotes_outright_HPNR_customer_quote_part_exchange_value_edit_check_without_maintenance_test" time="0.0">
    <skipped/>
  </testcase> <!-- aquisition_quotes_outright_HPNR_customer_quote_part_exchange_value_edit_check_without_maintenance_test -->
  <testcase classname="newCar.OP.Acquisition_Quotes_Outright_HPNR_without_maintenance_Test" name="aquisition_quotes_outright_HPNR_customer_quote_monthly_finance_payment_after_balloon_payment_off_without_maintenance_test" time="0.0">
    <skipped/>
  </testcase> <!-- aquisition_quotes_outright_HPNR_customer_quote_monthly_finance_payment_after_balloon_payment_off_without_maintenance_test -->
  <testcase classname="newCar.OP.Acquisition_Quotes_Outright_HPNR_without_maintenance_Test" name="aquisition_quotes_outright_HPNR_quote_summary_values_verification_without_maintenance_test" time="0.0">
    <skipped/>
  </testcase> <!-- aquisition_quotes_outright_HPNR_quote_summary_values_verification_without_maintenance_test -->
  <testcase classname="newCar.CP.Acquisition_Quotes_CP_PCP_without_maintenance_Test" name="aquisition_quotes_CP_PCP_OTR_calculation_without_maintenance_test" time="118.458"/>
  <testcase classname="newCar.CP.Acquisition_Quotes_CP_PCP_without_maintenance_Test" name="aquisition_quotes_CP_PCP_after_discount_calculations_without_maintenance_test" time="4.716"/>
  <testcase classname="newCar.CP.Acquisition_Quotes_CP_PCP_without_maintenance_Test" name="aquisition_quotes_CP_PCP_holding_cost_calculations_without_maintenance_test" time="41.06"/>
  <testcase classname="newCar.CP.Acquisition_Quotes_CP_PCP_without_maintenance_Test" name="aquisition_quotes_CP_PCP_customer_quote_calculations_check_monthly_finance_payment_without_maintenance_test" time="91.12"/>
  <testcase classname="newCar.CP.Acquisition_Quotes_CP_PCP_without_maintenance_Test" name="aquisition_quotes_CP_PCP_customer_quote_vehicle_profit_edit_check_without_maintenance_test" time="43.921"/>
  <testcase classname="newCar.CP.Acquisition_Quotes_CP_PCP_without_maintenance_Test" name="aquisition_quotes_CP_PCP_customer_quote_part_exchange_value_edit_check_without_maintenance_test" time="75.577"/>
  <testcase classname="newCar.CP.Acquisition_Quotes_CP_PCP_without_maintenance_Test" name="aquisition_quotes_CP_PCP_quote_summary_values_verification_without_maintenance_test" time="229.183"/>
  <testcase classname="com.amt.testBase.TestBase" name="@AfterSuite end" time="0.0">
    <ignored/>
  </testcase> <!-- @AfterSuite end -->
  <testcase classname="com.amt.testBase.TestBase" name="@AfterSuite end" time="0.0">
    <ignored/>
  </testcase> <!-- @AfterSuite end -->
  <testcase classname="com.amt.testBase.TestBase" name="@AfterSuite end" time="0.0">
    <ignored/>
  </testcase> <!-- @AfterSuite end -->
  <testcase classname="com.amt.testBase.TestBase" name="@BeforeTest start_info" time="0.0">
    <ignored/>
  </testcase> <!-- @BeforeTest start_info -->
  <testcase classname="com.amt.testBase.TestBase" name="@BeforeTest start_info" time="0.0">
    <ignored/>
  </testcase> <!-- @BeforeTest start_info -->
  <testcase classname="com.amt.testBase.TestBase" name="@BeforeTest start_info" time="0.0">
    <ignored/>
  </testcase> <!-- @BeforeTest start_info -->
</testsuite> <!-- Test New Car -->
