<?xml version="1.0" encoding="UTF-8"?>
<!-- Generated by org.testng.reporters.JUnitXMLReporter -->
<testsuite ignored="18" hostname="DSK-4052" failures="4" tests="61" name="Test New Car" time="3374.721" errors="0" timestamp="2023-12-01T15:27:54 IST">
  <testcase classname="newCar.CP.Acquisition_Quotes_CP_CP_without_maintenance_Test" name="aquisition_quotes_CP_CP_OTR_calculation_without_maintenance_test" time="91.918"/>
  <testcase classname="newCar.CP.Acquisition_Quotes_CP_CP_without_maintenance_Test" name="aquisition_quotes_CP_CP_after_discount_calculations_without_maintenance_test" time="5.22"/>
  <testcase classname="newCar.CP.Acquisition_Quotes_CP_CP_without_maintenance_Test" name="aquisition_quotes_CP_CP_holding_cost_calculations_without_maintenance_test" time="56.002"/>
  <testcase classname="newCar.CP.Acquisition_Quotes_CP_CP_without_maintenance_Test" name="aquisition_quotes_CP_CP_customer_quote_calculations_check_monthly_finance_payment_without_maintenance_test" time="89.264"/>
  <testcase classname="newCar.CP.Acquisition_Quotes_CP_CP_without_maintenance_Test" name="aquisition_quotes_CP_CP_customer_quote_vehicle_profit_edit_check_without_maintenance_test" time="52.697"/>
  <testcase classname="newCar.CP.Acquisition_Quotes_CP_CP_without_maintenance_Test" name="aquisition_quotes_CP_CP_customer_quote_part_exchange_value_edit_check_without_maintenance_test" time="65.362"/>
  <testcase classname="newCar.CP.Acquisition_Quotes_CP_CP_without_maintenance_Test" name="aquisition_quotes_CP_CP_quote_summary_values_verification_without_maintenance_test" time="250.879"/>
  <testcase classname="newCar.BCH.Acquisition_Quotes_BCH_BCH_without_maintenance_Test" name="aquisition_quotes_BCH_BCH_OTR_calculation_without_maintenance_test" time="74.048"/>
  <testcase classname="newCar.BCH.Acquisition_Quotes_BCH_BCH_without_maintenance_Test" name="aquisition_quotes_BCH_BCH_after_discount_calculations_without_maintenance_test" time="4.741"/>
  <testcase classname="newCar.BCH.Acquisition_Quotes_BCH_BCH_without_maintenance_Test" name="aquisition_quotes_BCH_BCH_holding_cost_calculations_without_maintenance_test" time="22.011"/>
  <testcase classname="newCar.BCH.Acquisition_Quotes_BCH_BCH_without_maintenance_Test" name="aquisition_quotes_BCH_BCH_customer_quote_payment_profile_calculations_without_maintenance_test" time="195.757"/>
  <testcase classname="newCar.BCH.Acquisition_Quotes_BCH_BCH_without_maintenance_Test" name="aquisition_quotes_BCH_BCH_quote_summary_values_verification_without_maintenance_test" time="214.079"/>
  <testcase classname="newCar.OP.Acquisition_Quotes_Outright_HPNR_without_maintenance_Test" name="aquisition_quotes_outright_HPNR_OTR_calculation_without_maintenance_test" time="80.949"/>
  <testcase classname="newCar.OP.Acquisition_Quotes_Outright_HPNR_without_maintenance_Test" name="aquisition_quotes_outright_HPNR_after_discount_calculations_without_maintenance_test" time="5.25"/>
  <testcase classname="newCar.OP.Acquisition_Quotes_Outright_HPNR_without_maintenance_Test" name="aquisition_quotes_outright_HPNR_holding_cost_calculations_without_maintenance_test" time="36.198"/>
  <testcase classname="newCar.OP.Acquisition_Quotes_Outright_HPNR_without_maintenance_Test" name="aquisition_quotes_outright_HPNR_customer_quote_calculations_check_monthly_finance_payment_without_maintenance_test" time="89.776"/>
  <testcase classname="newCar.OP.Acquisition_Quotes_Outright_HPNR_without_maintenance_Test" name="aquisition_quotes_outright_HPNR_customer_quote_vehicle_profit_edit_check_without_maintenance_test" time="61.041"/>
  <testcase classname="newCar.OP.Acquisition_Quotes_Outright_HPNR_without_maintenance_Test" name="aquisition_quotes_outright_HPNR_customer_quote_part_exchange_value_edit_check_without_maintenance_test" time="22.167">
    <failure type="org.openqa.selenium.TimeoutException" message="Expected condition failed: waiting for element to be clickable: [[EdgeDriver: msedge on WINDOWS (489f4d783594e2359ea5ff0d83a013a4)] -&amp;gt; xpath: //*[@id=&amp;apos;partExchange&amp;apos;]|//*[@id=&amp;apos;partExchnage&amp;apos;]] (tried for 20 second(s) with 500 milliseconds interval)
Build info: version: &amp;apos;4.1.0&amp;apos;, revision: &amp;apos;87802e897b&amp;apos;
System info: host: &amp;apos;DSK-4052&amp;apos;, ip: &amp;apos;172.16.1.80&amp;apos;, os.name: &amp;apos;Windows 10&amp;apos;, os.arch: &amp;apos;amd64&amp;apos;, os.version: &amp;apos;10.0&amp;apos;, java.version: &amp;apos;19.0.1&amp;apos;
Driver info: org.openqa.selenium.edge.EdgeDriver
Capabilities {acceptInsecureCerts: false, browserName: msedge, browserVersion: 119.0.2151.93, fedcm:accounts: true, javascriptEnabled: true, ms:edgeOptions: {debuggerAddress: localhost:51389}, msedge: {msedgedriverVersion: 119.0.2151.44 (44557a29097a..., userDataDir: C:\Users\NITEIN~1.KUR\AppDa...}, networkConnectionEnabled: false, pageLoadStrategy: normal, platform: WINDOWS, platformName: WINDOWS, proxy: Proxy(), se:cdp: ws://localhost:51389/devtoo..., se:cdpVersion: 119.0.2151.93, setWindowRect: true, strictFileInteractability: false, timeouts: {implicit: 0, pageLoad: 300000, script: 30000}, unhandledPromptBehavior: dismiss and notify, webauthn:extension:credBlob: true, webauthn:extension:largeBlob: true, webauthn:extension:minPinLength: true, webauthn:extension:prf: true, webauthn:virtualAuthenticators: true}
Session ID: 489f4d783594e2359ea5ff0d83a013a4">
      <![CDATA[org.openqa.selenium.TimeoutException: Expected condition failed: waiting for element to be clickable: [[EdgeDriver: msedge on WINDOWS (489f4d783594e2359ea5ff0d83a013a4)] -> xpath: //*[@id='partExchange']|//*[@id='partExchnage']] (tried for 20 second(s) with 500 milliseconds interval)
Build info: version: '4.1.0', revision: '87802e897b'
System info: host: 'DSK-4052', ip: '172.16.1.80', os.name: 'Windows 10', os.arch: 'amd64', os.version: '10.0', java.version: '19.0.1'
Driver info: org.openqa.selenium.edge.EdgeDriver
Capabilities {acceptInsecureCerts: false, browserName: msedge, browserVersion: 119.0.2151.93, fedcm:accounts: true, javascriptEnabled: true, ms:edgeOptions: {debuggerAddress: localhost:51389}, msedge: {msedgedriverVersion: 119.0.2151.44 (44557a29097a..., userDataDir: C:\Users\NITEIN~1.KUR\AppDa...}, networkConnectionEnabled: false, pageLoadStrategy: normal, platform: WINDOWS, platformName: WINDOWS, proxy: Proxy(), se:cdp: ws://localhost:51389/devtoo..., se:cdpVersion: 119.0.2151.93, setWindowRect: true, strictFileInteractability: false, timeouts: {implicit: 0, pageLoad: 300000, script: 30000}, unhandledPromptBehavior: dismiss and notify, webauthn:extension:credBlob: true, webauthn:extension:largeBlob: true, webauthn:extension:minPinLength: true, webauthn:extension:prf: true, webauthn:virtualAuthenticators: true}
Session ID: 489f4d783594e2359ea5ff0d83a013a4
at org.openqa.selenium.support.ui.WebDriverWait.timeoutException(WebDriverWait.java:138)
at org.openqa.selenium.support.ui.FluentWait.until(FluentWait.java:231)
at com.amt.testUtil.Click.on(Click.java:18)
at com.amt.CustomerQuotePackage.CustomerQuotePage_HPNR_HPRPage.put_part_exchange_values_and_check_monthly_finance_payment(CustomerQuotePage_HPNR_HPRPage.java:2223)
at newCar.OP.Acquisition_Quotes_Outright_HPNR_without_maintenance_Test.aquisition_quotes_outright_HPNR_customer_quote_part_exchange_value_edit_check_without_maintenance_test(Acquisition_Quotes_Outright_HPNR_without_maintenance_Test.java:161)
at java.base/java.util.ArrayList.forEach(ArrayList.java:1511)
... Removed 25 stack frames]]>
    </failure>
  </testcase> <!-- aquisition_quotes_outright_HPNR_customer_quote_part_exchange_value_edit_check_without_maintenance_test -->
  <testcase classname="newCar.OP.Acquisition_Quotes_Outright_HPNR_without_maintenance_Test" name="aquisition_quotes_outright_HPNR_customer_quote_monthly_finance_payment_after_balloon_payment_off_without_maintenance_test" time="0.0">
    <skipped/>
  </testcase> <!-- aquisition_quotes_outright_HPNR_customer_quote_monthly_finance_payment_after_balloon_payment_off_without_maintenance_test -->
  <testcase classname="newCar.OP.Acquisition_Quotes_Outright_HPNR_without_maintenance_Test" name="aquisition_quotes_outright_HPNR_quote_summary_values_verification_without_maintenance_test" time="0.0">
    <skipped/>
  </testcase> <!-- aquisition_quotes_outright_HPNR_quote_summary_values_verification_without_maintenance_test -->
  <testcase classname="newCar.CP.Acquisition_Quotes_CP_PCP_without_maintenance_Test" name="aquisition_quotes_CP_PCP_OTR_calculation_without_maintenance_test" time="81.944"/>
  <testcase classname="newCar.CP.Acquisition_Quotes_CP_PCP_without_maintenance_Test" name="aquisition_quotes_CP_PCP_after_discount_calculations_without_maintenance_test" time="5.492"/>
  <testcase classname="newCar.CP.Acquisition_Quotes_CP_PCP_without_maintenance_Test" name="aquisition_quotes_CP_PCP_holding_cost_calculations_without_maintenance_test" time="37.384"/>
  <testcase classname="newCar.CP.Acquisition_Quotes_CP_PCP_without_maintenance_Test" name="aquisition_quotes_CP_PCP_customer_quote_calculations_check_monthly_finance_payment_without_maintenance_test" time="77.091"/>
  <testcase classname="newCar.CP.Acquisition_Quotes_CP_PCP_without_maintenance_Test" name="aquisition_quotes_CP_PCP_customer_quote_vehicle_profit_edit_check_without_maintenance_test" time="47.888">
    <failure type="java.lang.AssertionError" message="expected [true] but found [false]">
      <![CDATA[java.lang.AssertionError: expected [true] but found [false]
at newCar.CP.Acquisition_Quotes_CP_PCP_without_maintenance_Test.aquisition_quotes_CP_PCP_customer_quote_vehicle_profit_edit_check_without_maintenance_test(Acquisition_Quotes_CP_PCP_without_maintenance_Test.java:144)
at java.base/java.util.ArrayList.forEach(ArrayList.java:1511)
... Removed 29 stack frames]]>
    </failure>
  </testcase> <!-- aquisition_quotes_CP_PCP_customer_quote_vehicle_profit_edit_check_without_maintenance_test -->
  <testcase classname="newCar.CP.Acquisition_Quotes_CP_PCP_without_maintenance_Test" name="aquisition_quotes_CP_PCP_customer_quote_part_exchange_value_edit_check_without_maintenance_test" time="0.001">
    <skipped/>
  </testcase> <!-- aquisition_quotes_CP_PCP_customer_quote_part_exchange_value_edit_check_without_maintenance_test -->
  <testcase classname="newCar.CP.Acquisition_Quotes_CP_PCP_without_maintenance_Test" name="aquisition_quotes_CP_PCP_quote_summary_values_verification_without_maintenance_test" time="0.0">
    <skipped/>
  </testcase> <!-- aquisition_quotes_CP_PCP_quote_summary_values_verification_without_maintenance_test -->
  <testcase classname="newCar.FL.Acquisition_Quotes_FL_PCH_without_maintenance_Test" name="aquisition_quotes_FL_PCH_OTR_calculation_without_maintenance_test" time="80.522"/>
  <testcase classname="newCar.FL.Acquisition_Quotes_FL_PCH_without_maintenance_Test" name="aquisition_quotes_FL_PCH_after_discount_calculations_without_maintenance_test" time="5.327"/>
  <testcase classname="newCar.FL.Acquisition_Quotes_FL_PCH_without_maintenance_Test" name="aquisition_quotes_FL_PCH_holding_cost_calculations_without_maintenance_test" time="55.502"/>
  <testcase classname="newCar.FL.Acquisition_Quotes_FL_PCH_without_maintenance_Test" name="aquisition_quotes_FL_PCH_customer_quote_payment_profile_calculations_without_maintenance_test" time="75.674"/>
  <testcase classname="newCar.FL.Acquisition_Quotes_FL_PCH_without_maintenance_Test" name="aquisition_quotes_FL_PCH_quote_summary_values_verification_without_maintenance_test" time="209.788"/>
  <testcase classname="newCar.BROKER.Acquisition_Quotes_Broker_BCH_without_maintenance_Test" name="aquisition_quotes_user_flow_broker_bch_OTR_calculation_without_maintenance_test" time="81.377"/>
  <testcase classname="newCar.BROKER.Acquisition_Quotes_Broker_BCH_without_maintenance_Test" name="aquisition_quotes_user_flow_broker_bch_after_discount_calculation_without_maintenance_test" time="4.808"/>
  <testcase classname="newCar.BROKER.Acquisition_Quotes_Broker_BCH_without_maintenance_Test" name="aquisition_quotes_user_flow_broker_bch_funder_quote_addition_without_maintenance_test" time="36.014"/>
  <testcase classname="newCar.BROKER.Acquisition_Quotes_Broker_BCH_without_maintenance_Test" name="aquisition_quotes_user_flow_broker_bch_quote_summary_values_verification_without_maintenance_test" time="41.605"/>
  <testcase classname="newCar.OP.Acquisition_Quotes_Outright_PCH_without_maintenance_Test" name="aquisition_quotes_outright_PCH_OTR_calculation_without_maintenance_test" time="73.848"/>
  <testcase classname="newCar.OP.Acquisition_Quotes_Outright_PCH_without_maintenance_Test" name="aquisition_quotes_outright_PCH_after_discount_calculations_without_maintenance_test" time="5.437"/>
  <testcase classname="newCar.OP.Acquisition_Quotes_Outright_PCH_without_maintenance_Test" name="aquisition_quotes_outright_PCH_other_support_check_without_maintenance_test" time="17.454"/>
  <testcase classname="newCar.OP.Acquisition_Quotes_Outright_PCH_without_maintenance_Test" name="aquisition_quotes_outright_PCH_holding_cost_calculations_without_maintenance_test" time="56.805"/>
  <testcase classname="newCar.OP.Acquisition_Quotes_Outright_PCH_without_maintenance_Test" name="aquisition_quotes_outright_PCH_customer_quote_payment_profile_calculations_without_maintenance_test" time="195.065"/>
  <testcase classname="newCar.OP.Acquisition_Quotes_Outright_PCH_without_maintenance_Test" name="aquisition_quotes_outright_PCH_quote_summary_values_verification_without_maintenance_test" time="103.027"/>
  <testcase classname="newCar.OP.Acquisition_Quotes_Outright_CP_without_maintenance_Test" name="aquisition_quotes_outright_CP_OTR_calculation_without_maintenance_test" time="73.281"/>
  <testcase classname="newCar.OP.Acquisition_Quotes_Outright_CP_without_maintenance_Test" name="aquisition_quotes_outright_CP_after_discount_calculations_without_maintenance_test" time="4.665"/>
  <testcase classname="newCar.OP.Acquisition_Quotes_Outright_CP_without_maintenance_Test" name="aquisition_quotes_outright_CP_holding_cost_calculations_without_maintenance_test" time="40.579"/>
  <testcase classname="newCar.OP.Acquisition_Quotes_Outright_CP_without_maintenance_Test" name="aquisition_quotes_outright_CP_customer_quote_calculations_check_monthly_finance_payment_without_maintenance_test" time="78.242"/>
  <testcase classname="newCar.OP.Acquisition_Quotes_Outright_CP_without_maintenance_Test" name="aquisition_quotes_outright_CP_customer_quote_vehicle_profit_edit_check_without_maintenance_test" time="27.247">
    <failure type="java.lang.AssertionError" message="expected [true] but found [false]">
      <![CDATA[java.lang.AssertionError: expected [true] but found [false]
at newCar.OP.Acquisition_Quotes_Outright_CP_without_maintenance_Test.aquisition_quotes_outright_CP_customer_quote_vehicle_profit_edit_check_without_maintenance_test(Acquisition_Quotes_Outright_CP_without_maintenance_Test.java:161)
at java.base/java.util.ArrayList.forEach(ArrayList.java:1511)
... Removed 29 stack frames]]>
    </failure>
  </testcase> <!-- aquisition_quotes_outright_CP_customer_quote_vehicle_profit_edit_check_without_maintenance_test -->
  <testcase classname="newCar.OP.Acquisition_Quotes_Outright_CP_without_maintenance_Test" name="aquisition_quotes_outright_CP_customer_quote_part_exchange_value_edit_check_without_maintenance_test" time="0.0">
    <skipped/>
  </testcase> <!-- aquisition_quotes_outright_CP_customer_quote_part_exchange_value_edit_check_without_maintenance_test -->
  <testcase classname="newCar.OP.Acquisition_Quotes_Outright_CP_without_maintenance_Test" name="aquisition_quotes_outright_CP_quote_summary_values_verification_without_maintenance_test" time="0.0">
    <skipped/>
  </testcase> <!-- aquisition_quotes_outright_CP_quote_summary_values_verification_without_maintenance_test -->
  <testcase classname="newCar.HPNR.Acquisition_Quotes_HPNR_PCP_without_maintenance_Test" name="aquisition_quotes_HPNR_PCP_OTR_calculation_without_maintenance_test" time="84.046"/>
  <testcase classname="newCar.HPNR.Acquisition_Quotes_HPNR_PCP_without_maintenance_Test" name="aquisition_quotes_HPNR_PCP_after_discount_calculations_without_maintenance_test" time="4.909"/>
  <testcase classname="newCar.HPNR.Acquisition_Quotes_HPNR_PCP_without_maintenance_Test" name="aquisition_quotes_HPNR_PCP_holding_cost_calculations_without_maintenance_test" time="35.931">
    <failure type="java.lang.AssertionError" message="expected [true] but found [false]">
      <![CDATA[java.lang.AssertionError: expected [true] but found [false]
at newCar.HPNR.Acquisition_Quotes_HPNR_PCP_without_maintenance_Test.aquisition_quotes_HPNR_PCP_holding_cost_calculations_without_maintenance_test(Acquisition_Quotes_HPNR_PCP_without_maintenance_Test.java:101)
at java.base/java.util.ArrayList.forEach(ArrayList.java:1511)
... Removed 29 stack frames]]>
    </failure>
  </testcase> <!-- aquisition_quotes_HPNR_PCP_holding_cost_calculations_without_maintenance_test -->
  <testcase classname="newCar.HPNR.Acquisition_Quotes_HPNR_PCP_without_maintenance_Test" name="aquisition_quotes_HPNR_PCP_customer_quote_calculations_check_monthly_finance_payment_without_maintenance_test" time="0.0">
    <skipped/>
  </testcase> <!-- aquisition_quotes_HPNR_PCP_customer_quote_calculations_check_monthly_finance_payment_without_maintenance_test -->
  <testcase classname="newCar.HPNR.Acquisition_Quotes_HPNR_PCP_without_maintenance_Test" name="aquisition_quotes_HPNR_PCP_customer_quote_vehicle_profit_edit_check_without_maintenance_test" time="0.0">
    <skipped/>
  </testcase> <!-- aquisition_quotes_HPNR_PCP_customer_quote_vehicle_profit_edit_check_without_maintenance_test -->
  <testcase classname="newCar.HPNR.Acquisition_Quotes_HPNR_PCP_without_maintenance_Test" name="aquisition_quotes_HPNR_PCP_customer_quote_part_exchange_value_edit_check_without_maintenance_test" time="0.0">
    <skipped/>
  </testcase> <!-- aquisition_quotes_HPNR_PCP_customer_quote_part_exchange_value_edit_check_without_maintenance_test -->
  <testcase classname="newCar.HPNR.Acquisition_Quotes_HPNR_PCP_without_maintenance_Test" name="aquisition_quotes_HPNR_PCP_quote_summary_values_verification_without_maintenance_test" time="0.0">
    <skipped/>
  </testcase> <!-- aquisition_quotes_HPNR_PCP_quote_summary_values_verification_without_maintenance_test -->
  <testcase classname="newCar.BROKER.Acquisition_Quotes_Broker_HPNR_Test" name="aquisition_quotes_user_flow_broker_HPNR_OTR_calculation_test" time="85.154"/>
  <testcase classname="newCar.BROKER.Acquisition_Quotes_Broker_HPNR_Test" name="aquisition_quotes_user_flow_broker_HPNR_after_discount_calculations_test" time="4.862"/>
  <testcase classname="newCar.BROKER.Acquisition_Quotes_Broker_HPNR_Test" name="aquisition_quotes_user_flow_broker_HPNR_vehicle_profit_check_test" time="20.816"/>
  <testcase classname="newCar.BROKER.Acquisition_Quotes_Broker_HPNR_Test" name="aquisition_quotes_user_flow_broker_HPNR_balance_to_finance_check_test" time="37.621"/>
  <testcase classname="newCar.BROKER.Acquisition_Quotes_Broker_HPNR_Test" name="aquisition_quotes_user_flow_broker_HPNR_quote_summary_values_verification_test" time="22.429"/>
  <testcase classname="com.amt.testBase.TestBase" name="@BeforeTest start_info" time="0.0">
    <ignored/>
  </testcase> <!-- @BeforeTest start_info -->
  <testcase classname="com.amt.testBase.TestBase" name="@BeforeTest start_info" time="0.0">
    <ignored/>
  </testcase> <!-- @BeforeTest start_info -->
  <testcase classname="com.amt.testBase.TestBase" name="@BeforeTest start_info" time="0.0">
    <ignored/>
  </testcase> <!-- @BeforeTest start_info -->
  <testcase classname="com.amt.testBase.TestBase" name="@BeforeTest start_info" time="0.0">
    <ignored/>
  </testcase> <!-- @BeforeTest start_info -->
  <testcase classname="com.amt.testBase.TestBase" name="@BeforeTest start_info" time="0.0">
    <ignored/>
  </testcase> <!-- @BeforeTest start_info -->
  <testcase classname="com.amt.testBase.TestBase" name="@BeforeTest start_info" time="0.0">
    <ignored/>
  </testcase> <!-- @BeforeTest start_info -->
  <testcase classname="com.amt.testBase.TestBase" name="@BeforeTest start_info" time="0.0">
    <ignored/>
  </testcase> <!-- @BeforeTest start_info -->
  <testcase classname="com.amt.testBase.TestBase" name="@BeforeTest start_info" time="0.0">
    <ignored/>
  </testcase> <!-- @BeforeTest start_info -->
  <testcase classname="com.amt.testBase.TestBase" name="@BeforeTest start_info" time="0.0">
    <ignored/>
  </testcase> <!-- @BeforeTest start_info -->
  <testcase classname="com.amt.testBase.TestBase" name="@AfterSuite end" time="0.0">
    <ignored/>
  </testcase> <!-- @AfterSuite end -->
  <testcase classname="com.amt.testBase.TestBase" name="@AfterSuite end" time="0.0">
    <ignored/>
  </testcase> <!-- @AfterSuite end -->
  <testcase classname="com.amt.testBase.TestBase" name="@AfterSuite end" time="0.0">
    <ignored/>
  </testcase> <!-- @AfterSuite end -->
  <testcase classname="com.amt.testBase.TestBase" name="@AfterSuite end" time="0.0">
    <ignored/>
  </testcase> <!-- @AfterSuite end -->
  <testcase classname="com.amt.testBase.TestBase" name="@AfterSuite end" time="0.0">
    <ignored/>
  </testcase> <!-- @AfterSuite end -->
  <testcase classname="com.amt.testBase.TestBase" name="@AfterSuite end" time="0.0">
    <ignored/>
  </testcase> <!-- @AfterSuite end -->
  <testcase classname="com.amt.testBase.TestBase" name="@AfterSuite end" time="0.0">
    <ignored/>
  </testcase> <!-- @AfterSuite end -->
  <testcase classname="com.amt.testBase.TestBase" name="@AfterSuite end" time="0.0">
    <ignored/>
  </testcase> <!-- @AfterSuite end -->
  <testcase classname="com.amt.testBase.TestBase" name="@AfterSuite end" time="0.0">
    <ignored/>
  </testcase> <!-- @AfterSuite end -->
</testsuite> <!-- Test New Car -->
