<!DOCTYPE html PUBLIC "-//W3C//DTD XHTML 1.1//EN" "https://www.w3.org/TR/xhtml11/DTD/xhtml11.dtd">
<html xmlns="https://www.w3.org/1999/xhtml">
<head>
<meta http-equiv="content-type" content="text/html; charset=UTF-8"/>
<title>TestNG Report</title>
<style type="text/css">table {margin-bottom:10px;border-collapse:collapse;empty-cells:show}th,td {border:1px solid #009;padding:.25em .5em}th {vertical-align:bottom}td {vertical-align:top}table a {font-weight:bold}.stripe td {background-color: #E6EBF9}.num {text-align:right}.passedodd td {background-color: #3F3}.passedeven td {background-color: #0A0}.skippedodd td {background-color: #DDD}.skippedeven td {background-color: #CCC}.failedodd td,.attn {background-color: #F33}.failedeven td,.stripe .attn {background-color: #D00}.stacktrace {white-space:pre;font-family:monospace}.totop {font-size:85%;text-align:center;border-bottom:2px solid #000}.invisible {display:none}</style>
</head>
<body>
<table>
<tr><th>Test</th><th># Passed</th><th># Skipped</th><th># Retried</th><th># Failed</th><th>Time (ms)</th><th>Included Groups</th><th>Excluded Groups</th></tr>
<tr><th colspan="8">Suite</th></tr>
<tr><td><a href="#t0">Test New Car</a></td><td class="num">7</td><td class="num attn">17</td><td class="num">0</td><td class="num attn">3</td><td class="num">1,135,058</td><td></td><td></td></tr>
</table>
<table id='summary'><thead><tr><th>Class</th><th>Method</th><th>Start</th><th>Time (ms)</th></tr></thead><tbody><tr><th colspan="4">Suite</th></tr></tbody><tbody id="t0"><tr><th colspan="4">Test New Car &#8212; failed</th></tr><tr class="failedeven"><td rowspan="1">newCar.BCH.Acquisition_Quotes_BCH_BCH_without_maintenance_Test</td><td><a href="#m0">aquisition_quotes_BCH_BCH_OTR_calculation_without_maintenance_test</a></td><td rowspan="1">1707230122073</td><td rowspan="1">70433</td></tr><tr class="failedodd"><td rowspan="1">newCar.CP.Acquisition_Quotes_CP_CP_without_maintenance_Test</td><td><a href="#m1">aquisition_quotes_CP_CP_OTR_calculation_without_maintenance_test</a></td><td rowspan="1">1707230001933</td><td rowspan="1">70160</td></tr><tr class="failedeven"><td rowspan="1">newCar.OP.Acquisition_Quotes_Outright_HPNR_without_maintenance_Test</td><td><a href="#m2">aquisition_quotes_outright_HPNR_OTR_calculation_without_maintenance_test</a></td><td rowspan="1">1707230269291</td><td rowspan="1">164314</td></tr><tr><th colspan="4">Test New Car &#8212; skipped</th></tr><tr class="skippedeven"><td rowspan="4">newCar.BCH.Acquisition_Quotes_BCH_BCH_without_maintenance_Test</td><td><a href="#m3">aquisition_quotes_BCH_BCH_after_discount_calculations_without_maintenance_test</a></td><td rowspan="1">1707230192849</td><td rowspan="1">0</td></tr><tr class="skippedeven"><td><a href="#m4">aquisition_quotes_BCH_BCH_customer_quote_payment_profile_calculations_without_maintenance_test</a></td><td rowspan="1">1707230192852</td><td rowspan="1">0</td></tr><tr class="skippedeven"><td><a href="#m5">aquisition_quotes_BCH_BCH_holding_cost_calculations_without_maintenance_test</a></td><td rowspan="1">1707230192850</td><td rowspan="1">0</td></tr><tr class="skippedeven"><td><a href="#m6">aquisition_quotes_BCH_BCH_quote_summary_values_verification_without_maintenance_test</a></td><td rowspan="1">1707230192853</td><td rowspan="1">0</td></tr><tr class="skippedodd"><td rowspan="6">newCar.CP.Acquisition_Quotes_CP_CP_without_maintenance_Test</td><td><a href="#m7">aquisition_quotes_CP_CP_after_discount_calculations_without_maintenance_test</a></td><td rowspan="1">1707230072444</td><td rowspan="1">0</td></tr><tr class="skippedodd"><td><a href="#m8">aquisition_quotes_CP_CP_customer_quote_calculations_check_monthly_finance_payment_without_maintenance_test</a></td><td rowspan="1">1707230072448</td><td rowspan="1">0</td></tr><tr class="skippedodd"><td><a href="#m9">aquisition_quotes_CP_CP_customer_quote_part_exchange_value_edit_check_without_maintenance_test</a></td><td rowspan="1">1707230072452</td><td rowspan="1">0</td></tr><tr class="skippedodd"><td><a href="#m10">aquisition_quotes_CP_CP_customer_quote_vehicle_profit_edit_check_without_maintenance_test</a></td><td rowspan="1">1707230072450</td><td rowspan="1">0</td></tr><tr class="skippedodd"><td><a href="#m11">aquisition_quotes_CP_CP_holding_cost_calculations_without_maintenance_test</a></td><td rowspan="1">1707230072446</td><td rowspan="1">0</td></tr><tr class="skippedodd"><td><a href="#m12">aquisition_quotes_CP_CP_quote_summary_values_verification_without_maintenance_test</a></td><td rowspan="1">1707230072453</td><td rowspan="1">0</td></tr><tr class="skippedeven"><td rowspan="7">newCar.OP.Acquisition_Quotes_Outright_HPNR_without_maintenance_Test</td><td><a href="#m13">aquisition_quotes_outright_HPNR_after_discount_calculations_without_maintenance_test</a></td><td rowspan="1">1707230433751</td><td rowspan="1">0</td></tr><tr class="skippedeven"><td><a href="#m14">aquisition_quotes_outright_HPNR_customer_quote_calculations_check_monthly_finance_payment_without_maintenance_test</a></td><td rowspan="1">1707230433753</td><td rowspan="1">0</td></tr><tr class="skippedeven"><td><a href="#m15">aquisition_quotes_outright_HPNR_customer_quote_monthly_finance_payment_after_balloon_payment_off_without_maintenance_test</a></td><td rowspan="1">1707230433756</td><td rowspan="1">0</td></tr><tr class="skippedeven"><td><a href="#m16">aquisition_quotes_outright_HPNR_customer_quote_part_exchange_value_edit_check_without_maintenance_test</a></td><td rowspan="1">1707230433755</td><td rowspan="1">0</td></tr><tr class="skippedeven"><td><a href="#m17">aquisition_quotes_outright_HPNR_customer_quote_vehicle_profit_edit_check_without_maintenance_test</a></td><td rowspan="1">1707230433754</td><td rowspan="1">0</td></tr><tr class="skippedeven"><td><a href="#m18">aquisition_quotes_outright_HPNR_holding_cost_calculations_without_maintenance_test</a></td><td rowspan="1">1707230433752</td><td rowspan="1">0</td></tr><tr class="skippedeven"><td><a href="#m19">aquisition_quotes_outright_HPNR_quote_summary_values_verification_without_maintenance_test</a></td><td rowspan="1">1707230433757</td><td rowspan="1">0</td></tr><tr><th colspan="4">Test New Car &#8212; passed</th></tr><tr class="passedeven"><td rowspan="7">newCar.CP.Acquisition_Quotes_CP_PCP_without_maintenance_Test</td><td><a href="#m20">aquisition_quotes_CP_PCP_OTR_calculation_without_maintenance_test</a></td><td rowspan="1">1707230458989</td><td rowspan="1">118458</td></tr><tr class="passedeven"><td><a href="#m21">aquisition_quotes_CP_PCP_after_discount_calculations_without_maintenance_test</a></td><td rowspan="1">1707230577790</td><td rowspan="1">4716</td></tr><tr class="passedeven"><td><a href="#m22">aquisition_quotes_CP_PCP_customer_quote_calculations_check_monthly_finance_payment_without_maintenance_test</a></td><td rowspan="1">1707230624166</td><td rowspan="1">91120</td></tr><tr class="passedeven"><td><a href="#m23">aquisition_quotes_CP_PCP_customer_quote_part_exchange_value_edit_check_without_maintenance_test</a></td><td rowspan="1">1707230759867</td><td rowspan="1">75577</td></tr><tr class="passedeven"><td><a href="#m24">aquisition_quotes_CP_PCP_customer_quote_vehicle_profit_edit_check_without_maintenance_test</a></td><td rowspan="1">1707230715550</td><td rowspan="1">43921</td></tr><tr class="passedeven"><td><a href="#m25">aquisition_quotes_CP_PCP_holding_cost_calculations_without_maintenance_test</a></td><td rowspan="1">1707230582803</td><td rowspan="1">41060</td></tr><tr class="passedeven"><td><a href="#m26">aquisition_quotes_CP_PCP_quote_summary_values_verification_without_maintenance_test</a></td><td rowspan="1">1707230835755</td><td rowspan="1">229183</td></tr></tbody>
</table>
<h2>Test New Car</h2><h3 id="m0">newCar.BCH.Acquisition_Quotes_BCH_BCH_without_maintenance_Test#aquisition_quotes_BCH_BCH_OTR_calculation_without_maintenance_test</h3><table class="result"><tr class="param"><th>Parameter #1</th><th>Parameter #2</th><th>Parameter #3</th><th>Parameter #4</th><th>Parameter #5</th><th>Parameter #6</th><th>Parameter #7</th><th>Parameter #8</th><th>Parameter #9</th><th>Parameter #10</th><th>Parameter #11</th><th>Parameter #12</th><th>Parameter #13</th><th>Parameter #14</th><th>Parameter #15</th><th>Parameter #16</th><th>Parameter #17</th><th>Parameter #18</th><th>Parameter #19</th><th>Parameter #20</th><th>Parameter #21</th><th>Parameter #22</th><th>Parameter #23</th><th>Parameter #24</th><th>Parameter #25</th></tr><tr class="param stripe"><td>AUDI</td><td>A7</td><td>1</td><td>05/12/26</td><td>12</td><td>5000</td><td>500</td><td>12</td><td>1</td><td>10000</td><td>6000</td><td>2000</td><td>1000</td><td>199.99</td><td>500</td><td>200</td><td>200</td><td>22</td><td>22000</td><td>NO</td><td>0</td><td>200</td><td>YES</td><td>0</td><td>BCH (Formula 3) - BCH</td></tr><tr><th colspan="25">Messages</th></tr><tr><td colspan="25"><div class="messages"><br>----------Screenshot---------<br><br/><img src="D:\Acquisition\AMT_Automation_Acquisition\target\surefire-reports\html\failure_screenshots\aquisition_quotes_BCH_BCH_OTR_calculation_without_maintenance_test_06_02_2024_08_06_32.png" height="800" width="1000"></div></td></tr><tr><th colspan="25">Exception</th></tr><tr><td colspan="25"><div class="stacktrace">org.openqa.selenium.TimeoutException: Expected condition failed: waiting for element to be clickable: Proxy element for: DefaultElementLocator &apos;By.xpath: //*[@id=&apos;dropdownRole&apos;]&apos; (tried for 60 second(s) with 500 milliseconds interval)
	at org.openqa.selenium.support.ui.WebDriverWait.timeoutException(WebDriverWait.java:138)
	at org.openqa.selenium.support.ui.FluentWait.until(FluentWait.java:231)
	at com.amt.testUtil.Click.on(Click.java:18)
	at com.amt.pages.AcquisitionListingPage.aquisition_Listingpage_AddnewQuote(AcquisitionListingPage.java:131)
	at newCar.BCH.Acquisition_Quotes_BCH_BCH_without_maintenance_Test.aquisition_quotes_BCH_BCH_OTR_calculation_without_maintenance_test(Acquisition_Quotes_BCH_BCH_without_maintenance_Test.java:52)
	at java.base/java.util.ArrayList.forEach(ArrayList.java:1511)
Caused by: org.openqa.selenium.NoSuchElementException: no such element: Unable to locate element: {&quot;method&quot;:&quot;xpath&quot;,&quot;selector&quot;:&quot;//*[@id=&apos;dropdownRole&apos;]&quot;}
  (Session info: chrome=121.0.6167.140)
For documentation on this error, please visit: https://selenium.dev/exceptions/#no_such_element
Build info: version: &apos;4.1.0&apos;, revision: &apos;87802e897b&apos;
System info: host: &apos;DSK-4052&apos;, ip: &apos;172.16.1.80&apos;, os.name: &apos;Windows 10&apos;, os.arch: &apos;amd64&apos;, os.version: &apos;10.0&apos;, java.version: &apos;19.0.1&apos;
Driver info: org.openqa.selenium.chrome.ChromeDriver
Command: [713daef9573b1a619aec0e6f8c205204, findElement {using=xpath, value=//*[@id=&apos;dropdownRole&apos;]}]
Capabilities {acceptInsecureCerts: false, browserName: chrome, browserVersion: 121.0.6167.140, chrome: {chromedriverVersion: 121.0.6167.85 (3f98d690ad7e..., userDataDir: C:\Users\NITEIN~1.KUR\AppDa...}, fedcm:accounts: true, goog:chromeOptions: {debuggerAddress: localhost:50596}, javascriptEnabled: true, networkConnectionEnabled: false, pageLoadStrategy: normal, platform: WINDOWS, platformName: WINDOWS, proxy: Proxy(), se:cdp: ws://localhost:50596/devtoo..., se:cdpVersion: 121.0.6167.140, setWindowRect: true, strictFileInteractability: false, timeouts: {implicit: 0, pageLoad: 300000, script: 30000}, unhandledPromptBehavior: dismiss and notify, webauthn:extension:credBlob: true, webauthn:extension:largeBlob: true, webauthn:extension:minPinLength: true, webauthn:extension:prf: true, webauthn:virtualAuthenticators: true}
Session ID: 713daef9573b1a619aec0e6f8c205204
	at org.openqa.selenium.remote.codec.w3c.W3CHttpResponseCodec.createException(W3CHttpResponseCodec.java:200)
	at org.openqa.selenium.remote.codec.w3c.W3CHttpResponseCodec.decode(W3CHttpResponseCodec.java:133)
	at org.openqa.selenium.remote.codec.w3c.W3CHttpResponseCodec.decode(W3CHttpResponseCodec.java:53)
	at org.openqa.selenium.remote.HttpCommandExecutor.execute(HttpCommandExecutor.java:184)
	at org.openqa.selenium.remote.service.DriverCommandExecutor.invokeExecute(DriverCommandExecutor.java:164)
	at org.openqa.selenium.remote.service.DriverCommandExecutor.execute(DriverCommandExecutor.java:139)
	at org.openqa.selenium.remote.RemoteWebDriver.execute(RemoteWebDriver.java:559)
	at org.openqa.selenium.remote.ElementLocation$ElementFinder$2.findElement(ElementLocation.java:162)
	at org.openqa.selenium.remote.ElementLocation.findElement(ElementLocation.java:60)
	at org.openqa.selenium.remote.RemoteWebDriver.findElement(RemoteWebDriver.java:383)
	at org.openqa.selenium.remote.RemoteWebDriver.findElement(RemoteWebDriver.java:375)
	at org.openqa.selenium.support.pagefactory.DefaultElementLocator.findElement(DefaultElementLocator.java:70)
	at org.openqa.selenium.support.pagefactory.internal.LocatingElementHandler.invoke(LocatingElementHandler.java:39)
	at jdk.proxy2/jdk.proxy2.$Proxy22.isDisplayed(Unknown Source)
	at org.openqa.selenium.support.ui.ExpectedConditions.elementIfVisible(ExpectedConditions.java:307)
	at org.openqa.selenium.support.ui.ExpectedConditions.access$000(ExpectedConditions.java:40)
	at org.openqa.selenium.support.ui.ExpectedConditions$10.apply(ExpectedConditions.java:293)
	at org.openqa.selenium.support.ui.ExpectedConditions$10.apply(ExpectedConditions.java:290)
	at org.openqa.selenium.support.ui.ExpectedConditions$23.apply(ExpectedConditions.java:660)
	at org.openqa.selenium.support.ui.ExpectedConditions$23.apply(ExpectedConditions.java:656)
	at org.openqa.selenium.support.ui.FluentWait.until(FluentWait.java:208)
	... 29 more
... Removed 28 stack frames</div></td></tr></table><p class="totop"><a href="#summary">back to summary</a></p>
<h3 id="m1">newCar.CP.Acquisition_Quotes_CP_CP_without_maintenance_Test#aquisition_quotes_CP_CP_OTR_calculation_without_maintenance_test</h3><table class="result"><tr class="param"><th>Parameter #1</th><th>Parameter #2</th><th>Parameter #3</th><th>Parameter #4</th><th>Parameter #5</th><th>Parameter #6</th><th>Parameter #7</th><th>Parameter #8</th><th>Parameter #9</th><th>Parameter #10</th><th>Parameter #11</th><th>Parameter #12</th><th>Parameter #13</th><th>Parameter #14</th><th>Parameter #15</th><th>Parameter #16</th><th>Parameter #17</th><th>Parameter #18</th><th>Parameter #19</th><th>Parameter #20</th><th>Parameter #21</th></tr><tr class="param stripe"><td>AUDI</td><td>A7</td><td>50000</td><td>630</td><td>60</td><td>20000</td><td>35</td><td>35000</td><td>1000</td><td>20</td><td>NO</td><td>Limited Credit</td><td>100</td><td>YES</td><td>2000</td><td>1000</td><td>500</td><td>1000</td><td>1000</td><td>199.99</td><td>ContractPurchase</td></tr><tr><th colspan="21">Messages</th></tr><tr><td colspan="21"><div class="messages"><br>----------Screenshot---------<br><br/><img src="D:\Acquisition\AMT_Automation_Acquisition\target\surefire-reports\html\failure_screenshots\aquisition_quotes_CP_CP_OTR_calculation_without_maintenance_test_06_02_2024_08_04_32.png" height="800" width="1000"></div></td></tr><tr><th colspan="21">Exception</th></tr><tr><td colspan="21"><div class="stacktrace">org.openqa.selenium.TimeoutException: Expected condition failed: waiting for element to be clickable: Proxy element for: DefaultElementLocator &apos;By.xpath: //*[@id=&apos;dropdownRole&apos;]&apos; (tried for 60 second(s) with 500 milliseconds interval)
	at org.openqa.selenium.support.ui.WebDriverWait.timeoutException(WebDriverWait.java:138)
	at org.openqa.selenium.support.ui.FluentWait.until(FluentWait.java:231)
	at com.amt.testUtil.Click.on(Click.java:18)
	at com.amt.pages.AcquisitionListingPage.aquisition_Listingpage_AddnewQuote(AcquisitionListingPage.java:131)
	at newCar.CP.Acquisition_Quotes_CP_CP_without_maintenance_Test.aquisition_quotes_CP_CP_OTR_calculation_without_maintenance_test(Acquisition_Quotes_CP_CP_without_maintenance_Test.java:49)
	at java.base/java.util.ArrayList.forEach(ArrayList.java:1511)
Caused by: org.openqa.selenium.NoSuchElementException: no such element: Unable to locate element: {&quot;method&quot;:&quot;xpath&quot;,&quot;selector&quot;:&quot;//*[@id=&apos;dropdownRole&apos;]&quot;}
  (Session info: chrome=121.0.6167.140)
For documentation on this error, please visit: https://selenium.dev/exceptions/#no_such_element
Build info: version: &apos;4.1.0&apos;, revision: &apos;87802e897b&apos;
System info: host: &apos;DSK-4052&apos;, ip: &apos;172.16.1.80&apos;, os.name: &apos;Windows 10&apos;, os.arch: &apos;amd64&apos;, os.version: &apos;10.0&apos;, java.version: &apos;19.0.1&apos;
Driver info: org.openqa.selenium.chrome.ChromeDriver
Command: [e00815c41cff5b2d13e711efd9b7e462, findElement {using=xpath, value=//*[@id=&apos;dropdownRole&apos;]}]
Capabilities {acceptInsecureCerts: false, browserName: chrome, browserVersion: 121.0.6167.140, chrome: {chromedriverVersion: 121.0.6167.85 (3f98d690ad7e..., userDataDir: C:\Users\NITEIN~1.KUR\AppDa...}, fedcm:accounts: true, goog:chromeOptions: {debuggerAddress: localhost:50544}, javascriptEnabled: true, networkConnectionEnabled: false, pageLoadStrategy: normal, platform: WINDOWS, platformName: WINDOWS, proxy: Proxy(), se:cdp: ws://localhost:50544/devtoo..., se:cdpVersion: 121.0.6167.140, setWindowRect: true, strictFileInteractability: false, timeouts: {implicit: 0, pageLoad: 300000, script: 30000}, unhandledPromptBehavior: dismiss and notify, webauthn:extension:credBlob: true, webauthn:extension:largeBlob: true, webauthn:extension:minPinLength: true, webauthn:extension:prf: true, webauthn:virtualAuthenticators: true}
Session ID: e00815c41cff5b2d13e711efd9b7e462
	at org.openqa.selenium.remote.codec.w3c.W3CHttpResponseCodec.createException(W3CHttpResponseCodec.java:200)
	at org.openqa.selenium.remote.codec.w3c.W3CHttpResponseCodec.decode(W3CHttpResponseCodec.java:133)
	at org.openqa.selenium.remote.codec.w3c.W3CHttpResponseCodec.decode(W3CHttpResponseCodec.java:53)
	at org.openqa.selenium.remote.HttpCommandExecutor.execute(HttpCommandExecutor.java:184)
	at org.openqa.selenium.remote.service.DriverCommandExecutor.invokeExecute(DriverCommandExecutor.java:164)
	at org.openqa.selenium.remote.service.DriverCommandExecutor.execute(DriverCommandExecutor.java:139)
	at org.openqa.selenium.remote.RemoteWebDriver.execute(RemoteWebDriver.java:559)
	at org.openqa.selenium.remote.ElementLocation$ElementFinder$2.findElement(ElementLocation.java:162)
	at org.openqa.selenium.remote.ElementLocation.findElement(ElementLocation.java:60)
	at org.openqa.selenium.remote.RemoteWebDriver.findElement(RemoteWebDriver.java:383)
	at org.openqa.selenium.remote.RemoteWebDriver.findElement(RemoteWebDriver.java:375)
	at org.openqa.selenium.support.pagefactory.DefaultElementLocator.findElement(DefaultElementLocator.java:70)
	at org.openqa.selenium.support.pagefactory.internal.LocatingElementHandler.invoke(LocatingElementHandler.java:39)
	at jdk.proxy2/jdk.proxy2.$Proxy22.isDisplayed(Unknown Source)
	at org.openqa.selenium.support.ui.ExpectedConditions.elementIfVisible(ExpectedConditions.java:307)
	at org.openqa.selenium.support.ui.ExpectedConditions.access$000(ExpectedConditions.java:40)
	at org.openqa.selenium.support.ui.ExpectedConditions$10.apply(ExpectedConditions.java:293)
	at org.openqa.selenium.support.ui.ExpectedConditions$10.apply(ExpectedConditions.java:290)
	at org.openqa.selenium.support.ui.ExpectedConditions$23.apply(ExpectedConditions.java:660)
	at org.openqa.selenium.support.ui.ExpectedConditions$23.apply(ExpectedConditions.java:656)
	at org.openqa.selenium.support.ui.FluentWait.until(FluentWait.java:208)
	... 29 more
... Removed 28 stack frames</div></td></tr></table><p class="totop"><a href="#summary">back to summary</a></p>
<h3 id="m2">newCar.OP.Acquisition_Quotes_Outright_HPNR_without_maintenance_Test#aquisition_quotes_outright_HPNR_OTR_calculation_without_maintenance_test</h3><table class="result"><tr class="param"><th>Parameter #1</th><th>Parameter #2</th><th>Parameter #3</th><th>Parameter #4</th><th>Parameter #5</th><th>Parameter #6</th><th>Parameter #7</th><th>Parameter #8</th><th>Parameter #9</th><th>Parameter #10</th><th>Parameter #11</th><th>Parameter #12</th><th>Parameter #13</th><th>Parameter #14</th><th>Parameter #15</th><th>Parameter #16</th><th>Parameter #17</th><th>Parameter #18</th><th>Parameter #19</th><th>Parameter #20</th><th>Parameter #21</th></tr><tr class="param stripe"><td>AUDI</td><td>A7</td><td>50000</td><td>630</td><td>30</td><td>20000</td><td>35</td><td>35000</td><td>1000</td><td>20</td><td>NO</td><td>A1 Credit</td><td>100</td><td>YES</td><td>2000</td><td>1000</td><td>500</td><td>1000</td><td>1000</td><td>199.99</td><td>HirePurchaseNonRegulated</td></tr><tr><th colspan="21">Messages</th></tr><tr><td colspan="21"><div class="messages"><b>Clicked on Quote button </b> <br /><br/><br>----------Screenshot---------<br><br/><img src="D:\Acquisition\AMT_Automation_Acquisition\target\surefire-reports\html\failure_screenshots\aquisition_quotes_outright_HPNR_OTR_calculation_without_maintenance_test_06_02_2024_08_10_33.png" height="800" width="1000"></div></td></tr><tr><th colspan="21">Exception</th></tr><tr><td colspan="21"><div class="stacktrace">org.openqa.selenium.TimeoutException: Expected condition failed: waiting for visibility of Proxy element for: DefaultElementLocator &apos;By.xpath: //ng-select[@id=&apos;Make&apos;]//input[@role=&apos;combobox&apos;]&apos; (tried for 120 second(s) with 500 milliseconds interval)
	at org.openqa.selenium.support.ui.WebDriverWait.timeoutException(WebDriverWait.java:138)
	at org.openqa.selenium.support.ui.FluentWait.until(FluentWait.java:231)
	at com.amt.testUtil.Click.sendKeys(Click.java:27)
	at com.amt.pages.VehicleSelectionPage.select_vehicle(VehicleSelectionPage.java:89)
	at newCar.OP.Acquisition_Quotes_Outright_HPNR_without_maintenance_Test.aquisition_quotes_outright_HPNR_OTR_calculation_without_maintenance_test(Acquisition_Quotes_Outright_HPNR_without_maintenance_Test.java:50)
	at java.base/java.util.ArrayList.forEach(ArrayList.java:1511)
Caused by: org.openqa.selenium.NoSuchElementException: no such element: Unable to locate element: {&quot;method&quot;:&quot;xpath&quot;,&quot;selector&quot;:&quot;//ng-select[@id=&apos;Make&apos;]//input[@role=&apos;combobox&apos;]&quot;}
  (Session info: chrome=121.0.6167.140)
For documentation on this error, please visit: https://selenium.dev/exceptions/#no_such_element
Build info: version: &apos;4.1.0&apos;, revision: &apos;87802e897b&apos;
System info: host: &apos;DSK-4052&apos;, ip: &apos;172.16.1.80&apos;, os.name: &apos;Windows 10&apos;, os.arch: &apos;amd64&apos;, os.version: &apos;10.0&apos;, java.version: &apos;19.0.1&apos;
Driver info: org.openqa.selenium.chrome.ChromeDriver
Command: [5eb34bdd161ea4c69b61cafa62bfd5b4, findElement {using=xpath, value=//ng-select[@id=&apos;Make&apos;]//input[@role=&apos;combobox&apos;]}]
Capabilities {acceptInsecureCerts: false, browserName: chrome, browserVersion: 121.0.6167.140, chrome: {chromedriverVersion: 121.0.6167.85 (3f98d690ad7e..., userDataDir: C:\Users\NITEIN~1.KUR\AppDa...}, fedcm:accounts: true, goog:chromeOptions: {debuggerAddress: localhost:50662}, javascriptEnabled: true, networkConnectionEnabled: false, pageLoadStrategy: normal, platform: WINDOWS, platformName: WINDOWS, proxy: Proxy(), se:cdp: ws://localhost:50662/devtoo..., se:cdpVersion: 121.0.6167.140, setWindowRect: true, strictFileInteractability: false, timeouts: {implicit: 0, pageLoad: 300000, script: 30000}, unhandledPromptBehavior: dismiss and notify, webauthn:extension:credBlob: true, webauthn:extension:largeBlob: true, webauthn:extension:minPinLength: true, webauthn:extension:prf: true, webauthn:virtualAuthenticators: true}
Session ID: 5eb34bdd161ea4c69b61cafa62bfd5b4
	at org.openqa.selenium.remote.codec.w3c.W3CHttpResponseCodec.createException(W3CHttpResponseCodec.java:200)
	at org.openqa.selenium.remote.codec.w3c.W3CHttpResponseCodec.decode(W3CHttpResponseCodec.java:133)
	at org.openqa.selenium.remote.codec.w3c.W3CHttpResponseCodec.decode(W3CHttpResponseCodec.java:53)
	at org.openqa.selenium.remote.HttpCommandExecutor.execute(HttpCommandExecutor.java:184)
	at org.openqa.selenium.remote.service.DriverCommandExecutor.invokeExecute(DriverCommandExecutor.java:164)
	at org.openqa.selenium.remote.service.DriverCommandExecutor.execute(DriverCommandExecutor.java:139)
	at org.openqa.selenium.remote.RemoteWebDriver.execute(RemoteWebDriver.java:559)
	at org.openqa.selenium.remote.ElementLocation$ElementFinder$2.findElement(ElementLocation.java:162)
	at org.openqa.selenium.remote.ElementLocation.findElement(ElementLocation.java:60)
	at org.openqa.selenium.remote.RemoteWebDriver.findElement(RemoteWebDriver.java:383)
	at org.openqa.selenium.remote.RemoteWebDriver.findElement(RemoteWebDriver.java:375)
	at org.openqa.selenium.support.pagefactory.DefaultElementLocator.findElement(DefaultElementLocator.java:70)
	at org.openqa.selenium.support.pagefactory.internal.LocatingElementHandler.invoke(LocatingElementHandler.java:39)
	at jdk.proxy2/jdk.proxy2.$Proxy22.isDisplayed(Unknown Source)
	at org.openqa.selenium.support.ui.ExpectedConditions.elementIfVisible(ExpectedConditions.java:307)
	at org.openqa.selenium.support.ui.ExpectedConditions.access$000(ExpectedConditions.java:40)
	at org.openqa.selenium.support.ui.ExpectedConditions$10.apply(ExpectedConditions.java:293)
	at org.openqa.selenium.support.ui.ExpectedConditions$10.apply(ExpectedConditions.java:290)
	at org.openqa.selenium.support.ui.FluentWait.until(FluentWait.java:208)
	... 29 more
... Removed 28 stack frames</div></td></tr></table><p class="totop"><a href="#summary">back to summary</a></p>
<h3 id="m3">newCar.BCH.Acquisition_Quotes_BCH_BCH_without_maintenance_Test#aquisition_quotes_BCH_BCH_after_discount_calculations_without_maintenance_test</h3><table class="result"><tr><th>Exception</th></tr><tr><td><div class="stacktrace">java.lang.Throwable: Method Acquisition_Quotes_BCH_BCH_without_maintenance_Test.aquisition_quotes_BCH_BCH_after_discount_calculations_without_maintenance_test(java.lang.String,java.lang.String,java.lang.String,java.lang.String,java.lang.String,java.lang.String,java.lang.String,java.lang.String,java.lang.String,java.lang.String,java.lang.String,java.lang.String,java.lang.String,java.lang.String,java.lang.String,java.lang.String,java.lang.String,java.lang.String,java.lang.String,java.lang.String,java.lang.String,java.lang.String,java.lang.String,java.lang.String,java.lang.String)[pri:2, instance:newCar.BCH.Acquisition_Quotes_BCH_BCH_without_maintenance_Test@19e4653c] depends on not successfully finished methods
	at java.base/java.util.ArrayList.forEach(ArrayList.java:1511)
... Removed 18 stack frames</div></td></tr></table><p class="totop"><a href="#summary">back to summary</a></p>
<h3 id="m4">newCar.BCH.Acquisition_Quotes_BCH_BCH_without_maintenance_Test#aquisition_quotes_BCH_BCH_customer_quote_payment_profile_calculations_without_maintenance_test</h3><table class="result"><tr><th>Exception</th></tr><tr><td><div class="stacktrace">java.lang.Throwable: Method Acquisition_Quotes_BCH_BCH_without_maintenance_Test.aquisition_quotes_BCH_BCH_customer_quote_payment_profile_calculations_without_maintenance_test(java.lang.String,java.lang.String,java.lang.String,java.lang.String,java.lang.String,java.lang.String,java.lang.String,java.lang.String,java.lang.String,java.lang.String,java.lang.String,java.lang.String,java.lang.String,java.lang.String,java.lang.String,java.lang.String,java.lang.String,java.lang.String,java.lang.String,java.lang.String,java.lang.String,java.lang.String,java.lang.String,java.lang.String,java.lang.String)[pri:4, instance:newCar.BCH.Acquisition_Quotes_BCH_BCH_without_maintenance_Test@19e4653c] depends on not successfully finished methods
	at java.base/java.util.ArrayList.forEach(ArrayList.java:1511)
... Removed 18 stack frames</div></td></tr></table><p class="totop"><a href="#summary">back to summary</a></p>
<h3 id="m5">newCar.BCH.Acquisition_Quotes_BCH_BCH_without_maintenance_Test#aquisition_quotes_BCH_BCH_holding_cost_calculations_without_maintenance_test</h3><table class="result"><tr><th>Exception</th></tr><tr><td><div class="stacktrace">java.lang.Throwable: Method Acquisition_Quotes_BCH_BCH_without_maintenance_Test.aquisition_quotes_BCH_BCH_holding_cost_calculations_without_maintenance_test(java.lang.String,java.lang.String,java.lang.String,java.lang.String,java.lang.String,java.lang.String,java.lang.String,java.lang.String,java.lang.String,java.lang.String,java.lang.String,java.lang.String,java.lang.String,java.lang.String,java.lang.String,java.lang.String,java.lang.String,java.lang.String,java.lang.String,java.lang.String,java.lang.String,java.lang.String,java.lang.String,java.lang.String,java.lang.String)[pri:3, instance:newCar.BCH.Acquisition_Quotes_BCH_BCH_without_maintenance_Test@19e4653c] depends on not successfully finished methods
	at java.base/java.util.ArrayList.forEach(ArrayList.java:1511)
... Removed 18 stack frames</div></td></tr></table><p class="totop"><a href="#summary">back to summary</a></p>
<h3 id="m6">newCar.BCH.Acquisition_Quotes_BCH_BCH_without_maintenance_Test#aquisition_quotes_BCH_BCH_quote_summary_values_verification_without_maintenance_test</h3><table class="result"><tr><th>Exception</th></tr><tr><td><div class="stacktrace">java.lang.Throwable: Method Acquisition_Quotes_BCH_BCH_without_maintenance_Test.aquisition_quotes_BCH_BCH_quote_summary_values_verification_without_maintenance_test(java.lang.String,java.lang.String,java.lang.String,java.lang.String,java.lang.String,java.lang.String,java.lang.String,java.lang.String,java.lang.String,java.lang.String,java.lang.String,java.lang.String,java.lang.String,java.lang.String,java.lang.String,java.lang.String,java.lang.String,java.lang.String,java.lang.String,java.lang.String,java.lang.String,java.lang.String,java.lang.String,java.lang.String,java.lang.String)[pri:5, instance:newCar.BCH.Acquisition_Quotes_BCH_BCH_without_maintenance_Test@19e4653c] depends on not successfully finished methods
	at java.base/java.util.ArrayList.forEach(ArrayList.java:1511)
... Removed 18 stack frames</div></td></tr></table><p class="totop"><a href="#summary">back to summary</a></p>
<h3 id="m7">newCar.CP.Acquisition_Quotes_CP_CP_without_maintenance_Test#aquisition_quotes_CP_CP_after_discount_calculations_without_maintenance_test</h3><table class="result"><tr><th>Exception</th></tr><tr><td><div class="stacktrace">java.lang.Throwable: Method Acquisition_Quotes_CP_CP_without_maintenance_Test.aquisition_quotes_CP_CP_after_discount_calculations_without_maintenance_test(java.lang.String,java.lang.String,java.lang.String,java.lang.String,java.lang.String,java.lang.String,java.lang.String,java.lang.String,java.lang.String,java.lang.String,java.lang.String,java.lang.String,java.lang.String,java.lang.String,java.lang.String,java.lang.String,java.lang.String,java.lang.String,java.lang.String,java.lang.String,java.lang.String)[pri:2, instance:newCar.CP.Acquisition_Quotes_CP_CP_without_maintenance_Test@1ca3b418] depends on not successfully finished methods
	at java.base/java.util.ArrayList.forEach(ArrayList.java:1511)
... Removed 18 stack frames</div></td></tr></table><p class="totop"><a href="#summary">back to summary</a></p>
<h3 id="m8">newCar.CP.Acquisition_Quotes_CP_CP_without_maintenance_Test#aquisition_quotes_CP_CP_customer_quote_calculations_check_monthly_finance_payment_without_maintenance_test</h3><table class="result"><tr><th>Exception</th></tr><tr><td><div class="stacktrace">java.lang.Throwable: Method Acquisition_Quotes_CP_CP_without_maintenance_Test.aquisition_quotes_CP_CP_customer_quote_calculations_check_monthly_finance_payment_without_maintenance_test(java.lang.String,java.lang.String,java.lang.String,java.lang.String,java.lang.String,java.lang.String,java.lang.String,java.lang.String,java.lang.String,java.lang.String,java.lang.String,java.lang.String,java.lang.String,java.lang.String,java.lang.String,java.lang.String,java.lang.String,java.lang.String,java.lang.String,java.lang.String,java.lang.String)[pri:4, instance:newCar.CP.Acquisition_Quotes_CP_CP_without_maintenance_Test@1ca3b418] depends on not successfully finished methods
	at java.base/java.util.ArrayList.forEach(ArrayList.java:1511)
... Removed 18 stack frames</div></td></tr></table><p class="totop"><a href="#summary">back to summary</a></p>
<h3 id="m9">newCar.CP.Acquisition_Quotes_CP_CP_without_maintenance_Test#aquisition_quotes_CP_CP_customer_quote_part_exchange_value_edit_check_without_maintenance_test</h3><table class="result"><tr><th>Exception</th></tr><tr><td><div class="stacktrace">java.lang.Throwable: Method Acquisition_Quotes_CP_CP_without_maintenance_Test.aquisition_quotes_CP_CP_customer_quote_part_exchange_value_edit_check_without_maintenance_test(java.lang.String,java.lang.String,java.lang.String,java.lang.String,java.lang.String,java.lang.String,java.lang.String,java.lang.String,java.lang.String,java.lang.String,java.lang.String,java.lang.String,java.lang.String,java.lang.String,java.lang.String,java.lang.String,java.lang.String,java.lang.String,java.lang.String,java.lang.String,java.lang.String)[pri:6, instance:newCar.CP.Acquisition_Quotes_CP_CP_without_maintenance_Test@1ca3b418] depends on not successfully finished methods
	at java.base/java.util.ArrayList.forEach(ArrayList.java:1511)
... Removed 18 stack frames</div></td></tr></table><p class="totop"><a href="#summary">back to summary</a></p>
<h3 id="m10">newCar.CP.Acquisition_Quotes_CP_CP_without_maintenance_Test#aquisition_quotes_CP_CP_customer_quote_vehicle_profit_edit_check_without_maintenance_test</h3><table class="result"><tr><th>Exception</th></tr><tr><td><div class="stacktrace">java.lang.Throwable: Method Acquisition_Quotes_CP_CP_without_maintenance_Test.aquisition_quotes_CP_CP_customer_quote_vehicle_profit_edit_check_without_maintenance_test(java.lang.String,java.lang.String,java.lang.String,java.lang.String,java.lang.String,java.lang.String,java.lang.String,java.lang.String,java.lang.String,java.lang.String,java.lang.String,java.lang.String,java.lang.String,java.lang.String,java.lang.String,java.lang.String,java.lang.String,java.lang.String,java.lang.String,java.lang.String,java.lang.String)[pri:5, instance:newCar.CP.Acquisition_Quotes_CP_CP_without_maintenance_Test@1ca3b418] depends on not successfully finished methods
	at java.base/java.util.ArrayList.forEach(ArrayList.java:1511)
... Removed 18 stack frames</div></td></tr></table><p class="totop"><a href="#summary">back to summary</a></p>
<h3 id="m11">newCar.CP.Acquisition_Quotes_CP_CP_without_maintenance_Test#aquisition_quotes_CP_CP_holding_cost_calculations_without_maintenance_test</h3><table class="result"><tr><th>Exception</th></tr><tr><td><div class="stacktrace">java.lang.Throwable: Method Acquisition_Quotes_CP_CP_without_maintenance_Test.aquisition_quotes_CP_CP_holding_cost_calculations_without_maintenance_test(java.lang.String,java.lang.String,java.lang.String,java.lang.String,java.lang.String,java.lang.String,java.lang.String,java.lang.String,java.lang.String,java.lang.String,java.lang.String,java.lang.String,java.lang.String,java.lang.String,java.lang.String,java.lang.String,java.lang.String,java.lang.String,java.lang.String,java.lang.String,java.lang.String)[pri:3, instance:newCar.CP.Acquisition_Quotes_CP_CP_without_maintenance_Test@1ca3b418] depends on not successfully finished methods
	at java.base/java.util.ArrayList.forEach(ArrayList.java:1511)
... Removed 18 stack frames</div></td></tr></table><p class="totop"><a href="#summary">back to summary</a></p>
<h3 id="m12">newCar.CP.Acquisition_Quotes_CP_CP_without_maintenance_Test#aquisition_quotes_CP_CP_quote_summary_values_verification_without_maintenance_test</h3><table class="result"><tr><th>Exception</th></tr><tr><td><div class="stacktrace">java.lang.Throwable: Method Acquisition_Quotes_CP_CP_without_maintenance_Test.aquisition_quotes_CP_CP_quote_summary_values_verification_without_maintenance_test(java.lang.String,java.lang.String,java.lang.String,java.lang.String,java.lang.String,java.lang.String,java.lang.String,java.lang.String,java.lang.String,java.lang.String,java.lang.String,java.lang.String,java.lang.String,java.lang.String,java.lang.String,java.lang.String,java.lang.String,java.lang.String,java.lang.String,java.lang.String,java.lang.String)[pri:7, instance:newCar.CP.Acquisition_Quotes_CP_CP_without_maintenance_Test@1ca3b418] depends on not successfully finished methods
	at java.base/java.util.ArrayList.forEach(ArrayList.java:1511)
... Removed 18 stack frames</div></td></tr></table><p class="totop"><a href="#summary">back to summary</a></p>
<h3 id="m13">newCar.OP.Acquisition_Quotes_Outright_HPNR_without_maintenance_Test#aquisition_quotes_outright_HPNR_after_discount_calculations_without_maintenance_test</h3><table class="result"><tr><th>Exception</th></tr><tr><td><div class="stacktrace">java.lang.Throwable: Method Acquisition_Quotes_Outright_HPNR_without_maintenance_Test.aquisition_quotes_outright_HPNR_after_discount_calculations_without_maintenance_test(java.lang.String,java.lang.String,java.lang.String,java.lang.String,java.lang.String,java.lang.String,java.lang.String,java.lang.String,java.lang.String,java.lang.String,java.lang.String,java.lang.String,java.lang.String,java.lang.String,java.lang.String,java.lang.String,java.lang.String,java.lang.String,java.lang.String,java.lang.String,java.lang.String)[pri:2, instance:newCar.OP.Acquisition_Quotes_Outright_HPNR_without_maintenance_Test@795509d9] depends on not successfully finished methods
	at java.base/java.util.ArrayList.forEach(ArrayList.java:1511)
... Removed 18 stack frames</div></td></tr></table><p class="totop"><a href="#summary">back to summary</a></p>
<h3 id="m14">newCar.OP.Acquisition_Quotes_Outright_HPNR_without_maintenance_Test#aquisition_quotes_outright_HPNR_customer_quote_calculations_check_monthly_finance_payment_without_maintenance_test</h3><table class="result"><tr><th>Exception</th></tr><tr><td><div class="stacktrace">java.lang.Throwable: Method Acquisition_Quotes_Outright_HPNR_without_maintenance_Test.aquisition_quotes_outright_HPNR_customer_quote_calculations_check_monthly_finance_payment_without_maintenance_test(java.lang.String,java.lang.String,java.lang.String,java.lang.String,java.lang.String,java.lang.String,java.lang.String,java.lang.String,java.lang.String,java.lang.String,java.lang.String,java.lang.String,java.lang.String,java.lang.String,java.lang.String,java.lang.String,java.lang.String,java.lang.String,java.lang.String,java.lang.String,java.lang.String)[pri:4, instance:newCar.OP.Acquisition_Quotes_Outright_HPNR_without_maintenance_Test@795509d9] depends on not successfully finished methods
	at java.base/java.util.ArrayList.forEach(ArrayList.java:1511)
... Removed 18 stack frames</div></td></tr></table><p class="totop"><a href="#summary">back to summary</a></p>
<h3 id="m15">newCar.OP.Acquisition_Quotes_Outright_HPNR_without_maintenance_Test#aquisition_quotes_outright_HPNR_customer_quote_monthly_finance_payment_after_balloon_payment_off_without_maintenance_test</h3><table class="result"><tr><th>Exception</th></tr><tr><td><div class="stacktrace">java.lang.Throwable: Method Acquisition_Quotes_Outright_HPNR_without_maintenance_Test.aquisition_quotes_outright_HPNR_customer_quote_monthly_finance_payment_after_balloon_payment_off_without_maintenance_test(java.lang.String,java.lang.String,java.lang.String,java.lang.String,java.lang.String,java.lang.String,java.lang.String,java.lang.String,java.lang.String,java.lang.String,java.lang.String,java.lang.String,java.lang.String,java.lang.String,java.lang.String,java.lang.String,java.lang.String,java.lang.String,java.lang.String,java.lang.String,java.lang.String)[pri:7, instance:newCar.OP.Acquisition_Quotes_Outright_HPNR_without_maintenance_Test@795509d9] depends on not successfully finished methods
	at java.base/java.util.ArrayList.forEach(ArrayList.java:1511)
... Removed 18 stack frames</div></td></tr></table><p class="totop"><a href="#summary">back to summary</a></p>
<h3 id="m16">newCar.OP.Acquisition_Quotes_Outright_HPNR_without_maintenance_Test#aquisition_quotes_outright_HPNR_customer_quote_part_exchange_value_edit_check_without_maintenance_test</h3><table class="result"><tr><th>Exception</th></tr><tr><td><div class="stacktrace">java.lang.Throwable: Method Acquisition_Quotes_Outright_HPNR_without_maintenance_Test.aquisition_quotes_outright_HPNR_customer_quote_part_exchange_value_edit_check_without_maintenance_test(java.lang.String,java.lang.String,java.lang.String,java.lang.String,java.lang.String,java.lang.String,java.lang.String,java.lang.String,java.lang.String,java.lang.String,java.lang.String,java.lang.String,java.lang.String,java.lang.String,java.lang.String,java.lang.String,java.lang.String,java.lang.String,java.lang.String,java.lang.String,java.lang.String)[pri:6, instance:newCar.OP.Acquisition_Quotes_Outright_HPNR_without_maintenance_Test@795509d9] depends on not successfully finished methods
	at java.base/java.util.ArrayList.forEach(ArrayList.java:1511)
... Removed 18 stack frames</div></td></tr></table><p class="totop"><a href="#summary">back to summary</a></p>
<h3 id="m17">newCar.OP.Acquisition_Quotes_Outright_HPNR_without_maintenance_Test#aquisition_quotes_outright_HPNR_customer_quote_vehicle_profit_edit_check_without_maintenance_test</h3><table class="result"><tr><th>Exception</th></tr><tr><td><div class="stacktrace">java.lang.Throwable: Method Acquisition_Quotes_Outright_HPNR_without_maintenance_Test.aquisition_quotes_outright_HPNR_customer_quote_vehicle_profit_edit_check_without_maintenance_test(java.lang.String,java.lang.String,java.lang.String,java.lang.String,java.lang.String,java.lang.String,java.lang.String,java.lang.String,java.lang.String,java.lang.String,java.lang.String,java.lang.String,java.lang.String,java.lang.String,java.lang.String,java.lang.String,java.lang.String,java.lang.String,java.lang.String,java.lang.String,java.lang.String)[pri:5, instance:newCar.OP.Acquisition_Quotes_Outright_HPNR_without_maintenance_Test@795509d9] depends on not successfully finished methods
	at java.base/java.util.ArrayList.forEach(ArrayList.java:1511)
... Removed 18 stack frames</div></td></tr></table><p class="totop"><a href="#summary">back to summary</a></p>
<h3 id="m18">newCar.OP.Acquisition_Quotes_Outright_HPNR_without_maintenance_Test#aquisition_quotes_outright_HPNR_holding_cost_calculations_without_maintenance_test</h3><table class="result"><tr><th>Exception</th></tr><tr><td><div class="stacktrace">java.lang.Throwable: Method Acquisition_Quotes_Outright_HPNR_without_maintenance_Test.aquisition_quotes_outright_HPNR_holding_cost_calculations_without_maintenance_test(java.lang.String,java.lang.String,java.lang.String,java.lang.String,java.lang.String,java.lang.String,java.lang.String,java.lang.String,java.lang.String,java.lang.String,java.lang.String,java.lang.String,java.lang.String,java.lang.String,java.lang.String,java.lang.String,java.lang.String,java.lang.String,java.lang.String,java.lang.String,java.lang.String)[pri:3, instance:newCar.OP.Acquisition_Quotes_Outright_HPNR_without_maintenance_Test@795509d9] depends on not successfully finished methods
	at java.base/java.util.ArrayList.forEach(ArrayList.java:1511)
... Removed 18 stack frames</div></td></tr></table><p class="totop"><a href="#summary">back to summary</a></p>
<h3 id="m19">newCar.OP.Acquisition_Quotes_Outright_HPNR_without_maintenance_Test#aquisition_quotes_outright_HPNR_quote_summary_values_verification_without_maintenance_test</h3><table class="result"><tr><th>Exception</th></tr><tr><td><div class="stacktrace">java.lang.Throwable: Method Acquisition_Quotes_Outright_HPNR_without_maintenance_Test.aquisition_quotes_outright_HPNR_quote_summary_values_verification_without_maintenance_test(java.lang.String,java.lang.String,java.lang.String,java.lang.String,java.lang.String,java.lang.String,java.lang.String,java.lang.String,java.lang.String,java.lang.String,java.lang.String,java.lang.String,java.lang.String,java.lang.String,java.lang.String,java.lang.String,java.lang.String,java.lang.String,java.lang.String,java.lang.String,java.lang.String)[pri:8, instance:newCar.OP.Acquisition_Quotes_Outright_HPNR_without_maintenance_Test@795509d9] depends on not successfully finished methods
	at java.base/java.util.ArrayList.forEach(ArrayList.java:1511)
... Removed 18 stack frames</div></td></tr></table><p class="totop"><a href="#summary">back to summary</a></p>
<h3 id="m20">newCar.CP.Acquisition_Quotes_CP_PCP_without_maintenance_Test#aquisition_quotes_CP_PCP_OTR_calculation_without_maintenance_test</h3><table class="result"><tr class="param"><th>Parameter #1</th><th>Parameter #2</th><th>Parameter #3</th><th>Parameter #4</th><th>Parameter #5</th><th>Parameter #6</th><th>Parameter #7</th><th>Parameter #8</th><th>Parameter #9</th><th>Parameter #10</th><th>Parameter #11</th><th>Parameter #12</th><th>Parameter #13</th><th>Parameter #14</th><th>Parameter #15</th><th>Parameter #16</th><th>Parameter #17</th><th>Parameter #18</th><th>Parameter #19</th><th>Parameter #20</th><th>Parameter #21</th></tr><tr class="param stripe"><td>AUDI</td><td>A7</td><td>50000</td><td>630</td><td>30</td><td>10000</td><td>35</td><td>35000</td><td>1000</td><td>20</td><td>NO</td><td>Limited Credit</td><td>100</td><td>YES</td><td>2000</td><td>1000</td><td>500</td><td>1000</td><td>1000</td><td>199.99</td><td>PersonalContractPurchase</td></tr><tr><th colspan="21">Messages</th></tr><tr><td colspan="21"><div class="messages"><b>Clicked on Quote button </b> <br /><br/><b>Manufacture =AUDI has been selected</b> <br /><br/><b>Model range =A7 has been selected</b> <br /><br/><b>Vehicle has been selected</b> <br /><br/><b>Paint option has been selected</b> <br /><br/><b>Interior option has been selected</b> <br /><br/><b> Acquisition Contract type option = Contract Purchase (CP) has been selected</b> <br /><br/><b> Customer Contract type option = Personal Contract Purchase (PCP) has been selected</b> <br /><br/><b>Getting Basic Price- Vehicle value is  =55495.83</b> <br /><br/><b>Getting Basic Price - Paint  value is  =0.00</b> <br /><br/><b>Getting  Basic Price - Options value is   =833.33</b> <br /><br/><b>Getting Discount- Vehicle value is  =0.00</b> <br /><br/><b>Getting   Discount - Paint value is   =0.00</b> <br /><br/><b>Getting  Discount- Options value is   =0.00</b> <br /><br/><b>Getting Additional Discount- Vehicle value is  =0.00</b> <br /><br/><b>Getting  Additional Discount - paint value is  =0.00</b> <br /><br/><b>Getting  Additional Discount - Options value is  =0.00</b> <br /><br/><b>Writing OTR table values to excel sheet -Started </b> <br /><br/><b>Writing OTR table values to excel sheet -Completed </b> <br /><br/><b>Reading Subtotal After Discount from excel sheet -Started </b> <br /><br/><b>Reading Subtotal After Discount from excel sheet -Started </b> <br /><br/><b>Subtotal After Discount from excel sheet is =56329.16</b> <br /><br/><b>Subtotal after discount actual value from screen =Â£ 56,329.17</b> <br /></div></td></tr></table><p class="totop"><a href="#summary">back to summary</a></p>
<h3 id="m21">newCar.CP.Acquisition_Quotes_CP_PCP_without_maintenance_Test#aquisition_quotes_CP_PCP_after_discount_calculations_without_maintenance_test</h3><table class="result"><tr class="param"><th>Parameter #1</th><th>Parameter #2</th><th>Parameter #3</th><th>Parameter #4</th><th>Parameter #5</th><th>Parameter #6</th><th>Parameter #7</th><th>Parameter #8</th><th>Parameter #9</th><th>Parameter #10</th><th>Parameter #11</th><th>Parameter #12</th><th>Parameter #13</th><th>Parameter #14</th><th>Parameter #15</th><th>Parameter #16</th><th>Parameter #17</th><th>Parameter #18</th><th>Parameter #19</th><th>Parameter #20</th><th>Parameter #21</th></tr><tr class="param stripe"><td>AUDI</td><td>A7</td><td>50000</td><td>630</td><td>30</td><td>10000</td><td>35</td><td>35000</td><td>1000</td><td>20</td><td>NO</td><td>Limited Credit</td><td>100</td><td>YES</td><td>2000</td><td>1000</td><td>500</td><td>1000</td><td>1000</td><td>199.99</td><td>PersonalContractPurchase</td></tr><tr><th colspan="21">Messages</th></tr><tr><td colspan="21"><div class="messages"><b>*********Calculations for On Road Price has been started***********</b> <br /><br/><b>Started getting On screen values from after discount table </b> <br /><br/><b>Manufacture_delivery_charges =645.83</b> <br /><br/><b>Road_tax_first_year =645.00</b> <br /><br/><b>First_registration_fee =55.00</b> <br /><br/><b>Rebate =0.00</b> <br /><br/><b>Writing After discount values to excel has been started</b> <br /><br/><b>Writing After discount values to excel has been completed</b> <br /><br/><b>Reading On Road Price for invoice from excel has been Started</b> <br /><br/><b>Reading On Road Price for invoice from excel has been completed</b> <br /><br/><b>Expected on the road price from excel is =69069.99</b> <br /><br/><b>Actual on the road price from screen is =69070.00</b> <br /></div></td></tr></table><p class="totop"><a href="#summary">back to summary</a></p>
<h3 id="m22">newCar.CP.Acquisition_Quotes_CP_PCP_without_maintenance_Test#aquisition_quotes_CP_PCP_customer_quote_calculations_check_monthly_finance_payment_without_maintenance_test</h3><table class="result"><tr class="param"><th>Parameter #1</th><th>Parameter #2</th><th>Parameter #3</th><th>Parameter #4</th><th>Parameter #5</th><th>Parameter #6</th><th>Parameter #7</th><th>Parameter #8</th><th>Parameter #9</th><th>Parameter #10</th><th>Parameter #11</th><th>Parameter #12</th><th>Parameter #13</th><th>Parameter #14</th><th>Parameter #15</th><th>Parameter #16</th><th>Parameter #17</th><th>Parameter #18</th><th>Parameter #19</th><th>Parameter #20</th><th>Parameter #21</th></tr><tr class="param stripe"><td>AUDI</td><td>A7</td><td>50000</td><td>630</td><td>30</td><td>10000</td><td>35</td><td>35000</td><td>1000</td><td>20</td><td>NO</td><td>Limited Credit</td><td>100</td><td>YES</td><td>2000</td><td>1000</td><td>500</td><td>1000</td><td>1000</td><td>199.99</td><td>PersonalContractPurchase</td></tr><tr><th colspan="21">Messages</th></tr><tr><td colspan="21"><div class="messages"><b>***********Entered in Customer Quote page ***********</b> <br /><br/><b>Matrix credit type Limited Credit has been selected</b> <br /><br/><b>Writing configuration values from property file to Excel for customer quote calculation -started</b> <br /><br/><b>Writing configuration values from property file to Excel for customer quote calculation -completed</b> <br /><br/><b>Actual Monthly Finance Payment from screen is 2486.35</b> <br /><br/><b>Writing screen values to Excel for customer quote calculation -started</b> <br /><br/><b>Writing screen values to Excel for customer quote calculation -completed</b> <br /><br/><b>Expected Monthly Finannce Rental from excel is 2486.354402300341</b> <br /><br/><b></b> <br /><br/><b>Started Verifying Sales price discount not to be greater than cost price discount</b> <br /><br/><b>Sales discount price entered greater than Cost discount prices and verified that sales discount input field doesn't accept greater values than cost discount prices</b> <br /><br/><b></b> <br /><br/><b>Started Updating Sales price discount</b> <br /><br/><b>Actual Sales Total Price from screen (on updating sales discount prices) is 69069.99</b> <br /><br/><b>Expected Sales Total Price from excel (on updating sales discount prices) is 69069.98800000001</b> <br /><br/><b>Actual Vehicle Profit from screen (on updating sales discount prices) is -0.01</b> <br /><br/><b>Expected Vehicle Profit from excel (on updating sales discount prices) is 0.0</b> <br /><br/><b>Actual Monthly Finance Payment from screen is 2486.35</b> <br /><br/><b>Expected Monthly Finance Payment from excel is 2486.354402300341</b> <br /><br/><b>1. Sales Total Price , 2.Vehicel Profit , 3.Monthly Finance Rental , Verified on updating sales discount and found OK</b> <br /></div></td></tr></table><p class="totop"><a href="#summary">back to summary</a></p>
<h3 id="m23">newCar.CP.Acquisition_Quotes_CP_PCP_without_maintenance_Test#aquisition_quotes_CP_PCP_customer_quote_part_exchange_value_edit_check_without_maintenance_test</h3><table class="result"><tr class="param"><th>Parameter #1</th><th>Parameter #2</th><th>Parameter #3</th><th>Parameter #4</th><th>Parameter #5</th><th>Parameter #6</th><th>Parameter #7</th><th>Parameter #8</th><th>Parameter #9</th><th>Parameter #10</th><th>Parameter #11</th><th>Parameter #12</th><th>Parameter #13</th><th>Parameter #14</th><th>Parameter #15</th><th>Parameter #16</th><th>Parameter #17</th><th>Parameter #18</th><th>Parameter #19</th><th>Parameter #20</th><th>Parameter #21</th></tr><tr class="param stripe"><td>AUDI</td><td>A7</td><td>50000</td><td>630</td><td>30</td><td>10000</td><td>35</td><td>35000</td><td>1000</td><td>20</td><td>NO</td><td>Limited Credit</td><td>100</td><td>YES</td><td>2000</td><td>1000</td><td>500</td><td>1000</td><td>1000</td><td>199.99</td><td>PersonalContractPurchase</td></tr><tr><th colspan="21">Messages</th></tr><tr><td colspan="21"><div class="messages"><b>Clicked on Part Exchange panel</b> <br /><br/><b></b> <br /><br/><b>Balance To Finance Expected is 80384.00400000002</b> <br /><br/><b>Balance To Finance Actual is 80384.0</b> <br /><br/><b></b> <br /><br/><b>Monthly Finance Payment Expected is 2914.4391497922206</b> <br /><br/><b>Monthly Finance Payment Actual is 2914.44</b> <br /><br/><b></b> <br /><br/><b>Monthly Finance Payment verified after editing part exchange values and deposit values</b> <br /></div></td></tr></table><p class="totop"><a href="#summary">back to summary</a></p>
<h3 id="m24">newCar.CP.Acquisition_Quotes_CP_PCP_without_maintenance_Test#aquisition_quotes_CP_PCP_customer_quote_vehicle_profit_edit_check_without_maintenance_test</h3><table class="result"><tr class="param"><th>Parameter #1</th><th>Parameter #2</th><th>Parameter #3</th><th>Parameter #4</th><th>Parameter #5</th><th>Parameter #6</th><th>Parameter #7</th><th>Parameter #8</th><th>Parameter #9</th><th>Parameter #10</th><th>Parameter #11</th><th>Parameter #12</th><th>Parameter #13</th><th>Parameter #14</th><th>Parameter #15</th><th>Parameter #16</th><th>Parameter #17</th><th>Parameter #18</th><th>Parameter #19</th><th>Parameter #20</th><th>Parameter #21</th></tr><tr class="param stripe"><td>AUDI</td><td>A7</td><td>50000</td><td>630</td><td>30</td><td>10000</td><td>35</td><td>35000</td><td>1000</td><td>20</td><td>NO</td><td>Limited Credit</td><td>100</td><td>YES</td><td>2000</td><td>1000</td><td>500</td><td>1000</td><td>1000</td><td>199.99</td><td>PersonalContractPurchase</td></tr><tr><th colspan="21">Messages</th></tr><tr><td colspan="21"><div class="messages"><b></b> <br /><br/><b>Actual Monthly Finance Payment after editing vehicle profit = 2531.76</b> <br /><br/><b>Expected  Monthly Finance Payment after editing vehicle profit = 2531.75886646295</b> <br /><br/><b></b> <br /><br/><b>Monthly Finance Payment verified after editing vehicle profit</b> <br /><br/><b></b> <br /><br/><b>Verifying Vehicle profit and Total Monthly Payment on editing Vehicle Sales Price</b> <br /><br/><b>Sending 82884.0 to sales total input field</b> <br /><br/><b></b> <br /><br/><b>Vehicle Profit Expected is 11511.666666666668</b> <br /><br/><b>Vehicle Profit Actual is 11511.67</b> <br /><br/><b></b> <br /><br/><b>Monthly Total Payment Expected is 3009.030837547441</b> <br /><br/><b>Monthly Total Payment Actual is 3009.03</b> <br /><br/><b></b> <br /><br/><b>Vehicle profit and Total Monthly Payment verified on editing Vehicle Sales Price</b> <br /></div></td></tr></table><p class="totop"><a href="#summary">back to summary</a></p>
<h3 id="m25">newCar.CP.Acquisition_Quotes_CP_PCP_without_maintenance_Test#aquisition_quotes_CP_PCP_holding_cost_calculations_without_maintenance_test</h3><table class="result"><tr class="param"><th>Parameter #1</th><th>Parameter #2</th><th>Parameter #3</th><th>Parameter #4</th><th>Parameter #5</th><th>Parameter #6</th><th>Parameter #7</th><th>Parameter #8</th><th>Parameter #9</th><th>Parameter #10</th><th>Parameter #11</th><th>Parameter #12</th><th>Parameter #13</th><th>Parameter #14</th><th>Parameter #15</th><th>Parameter #16</th><th>Parameter #17</th><th>Parameter #18</th><th>Parameter #19</th><th>Parameter #20</th><th>Parameter #21</th></tr><tr class="param stripe"><td>AUDI</td><td>A7</td><td>50000</td><td>630</td><td>30</td><td>10000</td><td>35</td><td>35000</td><td>1000</td><td>20</td><td>NO</td><td>Limited Credit</td><td>100</td><td>YES</td><td>2000</td><td>1000</td><td>500</td><td>1000</td><td>1000</td><td>199.99</td><td>PersonalContractPurchase</td></tr><tr><th colspan="21">Messages</th></tr><tr><td colspan="21"><div class="messages"><b>***********Entered in holding cost page ***********</b> <br /><br/><b>Clicked on holding cost summary</b> <br /><br/><b></b> <br /><br/><b>Verifying Holding Cost Based on CAP data</b> <br /><br/><b>Getting on screen values from Holding Cost Page</b> <br /><br/><b>Duration(Terms) =36.0</b> <br /><br/><b>Annual_mileage =10000.0</b> <br /><br/><b>Cap_residual_value_from_screen =28050.0</b> <br /><br/><b>Writing Holding Cost Summary values to excel has been started</b> <br /><br/><b>Writing Holding Cost Summary values to excel has been completed</b> <br /><br/><b>Reading Monthly Holding Cost value from excel has been started</b> <br /><br/><b>Reading Monthly Holding Cost value from excel has been completed</b> <br /><br/><b>Total_monthly_holding_cost_from_screen =1338.60</b> <br /><br/><b>Total_monthly_holding_cost_from_excel =1338.604369945413</b> <br /><br/><b>Total Monthly Holding Cost based on CAP data is Verified and Found OK</b> <br /><br/><b></b> <br /><br/><b>Editing % CAP Residual Value used</b> <br /><br/><b>Changing % CAP Residual Value (from test  data) to 30</b> <br /><br/><b>Writing Holding Cost Summary values to excel has been started</b> <br /><br/><b>Writing Holding Cost Summary values to excel has been completed</b> <br /><br/><b>Reading Monthly Holding Cost value from excel has been started</b> <br /><br/><b>Reading Monthly Holding Cost value from excel has been completed</b> <br /><br/><b>Total_monthly_holding_cost_from_screen =1721.41</b> <br /><br/><b>Total_monthly_holding_cost_from_excel =1721.4138650597497</b> <br /><br/><b>Total Monthly Holding Cost After Editing % Residual Value is Verified and Found OK</b> <br /><br/><b></b> <br /><br/><b>Editing Residual value used</b> <br /><br/><b>Changing Residual value used to =10000</b> <br /><br/><b>Writing Holding Cost Summary values to excel has been started</b> <br /><br/><b>Writing Holding Cost Summary values to excel has been completed</b> <br /><br/><b>Reading Monthly Holding Cost value from excel has been started</b> <br /><br/><b>Reading Monthly Holding Cost value from excel has been completed</b> <br /><br/><b>Total_monthly_holding_cost_from_screen =1690.51</b> <br /><br/><b>Total_monthly_holding_cost_from_excel =1690.5122582476165</b> <br /><br/><b>Total Monthly Holding Cost After Editing Residual Value is Verified and Found OK</b> <br /><br/><b></b> <br /><br/><b>Editing additional terms and mileage</b> <br /><br/><b>Updated Residual Value from screen  (to be sent to calculation excel) is =5677.50</b> <br /><br/><b>Writing Holding Cost Summary values to excel has been started</b> <br /><br/><b>Writing Holding Cost Summary values to excel has been completed</b> <br /><br/><b>Reading Monthly Holding Cost value from excel has been started</b> <br /><br/><b>Reading Monthly Holding Cost value from excel has been completed</b> <br /><br/><b>Total_monthly_holding_cost_from_screen =1,816.67</b> <br /><br/><b>Total_monthly_holding_cost_from_excel =1816.6674737922633</b> <br /><br/><b>Total Monthly Holding Cost After Editing Additional terms and mileage is Verified and Found OK</b> <br /></div></td></tr></table><p class="totop"><a href="#summary">back to summary</a></p>
<h3 id="m26">newCar.CP.Acquisition_Quotes_CP_PCP_without_maintenance_Test#aquisition_quotes_CP_PCP_quote_summary_values_verification_without_maintenance_test</h3><table class="result"><tr class="param"><th>Parameter #1</th><th>Parameter #2</th><th>Parameter #3</th><th>Parameter #4</th><th>Parameter #5</th><th>Parameter #6</th><th>Parameter #7</th><th>Parameter #8</th><th>Parameter #9</th><th>Parameter #10</th><th>Parameter #11</th><th>Parameter #12</th><th>Parameter #13</th><th>Parameter #14</th><th>Parameter #15</th><th>Parameter #16</th><th>Parameter #17</th><th>Parameter #18</th><th>Parameter #19</th><th>Parameter #20</th><th>Parameter #21</th></tr><tr class="param stripe"><td>AUDI</td><td>A7</td><td>50000</td><td>630</td><td>30</td><td>10000</td><td>35</td><td>35000</td><td>1000</td><td>20</td><td>NO</td><td>Limited Credit</td><td>100</td><td>YES</td><td>2000</td><td>1000</td><td>500</td><td>1000</td><td>1000</td><td>199.99</td><td>PersonalContractPurchase</td></tr><tr><th colspan="21">Messages</th></tr><tr><td colspan="21"><div class="messages"><b>*************OTR Calulation on quote summary page has been started************</b> <br /><br/><b>Reading values from OTR calculation -Quote Summary Page</b> <br /><br/><b></b> <br /><br/><b>Cost otr price from screen is 69070.0</b> <br /><br/><b>Cost price ex vat and rfl from screen is 56975.0</b> <br /><br/><b>Otr Vat from screen is 11395.0</b> <br /><br/><b>Otr rfl and frf from screen is 700.0</b> <br /><br/><b></b> <br /><br/><b>Cost otr price from excel is 69069.98800000001</b> <br /><br/><b>Cost price ex vat and rfl from excel is 56974.99000000001</b> <br /><br/><b>Otr Vat from excel is 11394.998</b> <br /><br/><b>Otr rfl and frf from excel is 700.0</b> <br /><br/><b></b> <br /><br/><b>OTR price compared</b> <br /><br/><b>Cost price ex vat and rfl compared</b> <br /><br/><b>VAT compared</b> <br /><br/><b>RFL & FRF compared</b> <br /><br/><b>*************Holding Cost Calulation on quote summary page has been started************</b> <br /><br/><b>Reading values from Holding Cost summary -Quote Summary Page</b> <br /><br/><b>holding_cost_terms_from_screen35.0</b> <br /><br/><b>holding_cost_miles_per_annum_from_screen35000.0</b> <br /><br/><b>holding_cost_monthly_finance_cost_from_screen1816.67</b> <br /><br/><b>holding_cost_total_monthly_holding_cost_from_screen =1816.67</b> <br /><br/><b>terms compared</b> <br /><br/><b>Miles per annum compared</b> <br /><br/><b>Finance cost compared</b> <br /><br/><b>Total Monthly Holding Cost compared</b> <br /><br/><b>*************Customer Quote Calulation on quote summary page has been started************</b> <br /><br/><b>Terms found OK</b> <br /><br/><b>miles found OK</b> <br /><br/><b>Basic Cash Price found OK</b> <br /><br/><b>VAT found OK</b> <br /><br/><b>Non VAT Items Value found OK</b> <br /><br/><b>Total Cash Price found OK</b> <br /><br/><b>Order Deposit found OK</b> <br /><br/><b>Finance Deposit found OK</b> <br /><br/><b>Total Deposit found OK</b> <br /><br/><b>Part Exchange Value - found OK</b> <br /><br/><b>Balance to Finance found OK</b> <br /><br/><b>Finance Charges - found OK</b> <br /><br/><b>Document Fee - found OK</b> <br /><br/><b>Balance Payable - found OK</b> <br /><br/><b>Option To Purchase Fee - found OK</b> <br /><br/><b>Initial Cash Payment - found OK</b> <br /><br/><b>Followed By months - found OK</b> <br /><br/><b>Monthly Finance Payment - found OK</b> <br /><br/><b>Guaranteed Future Value - found OK</b> <br /><br/><b>Optional Final Payment - found OK</b> <br /><br/><b>Pence Per Excess Mile Finance - found OK</b> <br /><br/><b>Vehicle Commission - found OK</b> <br /><br/><b>Default Finance Commission - found OK</b> <br /><br/><b>Document Fee Commission - found OK</b> <br /><br/><b>Total Commission - found OK</b> <br /><br/><b>*************Configuration Values Verification on quote summary page has been started************</b> <br /><br/><b>Base Interest Rate found OK</b> <br /><br/><b>Finance Margin found OK</b> <br /><br/><b>Deductions found OK</b> <br /><br/><b>Additional Margin found OK</b> <br /><br/><b>Total Margin found OK</b> <br /><br/><b>Default Broker Margin percentage found OK</b> <br /><br/><b>Customer Interest Rate found OK</b> <br /><br/><b>Document Fee Margin found OK</b> <br /><br/><b>Default Broker Margin found OK</b> <br /><br/><b>*********Customer Quote generated successfully and Quote_ref_no is=QXF79783</b> <br /><br/><b>*************OTR Calulation on quote summary page has been started************</b> <br /><br/><b>Reading values from OTR calculation -Quote Summary Page</b> <br /><br/><b></b> <br /><br/><b>Cost otr price from screen is 69070.0</b> <br /><br/><b>Cost price ex vat and rfl from screen is 56975.0</b> <br /><br/><b>Otr Vat from screen is 11395.0</b> <br /><br/><b>Otr rfl and frf from screen is 700.0</b> <br /><br/><b></b> <br /><br/><b>Cost otr price from excel is 69069.98800000001</b> <br /><br/><b>Cost price ex vat and rfl from excel is 56974.99000000001</b> <br /><br/><b>Otr Vat from excel is 11394.998</b> <br /><br/><b>Otr rfl and frf from excel is 700.0</b> <br /><br/><b></b> <br /><br/><b>OTR price compared</b> <br /><br/><b>Cost price ex vat and rfl compared</b> <br /><br/><b>VAT compared</b> <br /><br/><b>RFL & FRF compared</b> <br /><br/><b>*************Holding Cost Calulation on quote summary page has been started************</b> <br /><br/><b>Reading values from Holding Cost summary -Quote Summary Page</b> <br /><br/><b>holding_cost_terms_from_screen35.0</b> <br /><br/><b>holding_cost_miles_per_annum_from_screen35000.0</b> <br /><br/><b>holding_cost_monthly_finance_cost_from_screen1816.67</b> <br /><br/><b>holding_cost_total_monthly_holding_cost_from_screen =1816.67</b> <br /><br/><b>terms compared</b> <br /><br/><b>Miles per annum compared</b> <br /><br/><b>Finance cost compared</b> <br /><br/><b>Total Monthly Holding Cost compared</b> <br /><br/><b>*************Customer Quote Calulation on quote summary page has been started************</b> <br /><br/><b>Terms found OK</b> <br /><br/><b>miles found OK</b> <br /><br/><b>Basic Cash Price found OK</b> <br /><br/><b>VAT found OK</b> <br /><br/><b>Non VAT Items Value found OK</b> <br /><br/><b>Total Cash Price found OK</b> <br /><br/><b>Order Deposit found OK</b> <br /><br/><b>Finance Deposit found OK</b> <br /><br/><b>Total Deposit found OK</b> <br /><br/><b>Part Exchange Value - found OK</b> <br /><br/><b>Balance to Finance found OK</b> <br /><br/><b>Finance Charges - found OK</b> <br /><br/><b>Document Fee - found OK</b> <br /><br/><b>Balance Payable - found OK</b> <br /><br/><b>Option To Purchase Fee - found OK</b> <br /><br/><b>Initial Cash Payment - found OK</b> <br /><br/><b>Followed By months - found OK</b> <br /><br/><b>Monthly Finance Payment - found OK</b> <br /><br/><b>Guaranteed Future Value - found OK</b> <br /><br/><b>Optional Final Payment - found OK</b> <br /><br/><b>Pence Per Excess Mile Finance - found OK</b> <br /><br/><b>Vehicle Commission - found OK</b> <br /><br/><b>Default Finance Commission - found OK</b> <br /><br/><b>Document Fee Commission - found OK</b> <br /><br/><b>Total Commission - found OK</b> <br /><br/><b>*************Configuration Values Verification on quote summary page has been started************</b> <br /><br/><b>Base Interest Rate found OK</b> <br /><br/><b>Finance Margin found OK</b> <br /><br/><b>Deductions found OK</b> <br /><br/><b>Additional Margin found OK</b> <br /><br/><b>Total Margin found OK</b> <br /><br/><b>Default Broker Margin percentage found OK</b> <br /><br/><b>Customer Interest Rate found OK</b> <br /><br/><b>Document Fee Margin found OK</b> <br /><br/><b>Default Broker Margin found OK</b> <br /><br/><b>*************Editing and Verifying Configuration Values on quote summary page has been started************</b> <br /><br/><b>Base Interest Rate changed to 7.0 %</b> <br /><br/><b>Holding Cost after changing Base Int. Rate -  found OK</b> <br /><br/><b>Monthly Finance Rental after changing Base Int. Rate -  found OK</b> <br /><br/><b>Finance Charges - found OK</b> <br /><br/><b>Balance Payable - found OK</b> <br /><br/><b>Base Interest Rate changed to default</b> <br /><br/><b>*************Editing Customer Rate Over Base and Verifying Values on quote summary page has been started************</b> <br /><br/><b>Customer Base Over Rate changed to 5.0 %</b> <br /><br/><b>Monthly Finance Rental after changing Customer Base Over Rate -  found OK</b> <br /><br/><b>Finance Charges - found OK</b> <br /><br/><b>Balance Payable - found OK</b> <br /></div></td></tr></table><p class="totop"><a href="#summary">back to summary</a></p>
</body>
</html>
