<?xml version="1.0" encoding="UTF-8"?>
<testng-results ignored="0" total="8" passed="8" failed="0" skipped="0">
  <reporter-output>
    <line>
      <![CDATA[<b>Clicked on Quote button </b> <br />]]>
    </line>
    <line>
      <![CDATA[<b>Manufacture =AUDI has been selected</b> <br />]]>
    </line>
    <line>
      <![CDATA[<b>Model range =A7 has been selected</b> <br />]]>
    </line>
    <line>
      <![CDATA[<b>Vehicle has been selected</b> <br />]]>
    </line>
    <line>
      <![CDATA[<b>Paint option has been selected</b> <br />]]>
    </line>
    <line>
      <![CDATA[<b>Interior option has been selected</b> <br />]]>
    </line>
    <line>
      <![CDATA[<b> Acquisition Contract type option = Outright has been selected</b> <br />]]>
    </line>
    <line>
      <![CDATA[<b> Customer Contract type option = Personal Contract Purchase (PCP) has been selected</b> <br />]]>
    </line>
    <line>
      <![CDATA[<b>Getting Basic Price- Vehicle value is  =55495.83</b> <br />]]>
    </line>
    <line>
      <![CDATA[<b>Getting Basic Price - Paint  value is  =0.00</b> <br />]]>
    </line>
    <line>
      <![CDATA[<b>Getting  Basic Price - Options value is   =833.33</b> <br />]]>
    </line>
    <line>
      <![CDATA[<b>Getting Discount- Vehicle value is  =0.00</b> <br />]]>
    </line>
    <line>
      <![CDATA[<b>Getting   Discount - Paint value is   =0.00</b> <br />]]>
    </line>
    <line>
      <![CDATA[<b>Getting  Discount- Options value is   =0.00</b> <br />]]>
    </line>
    <line>
      <![CDATA[<b>Getting Additional Discount- Vehicle value is  =0.00</b> <br />]]>
    </line>
    <line>
      <![CDATA[<b>Getting  Additional Discount - paint value is  =0.00</b> <br />]]>
    </line>
    <line>
      <![CDATA[<b>Getting  Additional Discount - Options value is  =0.00</b> <br />]]>
    </line>
    <line>
      <![CDATA[<b>Writing OTR table values to excel sheet -Started </b> <br />]]>
    </line>
    <line>
      <![CDATA[<b>Writing OTR table values to excel sheet -Completed </b> <br />]]>
    </line>
    <line>
      <![CDATA[<b>Reading Subtotal After Discount from excel sheet -Started </b> <br />]]>
    </line>
    <line>
      <![CDATA[<b>Reading Subtotal After Discount from excel sheet -Started </b> <br />]]>
    </line>
    <line>
      <![CDATA[<b>Subtotal After Discount from excel sheet is =56329.16</b> <br />]]>
    </line>
    <line>
      <![CDATA[<b>Subtotal after discount actual value from screen =£ 56,329.16</b> <br />]]>
    </line>
    <line>
      <![CDATA[<b>*********Calculations for On Road Price has been started***********</b> <br />]]>
    </line>
    <line>
      <![CDATA[<b>Started getting On screen values from after discount table </b> <br />]]>
    </line>
    <line>
      <![CDATA[<b>Manufacture_delivery_charges =645.83</b> <br />]]>
    </line>
    <line>
      <![CDATA[<b>Road_tax_first_year =585.00</b> <br />]]>
    </line>
    <line>
      <![CDATA[<b>First_registration_fee =65.00</b> <br />]]>
    </line>
    <line>
      <![CDATA[<b>Rebate =0.00</b> <br />]]>
    </line>
    <line>
      <![CDATA[<b>Writing After discount values to excel has been started</b> <br />]]>
    </line>
    <line>
      <![CDATA[<b>Writing After discount values to excel has been completed</b> <br />]]>
    </line>
    <line>
      <![CDATA[<b>Reading On Road Price for invoice from excel has been Started</b> <br />]]>
    </line>
    <line>
      <![CDATA[<b>Reading On Road Price for invoice from excel has been completed</b> <br />]]>
    </line>
    <line>
      <![CDATA[<b>Expected on the road price from excel is =69019.99</b> <br />]]>
    </line>
    <line>
      <![CDATA[<b>Actual on the road price from screen is =69019.99</b> <br />]]>
    </line>
    <line>
      <![CDATA[<b>***********Entered in holding cost page ***********</b> <br />]]>
    </line>
    <line>
      <![CDATA[<b>Clicked on holding cost summary</b> <br />]]>
    </line>
    <line>
      <![CDATA[<b>Clicked on holding_cost_maintenance_toggle_button</b> <br />]]>
    </line>
    <line>
      <![CDATA[<b></b> <br />]]>
    </line>
    <line>
      <![CDATA[<b>***Verifying Holding Cost before editing CAP data*** </b> <br />]]>
    </line>
    <line>
      <![CDATA[<b>Getting on screen values from Holding Cost Page</b> <br />]]>
    </line>
    <line>
      <![CDATA[<b>Duration(Terms) =36.0</b> <br />]]>
    </line>
    <line>
      <![CDATA[<b>Annual_mileage =10000.0</b> <br />]]>
    </line>
    <line>
      <![CDATA[<b>Residual_value_from_screen =28050.0</b> <br />]]>
    </line>
    <line>
      <![CDATA[<b>Total_cap_maintenance_value_annual =1423.44</b> <br />]]>
    </line>
    <line>
      <![CDATA[<b>Writing Holding Cost Summary values to excel has been started</b> <br />]]>
    </line>
    <line>
      <![CDATA[<b>Writing Holding Cost Summary values to excel has been completed</b> <br />]]>
    </line>
    <line>
      <![CDATA[<b>Reading Monthly Holding Cost value from excel has been started</b> <br />]]>
    </line>
    <line>
      <![CDATA[<b>Reading Monthly Holding Cost value from excel has been completed</b> <br />]]>
    </line>
    <line>
      <![CDATA[<b>Total_monthly_holding_cost_from_screen =1,219.06</b> <br />]]>
    </line>
    <line>
      <![CDATA[<b>Total_monthly_holding_cost_from_excel =1219.060195262566</b> <br />]]>
    </line>
    <line>
      <![CDATA[<b>Total Monthly Holding Cost based on CAP data is Verified and Found OK</b> <br />]]>
    </line>
    <line>
      <![CDATA[<b></b> <br />]]>
    </line>
    <line>
      <![CDATA[<b>Editing % CAP Residual Value and % CAP Maintenance cost used</b> <br />]]>
    </line>
    <line>
      <![CDATA[<b>Changing % CAP Residual Value (from test  data) to 50</b> <br />]]>
    </line>
    <line>
      <![CDATA[<b>Changing % CAP Maintenance cost (from test  data) to 50</b> <br />]]>
    </line>
    <line>
      <![CDATA[<b>Writing Holding Cost Summary values to excel has been started</b> <br />]]>
    </line>
    <line>
      <![CDATA[<b>Writing Holding Cost Summary values to excel has been completed</b> <br />]]>
    </line>
    <line>
      <![CDATA[<b>Reading Monthly Holding Cost value from excel has been started</b> <br />]]>
    </line>
    <line>
      <![CDATA[<b>Reading Monthly Holding Cost value from excel has been completed</b> <br />]]>
    </line>
    <line>
      <![CDATA[<b>Total_monthly_holding_cost_from_screen =1,492.60</b> <br />]]>
    </line>
    <line>
      <![CDATA[<b>Total_monthly_holding_cost_from_excel =1492.604339765719</b> <br />]]>
    </line>
    <line>
      <![CDATA[<b>Total Monthly Holding Cost After Editing % Residual Value and % Maintenance Cost is Verified and Found OK</b> <br />]]>
    </line>
    <line>
      <![CDATA[<b></b> <br />]]>
    </line>
    <line>
      <![CDATA[<b>Editing Residual value and Maintenance cost used</b> <br />]]>
    </line>
    <line>
      <![CDATA[<b>Changing Residual Value (from test data) to  =20000</b> <br />]]>
    </line>
    <line>
      <![CDATA[<b>Changing Maintenance Cost used (from test data) to =20</b> <br />]]>
    </line>
    <line>
      <![CDATA[<b>Writing Holding Cost Summary values to excel has been started</b> <br />]]>
    </line>
    <line>
      <![CDATA[<b>Writing Holding Cost Summary values to excel has been completed</b> <br />]]>
    </line>
    <line>
      <![CDATA[<b>Reading Monthly Holding Cost value from excel has been started</b> <br />]]>
    </line>
    <line>
      <![CDATA[<b>Reading Monthly Holding Cost value from excel has been completed</b> <br />]]>
    </line>
    <line>
      <![CDATA[<b>Total_monthly_holding_cost_from_screen =1,367.88</b> <br />]]>
    </line>
    <line>
      <![CDATA[<b>Total_monthly_holding_cost_from_excel =1367.8751944248024</b> <br />]]>
    </line>
    <line>
      <![CDATA[<b>Total Monthly Holding Cost After Editing Residual Value and Maintenance Cost is Verified and Found OK</b> <br />]]>
    </line>
    <line>
      <![CDATA[<b></b> <br />]]>
    </line>
    <line>
      <![CDATA[<b>Editing additional terms and mileage</b> <br />]]>
    </line>
    <line>
      <![CDATA[<b>Updated Residual Value from screen  (to be sent to calculation excel) is =9462.50</b> <br />]]>
    </line>
    <line>
      <![CDATA[<b>Updated Maintenance Cost from screen  (to be sent to calculation excel) is =88.83</b> <br />]]>
    </line>
    <line>
      <![CDATA[<b>Writing Holding Cost Summary values to excel has been started</b> <br />]]>
    </line>
    <line>
      <![CDATA[<b>Writing Holding Cost Summary values to excel has been completed</b> <br />]]>
    </line>
    <line>
      <![CDATA[<b>Reading Monthly Holding Cost value from excel has been started</b> <br />]]>
    </line>
    <line>
      <![CDATA[<b>Reading Monthly Holding Cost value from excel has been completed</b> <br />]]>
    </line>
    <line>
      <![CDATA[<b>Total_monthly_holding_cost_from_screen =1,696.58</b> <br />]]>
    </line>
    <line>
      <![CDATA[<b>Total_monthly_holding_cost_from_excel =1696.5782440145995</b> <br />]]>
    </line>
    <line>
      <![CDATA[<b>Total Monthly Holding Cost After Editing Additional terms and mileage is Verified and Found OK</b> <br />]]>
    </line>
    <line>
      <![CDATA[<b>***********Entered in Customer Quote page ***********</b> <br />]]>
    </line>
    <line>
      <![CDATA[<b>Matrix credit type A1 Credit has been selected</b> <br />]]>
    </line>
    <line>
      <![CDATA[<b>Writing configuration values from property file to Excel for customer quote calculation -started</b> <br />]]>
    </line>
    <line>
      <![CDATA[<b>Writing configuration values from property file to Excel for customer quote calculation -completed</b> <br />]]>
    </line>
    <line>
      <![CDATA[<b>Actual Monthly total Payment from screen is 2191.94</b> <br />]]>
    </line>
    <line>
      <![CDATA[<b>Writing screen values to Excel for customer quote calculation -started</b> <br />]]>
    </line>
    <line>
      <![CDATA[<b>Writing screen values to Excel for customer quote calculation -completed</b> <br />]]>
    </line>
    <line>
      <![CDATA[<b>Expected Monthly Total Rental from excel is 2191.942548921847</b> <br />]]>
    </line>
    <line>
      <![CDATA[<b></b> <br />]]>
    </line>
    <line>
      <![CDATA[<b>Started Verifying Sales price discount not to be greater than cost price discount</b> <br />]]>
    </line>
    <line>
      <![CDATA[<b>Sales discount price entered greater than Cost discount prices and verified that sales discount input field doesn't accept greater values than cost discount prices</b> <br />]]>
    </line>
    <line>
      <![CDATA[<b></b> <br />]]>
    </line>
    <line>
      <![CDATA[<b>Started Updating Sales price discount</b> <br />]]>
    </line>
    <line>
      <![CDATA[<b>Actual Sales Total Price from screen (on updating sales discount prices) is 69019.99</b> <br />]]>
    </line>
    <line>
      <![CDATA[<b>Expected Sales Total Price from excel (on updating sales discount prices) is 69019.98800000001</b> <br />]]>
    </line>
    <line>
      <![CDATA[<b>Actual Vehicle Profit from screen (on updating sales discount prices) is 0.0</b> <br />]]>
    </line>
    <line>
      <![CDATA[<b>Expected Vehicle Profit from excel (on updating sales discount prices) is 0.0</b> <br />]]>
    </line>
    <line>
      <![CDATA[<b>Actual Monthly Finance Payment from screen is 2060.26</b> <br />]]>
    </line>
    <line>
      <![CDATA[<b>Expected Monthly Finance Payment from excel is 2060.265137157141</b> <br />]]>
    </line>
    <line>
      <![CDATA[<b>Actual Monthly Maintenance Payment from screen is 131.68</b> <br />]]>
    </line>
    <line>
      <![CDATA[<b>Expected Monthly Maintenance Payment from excel is 131.677411764706</b> <br />]]>
    </line>
    <line>
      <![CDATA[<b>1. Sales Total Price , 2.Vehicel Profit , 3.Monthly Finance Rental , 4.Monthly Maintenance Rental , Verified on updating sales discount and found OK</b> <br />]]>
    </line>
    <line>
      <![CDATA[<b>Monthly Total Payment verified after editing vehicle profit</b> <br />]]>
    </line>
    <line>
      <![CDATA[<b></b> <br />]]>
    </line>
    <line>
      <![CDATA[<b>Verifying Vehicle profit and Total Monthly Payment on editing Vehicle Sales Price</b> <br />]]>
    </line>
    <line>
      <![CDATA[<b>Sending 82823.98800000001 to sales total input field</b> <br />]]>
    </line>
    <line>
      <![CDATA[<b>Vehicle profit Expected is = 11503.331666666672</b> <br />]]>
    </line>
    <line>
      <![CDATA[<b>Vehicle profit Actual is = 11503.33</b> <br />]]>
    </line>
    <line>
      <![CDATA[<b>Monthly Total Payment Expected is = 2652.777182414065</b> <br />]]>
    </line>
    <line>
      <![CDATA[<b>Monthly Total Payment Actual is = 2652.78</b> <br />]]>
    </line>
    <line>
      <![CDATA[<b>Vehicle profit and Total Monthly Payment verified on editing Vehicle Sales Price</b> <br />]]>
    </line>
    <line>
      <![CDATA[<b>Entering the deposit Values</b> <br />]]>
    </line>
    <line>
      <![CDATA[<b></b> <br />]]>
    </line>
    <line>
      <![CDATA[<b>Actual Balance to finance after editing part exchange values and deposit values is = 82423.98</b> <br />]]>
    </line>
    <line>
      <![CDATA[<b>Expected Balance to finance after editing part exchange values and deposit values is = 82423.98400000001</b> <br />]]>
    </line>
    <line>
      <![CDATA[<b></b> <br />]]>
    </line>
    <line>
      <![CDATA[<b>Actual Monthly total Payment after editing part exchange values and deposit values is = 2639.42</b> <br />]]>
    </line>
    <line>
      <![CDATA[<b>Expected Monthly total Payment after editing part exchange values and deposit values is = 2639.4235235607266</b> <br />]]>
    </line>
    <line>
      <![CDATA[<b></b> <br />]]>
    </line>
    <line>
      <![CDATA[<b>Monthly total Payment verified after editing part exchange values and deposit values</b> <br />]]>
    </line>
    <line>
      <![CDATA[<b>Referrer Commission 1500added to the referrer commission field</b> <br />]]>
    </line>
    <line>
      <![CDATA[<b></b> <br />]]>
    </line>
    <line>
      <![CDATA[<b>Monthly Total Payment Expected (after adding Referrer Commission) is 2689.499744260756</b> <br />]]>
    </line>
    <line>
      <![CDATA[<b>Monthly Total Payment Actual (after adding Referrer Commission) is 2689.5</b> <br />]]>
    </line>
    <line>
      <![CDATA[<b></b> <br />]]>
    </line>
    <line>
      <![CDATA[<b>Monthly Total Payment verified after adding Referrer Commission</b> <br />]]>
    </line>
    <line>
      <![CDATA[<b>*************OTR Calulation on quote summary page has been started************</b> <br />]]>
    </line>
    <line>
      <![CDATA[<b>Reading values from OTR calculation -Quote Summary Page</b> <br />]]>
    </line>
    <line>
      <![CDATA[<b>OTR_calculation_cost_otr_price_from_screen =69019.99</b> <br />]]>
    </line>
    <line>
      <![CDATA[<b>OTR_calculation_cost_price_ex_vat_and_rfl_from_screen =56974.99</b> <br />]]>
    </line>
    <line>
      <![CDATA[<b>OTR_calculation_otr_vat_from_screen =11395.0</b> <br />]]>
    </line>
    <line>
      <![CDATA[<b>OTR_calculation_otr_rfl_and_frf_from_screen =650.0</b> <br />]]>
    </line>
    <line>
      <![CDATA[<b>OTR price compared</b> <br />]]>
    </line>
    <line>
      <![CDATA[<b>Cost price ex vat and rfl compared</b> <br />]]>
    </line>
    <line>
      <![CDATA[<b>VAT compared</b> <br />]]>
    </line>
    <line>
      <![CDATA[<b>RFL & FRF compared</b> <br />]]>
    </line>
    <line>
      <![CDATA[<b>*************Holding Cost Calulation on quote summary page has been started************</b> <br />]]>
    </line>
    <line>
      <![CDATA[<b>Reading values from Holding Cost summary -Quote Summary Page</b> <br />]]>
    </line>
    <line>
      <![CDATA[<b>holding_cost_terms_from_screen35.0</b> <br />]]>
    </line>
    <line>
      <![CDATA[<b>holding_cost_miles_per_annum_from_screen35000.0</b> <br />]]>
    </line>
    <line>
      <![CDATA[<b>holding_cost_monthly_finance_cost_from_screen1607.75</b> <br />]]>
    </line>
    <line>
      <![CDATA[<b>holding_cost_monthly_maint_cost_used_from_screen88.83</b> <br />]]>
    </line>
    <line>
      <![CDATA[<b>holding_cost_total_monthly_holding_cost_from_screen =1696.58</b> <br />]]>
    </line>
    <line>
      <![CDATA[<b>terms compared</b> <br />]]>
    </line>
    <line>
      <![CDATA[<b>Miles per annum compared</b> <br />]]>
    </line>
    <line>
      <![CDATA[<b>Finance cost compared</b> <br />]]>
    </line>
    <line>
      <![CDATA[<b>Maint cost used  compared</b> <br />]]>
    </line>
    <line>
      <![CDATA[<b>Total Monthly Holding Cost compared</b> <br />]]>
    </line>
    <line>
      <![CDATA[<b>*************Customer Quote Calulation on quote summary page has been started************</b> <br />]]>
    </line>
    <line>
      <![CDATA[<b>Terms found OK</b> <br />]]>
    </line>
    <line>
      <![CDATA[<b>miles found OK</b> <br />]]>
    </line>
    <line>
      <![CDATA[<b>Basic Cash Price found OK</b> <br />]]>
    </line>
    <line>
      <![CDATA[<b>VAT found OK</b> <br />]]>
    </line>
    <line>
      <![CDATA[<b>Non VAT Items Value found OK</b> <br />]]>
    </line>
    <line>
      <![CDATA[<b>Total Cash Price found OK</b> <br />]]>
    </line>
    <line>
      <![CDATA[<b>Order Deposit found OK</b> <br />]]>
    </line>
    <line>
      <![CDATA[<b>Finance Deposit found OK</b> <br />]]>
    </line>
    <line>
      <![CDATA[<b>Total Deposit found OK</b> <br />]]>
    </line>
    <line>
      <![CDATA[<b>Part Exchange Value - found OK</b> <br />]]>
    </line>
    <line>
      <![CDATA[<b>Balance to Finance found OK</b> <br />]]>
    </line>
    <line>
      <![CDATA[<b>Finance Charges - found OK</b> <br />]]>
    </line>
    <line>
      <![CDATA[<b>Document Fee - found OK</b> <br />]]>
    </line>
    <line>
      <![CDATA[<b>Balance Payable - found OK</b> <br />]]>
    </line>
    <line>
      <![CDATA[<b>Option To Purchase Fee - found OK</b> <br />]]>
    </line>
    <line>
      <![CDATA[<b>Initial Cash Payment - found OK</b> <br />]]>
    </line>
    <line>
      <![CDATA[<b>Followed By months - found OK</b> <br />]]>
    </line>
    <line>
      <![CDATA[<b>Monthly Finance Payment - found OK</b> <br />]]>
    </line>
    <line>
      <![CDATA[<b>Monthly Maint Payment - found OK</b> <br />]]>
    </line>
    <line>
      <![CDATA[<b>Monthly Total Payment - found OK</b> <br />]]>
    </line>
    <line>
      <![CDATA[<b>Guaranteed Future Value - found OK</b> <br />]]>
    </line>
    <line>
      <![CDATA[<b>Optional Final Payment - found OK</b> <br />]]>
    </line>
    <line>
      <![CDATA[<b>Pence Per Excess Mile Finance - found OK</b> <br />]]>
    </line>
    <line>
      <![CDATA[<b>Pence Per Excess Mile Maintenance - found OK</b> <br />]]>
    </line>
    <line>
      <![CDATA[<b>Pence Per Excess Mile Total - found OK</b> <br />]]>
    </line>
    <line>
      <![CDATA[<b>Vehicle Commission - found OK</b> <br />]]>
    </line>
    <line>
      <![CDATA[<b>Default Finance Commission - found OK</b> <br />]]>
    </line>
    <line>
      <![CDATA[<b>Maintenance Commission - found OK</b> <br />]]>
    </line>
    <line>
      <![CDATA[<b>Document Fee Commission - found OK</b> <br />]]>
    </line>
    <line>
      <![CDATA[<b>Total Commission - found OK</b> <br />]]>
    </line>
    <line>
      <![CDATA[<b>*************Configuration Values Verification on quote summary page has been started************</b> <br />]]>
    </line>
    <line>
      <![CDATA[<b>Base Interest Rate found OK</b> <br />]]>
    </line>
    <line>
      <![CDATA[<b>Finance Margin found OK</b> <br />]]>
    </line>
    <line>
      <![CDATA[<b>Deductions found OK</b> <br />]]>
    </line>
    <line>
      <![CDATA[<b>Additional Margin found OK</b> <br />]]>
    </line>
    <line>
      <![CDATA[<b>Total Margin found OK</b> <br />]]>
    </line>
    <line>
      <![CDATA[<b>Default Broker Margin percentage found OK</b> <br />]]>
    </line>
    <line>
      <![CDATA[<b>Customer Interest Rate found OK</b> <br />]]>
    </line>
    <line>
      <![CDATA[<b>Maintenance Margin found OK</b> <br />]]>
    </line>
    <line>
      <![CDATA[<b>Document Fee Margin found OK</b> <br />]]>
    </line>
    <line>
      <![CDATA[<b>Default Broker Margin found OK</b> <br />]]>
    </line>
    <line>
      <![CDATA[<b>*********Customer Quote generated successfully and Quote_ref_no is=AMY21277</b> <br />]]>
    </line>
    <line>
      <![CDATA[<b>*************OTR Calulation on quote summary page has been started************</b> <br />]]>
    </line>
    <line>
      <![CDATA[<b>Reading values from OTR calculation -Quote Summary Page</b> <br />]]>
    </line>
    <line>
      <![CDATA[<b>OTR_calculation_cost_otr_price_from_screen =69019.99</b> <br />]]>
    </line>
    <line>
      <![CDATA[<b>OTR_calculation_cost_price_ex_vat_and_rfl_from_screen =56974.99</b> <br />]]>
    </line>
    <line>
      <![CDATA[<b>OTR_calculation_otr_vat_from_screen =11395.0</b> <br />]]>
    </line>
    <line>
      <![CDATA[<b>OTR_calculation_otr_rfl_and_frf_from_screen =650.0</b> <br />]]>
    </line>
    <line>
      <![CDATA[<b>OTR price compared</b> <br />]]>
    </line>
    <line>
      <![CDATA[<b>Cost price ex vat and rfl compared</b> <br />]]>
    </line>
    <line>
      <![CDATA[<b>VAT compared</b> <br />]]>
    </line>
    <line>
      <![CDATA[<b>RFL & FRF compared</b> <br />]]>
    </line>
    <line>
      <![CDATA[<b>*************Holding Cost Calulation on quote summary page has been started************</b> <br />]]>
    </line>
    <line>
      <![CDATA[<b>Reading values from Holding Cost summary -Quote Summary Page</b> <br />]]>
    </line>
    <line>
      <![CDATA[<b>holding_cost_terms_from_screen35.0</b> <br />]]>
    </line>
    <line>
      <![CDATA[<b>holding_cost_miles_per_annum_from_screen35000.0</b> <br />]]>
    </line>
    <line>
      <![CDATA[<b>holding_cost_monthly_finance_cost_from_screen1607.75</b> <br />]]>
    </line>
    <line>
      <![CDATA[<b>holding_cost_monthly_maint_cost_used_from_screen88.83</b> <br />]]>
    </line>
    <line>
      <![CDATA[<b>holding_cost_total_monthly_holding_cost_from_screen =1696.58</b> <br />]]>
    </line>
    <line>
      <![CDATA[<b>terms compared</b> <br />]]>
    </line>
    <line>
      <![CDATA[<b>Miles per annum compared</b> <br />]]>
    </line>
    <line>
      <![CDATA[<b>Finance cost compared</b> <br />]]>
    </line>
    <line>
      <![CDATA[<b>Maint cost used  compared</b> <br />]]>
    </line>
    <line>
      <![CDATA[<b>Total Monthly Holding Cost compared</b> <br />]]>
    </line>
    <line>
      <![CDATA[<b>*************Customer Quote Calulation on quote summary page has been started************</b> <br />]]>
    </line>
    <line>
      <![CDATA[<b>Terms found OK</b> <br />]]>
    </line>
    <line>
      <![CDATA[<b>miles found OK</b> <br />]]>
    </line>
    <line>
      <![CDATA[<b>Basic Cash Price found OK</b> <br />]]>
    </line>
    <line>
      <![CDATA[<b>VAT found OK</b> <br />]]>
    </line>
    <line>
      <![CDATA[<b>Non VAT Items Value found OK</b> <br />]]>
    </line>
    <line>
      <![CDATA[<b>Total Cash Price found OK</b> <br />]]>
    </line>
    <line>
      <![CDATA[<b>Order Deposit found OK</b> <br />]]>
    </line>
    <line>
      <![CDATA[<b>Finance Deposit found OK</b> <br />]]>
    </line>
    <line>
      <![CDATA[<b>Total Deposit found OK</b> <br />]]>
    </line>
    <line>
      <![CDATA[<b>Part Exchange Value - found OK</b> <br />]]>
    </line>
    <line>
      <![CDATA[<b>Balance to Finance found OK</b> <br />]]>
    </line>
    <line>
      <![CDATA[<b>Finance Charges - found OK</b> <br />]]>
    </line>
    <line>
      <![CDATA[<b>Document Fee - found OK</b> <br />]]>
    </line>
    <line>
      <![CDATA[<b>Balance Payable - found wrong</b> <br />]]>
    </line>
    <line>
      <![CDATA[<b>Option To Purchase Fee - found wrong</b> <br />]]>
    </line>
    <line>
      <![CDATA[<b>Initial Cash Payment - found OK</b> <br />]]>
    </line>
    <line>
      <![CDATA[<b>Followed By months - found OK</b> <br />]]>
    </line>
    <line>
      <![CDATA[<b>Monthly Finance Payment - found OK</b> <br />]]>
    </line>
    <line>
      <![CDATA[<b>Monthly Maint Payment - found OK</b> <br />]]>
    </line>
    <line>
      <![CDATA[<b>Monthly Total Payment - found OK</b> <br />]]>
    </line>
    <line>
      <![CDATA[<b>Guaranteed Future Value - found OK</b> <br />]]>
    </line>
    <line>
      <![CDATA[<b>Optional Final Payment - found wrong</b> <br />]]>
    </line>
    <line>
      <![CDATA[<b>Pence Per Excess Mile Finance - found OK</b> <br />]]>
    </line>
    <line>
      <![CDATA[<b>Pence Per Excess Mile Maintenance - found OK</b> <br />]]>
    </line>
    <line>
      <![CDATA[<b>Pence Per Excess Mile Total - found OK</b> <br />]]>
    </line>
    <line>
      <![CDATA[<b>Vehicle Commission - found OK</b> <br />]]>
    </line>
    <line>
      <![CDATA[<b>Default Finance Commission - found OK</b> <br />]]>
    </line>
    <line>
      <![CDATA[<b>Maintenance Commission - found OK</b> <br />]]>
    </line>
    <line>
      <![CDATA[<b>Document Fee Commission - found wrong</b> <br />]]>
    </line>
    <line>
      <![CDATA[<b>Total Commission - found wrong</b> <br />]]>
    </line>
    <line>
      <![CDATA[<b>*************Configuration Values Verification on quote summary page has been started************</b> <br />]]>
    </line>
    <line>
      <![CDATA[<b>Base Interest Rate found OK</b> <br />]]>
    </line>
    <line>
      <![CDATA[<b>Finance Margin found wrong</b> <br />]]>
    </line>
    <line>
      <![CDATA[<b>Deductions found OK</b> <br />]]>
    </line>
    <line>
      <![CDATA[<b>Additional Margin found wrong</b> <br />]]>
    </line>
    <line>
      <![CDATA[<b>Total Margin found wrong</b> <br />]]>
    </line>
    <line>
      <![CDATA[<b>Default Broker Margin percentage found OK</b> <br />]]>
    </line>
    <line>
      <![CDATA[<b>Customer Interest Rate found OK</b> <br />]]>
    </line>
    <line>
      <![CDATA[<b>Maintenance Margin found OK</b> <br />]]>
    </line>
    <line>
      <![CDATA[<b>Document Fee Margin  found wrong</b> <br />]]>
    </line>
    <line>
      <![CDATA[<b>Default Broker Margin found OK</b> <br />]]>
    </line>
    <line>
      <![CDATA[<b>*************Editing Base Interest Rate and Verifying  Values on quote summary page has been started************</b> <br />]]>
    </line>
    <line>
      <![CDATA[<b>Base Interest Rate changed to 7.0 %</b> <br />]]>
    </line>
    <line>
      <![CDATA[<b>Holding Cost after changing Base Int. Rate -  found OK</b> <br />]]>
    </line>
    <line>
      <![CDATA[<b>Monthly Finance Rental after changing Base Int. Rate -  found OK</b> <br />]]>
    </line>
    <line>
      <![CDATA[<b>Monthly Maint Rental after changing Base Int. Rate -  found OK</b> <br />]]>
    </line>
    <line>
      <![CDATA[<b>Finance Charges - found OK</b> <br />]]>
    </line>
    <line>
      <![CDATA[<b>Balance Payable - found wrong</b> <br />]]>
    </line>
    <line>
      <![CDATA[<b>*************Editing Customer Rate Over Base and Verifying Values on quote summary page has been started************</b> <br />]]>
    </line>
    <line>
      <![CDATA[<b>Customer Base Over Rate changed to 5.0 %</b> <br />]]>
    </line>
    <line>
      <![CDATA[<b>Monthly Finance Rental after changing Customer Base Over Rate -  found OK</b> <br />]]>
    </line>
    <line>
      <![CDATA[<b>Finance Charges - found OK</b> <br />]]>
    </line>
    <line>
      <![CDATA[<b>Balance Payable - found wrong</b> <br />]]>
    </line>
    <line>
      <![CDATA[<b>*************Editing Maintenance Margin and Verifying Values on quote summary page has been started************</b> <br />]]>
    </line>
    <line>
      <![CDATA[<b>Maintenance margin changed to 30 %</b> <br />]]>
    </line>
    <line>
      <![CDATA[<b>Monthly Maint Rental after changing Maintenance margin -  found OK</b> <br />]]>
    </line>
  </reporter-output>
  <suite started-at="2024-07-17T19:08:31 IST" name="Default suite" finished-at="2024-07-17T19:21:29 IST" duration-ms="777645">
    <groups>
    </groups>
    <test started-at="2024-07-17T19:08:31 IST" name="Default test" finished-at="2024-07-17T19:21:29 IST" duration-ms="777645">
      <class name="newCar.OP.Acquisition_Quotes_Outright_PCP_with_maintenance_Test">
        <test-method is-config="true" signature="start_info()[pri:0, instance:newCar.OP.Acquisition_Quotes_Outright_PCP_with_maintenance_Test@2eae8e6e]" started-at="2024-07-17T19:08:31 IST" name="start_info" finished-at="2024-07-17T19:08:31 IST" duration-ms="6" status="PASS">
          <reporter-output>
          </reporter-output>
        </test-method> <!-- start_info -->
        <test-method is-config="true" signature="setup()[pri:0, instance:newCar.OP.Acquisition_Quotes_Outright_PCP_with_maintenance_Test@2eae8e6e]" started-at="2024-07-17T19:08:31 IST" name="setup" finished-at="2024-07-17T19:08:47 IST" duration-ms="15295" status="PASS">
          <reporter-output>
          </reporter-output>
        </test-method> <!-- setup -->
        <test-method signature="aquisition_quotes_outright_PCP_OTR_calculation_with_maintenance_test(java.lang.String,java.lang.String,java.lang.String,java.lang.String,java.lang.String,java.lang.String,java.lang.String,java.lang.String,java.lang.String,java.lang.String,java.lang.String,java.lang.String,java.lang.String,java.lang.String,java.lang.String,java.lang.String,java.lang.String,java.lang.String,java.lang.String,java.lang.String,java.lang.String,java.lang.String,java.lang.String,java.lang.String,java.lang.String)[pri:1, instance:newCar.OP.Acquisition_Quotes_Outright_PCP_with_maintenance_Test@2eae8e6e]" started-at="2024-07-17T19:08:48 IST" name="aquisition_quotes_outright_PCP_OTR_calculation_with_maintenance_test" data-provider="testData" finished-at="2024-07-17T19:10:58 IST" duration-ms="130242" status="PASS">
          <params>
            <param index="0">
              <value>
                <![CDATA[AUDI]]>
              </value>
            </param>
            <param index="1">
              <value>
                <![CDATA[A7]]>
              </value>
            </param>
            <param index="2">
              <value>
                <![CDATA[50000]]>
              </value>
            </param>
            <param index="3">
              <value>
                <![CDATA[630]]>
              </value>
            </param>
            <param index="4">
              <value>
                <![CDATA[50]]>
              </value>
            </param>
            <param index="5">
              <value>
                <![CDATA[50]]>
              </value>
            </param>
            <param index="6">
              <value>
                <![CDATA[20000]]>
              </value>
            </param>
            <param index="7">
              <value>
                <![CDATA[20]]>
              </value>
            </param>
            <param index="8">
              <value>
                <![CDATA[0]]>
              </value>
            </param>
            <param index="9">
              <value>
                <![CDATA[35]]>
              </value>
            </param>
            <param index="10">
              <value>
                <![CDATA[35000]]>
              </value>
            </param>
            <param index="11">
              <value>
                <![CDATA[1000]]>
              </value>
            </param>
            <param index="12">
              <value>
                <![CDATA[20]]>
              </value>
            </param>
            <param index="13">
              <value>
                <![CDATA[YES]]>
              </value>
            </param>
            <param index="14">
              <value>
                <![CDATA[A1 Credit]]>
              </value>
            </param>
            <param index="15">
              <value>
                <![CDATA[100]]>
              </value>
            </param>
            <param index="16">
              <value>
                <![CDATA[YES]]>
              </value>
            </param>
            <param index="17">
              <value>
                <![CDATA[1500]]>
              </value>
            </param>
            <param index="18">
              <value>
                <![CDATA[2000]]>
              </value>
            </param>
            <param index="19">
              <value>
                <![CDATA[1000]]>
              </value>
            </param>
            <param index="20">
              <value>
                <![CDATA[500]]>
              </value>
            </param>
            <param index="21">
              <value>
                <![CDATA[200]]>
              </value>
            </param>
            <param index="22">
              <value>
                <![CDATA[200]]>
              </value>
            </param>
            <param index="23">
              <value>
                <![CDATA[199.99]]>
              </value>
            </param>
            <param index="24">
              <value>
                <![CDATA[PersonalContractPurchase]]>
              </value>
            </param>
          </params>
          <reporter-output>
            <line>
              <![CDATA[<b>Clicked on Quote button </b> <br />]]>
            </line>
            <line>
              <![CDATA[<b>Manufacture =AUDI has been selected</b> <br />]]>
            </line>
            <line>
              <![CDATA[<b>Model range =A7 has been selected</b> <br />]]>
            </line>
            <line>
              <![CDATA[<b>Vehicle has been selected</b> <br />]]>
            </line>
            <line>
              <![CDATA[<b>Paint option has been selected</b> <br />]]>
            </line>
            <line>
              <![CDATA[<b>Interior option has been selected</b> <br />]]>
            </line>
            <line>
              <![CDATA[<b> Acquisition Contract type option = Outright has been selected</b> <br />]]>
            </line>
            <line>
              <![CDATA[<b> Customer Contract type option = Personal Contract Purchase (PCP) has been selected</b> <br />]]>
            </line>
            <line>
              <![CDATA[<b>Getting Basic Price- Vehicle value is  =55495.83</b> <br />]]>
            </line>
            <line>
              <![CDATA[<b>Getting Basic Price - Paint  value is  =0.00</b> <br />]]>
            </line>
            <line>
              <![CDATA[<b>Getting  Basic Price - Options value is   =833.33</b> <br />]]>
            </line>
            <line>
              <![CDATA[<b>Getting Discount- Vehicle value is  =0.00</b> <br />]]>
            </line>
            <line>
              <![CDATA[<b>Getting   Discount - Paint value is   =0.00</b> <br />]]>
            </line>
            <line>
              <![CDATA[<b>Getting  Discount- Options value is   =0.00</b> <br />]]>
            </line>
            <line>
              <![CDATA[<b>Getting Additional Discount- Vehicle value is  =0.00</b> <br />]]>
            </line>
            <line>
              <![CDATA[<b>Getting  Additional Discount - paint value is  =0.00</b> <br />]]>
            </line>
            <line>
              <![CDATA[<b>Getting  Additional Discount - Options value is  =0.00</b> <br />]]>
            </line>
            <line>
              <![CDATA[<b>Writing OTR table values to excel sheet -Started </b> <br />]]>
            </line>
            <line>
              <![CDATA[<b>Writing OTR table values to excel sheet -Completed </b> <br />]]>
            </line>
            <line>
              <![CDATA[<b>Reading Subtotal After Discount from excel sheet -Started </b> <br />]]>
            </line>
            <line>
              <![CDATA[<b>Reading Subtotal After Discount from excel sheet -Started </b> <br />]]>
            </line>
            <line>
              <![CDATA[<b>Subtotal After Discount from excel sheet is =56329.16</b> <br />]]>
            </line>
            <line>
              <![CDATA[<b>Subtotal after discount actual value from screen =£ 56,329.16</b> <br />]]>
            </line>
          </reporter-output>
        </test-method> <!-- aquisition_quotes_outright_PCP_OTR_calculation_with_maintenance_test -->
        <test-method signature="aquisition_quotes_outright_PCP_after_discount_calculations_with_maintenance_test(java.lang.String,java.lang.String,java.lang.String,java.lang.String,java.lang.String,java.lang.String,java.lang.String,java.lang.String,java.lang.String,java.lang.String,java.lang.String,java.lang.String,java.lang.String,java.lang.String,java.lang.String,java.lang.String,java.lang.String,java.lang.String,java.lang.String,java.lang.String,java.lang.String,java.lang.String,java.lang.String,java.lang.String,java.lang.String)[pri:2, instance:newCar.OP.Acquisition_Quotes_Outright_PCP_with_maintenance_Test@2eae8e6e]" started-at="2024-07-17T19:10:59 IST" name="aquisition_quotes_outright_PCP_after_discount_calculations_with_maintenance_test" data-provider="testData" finished-at="2024-07-17T19:11:03 IST" depends-on-methods="newCar.OP.Acquisition_Quotes_Outright_PCP_with_maintenance_Test.aquisition_quotes_outright_PCP_OTR_calculation_with_maintenance_test" duration-ms="4345" status="PASS">
          <params>
            <param index="0">
              <value>
                <![CDATA[AUDI]]>
              </value>
            </param>
            <param index="1">
              <value>
                <![CDATA[A7]]>
              </value>
            </param>
            <param index="2">
              <value>
                <![CDATA[50000]]>
              </value>
            </param>
            <param index="3">
              <value>
                <![CDATA[630]]>
              </value>
            </param>
            <param index="4">
              <value>
                <![CDATA[50]]>
              </value>
            </param>
            <param index="5">
              <value>
                <![CDATA[50]]>
              </value>
            </param>
            <param index="6">
              <value>
                <![CDATA[20000]]>
              </value>
            </param>
            <param index="7">
              <value>
                <![CDATA[20]]>
              </value>
            </param>
            <param index="8">
              <value>
                <![CDATA[0]]>
              </value>
            </param>
            <param index="9">
              <value>
                <![CDATA[35]]>
              </value>
            </param>
            <param index="10">
              <value>
                <![CDATA[35000]]>
              </value>
            </param>
            <param index="11">
              <value>
                <![CDATA[1000]]>
              </value>
            </param>
            <param index="12">
              <value>
                <![CDATA[20]]>
              </value>
            </param>
            <param index="13">
              <value>
                <![CDATA[YES]]>
              </value>
            </param>
            <param index="14">
              <value>
                <![CDATA[A1 Credit]]>
              </value>
            </param>
            <param index="15">
              <value>
                <![CDATA[100]]>
              </value>
            </param>
            <param index="16">
              <value>
                <![CDATA[YES]]>
              </value>
            </param>
            <param index="17">
              <value>
                <![CDATA[1500]]>
              </value>
            </param>
            <param index="18">
              <value>
                <![CDATA[2000]]>
              </value>
            </param>
            <param index="19">
              <value>
                <![CDATA[1000]]>
              </value>
            </param>
            <param index="20">
              <value>
                <![CDATA[500]]>
              </value>
            </param>
            <param index="21">
              <value>
                <![CDATA[200]]>
              </value>
            </param>
            <param index="22">
              <value>
                <![CDATA[200]]>
              </value>
            </param>
            <param index="23">
              <value>
                <![CDATA[199.99]]>
              </value>
            </param>
            <param index="24">
              <value>
                <![CDATA[PersonalContractPurchase]]>
              </value>
            </param>
          </params>
          <reporter-output>
            <line>
              <![CDATA[<b>*********Calculations for On Road Price has been started***********</b> <br />]]>
            </line>
            <line>
              <![CDATA[<b>Started getting On screen values from after discount table </b> <br />]]>
            </line>
            <line>
              <![CDATA[<b>Manufacture_delivery_charges =645.83</b> <br />]]>
            </line>
            <line>
              <![CDATA[<b>Road_tax_first_year =585.00</b> <br />]]>
            </line>
            <line>
              <![CDATA[<b>First_registration_fee =65.00</b> <br />]]>
            </line>
            <line>
              <![CDATA[<b>Rebate =0.00</b> <br />]]>
            </line>
            <line>
              <![CDATA[<b>Writing After discount values to excel has been started</b> <br />]]>
            </line>
            <line>
              <![CDATA[<b>Writing After discount values to excel has been completed</b> <br />]]>
            </line>
            <line>
              <![CDATA[<b>Reading On Road Price for invoice from excel has been Started</b> <br />]]>
            </line>
            <line>
              <![CDATA[<b>Reading On Road Price for invoice from excel has been completed</b> <br />]]>
            </line>
            <line>
              <![CDATA[<b>Expected on the road price from excel is =69019.99</b> <br />]]>
            </line>
            <line>
              <![CDATA[<b>Actual on the road price from screen is =69019.99</b> <br />]]>
            </line>
          </reporter-output>
        </test-method> <!-- aquisition_quotes_outright_PCP_after_discount_calculations_with_maintenance_test -->
        <test-method signature="aquisition_quotes_outright_PCP_holding_cost_calculations_with_maintenance_test(java.lang.String,java.lang.String,java.lang.String,java.lang.String,java.lang.String,java.lang.String,java.lang.String,java.lang.String,java.lang.String,java.lang.String,java.lang.String,java.lang.String,java.lang.String,java.lang.String,java.lang.String,java.lang.String,java.lang.String,java.lang.String,java.lang.String,java.lang.String,java.lang.String,java.lang.String,java.lang.String,java.lang.String,java.lang.String)[pri:3, instance:newCar.OP.Acquisition_Quotes_Outright_PCP_with_maintenance_Test@2eae8e6e]" started-at="2024-07-17T19:11:03 IST" name="aquisition_quotes_outright_PCP_holding_cost_calculations_with_maintenance_test" data-provider="testData" finished-at="2024-07-17T19:11:58 IST" depends-on-methods="newCar.OP.Acquisition_Quotes_Outright_PCP_with_maintenance_Test.aquisition_quotes_outright_PCP_after_discount_calculations_with_maintenance_test" duration-ms="54662" status="PASS">
          <params>
            <param index="0">
              <value>
                <![CDATA[AUDI]]>
              </value>
            </param>
            <param index="1">
              <value>
                <![CDATA[A7]]>
              </value>
            </param>
            <param index="2">
              <value>
                <![CDATA[50000]]>
              </value>
            </param>
            <param index="3">
              <value>
                <![CDATA[630]]>
              </value>
            </param>
            <param index="4">
              <value>
                <![CDATA[50]]>
              </value>
            </param>
            <param index="5">
              <value>
                <![CDATA[50]]>
              </value>
            </param>
            <param index="6">
              <value>
                <![CDATA[20000]]>
              </value>
            </param>
            <param index="7">
              <value>
                <![CDATA[20]]>
              </value>
            </param>
            <param index="8">
              <value>
                <![CDATA[0]]>
              </value>
            </param>
            <param index="9">
              <value>
                <![CDATA[35]]>
              </value>
            </param>
            <param index="10">
              <value>
                <![CDATA[35000]]>
              </value>
            </param>
            <param index="11">
              <value>
                <![CDATA[1000]]>
              </value>
            </param>
            <param index="12">
              <value>
                <![CDATA[20]]>
              </value>
            </param>
            <param index="13">
              <value>
                <![CDATA[YES]]>
              </value>
            </param>
            <param index="14">
              <value>
                <![CDATA[A1 Credit]]>
              </value>
            </param>
            <param index="15">
              <value>
                <![CDATA[100]]>
              </value>
            </param>
            <param index="16">
              <value>
                <![CDATA[YES]]>
              </value>
            </param>
            <param index="17">
              <value>
                <![CDATA[1500]]>
              </value>
            </param>
            <param index="18">
              <value>
                <![CDATA[2000]]>
              </value>
            </param>
            <param index="19">
              <value>
                <![CDATA[1000]]>
              </value>
            </param>
            <param index="20">
              <value>
                <![CDATA[500]]>
              </value>
            </param>
            <param index="21">
              <value>
                <![CDATA[200]]>
              </value>
            </param>
            <param index="22">
              <value>
                <![CDATA[200]]>
              </value>
            </param>
            <param index="23">
              <value>
                <![CDATA[199.99]]>
              </value>
            </param>
            <param index="24">
              <value>
                <![CDATA[PersonalContractPurchase]]>
              </value>
            </param>
          </params>
          <reporter-output>
            <line>
              <![CDATA[<b>***********Entered in holding cost page ***********</b> <br />]]>
            </line>
            <line>
              <![CDATA[<b>Clicked on holding cost summary</b> <br />]]>
            </line>
            <line>
              <![CDATA[<b>Clicked on holding_cost_maintenance_toggle_button</b> <br />]]>
            </line>
            <line>
              <![CDATA[<b></b> <br />]]>
            </line>
            <line>
              <![CDATA[<b>***Verifying Holding Cost before editing CAP data*** </b> <br />]]>
            </line>
            <line>
              <![CDATA[<b>Getting on screen values from Holding Cost Page</b> <br />]]>
            </line>
            <line>
              <![CDATA[<b>Duration(Terms) =36.0</b> <br />]]>
            </line>
            <line>
              <![CDATA[<b>Annual_mileage =10000.0</b> <br />]]>
            </line>
            <line>
              <![CDATA[<b>Residual_value_from_screen =28050.0</b> <br />]]>
            </line>
            <line>
              <![CDATA[<b>Total_cap_maintenance_value_annual =1423.44</b> <br />]]>
            </line>
            <line>
              <![CDATA[<b>Writing Holding Cost Summary values to excel has been started</b> <br />]]>
            </line>
            <line>
              <![CDATA[<b>Writing Holding Cost Summary values to excel has been completed</b> <br />]]>
            </line>
            <line>
              <![CDATA[<b>Reading Monthly Holding Cost value from excel has been started</b> <br />]]>
            </line>
            <line>
              <![CDATA[<b>Reading Monthly Holding Cost value from excel has been completed</b> <br />]]>
            </line>
            <line>
              <![CDATA[<b>Total_monthly_holding_cost_from_screen =1,219.06</b> <br />]]>
            </line>
            <line>
              <![CDATA[<b>Total_monthly_holding_cost_from_excel =1219.060195262566</b> <br />]]>
            </line>
            <line>
              <![CDATA[<b>Total Monthly Holding Cost based on CAP data is Verified and Found OK</b> <br />]]>
            </line>
            <line>
              <![CDATA[<b></b> <br />]]>
            </line>
            <line>
              <![CDATA[<b>Editing % CAP Residual Value and % CAP Maintenance cost used</b> <br />]]>
            </line>
            <line>
              <![CDATA[<b>Changing % CAP Residual Value (from test  data) to 50</b> <br />]]>
            </line>
            <line>
              <![CDATA[<b>Changing % CAP Maintenance cost (from test  data) to 50</b> <br />]]>
            </line>
            <line>
              <![CDATA[<b>Writing Holding Cost Summary values to excel has been started</b> <br />]]>
            </line>
            <line>
              <![CDATA[<b>Writing Holding Cost Summary values to excel has been completed</b> <br />]]>
            </line>
            <line>
              <![CDATA[<b>Reading Monthly Holding Cost value from excel has been started</b> <br />]]>
            </line>
            <line>
              <![CDATA[<b>Reading Monthly Holding Cost value from excel has been completed</b> <br />]]>
            </line>
            <line>
              <![CDATA[<b>Total_monthly_holding_cost_from_screen =1,492.60</b> <br />]]>
            </line>
            <line>
              <![CDATA[<b>Total_monthly_holding_cost_from_excel =1492.604339765719</b> <br />]]>
            </line>
            <line>
              <![CDATA[<b>Total Monthly Holding Cost After Editing % Residual Value and % Maintenance Cost is Verified and Found OK</b> <br />]]>
            </line>
            <line>
              <![CDATA[<b></b> <br />]]>
            </line>
            <line>
              <![CDATA[<b>Editing Residual value and Maintenance cost used</b> <br />]]>
            </line>
            <line>
              <![CDATA[<b>Changing Residual Value (from test data) to  =20000</b> <br />]]>
            </line>
            <line>
              <![CDATA[<b>Changing Maintenance Cost used (from test data) to =20</b> <br />]]>
            </line>
            <line>
              <![CDATA[<b>Writing Holding Cost Summary values to excel has been started</b> <br />]]>
            </line>
            <line>
              <![CDATA[<b>Writing Holding Cost Summary values to excel has been completed</b> <br />]]>
            </line>
            <line>
              <![CDATA[<b>Reading Monthly Holding Cost value from excel has been started</b> <br />]]>
            </line>
            <line>
              <![CDATA[<b>Reading Monthly Holding Cost value from excel has been completed</b> <br />]]>
            </line>
            <line>
              <![CDATA[<b>Total_monthly_holding_cost_from_screen =1,367.88</b> <br />]]>
            </line>
            <line>
              <![CDATA[<b>Total_monthly_holding_cost_from_excel =1367.8751944248024</b> <br />]]>
            </line>
            <line>
              <![CDATA[<b>Total Monthly Holding Cost After Editing Residual Value and Maintenance Cost is Verified and Found OK</b> <br />]]>
            </line>
            <line>
              <![CDATA[<b></b> <br />]]>
            </line>
            <line>
              <![CDATA[<b>Editing additional terms and mileage</b> <br />]]>
            </line>
            <line>
              <![CDATA[<b>Updated Residual Value from screen  (to be sent to calculation excel) is =9462.50</b> <br />]]>
            </line>
            <line>
              <![CDATA[<b>Updated Maintenance Cost from screen  (to be sent to calculation excel) is =88.83</b> <br />]]>
            </line>
            <line>
              <![CDATA[<b>Writing Holding Cost Summary values to excel has been started</b> <br />]]>
            </line>
            <line>
              <![CDATA[<b>Writing Holding Cost Summary values to excel has been completed</b> <br />]]>
            </line>
            <line>
              <![CDATA[<b>Reading Monthly Holding Cost value from excel has been started</b> <br />]]>
            </line>
            <line>
              <![CDATA[<b>Reading Monthly Holding Cost value from excel has been completed</b> <br />]]>
            </line>
            <line>
              <![CDATA[<b>Total_monthly_holding_cost_from_screen =1,696.58</b> <br />]]>
            </line>
            <line>
              <![CDATA[<b>Total_monthly_holding_cost_from_excel =1696.5782440145995</b> <br />]]>
            </line>
            <line>
              <![CDATA[<b>Total Monthly Holding Cost After Editing Additional terms and mileage is Verified and Found OK</b> <br />]]>
            </line>
          </reporter-output>
        </test-method> <!-- aquisition_quotes_outright_PCP_holding_cost_calculations_with_maintenance_test -->
        <test-method signature="aquisition_quotes_outright_PCP_customer_quote_calculations_check_monthly_finance_payment_with_maintenance_test(java.lang.String,java.lang.String,java.lang.String,java.lang.String,java.lang.String,java.lang.String,java.lang.String,java.lang.String,java.lang.String,java.lang.String,java.lang.String,java.lang.String,java.lang.String,java.lang.String,java.lang.String,java.lang.String,java.lang.String,java.lang.String,java.lang.String,java.lang.String,java.lang.String,java.lang.String,java.lang.String,java.lang.String,java.lang.String)[pri:4, instance:newCar.OP.Acquisition_Quotes_Outright_PCP_with_maintenance_Test@2eae8e6e]" started-at="2024-07-17T19:11:58 IST" name="aquisition_quotes_outright_PCP_customer_quote_calculations_check_monthly_finance_payment_with_maintenance_test" data-provider="testData" finished-at="2024-07-17T19:14:27 IST" depends-on-methods="newCar.OP.Acquisition_Quotes_Outright_PCP_with_maintenance_Test.aquisition_quotes_outright_PCP_holding_cost_calculations_with_maintenance_test" duration-ms="148677" status="PASS">
          <params>
            <param index="0">
              <value>
                <![CDATA[AUDI]]>
              </value>
            </param>
            <param index="1">
              <value>
                <![CDATA[A7]]>
              </value>
            </param>
            <param index="2">
              <value>
                <![CDATA[50000]]>
              </value>
            </param>
            <param index="3">
              <value>
                <![CDATA[630]]>
              </value>
            </param>
            <param index="4">
              <value>
                <![CDATA[50]]>
              </value>
            </param>
            <param index="5">
              <value>
                <![CDATA[50]]>
              </value>
            </param>
            <param index="6">
              <value>
                <![CDATA[20000]]>
              </value>
            </param>
            <param index="7">
              <value>
                <![CDATA[20]]>
              </value>
            </param>
            <param index="8">
              <value>
                <![CDATA[0]]>
              </value>
            </param>
            <param index="9">
              <value>
                <![CDATA[35]]>
              </value>
            </param>
            <param index="10">
              <value>
                <![CDATA[35000]]>
              </value>
            </param>
            <param index="11">
              <value>
                <![CDATA[1000]]>
              </value>
            </param>
            <param index="12">
              <value>
                <![CDATA[20]]>
              </value>
            </param>
            <param index="13">
              <value>
                <![CDATA[YES]]>
              </value>
            </param>
            <param index="14">
              <value>
                <![CDATA[A1 Credit]]>
              </value>
            </param>
            <param index="15">
              <value>
                <![CDATA[100]]>
              </value>
            </param>
            <param index="16">
              <value>
                <![CDATA[YES]]>
              </value>
            </param>
            <param index="17">
              <value>
                <![CDATA[1500]]>
              </value>
            </param>
            <param index="18">
              <value>
                <![CDATA[2000]]>
              </value>
            </param>
            <param index="19">
              <value>
                <![CDATA[1000]]>
              </value>
            </param>
            <param index="20">
              <value>
                <![CDATA[500]]>
              </value>
            </param>
            <param index="21">
              <value>
                <![CDATA[200]]>
              </value>
            </param>
            <param index="22">
              <value>
                <![CDATA[200]]>
              </value>
            </param>
            <param index="23">
              <value>
                <![CDATA[199.99]]>
              </value>
            </param>
            <param index="24">
              <value>
                <![CDATA[PersonalContractPurchase]]>
              </value>
            </param>
          </params>
          <reporter-output>
            <line>
              <![CDATA[<b>***********Entered in Customer Quote page ***********</b> <br />]]>
            </line>
            <line>
              <![CDATA[<b>Matrix credit type A1 Credit has been selected</b> <br />]]>
            </line>
            <line>
              <![CDATA[<b>Writing configuration values from property file to Excel for customer quote calculation -started</b> <br />]]>
            </line>
            <line>
              <![CDATA[<b>Writing configuration values from property file to Excel for customer quote calculation -completed</b> <br />]]>
            </line>
            <line>
              <![CDATA[<b>Actual Monthly total Payment from screen is 2191.94</b> <br />]]>
            </line>
            <line>
              <![CDATA[<b>Writing screen values to Excel for customer quote calculation -started</b> <br />]]>
            </line>
            <line>
              <![CDATA[<b>Writing screen values to Excel for customer quote calculation -completed</b> <br />]]>
            </line>
            <line>
              <![CDATA[<b>Expected Monthly Total Rental from excel is 2191.942548921847</b> <br />]]>
            </line>
            <line>
              <![CDATA[<b></b> <br />]]>
            </line>
            <line>
              <![CDATA[<b>Started Verifying Sales price discount not to be greater than cost price discount</b> <br />]]>
            </line>
            <line>
              <![CDATA[<b>Sales discount price entered greater than Cost discount prices and verified that sales discount input field doesn't accept greater values than cost discount prices</b> <br />]]>
            </line>
            <line>
              <![CDATA[<b></b> <br />]]>
            </line>
            <line>
              <![CDATA[<b>Started Updating Sales price discount</b> <br />]]>
            </line>
            <line>
              <![CDATA[<b>Actual Sales Total Price from screen (on updating sales discount prices) is 69019.99</b> <br />]]>
            </line>
            <line>
              <![CDATA[<b>Expected Sales Total Price from excel (on updating sales discount prices) is 69019.98800000001</b> <br />]]>
            </line>
            <line>
              <![CDATA[<b>Actual Vehicle Profit from screen (on updating sales discount prices) is 0.0</b> <br />]]>
            </line>
            <line>
              <![CDATA[<b>Expected Vehicle Profit from excel (on updating sales discount prices) is 0.0</b> <br />]]>
            </line>
            <line>
              <![CDATA[<b>Actual Monthly Finance Payment from screen is 2060.26</b> <br />]]>
            </line>
            <line>
              <![CDATA[<b>Expected Monthly Finance Payment from excel is 2060.265137157141</b> <br />]]>
            </line>
            <line>
              <![CDATA[<b>Actual Monthly Maintenance Payment from screen is 131.68</b> <br />]]>
            </line>
            <line>
              <![CDATA[<b>Expected Monthly Maintenance Payment from excel is 131.677411764706</b> <br />]]>
            </line>
            <line>
              <![CDATA[<b>1. Sales Total Price , 2.Vehicel Profit , 3.Monthly Finance Rental , 4.Monthly Maintenance Rental , Verified on updating sales discount and found OK</b> <br />]]>
            </line>
          </reporter-output>
        </test-method> <!-- aquisition_quotes_outright_PCP_customer_quote_calculations_check_monthly_finance_payment_with_maintenance_test -->
        <test-method signature="aquisition_quotes_outright_PCP_customer_quote_vehicle_profit_edit_check_with_maintenance_test(java.lang.String,java.lang.String,java.lang.String,java.lang.String,java.lang.String,java.lang.String,java.lang.String,java.lang.String,java.lang.String,java.lang.String,java.lang.String,java.lang.String,java.lang.String,java.lang.String,java.lang.String,java.lang.String,java.lang.String,java.lang.String,java.lang.String,java.lang.String,java.lang.String,java.lang.String,java.lang.String,java.lang.String,java.lang.String)[pri:5, instance:newCar.OP.Acquisition_Quotes_Outright_PCP_with_maintenance_Test@2eae8e6e]" started-at="2024-07-17T19:14:27 IST" name="aquisition_quotes_outright_PCP_customer_quote_vehicle_profit_edit_check_with_maintenance_test" data-provider="testData" finished-at="2024-07-17T19:15:18 IST" depends-on-methods="newCar.OP.Acquisition_Quotes_Outright_PCP_with_maintenance_Test.aquisition_quotes_outright_PCP_customer_quote_calculations_check_monthly_finance_payment_with_maintenance_test" duration-ms="50226" status="PASS">
          <params>
            <param index="0">
              <value>
                <![CDATA[AUDI]]>
              </value>
            </param>
            <param index="1">
              <value>
                <![CDATA[A7]]>
              </value>
            </param>
            <param index="2">
              <value>
                <![CDATA[50000]]>
              </value>
            </param>
            <param index="3">
              <value>
                <![CDATA[630]]>
              </value>
            </param>
            <param index="4">
              <value>
                <![CDATA[50]]>
              </value>
            </param>
            <param index="5">
              <value>
                <![CDATA[50]]>
              </value>
            </param>
            <param index="6">
              <value>
                <![CDATA[20000]]>
              </value>
            </param>
            <param index="7">
              <value>
                <![CDATA[20]]>
              </value>
            </param>
            <param index="8">
              <value>
                <![CDATA[0]]>
              </value>
            </param>
            <param index="9">
              <value>
                <![CDATA[35]]>
              </value>
            </param>
            <param index="10">
              <value>
                <![CDATA[35000]]>
              </value>
            </param>
            <param index="11">
              <value>
                <![CDATA[1000]]>
              </value>
            </param>
            <param index="12">
              <value>
                <![CDATA[20]]>
              </value>
            </param>
            <param index="13">
              <value>
                <![CDATA[YES]]>
              </value>
            </param>
            <param index="14">
              <value>
                <![CDATA[A1 Credit]]>
              </value>
            </param>
            <param index="15">
              <value>
                <![CDATA[100]]>
              </value>
            </param>
            <param index="16">
              <value>
                <![CDATA[YES]]>
              </value>
            </param>
            <param index="17">
              <value>
                <![CDATA[1500]]>
              </value>
            </param>
            <param index="18">
              <value>
                <![CDATA[2000]]>
              </value>
            </param>
            <param index="19">
              <value>
                <![CDATA[1000]]>
              </value>
            </param>
            <param index="20">
              <value>
                <![CDATA[500]]>
              </value>
            </param>
            <param index="21">
              <value>
                <![CDATA[200]]>
              </value>
            </param>
            <param index="22">
              <value>
                <![CDATA[200]]>
              </value>
            </param>
            <param index="23">
              <value>
                <![CDATA[199.99]]>
              </value>
            </param>
            <param index="24">
              <value>
                <![CDATA[PersonalContractPurchase]]>
              </value>
            </param>
          </params>
          <reporter-output>
            <line>
              <![CDATA[<b>Monthly Total Payment verified after editing vehicle profit</b> <br />]]>
            </line>
            <line>
              <![CDATA[<b></b> <br />]]>
            </line>
            <line>
              <![CDATA[<b>Verifying Vehicle profit and Total Monthly Payment on editing Vehicle Sales Price</b> <br />]]>
            </line>
            <line>
              <![CDATA[<b>Sending 82823.98800000001 to sales total input field</b> <br />]]>
            </line>
            <line>
              <![CDATA[<b>Vehicle profit Expected is = 11503.331666666672</b> <br />]]>
            </line>
            <line>
              <![CDATA[<b>Vehicle profit Actual is = 11503.33</b> <br />]]>
            </line>
            <line>
              <![CDATA[<b>Monthly Total Payment Expected is = 2652.777182414065</b> <br />]]>
            </line>
            <line>
              <![CDATA[<b>Monthly Total Payment Actual is = 2652.78</b> <br />]]>
            </line>
            <line>
              <![CDATA[<b>Vehicle profit and Total Monthly Payment verified on editing Vehicle Sales Price</b> <br />]]>
            </line>
          </reporter-output>
        </test-method> <!-- aquisition_quotes_outright_PCP_customer_quote_vehicle_profit_edit_check_with_maintenance_test -->
        <test-method signature="aquisition_quotes_outright_PCP_customer_quote_part_exchange_value_edit_check_with_maintenance_test(java.lang.String,java.lang.String,java.lang.String,java.lang.String,java.lang.String,java.lang.String,java.lang.String,java.lang.String,java.lang.String,java.lang.String,java.lang.String,java.lang.String,java.lang.String,java.lang.String,java.lang.String,java.lang.String,java.lang.String,java.lang.String,java.lang.String,java.lang.String,java.lang.String,java.lang.String,java.lang.String,java.lang.String,java.lang.String)[pri:6, instance:newCar.OP.Acquisition_Quotes_Outright_PCP_with_maintenance_Test@2eae8e6e]" started-at="2024-07-17T19:15:18 IST" name="aquisition_quotes_outright_PCP_customer_quote_part_exchange_value_edit_check_with_maintenance_test" data-provider="testData" finished-at="2024-07-17T19:16:12 IST" depends-on-methods="newCar.OP.Acquisition_Quotes_Outright_PCP_with_maintenance_Test.aquisition_quotes_outright_PCP_customer_quote_vehicle_profit_edit_check_with_maintenance_test" duration-ms="53712" status="PASS">
          <params>
            <param index="0">
              <value>
                <![CDATA[AUDI]]>
              </value>
            </param>
            <param index="1">
              <value>
                <![CDATA[A7]]>
              </value>
            </param>
            <param index="2">
              <value>
                <![CDATA[50000]]>
              </value>
            </param>
            <param index="3">
              <value>
                <![CDATA[630]]>
              </value>
            </param>
            <param index="4">
              <value>
                <![CDATA[50]]>
              </value>
            </param>
            <param index="5">
              <value>
                <![CDATA[50]]>
              </value>
            </param>
            <param index="6">
              <value>
                <![CDATA[20000]]>
              </value>
            </param>
            <param index="7">
              <value>
                <![CDATA[20]]>
              </value>
            </param>
            <param index="8">
              <value>
                <![CDATA[0]]>
              </value>
            </param>
            <param index="9">
              <value>
                <![CDATA[35]]>
              </value>
            </param>
            <param index="10">
              <value>
                <![CDATA[35000]]>
              </value>
            </param>
            <param index="11">
              <value>
                <![CDATA[1000]]>
              </value>
            </param>
            <param index="12">
              <value>
                <![CDATA[20]]>
              </value>
            </param>
            <param index="13">
              <value>
                <![CDATA[YES]]>
              </value>
            </param>
            <param index="14">
              <value>
                <![CDATA[A1 Credit]]>
              </value>
            </param>
            <param index="15">
              <value>
                <![CDATA[100]]>
              </value>
            </param>
            <param index="16">
              <value>
                <![CDATA[YES]]>
              </value>
            </param>
            <param index="17">
              <value>
                <![CDATA[1500]]>
              </value>
            </param>
            <param index="18">
              <value>
                <![CDATA[2000]]>
              </value>
            </param>
            <param index="19">
              <value>
                <![CDATA[1000]]>
              </value>
            </param>
            <param index="20">
              <value>
                <![CDATA[500]]>
              </value>
            </param>
            <param index="21">
              <value>
                <![CDATA[200]]>
              </value>
            </param>
            <param index="22">
              <value>
                <![CDATA[200]]>
              </value>
            </param>
            <param index="23">
              <value>
                <![CDATA[199.99]]>
              </value>
            </param>
            <param index="24">
              <value>
                <![CDATA[PersonalContractPurchase]]>
              </value>
            </param>
          </params>
          <reporter-output>
            <line>
              <![CDATA[<b>Entering the deposit Values</b> <br />]]>
            </line>
            <line>
              <![CDATA[<b></b> <br />]]>
            </line>
            <line>
              <![CDATA[<b>Actual Balance to finance after editing part exchange values and deposit values is = 82423.98</b> <br />]]>
            </line>
            <line>
              <![CDATA[<b>Expected Balance to finance after editing part exchange values and deposit values is = 82423.98400000001</b> <br />]]>
            </line>
            <line>
              <![CDATA[<b></b> <br />]]>
            </line>
            <line>
              <![CDATA[<b>Actual Monthly total Payment after editing part exchange values and deposit values is = 2639.42</b> <br />]]>
            </line>
            <line>
              <![CDATA[<b>Expected Monthly total Payment after editing part exchange values and deposit values is = 2639.4235235607266</b> <br />]]>
            </line>
            <line>
              <![CDATA[<b></b> <br />]]>
            </line>
            <line>
              <![CDATA[<b>Monthly total Payment verified after editing part exchange values and deposit values</b> <br />]]>
            </line>
          </reporter-output>
        </test-method> <!-- aquisition_quotes_outright_PCP_customer_quote_part_exchange_value_edit_check_with_maintenance_test -->
        <test-method signature="aquisition_quotes_verify_customer_quote_monthly_finance_payment_after_adding_referrer_commission_test(java.lang.String,java.lang.String,java.lang.String,java.lang.String,java.lang.String,java.lang.String,java.lang.String,java.lang.String,java.lang.String,java.lang.String,java.lang.String,java.lang.String,java.lang.String,java.lang.String,java.lang.String,java.lang.String,java.lang.String,java.lang.String,java.lang.String,java.lang.String,java.lang.String,java.lang.String,java.lang.String,java.lang.String,java.lang.String)[pri:7, instance:newCar.OP.Acquisition_Quotes_Outright_PCP_with_maintenance_Test@2eae8e6e]" started-at="2024-07-17T19:16:12 IST" name="aquisition_quotes_verify_customer_quote_monthly_finance_payment_after_adding_referrer_commission_test" data-provider="testData" finished-at="2024-07-17T19:16:36 IST" depends-on-methods="newCar.OP.Acquisition_Quotes_Outright_PCP_with_maintenance_Test.aquisition_quotes_outright_PCP_customer_quote_part_exchange_value_edit_check_with_maintenance_test" duration-ms="23876" status="PASS">
          <params>
            <param index="0">
              <value>
                <![CDATA[AUDI]]>
              </value>
            </param>
            <param index="1">
              <value>
                <![CDATA[A7]]>
              </value>
            </param>
            <param index="2">
              <value>
                <![CDATA[50000]]>
              </value>
            </param>
            <param index="3">
              <value>
                <![CDATA[630]]>
              </value>
            </param>
            <param index="4">
              <value>
                <![CDATA[50]]>
              </value>
            </param>
            <param index="5">
              <value>
                <![CDATA[50]]>
              </value>
            </param>
            <param index="6">
              <value>
                <![CDATA[20000]]>
              </value>
            </param>
            <param index="7">
              <value>
                <![CDATA[20]]>
              </value>
            </param>
            <param index="8">
              <value>
                <![CDATA[0]]>
              </value>
            </param>
            <param index="9">
              <value>
                <![CDATA[35]]>
              </value>
            </param>
            <param index="10">
              <value>
                <![CDATA[35000]]>
              </value>
            </param>
            <param index="11">
              <value>
                <![CDATA[1000]]>
              </value>
            </param>
            <param index="12">
              <value>
                <![CDATA[20]]>
              </value>
            </param>
            <param index="13">
              <value>
                <![CDATA[YES]]>
              </value>
            </param>
            <param index="14">
              <value>
                <![CDATA[A1 Credit]]>
              </value>
            </param>
            <param index="15">
              <value>
                <![CDATA[100]]>
              </value>
            </param>
            <param index="16">
              <value>
                <![CDATA[YES]]>
              </value>
            </param>
            <param index="17">
              <value>
                <![CDATA[1500]]>
              </value>
            </param>
            <param index="18">
              <value>
                <![CDATA[2000]]>
              </value>
            </param>
            <param index="19">
              <value>
                <![CDATA[1000]]>
              </value>
            </param>
            <param index="20">
              <value>
                <![CDATA[500]]>
              </value>
            </param>
            <param index="21">
              <value>
                <![CDATA[200]]>
              </value>
            </param>
            <param index="22">
              <value>
                <![CDATA[200]]>
              </value>
            </param>
            <param index="23">
              <value>
                <![CDATA[199.99]]>
              </value>
            </param>
            <param index="24">
              <value>
                <![CDATA[PersonalContractPurchase]]>
              </value>
            </param>
          </params>
          <reporter-output>
            <line>
              <![CDATA[<b>Referrer Commission 1500added to the referrer commission field</b> <br />]]>
            </line>
            <line>
              <![CDATA[<b></b> <br />]]>
            </line>
            <line>
              <![CDATA[<b>Monthly Total Payment Expected (after adding Referrer Commission) is 2689.499744260756</b> <br />]]>
            </line>
            <line>
              <![CDATA[<b>Monthly Total Payment Actual (after adding Referrer Commission) is 2689.5</b> <br />]]>
            </line>
            <line>
              <![CDATA[<b></b> <br />]]>
            </line>
            <line>
              <![CDATA[<b>Monthly Total Payment verified after adding Referrer Commission</b> <br />]]>
            </line>
          </reporter-output>
        </test-method> <!-- aquisition_quotes_verify_customer_quote_monthly_finance_payment_after_adding_referrer_commission_test -->
        <test-method signature="aquisition_quotes_outright_PCP_quote_summary_values_verification_with_maintenance_test(java.lang.String,java.lang.String,java.lang.String,java.lang.String,java.lang.String,java.lang.String,java.lang.String,java.lang.String,java.lang.String,java.lang.String,java.lang.String,java.lang.String,java.lang.String,java.lang.String,java.lang.String,java.lang.String,java.lang.String,java.lang.String,java.lang.String,java.lang.String,java.lang.String,java.lang.String,java.lang.String,java.lang.String,java.lang.String)[pri:8, instance:newCar.OP.Acquisition_Quotes_Outright_PCP_with_maintenance_Test@2eae8e6e]" started-at="2024-07-17T19:16:36 IST" name="aquisition_quotes_outright_PCP_quote_summary_values_verification_with_maintenance_test" data-provider="testData" finished-at="2024-07-17T19:21:29 IST" depends-on-methods="newCar.OP.Acquisition_Quotes_Outright_PCP_with_maintenance_Test.aquisition_quotes_verify_customer_quote_monthly_finance_payment_after_adding_referrer_commission_test" duration-ms="292897" status="PASS">
          <params>
            <param index="0">
              <value>
                <![CDATA[AUDI]]>
              </value>
            </param>
            <param index="1">
              <value>
                <![CDATA[A7]]>
              </value>
            </param>
            <param index="2">
              <value>
                <![CDATA[50000]]>
              </value>
            </param>
            <param index="3">
              <value>
                <![CDATA[630]]>
              </value>
            </param>
            <param index="4">
              <value>
                <![CDATA[50]]>
              </value>
            </param>
            <param index="5">
[...]
              </value>
            </param>
            <param index="8">
              <value>
                <![CDATA[0]]>
              </value>
            </param>
            <param index="9">
              <value>
                <![CDATA[35]]>
              </value>
            </param>
            <param index="10">
              <value>
                <![CDATA[35000]]>
              </value>
            </param>
            <param index="11">
              <value>
                <![CDATA[1000]]>
              </value>
            </param>
            <param index="12">
              <value>
                <![CDATA[20]]>
              </value>
            </param>
            <param index="13">
              <value>
                <![CDATA[YES]]>
              </value>
            </param>
            <param index="14">
              <value>
                <![CDATA[A1 Credit]]>
              </value>
            </param>
            <param index="15">
              <value>
                <![CDATA[100]]>
              </value>
            </param>
            <param index="16">
              <value>
                <![CDATA[YES]]>
              </value>
            </param>
            <param index="17">
              <value>
                <![CDATA[1500]]>
              </value>
            </param>
            <param index="18">
              <value>
                <![CDATA[2000]]>
              </value>
            </param>
            <param index="19">
              <value>
                <![CDATA[1000]]>
              </value>
            </param>
            <param index="20">
              <value>
                <![CDATA[500]]>
              </value>
            </param>
            <param index="21">
              <value>
                <![CDATA[200]]>
              </value>
            </param>
            <param index="22">
              <value>
                <![CDATA[200]]>
              </value>
            </param>
            <param index="23">
              <value>
                <![CDATA[199.99]]>
              </value>
            </param>
            <param index="24">
              <value>
                <![CDATA[PersonalContractPurchase]]>
              </value>
            </param>
          </params>
          <reporter-output>
            <line>
              <![CDATA[<b>*************OTR Calulation on quote summary page has been started************</b> <br />]]>
            </line>
            <line>
              <![CDATA[<b>Reading values from OTR calculation -Quote Summary Page</b> <br />]]>
            </line>
            <line>
              <![CDATA[<b>OTR_calculation_cost_otr_price_from_screen =69019.99</b> <br />]]>
            </line>
            <line>
              <![CDATA[<b>OTR_calculation_cost_price_ex_vat_and_rfl_from_screen =56974.99</b> <br />]]>
            </line>
            <line>
              <![CDATA[<b>OTR_calculation_otr_vat_from_screen =11395.0</b> <br />]]>
            </line>
            <line>
              <![CDATA[<b>OTR_calculation_otr_rfl_and_frf_from_screen =650.0</b> <br />]]>
            </line>
            <line>
              <![CDATA[<b>OTR price compared</b> <br />]]>
            </line>
            <line>
              <![CDATA[<b>Cost price ex vat and rfl compared</b> <br />]]>
            </line>
            <line>
              <![CDATA[<b>VAT compared</b> <br />]]>
            </line>
            <line>
              <![CDATA[<b>RFL & FRF compared</b> <br />]]>
            </line>
            <line>
              <![CDATA[<b>*************Holding Cost Calulation on quote summary page has been started************</b> <br />]]>
            </line>
            <line>
              <![CDATA[<b>Reading values from Holding Cost summary -Quote Summary Page</b> <br />]]>
            </line>
            <line>
              <![CDATA[<b>holding_cost_terms_from_screen35.0</b> <br />]]>
            </line>
            <line>
              <![CDATA[<b>holding_cost_miles_per_annum_from_screen35000.0</b> <br />]]>
            </line>
            <line>
              <![CDATA[<b>holding_cost_monthly_finance_cost_from_screen1607.75</b> <br />]]>
            </line>
            <line>
              <![CDATA[<b>holding_cost_monthly_maint_cost_used_from_screen88.83</b> <br />]]>
            </line>
            <line>
              <![CDATA[<b>holding_cost_total_monthly_holding_cost_from_screen =1696.58</b> <br />]]>
            </line>
            <line>
              <![CDATA[<b>terms compared</b> <br />]]>
            </line>
            <line>
              <![CDATA[<b>Miles per annum compared</b> <br />]]>
            </line>
            <line>
              <![CDATA[<b>Finance cost compared</b> <br />]]>
            </line>
            <line>
              <![CDATA[<b>Maint cost used  compared</b> <br />]]>
            </line>
            <line>
              <![CDATA[<b>Total Monthly Holding Cost compared</b> <br />]]>
            </line>
            <line>
              <![CDATA[<b>*************Customer Quote Calulation on quote summary page has been started************</b> <br />]]>
            </line>
            <line>
              <![CDATA[<b>Terms found OK</b> <br />]]>
            </line>
            <line>
              <![CDATA[<b>miles found OK</b> <br />]]>
            </line>
            <line>
              <![CDATA[<b>Basic Cash Price found OK</b> <br />]]>
            </line>
            <line>
              <![CDATA[<b>VAT found OK</b> <br />]]>
            </line>
            <line>
              <![CDATA[<b>Non VAT Items Value found OK</b> <br />]]>
            </line>
            <line>
              <![CDATA[<b>Total Cash Price found OK</b> <br />]]>
            </line>
            <line>
              <![CDATA[<b>Order Deposit found OK</b> <br />]]>
            </line>
            <line>
              <![CDATA[<b>Finance Deposit found OK</b> <br />]]>
            </line>
            <line>
              <![CDATA[<b>Total Deposit found OK</b> <br />]]>
            </line>
            <line>
              <![CDATA[<b>Part Exchange Value - found OK</b> <br />]]>
            </line>
            <line>
              <![CDATA[<b>Balance to Finance found OK</b> <br />]]>
            </line>
            <line>
              <![CDATA[<b>Finance Charges - found OK</b> <br />]]>
            </line>
            <line>
              <![CDATA[<b>Document Fee - found OK</b> <br />]]>
            </line>
            <line>
              <![CDATA[<b>Balance Payable - found OK</b> <br />]]>
            </line>
            <line>
              <![CDATA[<b>Option To Purchase Fee - found OK</b> <br />]]>
            </line>
            <line>
              <![CDATA[<b>Initial Cash Payment - found OK</b> <br />]]>
            </line>
            <line>
              <![CDATA[<b>Followed By months - found OK</b> <br />]]>
            </line>
            <line>
              <![CDATA[<b>Monthly Finance Payment - found OK</b> <br />]]>
            </line>
            <line>
              <![CDATA[<b>Monthly Maint Payment - found OK</b> <br />]]>
            </line>
            <line>
              <![CDATA[<b>Monthly Total Payment - found OK</b> <br />]]>
            </line>
            <line>
              <![CDATA[<b>Guaranteed Future Value - found OK</b> <br />]]>
            </line>
            <line>
              <![CDATA[<b>Optional Final Payment - found OK</b> <br />]]>
            </line>
            <line>
              <![CDATA[<b>Pence Per Excess Mile Finance - found OK</b> <br />]]>
            </line>
            <line>
              <![CDATA[<b>Pence Per Excess Mile Maintenance - found OK</b> <br />]]>
            </line>
            <line>
              <![CDATA[<b>Pence Per Excess Mile Total - found OK</b> <br />]]>
            </line>
            <line>
              <![CDATA[<b>Vehicle Commission - found OK</b> <br />]]>
            </line>
            <line>
              <![CDATA[<b>Default Finance Commission - found OK</b> <br />]]>
            </line>
            <line>
              <![CDATA[<b>Maintenance Commission - found OK</b> <br />]]>
            </line>
            <line>
              <![CDATA[<b>Document Fee Commission - found OK</b> <br />]]>
            </line>
            <line>
              <![CDATA[<b>Total Commission - found OK</b> <br />]]>
            </line>
            <line>
              <![CDATA[<b>*************Configuration Values Verification on quote summary page has been started************</b> <br />]]>
            </line>
            <line>
              <![CDATA[<b>Base Interest Rate found OK</b> <br />]]>
            </line>
            <line>
              <![CDATA[<b>Finance Margin found OK</b> <br />]]>
            </line>
            <line>
              <![CDATA[<b>Deductions found OK</b> <br />]]>
            </line>
            <line>
              <![CDATA[<b>Additional Margin found OK</b> <br />]]>
            </line>
            <line>
              <![CDATA[<b>Total Margin found OK</b> <br />]]>
            </line>
            <line>
              <![CDATA[<b>Default Broker Margin percentage found OK</b> <br />]]>
            </line>
            <line>
              <![CDATA[<b>Customer Interest Rate found OK</b> <br />]]>
            </line>
            <line>
              <![CDATA[<b>Maintenance Margin found OK</b> <br />]]>
            </line>
            <line>
              <![CDATA[<b>Document Fee Margin found OK</b> <br />]]>
            </line>
            <line>
              <![CDATA[<b>Default Broker Margin found OK</b> <br />]]>
            </line>
            <line>
              <![CDATA[<b>*********Customer Quote generated successfully and Quote_ref_no is=AMY21277</b> <br />]]>
            </line>
            <line>
              <![CDATA[<b>*************OTR Calulation on quote summary page has been started************</b> <br />]]>
            </line>
            <line>
              <![CDATA[<b>Reading values from OTR calculation -Quote Summary Page</b> <br />]]>
            </line>
            <line>
              <![CDATA[<b>OTR_calculation_cost_otr_price_from_screen =69019.99</b> <br />]]>
            </line>
            <line>
              <![CDATA[<b>OTR_calculation_cost_price_ex_vat_and_rfl_from_screen =56974.99</b> <br />]]>
            </line>
            <line>
              <![CDATA[<b>OTR_calculation_otr_vat_from_screen =11395.0</b> <br />]]>
            </line>
            <line>
              <![CDATA[<b>OTR_calculation_otr_rfl_and_frf_from_screen =650.0</b> <br />]]>
            </line>
            <line>
              <![CDATA[<b>OTR price compared</b> <br />]]>
            </line>
            <line>
              <![CDATA[<b>Cost price ex vat and rfl compared</b> <br />]]>
            </line>
            <line>
              <![CDATA[<b>VAT compared</b> <br />]]>
            </line>
            <line>
              <![CDATA[<b>RFL & FRF compared</b> <br />]]>
            </line>
            <line>
              <![CDATA[<b>*************Holding Cost Calulation on quote summary page has been started************</b> <br />]]>
            </line>
            <line>
              <![CDATA[<b>Reading values from Holding Cost summary -Quote Summary Page</b> <br />]]>
            </line>
            <line>
              <![CDATA[<b>holding_cost_terms_from_screen35.0</b> <br />]]>
            </line>
            <line>
              <![CDATA[<b>holding_cost_miles_per_annum_from_screen35000.0</b> <br />]]>
            </line>
            <line>
              <![CDATA[<b>holding_cost_monthly_finance_cost_from_screen1607.75</b> <br />]]>
            </line>
            <line>
              <![CDATA[<b>holding_cost_monthly_maint_cost_used_from_screen88.83</b> <br />]]>
            </line>
            <line>
              <![CDATA[<b>holding_cost_total_monthly_holding_cost_from_screen =1696.58</b> <br />]]>
            </line>
            <line>
              <![CDATA[<b>terms compared</b> <br />]]>
            </line>
            <line>
              <![CDATA[<b>Miles per annum compared</b> <br />]]>
            </line>
            <line>
              <![CDATA[<b>Finance cost compared</b> <br />]]>
            </line>
            <line>
              <![CDATA[<b>Maint cost used  compared</b> <br />]]>
            </line>
            <line>
              <![CDATA[<b>Total Monthly Holding Cost compared</b> <br />]]>
            </line>
            <line>
              <![CDATA[<b>*************Customer Quote Calulation on quote summary page has been started************</b> <br />]]>
            </line>
            <line>
              <![CDATA[<b>Terms found OK</b> <br />]]>
            </line>
            <line>
              <![CDATA[<b>miles found OK</b> <br />]]>
            </line>
            <line>
              <![CDATA[<b>Basic Cash Price found OK</b> <br />]]>
            </line>
            <line>
              <![CDATA[<b>VAT found OK</b> <br />]]>
            </line>
            <line>
              <![CDATA[<b>Non VAT Items Value found OK</b> <br />]]>
            </line>
            <line>
              <![CDATA[<b>Total Cash Price found OK</b> <br />]]>
            </line>
            <line>
              <![CDATA[<b>Order Deposit found OK</b> <br />]]>
            </line>
            <line>
              <![CDATA[<b>Finance Deposit found OK</b> <br />]]>
            </line>
            <line>
              <![CDATA[<b>Total Deposit found OK</b> <br />]]>
            </line>
            <line>
              <![CDATA[<b>Part Exchange Value - found OK</b> <br />]]>
            </line>
            <line>
              <![CDATA[<b>Balance to Finance found OK</b> <br />]]>
            </line>
            <line>
              <![CDATA[<b>Finance Charges - found OK</b> <br />]]>
            </line>
            <line>
              <![CDATA[<b>Document Fee - found OK</b> <br />]]>
            </line>
            <line>
              <![CDATA[<b>Balance Payable - found wrong</b> <br />]]>
            </line>
            <line>
              <![CDATA[<b>Option To Purchase Fee - found wrong</b> <br />]]>
            </line>
            <line>
              <![CDATA[<b>Initial Cash Payment - found OK</b> <br />]]>
            </line>
            <line>
              <![CDATA[<b>Followed By months - found OK</b> <br />]]>
            </line>
            <line>
              <![CDATA[<b>Monthly Finance Payment - found OK</b> <br />]]>
            </line>
            <line>
              <![CDATA[<b>Monthly Maint Payment - found OK</b> <br />]]>
            </line>
            <line>
              <![CDATA[<b>Monthly Total Payment - found OK</b> <br />]]>
            </line>
            <line>
              <![CDATA[<b>Guaranteed Future Value - found OK</b> <br />]]>
            </line>
            <line>
              <![CDATA[<b>Optional Final Payment - found wrong</b> <br />]]>
            </line>
            <line>
              <![CDATA[<b>Pence Per Excess Mile Finance - found OK</b> <br />]]>
            </line>
            <line>
              <![CDATA[<b>Pence Per Excess Mile Maintenance - found OK</b> <br />]]>
            </line>
            <line>
              <![CDATA[<b>Pence Per Excess Mile Total - found OK</b> <br />]]>
            </line>
            <line>
              <![CDATA[<b>Vehicle Commission - found OK</b> <br />]]>
            </line>
            <line>
              <![CDATA[<b>Default Finance Commission - found OK</b> <br />]]>
            </line>
            <line>
              <![CDATA[<b>Maintenance Commission - found OK</b> <br />]]>
            </line>
            <line>
              <![CDATA[<b>Document Fee Commission - found wrong</b> <br />]]>
            </line>
            <line>
              <![CDATA[<b>Total Commission - found wrong</b> <br />]]>
            </line>
            <line>
              <![CDATA[<b>*************Configuration Values Verification on quote summary page has been started************</b> <br />]]>
            </line>
            <line>
              <![CDATA[<b>Base Interest Rate found OK</b> <br />]]>
            </line>
            <line>
              <![CDATA[<b>Finance Margin found wrong</b> <br />]]>
            </line>
            <line>
              <![CDATA[<b>Deductions found OK</b> <br />]]>
            </line>
            <line>
              <![CDATA[<b>Additional Margin found wrong</b> <br />]]>
            </line>
            <line>
              <![CDATA[<b>Total Margin found wrong</b> <br />]]>
            </line>
            <line>
              <![CDATA[<b>Default Broker Margin percentage found OK</b> <br />]]>
            </line>
            <line>
              <![CDATA[<b>Customer Interest Rate found OK</b> <br />]]>
            </line>
            <line>
              <![CDATA[<b>Maintenance Margin found OK</b> <br />]]>
            </line>
            <line>
              <![CDATA[<b>Document Fee Margin  found wrong</b> <br />]]>
            </line>
            <line>
              <![CDATA[<b>Default Broker Margin found OK</b> <br />]]>
            </line>
            <line>
              <![CDATA[<b>*************Editing Base Interest Rate and Verifying  Values on quote summary page has been started************</b> <br />]]>
            </line>
            <line>
              <![CDATA[<b>Base Interest Rate changed to 7.0 %</b> <br />]]>
            </line>
            <line>
              <![CDATA[<b>Holding Cost after changing Base Int. Rate -  found OK</b> <br />]]>
            </line>
            <line>
              <![CDATA[<b>Monthly Finance Rental after changing Base Int. Rate -  found OK</b> <br />]]>
            </line>
            <line>
              <![CDATA[<b>Monthly Maint Rental after changing Base Int. Rate -  found OK</b> <br />]]>
            </line>
            <line>
              <![CDATA[<b>Finance Charges - found OK</b> <br />]]>
            </line>
            <line>
              <![CDATA[<b>Balance Payable - found wrong</b> <br />]]>
            </line>
            <line>
              <![CDATA[<b>*************Editing Customer Rate Over Base and Verifying Values on quote summary page has been started************</b> <br />]]>
            </line>
            <line>
              <![CDATA[<b>Customer Base Over Rate changed to 5.0 %</b> <br />]]>
            </line>
            <line>
              <![CDATA[<b>Monthly Finance Rental after changing Customer Base Over Rate -  found OK</b> <br />]]>
            </line>
            <line>
              <![CDATA[<b>Finance Charges - found OK</b> <br />]]>
            </line>
            <line>
              <![CDATA[<b>Balance Payable - found wrong</b> <br />]]>
            </line>
            <line>
              <![CDATA[<b>*************Editing Maintenance Margin and Verifying Values on quote summary page has been started************</b> <br />]]>
            </line>
            <line>
              <![CDATA[<b>Maintenance margin changed to 30 %</b> <br />]]>
            </line>
            <line>
              <![CDATA[<b>Monthly Maint Rental after changing Maintenance margin -  found OK</b> <br />]]>
            </line>
          </reporter-output>
        </test-method> <!-- aquisition_quotes_outright_PCP_quote_summary_values_verification_with_maintenance_test -->
        <test-method is-config="true" signature="end()[pri:0, instance:newCar.OP.Acquisition_Quotes_Outright_PCP_with_maintenance_Test@2eae8e6e]" started-at="2024-07-17T19:21:29 IST" name="end" finished-at="2024-07-17T19:21:29 IST" duration-ms="1" status="PASS">
          <reporter-output>
          </reporter-output>
        </test-method> <!-- end -->
      </class> <!-- newCar.OP.Acquisition_Quotes_Outright_PCP_with_maintenance_Test -->
    </test> <!-- Default test -->
  </suite> <!-- Default suite -->
</testng-results>
