<?xml version="1.0" encoding="UTF-8"?>
<!-- Generated by org.testng.reporters.JUnitReportReporter -->
<testsuite hostname="DSK-4052" failures="0" tests="5" name="newCar.BCH.Acquisition_Quotes_BCH_BCH_with_maintenance_Test" time="496.862" errors="1" timestamp="2024-07-18T10:32:01 IST" skipped="0">
  <testcase classname="newCar.BCH.Acquisition_Quotes_BCH_BCH_with_maintenance_Test" name="aquisition_quotes_BCH_BCH_OTR_calculation_with_maintenance_test" time="126.415"/>
  <system-out>
    <![CDATA[<b>Clicked on Quote button </b> <br />
<b>Manufacture =AUDI has been selected</b> <br />
<b>Model range =A7 has been selected</b> <br />
<b>Vehicle has been selected</b> <br />
<b>Paint option has been selected</b> <br />
<b>Interior option has been selected</b> <br />
<b> Acquisition Contract type option = Business Contract Hire(BCH) has been selected</b> <br />
<b> Customer Contract type option = Business Contract Hire(BCH) has been selected</b> <br />
<b>Getting Basic Price- Vehicle value is  =55495.83</b> <br />
<b>Getting Basic Price - Paint  value is  =0.00</b> <br />
<b>Getting  Basic Price - Options value is   =833.33</b> <br />
<b>Getting Discount- Vehicle value is  =0.00</b> <br />
<b>Getting   Discount - Paint value is   =0.00</b> <br />
<b>Getting  Discount- Options value is   =0.00</b> <br />
<b>Getting Additional Discount- Vehicle value is  =0.00</b> <br />
<b>Getting  Additional Discount - paint value is  =0.00</b> <br />
<b>Getting  Additional Discount - Options value is  =0.00</b> <br />
<b>Writing OTR table values to excel sheet -Started </b> <br />
<b>Writing OTR table values to excel sheet -Completed </b> <br />
<b>Reading Subtotal After Discount from excel sheet -Started </b> <br />
<b>Reading Subtotal After Discount from excel sheet -Started </b> <br />
<b>Subtotal After Discount from excel sheet is =56329.16</b> <br />
<b>Subtotal after discount actual value from screen =£ 56,329.16</b> <br />
<b>****************************************************************</b> <br />
<b>**********Assertion Passed For Subtotal After Discount**********</b> <br />
<b>****************************************************************</b> <br />]]>
  </system-out>
  <testcase classname="newCar.BCH.Acquisition_Quotes_BCH_BCH_with_maintenance_Test" name="aquisition_quotes_BCH_BCH_after_discount_calculations_with_maintenance_test" time="4.104"/>
  <system-out>
    <![CDATA[<b>*********Calculations for On Road Price has been started***********</b> <br />
<b>Started getting On screen values from after discount table </b> <br />
<b>Manufacture_delivery_charges =645.83</b> <br />
<b>Road_tax_first_year =585.0</b> <br />
<b>First_registration_fee =65.0</b> <br />
<b>Rebate =0.0</b> <br />
<b>Writing After discount values to excel has been started</b> <br />
<b>Writing After discount values to excel has been completed</b> <br />
<b>Reading On Road Price for invoice from excel has been Started</b> <br />
<b>Reading On Road Price for invoice from excel has been completed</b> <br />
<b>Expected on the road price from excel is =69019.99</b> <br />
<b>Actual on the road price from screen is =69019.99</b> <br />
<b>****************************************************************</b> <br />
<b>*****************Assertion Passed For OTR Price*****************</b> <br />
<b>****************************************************************</b> <br />]]>
  </system-out>
  <testcase classname="newCar.BCH.Acquisition_Quotes_BCH_BCH_with_maintenance_Test" name="aquisition_quotes_BCH_BCH_holding_cost_calculations_with_maintenance_test" time="31.437"/>
  <system-out>
    <![CDATA[<b>***********Entered in holding cost page ***********</b> <br />
<b>Funder added successfully</b> <br />
<b>Holding cost verified successfully</b> <br />
<b>****************************************************************</b> <br />
<b>***************Assertion Passed For Holding Cost****************</b> <br />
<b>****************************************************************</b> <br />]]>
  </system-out>
  <testcase classname="newCar.BCH.Acquisition_Quotes_BCH_BCH_with_maintenance_Test" name="aquisition_quotes_BCH_BCH_customer_quote_payment_profile_calculations_with_maintenance_test" time="117.439"/>
  <system-out>
    <![CDATA[<b>Writing configuration values from property file to Excel for customer quote calculation -started</b> <br />
<b>Writing configuration values from property file to Excel for customer quote calculation -completed</b> <br />
<b>************Calculations for Customer Quote Page has been started***********</b> <br />
<b>Payment Profile Monthly in Advance option has been selected</b> <br />
<b>Writing values to Excel for customer quote calculation -started</b> <br />
<b>Writing values to Excel for customer quote calculation -completed</b> <br />
<b>Reading  Monthly Finance Rental and monthly maintenance cost from  Excel   -started</b> <br />
<b>Reading  Monthly Finance Rental and monthly maintenance cost from  Excel  -completed</b> <br />
<b>Monthly Finance Rental from Excel is =962.9134025816834</b> <br />
<b>Monthly maintenance Rental from Excel is =60.0</b> <br />
<b>Monthly Finance Rental from screen is =962.91</b> <br />
<b>Monthly maintenance Rental from screen is =60.0</b> <br />
<b>****************************************************************</b> <br />
<b>***********Assertion Passed For Monthly Finance Rental***********</b> <br />
<b>****************************************************************</b> <br />
<b>Monthly Finance Rental from screen (after submitting upsell values) is 1000.26</b> <br />
<b>Monthly Mainte. Rental from screen ((after submitting upsell values) is 60.0</b> <br />
<b>Writing upsell values to excel</b> <br />
<b>Monthly Finance Rental from Excel (after submitting upsell values) is 1000.264186201125</b> <br />
<b>Monthly Mainte. Rental from Excel ((after submitting upsell values) is 60.0</b> <br />
<b>Monthly finance and maint. rental (after submitting upsell values) is found OK</b> <br />
<b>***********Assertion Passed For Monthly Finance Rental on adding upsell values***********</b> <br />
<b>****************************************************************</b> <br />
<b>Entering the deposit values in the part Exchange Section</b> <br />
<b>Monthly Finance Rental from screen (part exchange values) is 1000.26</b> <br />
<b>Monthly Mainte. Rental from screen (part exchange values) is 60.0</b> <br />
<b>Writing part exchange values to excel</b> <br />
<b>Monthly finance and maint. rental part exchange values) is found OK</b> <br />
<b>*****Assertion Passed For Monthly Finance And Maint. Rental*****</b> <br />
<b>****************************************************************</b> <br />
<b>Started verifying Balance Due value</b> <br />
<b>Balance due value (with part exchange values) is verified and found ok</b> <br />
<b>*************Assertion Passed For Balance Due Value*************</b> <br />
<b>****************************************************************</b> <br />
<b>Assertion Passed For Monthly Finance Rental with part Exchange On</b> <br />
<b>****************************************************************</b> <br />
<b>Monthly Finance Rental from screen (after updating customer quote summary upsell value) is 1018.94</b> <br />
<b>Monthly Mainte. Rental from screen (after updating customer quote summary upsell value) is 60.0</b> <br />
<b>Writing upsell values to excel</b> <br />
<b>Monthly Finance Rental from Excel (after updating customer quote summary upsell value) is 1018.93957801085</b> <br />
<b>Monthly Mainte. Rental from Excel (after updating customer quote summary upsell value) is 60.0</b> <br />
<b>Monthly finance and maint. rental (after updating customer quote summary upsell value) is found OK</b> <br />
<b>***********Assertion Passed For Monthly Finance Rental on updating upsell values***********</b> <br />
<b>****************************************************************</b> <br />]]>
  </system-out>
  <testcase classname="newCar.BCH.Acquisition_Quotes_BCH_BCH_with_maintenance_Test" name="aquisition_quotes_BCH_BCH_quote_summary_values_verification_with_maintenance_test" time="217.467">
    <error message="element click intercepted: Element &lt;div class=&quot;acc-head&quot; style=&quot; border: 1px solid white;&quot;&gt;...&lt;/div&gt; is not clickable at point (805, 730). Other element would receive the click: &lt;div _ngcontent-rgy-c1=&quot;&quot; class=&quot;loader_div&quot;&gt;...&lt;/div&gt;
  (Session info: chrome=126.0.6478.128)
Build info: version: &#039;4.1.0&#039;, revision: &#039;87802e897b&#039;
System info: host: &#039;DSK-4052&#039;, ip: &#039;172.16.1.80&#039;, os.name: &#039;Windows 10&#039;, os.arch: &#039;amd64&#039;, os.version: &#039;10.0&#039;, java.version: &#039;19.0.1&#039;
Driver info: org.openqa.selenium.chrome.ChromeDriver
Command: [038e5db66e8692de2cb3ff46c2194bb1, clickElement {id=f.7CFC53B62F4592435F2F412C6DFD2871.d.C5154C96EF17ACA38839738CF94B54D8.e.2109}]
Capabilities {acceptInsecureCerts: false, browserName: chrome, browserVersion: 126.0.6478.128, chrome: {chromedriverVersion: 125.0.6422.141 (4b1e8393712..., userDataDir: C:\Users\NITEIN~1.KUR\AppDa...}, fedcm:accounts: true, goog:chromeOptions: {debuggerAddress: localhost:51758}, javascriptEnabled: true, networkConnectionEnabled: false, pageLoadStrategy: normal, platform: WINDOWS, platformName: WINDOWS, proxy: Proxy(), se:cdp: ws://localhost:51758/devtoo..., se:cdpVersion: 126.0.6478.128, setWindowRect: true, strictFileInteractability: false, timeouts: {implicit: 0, pageLoad: 300000, script: 30000}, unhandledPromptBehavior: dismiss and notify, webauthn:extension:credBlob: true, webauthn:extension:largeBlob: true, webauthn:extension:minPinLength: true, webauthn:extension:prf: true, webauthn:virtualAuthenticators: true}
Element: [[ChromeDriver: chrome on WINDOWS (038e5db66e8692de2cb3ff46c2194bb1)] -&gt; xpath: //*[@id=&#039;headingCustomerQuote&#039;]/div[1]/button/div]
Session ID: 038e5db66e8692de2cb3ff46c2194bb1" type="org.openqa.selenium.ElementClickInterceptedException">
      <![CDATA[org.openqa.selenium.ElementClickInterceptedException: element click intercepted: Element <div class="acc-head" style=" border: 1px solid white;">...</div> is not clickable at point (805, 730). Other element would receive the click: <div _ngcontent-rgy-c1="" class="loader_div">...</div>
  (Session info: chrome=126.0.6478.128)
Build info: version: '4.1.0', revision: '87802e897b'
System info: host: 'DSK-4052', ip: '172.16.1.80', os.name: 'Windows 10', os.arch: 'amd64', os.version: '10.0', java.version: '19.0.1'
Driver info: org.openqa.selenium.chrome.ChromeDriver
Command: [038e5db66e8692de2cb3ff46c2194bb1, clickElement {id=f.7CFC53B62F4592435F2F412C6DFD2871.d.C5154C96EF17ACA38839738CF94B54D8.e.2109}]
Capabilities {acceptInsecureCerts: false, browserName: chrome, browserVersion: 126.0.6478.128, chrome: {chromedriverVersion: 125.0.6422.141 (4b1e8393712..., userDataDir: C:\Users\NITEIN~1.KUR\AppDa...}, fedcm:accounts: true, goog:chromeOptions: {debuggerAddress: localhost:51758}, javascriptEnabled: true, networkConnectionEnabled: false, pageLoadStrategy: normal, platform: WINDOWS, platformName: WINDOWS, proxy: Proxy(), se:cdp: ws://localhost:51758/devtoo..., se:cdpVersion: 126.0.6478.128, setWindowRect: true, strictFileInteractability: false, timeouts: {implicit: 0, pageLoad: 300000, script: 30000}, unhandledPromptBehavior: dismiss and notify, webauthn:extension:credBlob: true, webauthn:extension:largeBlob: true, webauthn:extension:minPinLength: true, webauthn:extension:prf: true, webauthn:virtualAuthenticators: true}
Element: [[ChromeDriver: chrome on WINDOWS (038e5db66e8692de2cb3ff46c2194bb1)] -> xpath: //*[@id='headingCustomerQuote']/div[1]/button/div]
Session ID: 038e5db66e8692de2cb3ff46c2194bb1
at java.base/jdk.internal.reflect.DirectConstructorHandleAccessor.newInstance(DirectConstructorHandleAccessor.java:67)
at java.base/java.lang.reflect.Constructor.newInstanceWithCaller(Constructor.java:500)
at java.base/java.lang.reflect.Constructor.newInstance(Constructor.java:484)
at org.openqa.selenium.remote.codec.w3c.W3CHttpResponseCodec.createException(W3CHttpResponseCodec.java:200)
at org.openqa.selenium.remote.codec.w3c.W3CHttpResponseCodec.decode(W3CHttpResponseCodec.java:133)
at org.openqa.selenium.remote.codec.w3c.W3CHttpResponseCodec.decode(W3CHttpResponseCodec.java:53)
at org.openqa.selenium.remote.HttpCommandExecutor.execute(HttpCommandExecutor.java:184)
at org.openqa.selenium.remote.service.DriverCommandExecutor.invokeExecute(DriverCommandExecutor.java:164)
at org.openqa.selenium.remote.service.DriverCommandExecutor.execute(DriverCommandExecutor.java:139)
at org.openqa.selenium.remote.RemoteWebDriver.execute(RemoteWebDriver.java:559)
at org.openqa.selenium.remote.RemoteWebElement.execute(RemoteWebElement.java:251)
at org.openqa.selenium.remote.RemoteWebElement.click(RemoteWebElement.java:77)
at java.base/jdk.internal.reflect.DirectMethodHandleAccessor.invoke(DirectMethodHandleAccessor.java:104)
at java.base/java.lang.reflect.Method.invoke(Method.java:578)
at org.openqa.selenium.support.pagefactory.internal.LocatingElementHandler.invoke(LocatingElementHandler.java:52)
at jdk.proxy2/jdk.proxy2.$Proxy23.click(Unknown Source)
at com.amt.testUtil.Click.on(Click.java:22)
at com.amt.QuoteSummaryPages.QuoteSummary_BCH_BCH_Page.quote_summary_edit_finance_margin_value_verification(QuoteSummary_BCH_BCH_Page.java:1660)
at newCar.BCH.Acquisition_Quotes_BCH_BCH_with_maintenance_Test.aquisition_quotes_BCH_BCH_quote_summary_values_verification_with_maintenance_test(Acquisition_Quotes_BCH_BCH_with_maintenance_Test.java:268)
at java.base/jdk.internal.reflect.DirectMethodHandleAccessor.invoke(DirectMethodHandleAccessor.java:104)
at java.base/java.lang.reflect.Method.invoke(Method.java:578)
at org.testng.internal.MethodInvocationHelper.invokeMethod(MethodInvocationHelper.java:133)
at org.testng.internal.TestInvoker.invokeMethod(TestInvoker.java:598)
at org.testng.internal.TestInvoker.invokeTestMethod(TestInvoker.java:173)
at org.testng.internal.MethodRunner.runInSequence(MethodRunner.java:46)
at org.testng.internal.TestInvoker$MethodInvocationAgent.invoke(TestInvoker.java:824)
at org.testng.internal.TestInvoker.invokeTestMethods(TestInvoker.java:146)
at org.testng.internal.TestMethodWorker.invokeTestMethods(TestMethodWorker.java:146)
at org.testng.internal.TestMethodWorker.run(TestMethodWorker.java:128)
at java.base/java.util.ArrayList.forEach(ArrayList.java:1511)
at org.testng.TestRunner.privateRun(TestRunner.java:794)
at org.testng.TestRunner.run(TestRunner.java:596)
at org.testng.SuiteRunner.runTest(SuiteRunner.java:377)
at org.testng.SuiteRunner.runSequentially(SuiteRunner.java:371)
at org.testng.SuiteRunner.privateRun(SuiteRunner.java:332)
at org.testng.SuiteRunner.run(SuiteRunner.java:276)
at org.testng.SuiteRunnerWorker.runSuite(SuiteRunnerWorker.java:53)
at org.testng.SuiteRunnerWorker.run(SuiteRunnerWorker.java:96)
at org.testng.TestNG.runSuitesSequentially(TestNG.java:1212)
at org.testng.TestNG.runSuitesLocally(TestNG.java:1134)
at org.testng.TestNG.runSuites(TestNG.java:1063)
at org.testng.TestNG.run(TestNG.java:1031)
at org.testng.remote.AbstractRemoteTestNG.run(AbstractRemoteTestNG.java:115)
at org.testng.remote.RemoteTestNG.initAndRun(RemoteTestNG.java:251)
at org.testng.remote.RemoteTestNG.main(RemoteTestNG.java:77)
]]>
    </error>
  </testcase> <!-- aquisition_quotes_BCH_BCH_quote_summary_values_verification_with_maintenance_test -->
  <system-out>
    <![CDATA[<b>*************OTR Calulation on quote summary page has been started************</b> <br />
<b>Reading values from OTR calculation -Quote Summary Page</b> <br />
<b>OTR_calculation_cost_otr_price_from_screen =69019.99</b> <br />
<b>OTR_calculation_cost_price_ex_vat_and_rfl_from_screen =56974.99</b> <br />
<b>OTR_calculation_otr_vat_from_screen =11395.0</b> <br />
<b>OTR_calculation_otr_rfl_and_frf_from_screen =650.0</b> <br />
<b>OTR price compared</b> <br />
<b>Cost price ex vat and rfl compared</b> <br />
<b>VAT compared</b> <br />
<b>RFL & FRF compared</b> <br />
<b>*************Holding Cost Calulation on quote summary page has been started************</b> <br />
<b>Reading values from Holding Cost summary -Quote Summary Page</b> <br />
<b>holding_cost_terms_from_screen12.0</b> <br />
<b>holding_cost_miles_per_annum_from_screen5000.0</b> <br />
<b>holding_cost_monthly_finance_cost_from_screen501.0</b> <br />
<b>holding_cost_monthly_maint_cost_used_from_screen50.0</b> <br />
<b>holding_cost_CAP_monthly_maint_cost_from_screen8.19</b> <br />
<b>holding_cost_total_monthly_holding_cost_from_screen =551.0</b> <br />
<b>terms compared</b> <br />
<b>Miles per annum compared</b> <br />
<b>Finance cost compared</b> <br />
<b>Maint cost used  compared</b> <br />
<b>Total Monthly Holding Cost compared</b> <br />
<b>*************Customer Quote Calulation on quote summary page has been started************</b> <br />
<b>Terms found OK</b> <br />
<b>miles found OK</b> <br />
<b>Monthly Finance Rental found OK</b> <br />
<b>Monthly Maintenance Rental found OK</b> <br />
<b>Initial Finance Rental found OK</b> <br />
<b>Initial Maint Rental found OK</b> <br />
<b>Initial Total Rental found OK</b> <br />
<b>Part Exchange Value - found OK</b> <br />
<b>Followed By months - found OK</b> <br />
<b>Pence per excess mile finance - found OK</b> <br />
<b>Pence per excess mile Maintenance - found OK</b> <br />
<b>Pence per excess mile total - found OK</b> <br />
<b>Document Fee - found OK</b> <br />
<b>Upsell - found OK</b> <br />
<b>Default Finance Commission - found OK</b> <br />
<b>Upsell Commission - found OK</b> <br />
<b>Maintenance Commission - found OK</b> <br />
<b>Document Fee Commission - found OK</b> <br />
<b>Total Commission - found OK</b> <br />
<b>Referrer Commission - found OK</b> <br />
<b>*************Configuration Values Verification on quote summary page has been started************</b> <br />
<b>Finance Margin found OK</b> <br />
<b>Deductions found OK</b> <br />
<b>Additional Margin found OK</b> <br />
<b>Total Margin found OK</b> <br />
<b>Default Broker Margin percentage found OK</b> <br />
<b>Broker Upsell Margin percentage found OK</b> <br />
<b>Broker Upsell Margin  found OK</b> <br />
<b>Maintenance Margin  found OK</b> <br />
<b>Document Fee Margin  found OK</b> <br />
<b>Refferer Margin  found OK</b> <br />
<b>*********Quote generated successfully and Quote_ref_no is=PCH80431</b> <br />
<b>*************OTR Calulation on quote summary page has been started************</b> <br />
<b>Reading values from OTR calculation -Quote Summary Page</b> <br />
<b>OTR_calculation_cost_otr_price_from_screen =69019.99</b> <br />
<b>OTR_calculation_cost_price_ex_vat_and_rfl_from_screen =56974.99</b> <br />
<b>OTR_calculation_otr_vat_from_screen =11395.0</b> <br />
<b>OTR_calculation_otr_rfl_and_frf_from_screen =650.0</b> <br />
<b>OTR price compared</b> <br />
<b>Cost price ex vat and rfl compared</b> <br />
<b>VAT compared</b> <br />
<b>RFL & FRF compared</b> <br />
<b>*************Holding Cost Calulation on quote summary page has been started************</b> <br />
<b>Reading values from Holding Cost summary -Quote Summary Page</b> <br />
<b>holding_cost_terms_from_screen12.0</b> <br />
<b>holding_cost_miles_per_annum_from_screen5000.0</b> <br />
<b>holding_cost_monthly_finance_cost_from_screen501.0</b> <br />
<b>holding_cost_monthly_maint_cost_used_from_screen50.0</b> <br />
<b>holding_cost_CAP_monthly_maint_cost_from_screen8.19</b> <br />
<b>holding_cost_total_monthly_holding_cost_from_screen =551.0</b> <br />
<b>terms compared</b> <br />
<b>Miles per annum compared</b> <br />
<b>Finance cost compared</b> <br />
<b>Maint cost used  compared</b> <br />
<b>Total Monthly Holding Cost compared</b> <br />
<b>*************Customer Quote Calulation on quote summary page has been started************</b> <br />
<b>Terms found OK</b> <br />
<b>miles found OK</b> <br />
<b>Monthly Finance Rental found OK</b> <br />
<b>Monthly Maintenance Rental found OK</b> <br />
<b>Initial Finance Rental found OK</b> <br />
<b>Initial Maint Rental found OK</b> <br />
<b>Initial Total Rental found OK</b> <br />
<b>Part Exchange Value - found OK</b> <br />
<b>Followed By months - found OK</b> <br />
<b>Pence per excess mile finance - found OK</b> <br />
<b>Pence per excess mile Maintenance - found OK</b> <br />
<b>Pence per excess mile total - found OK</b> <br />
<b>Document Fee - found OK</b> <br />
<b>Upsell - found OK</b> <br />
<b>Default Finance Commission - found OK</b> <br />
<b>Upsell Commission - found OK</b> <br />
<b>Maintenance Commission - found OK</b> <br />
<b>Document Fee Commission - found OK</b> <br />
<b>Total Commission - found OK</b> <br />
<b>Referrer Commission - found OK</b> <br />
<b>*************Configuration Values Verification on quote summary page has been started************</b> <br />
<b>Finance Margin found OK</b> <br />
<b>Deductions found OK</b> <br />
<b>Additional Margin found OK</b> <br />
<b>Total Margin found OK</b> <br />
<b>Default Broker Margin percentage found OK</b> <br />
<b>Broker Upsell Margin percentage found OK</b> <br />
<b>Broker Upsell Margin  found OK</b> <br />
<b>Maintenance Margin  found OK</b> <br />
<b>Document Fee Margin  found OK</b> <br />
<b>Refferer Margin  found OK</b> <br />
<b>*************Editing Finance Margin and Verifying Values on quote summary page has been started************</b> <br />
<b>Finance margin changed to 10000</b> <br />
<b>*********Quote generated successfully and Quote_ref_no is=PCH80431</b> <br />
<br>----------Screenshot---------<br>
<img src="D:\Acquisition OTR\AMT_Acquisition_OTR\target\surefire-reports\html\failure_screenshots\aquisition_quotes_BCH_BCH_quote_summary_values_verification_with_maintenance_test_17_07_2024_10_59_56.png" height="800" width="1000">]]>
  </system-out>
</testsuite> <!-- newCar.BCH.Acquisition_Quotes_BCH_BCH_with_maintenance_Test -->
