<?xml version="1.0" encoding="UTF-8"?>
<!-- Generated by org.testng.reporters.JUnitReportReporter -->
<testsuite hostname="DSK-4052" failures="0" tests="5" name="newLCV.BROKER.Acquisition_Quotes_Broker_HPR_LCV_Test" time="200.738" errors="0" timestamp="2024-03-03T20:06:14 IST" skipped="0">
  <testcase classname="newLCV.BROKER.Acquisition_Quotes_Broker_HPR_LCV_Test" name="aquisition_quotes_user_flow_broker_HPR_OTR_calculation" time="119.433"/>
  <system-out>
    <![CDATA[<b>Clicked on Quote button </b> <br />
<b>Manufacture =FIAT has been selected</b> <br />
<b>Model range =FIORINO has been selected</b> <br />
<b>Vehicle has been selected</b> <br />
<b>Paint option has been selected</b> <br />
<b>Interior option has been selected</b> <br />
<b>Acquisition Contract type option selected = Broker </b> <br />
<b>Customer Contract type option selected = Hire Purchase Regulated(HPR)</b> <br />
<b>Getting Basic Price- Vehicle value is  =16745.00</b> <br />
<b>Getting Basic Price - Paint  value is  =0.00</b> <br />
<b>Getting  Basic Price - Options value is   =0.00</b> <br />
<b>Getting Discount- Vehicle value is  =0.00</b> <br />
<b>Getting   Discount - Paint value is   =0.00</b> <br />
<b>Getting  Discount- Options value is   =0.00</b> <br />
<b>Getting Additional Discount- Vehicle value is  =0.00</b> <br />
<b>Getting  Additional Discount - paint value is  =0.00</b> <br />
<b>Getting  Additional Discount - Options value is  =0.00</b> <br />
<b>Writing OTR table values to excel sheet -Started </b> <br />
<b>Writing OTR table values to excel sheet -Completed </b> <br />
<b>Reading Subtotal After Discount from excel sheet -Started </b> <br />
<b>Reading Subtotal After Discount from excel sheet -Started </b> <br />
<b>Subtotal After Discount from excel sheet is =16745.0</b> <br />
<b>Subtotal after discount actual value from screen =£ 16,745.00</b> <br />]]>
  </system-out>
  <testcase classname="newLCV.BROKER.Acquisition_Quotes_Broker_HPR_LCV_Test" name="aquisition_quotes_user_flow_broker_HPR_after_discount_calculations_test" time="4.566"/>
  <system-out>
    <![CDATA[<b>*********Calculations for On Road Price has been started***********</b> <br />
<b>Started getting On screen values from after discount table </b> <br />
<b>Manufacture_delivery_charges =695.0</b> <br />
<b>Road_tax_first_year =275.0</b> <br />
<b>First_registration_fee =65.0</b> <br />
<b>Rebate =0.0</b> <br />
<b>Writing After discount values to excel has been started</b> <br />
<b>Writing After discount values to excel has been completed</b> <br />
<b>Reading On Road Price for invoice from excel has been Started</b> <br />
<b>Reading On Road Price for invoice from excel has been completed</b> <br />
<b>Expected on the road price from excel is =21268.0</b> <br />
<b>Actual on the road price from screen is =21268.00</b> <br />]]>
  </system-out>
  <testcase classname="newLCV.BROKER.Acquisition_Quotes_Broker_HPR_LCV_Test" name="aquisition_quotes_user_flow_broker_HPR_vehicle_profit_check_test" time="19.551"/>
  <system-out>
    <![CDATA[<b>Vehicle profit from test data 1200.0 added to otr cost price 21268.0</b> <br />
<b>After adding profit to cost price 21268.0 sales price is shown as (considering VAT%) 22708.0</b> <br />
<b>Vehicle profit verified</b> <br />
<b></b> <br />
<b>Verifying Vehicle profit and Total Monthly Payment on editing Vehicle Sales Price</b> <br />
<b>Sending 25521.6 to sales total input field</b> <br />
<b>Vehicle profit verified on editing Vehicle Sales Price</b> <br />]]>
  </system-out>
  <testcase classname="newLCV.BROKER.Acquisition_Quotes_Broker_HPR_LCV_Test" name="aquisition_quotes_user_flow_broker_HPR_balance_to_finance_check_test" time="39.642"/>
  <system-out>
    <![CDATA[<b></b> <br />
<b>Adding Funder Quote Values to Screen</b> <br />
<b>Funder Quote Added Successfully</b> <br />
<b>Clicked on Part Exchange panel</b> <br />
<b></b> <br />
<b>Entering Part Exchange Values to screen</b> <br />
<b>Funder quote added successfully</b> <br />
<b></b> <br />
<b>Started verifying Balance To Finance</b> <br />
<b>Balance To Finance Expected is =24221.6</b> <br />
<b>Balance To Finance Actual From Screen is =24221.6</b> <br />
<b>Balance to finance value from customer quote summary - verified</b> <br />]]>
  </system-out>
  <testcase classname="newLCV.BROKER.Acquisition_Quotes_Broker_HPR_LCV_Test" name="aquisition_quotes_user_flow_broker_HPR_quote_summary_values_verification_test" time="17.546"/>
  <system-out>
    <![CDATA[<b>*************Calculations for Quote Summary page has been started************</b> <br />
<b>Clicking on Save</b> <br />
<b>Reading values from sceen -Quote Summary Page</b> <br />
<b>Getting values from screen</b> <br />
<b>Quote_summary_cost_otr_price =21,268.00</b> <br />
<b>Customer contract_type =Hire Purchase Regulated</b> <br />
<b>Customer Quote generated successfully and Quote_ref_no =VVO62541</b> <br />
<b>Reading values from excel sheet to compare it with quote summary on screen values</b> <br />
<b>Comparing excel values with actual values on screen</b> <br />
<b>OTR price compared</b> <br />]]>
  </system-out>
</testsuite> <!-- newLCV.BROKER.Acquisition_Quotes_Broker_HPR_LCV_Test -->
