<?xml version="1.0" encoding="UTF-8"?>
<!-- Generated by org.testng.reporters.JUnitReportReporter -->
<testsuite hostname="DSK-4052" failures="0" tests="6" name="newCar.HPNR.Acquisition_Quotes_HPNR_BCH_with_maintenance_Test" time="395.302" errors="1" timestamp="2024-05-22T18:38:20 IST" skipped="0">
  <testcase classname="newCar.HPNR.Acquisition_Quotes_HPNR_BCH_with_maintenance_Test" name="aquisition_quotes_HPNR_BCH_OTR_calculation_with_maintenance_test" time="117.720"/>
  <system-out>
    <![CDATA[<b>Clicked on Quote button </b> <br />
<b>Manufacture =AUDI has been selected</b> <br />
<b>Model range =A7 has been selected</b> <br />
<b>Vehicle has been selected</b> <br />
<b>Paint option has been selected</b> <br />
<b>Interior option has been selected</b> <br />
<b> Acquisition Contract type option = HPNR has been selected</b> <br />
<b> Customer Contract type option = Business Contract Hire(BCH) has been selected</b> <br />
<b>Getting Basic Price- Vehicle value is  =55495.83</b> <br />
<b>Getting Basic Price - Paint  value is  =0.00</b> <br />
<b>Getting  Basic Price - Options value is   =833.33</b> <br />
<b>Getting Discount- Vehicle value is  =0.00</b> <br />
<b>Getting   Discount - Paint value is   =0.00</b> <br />
<b>Getting  Discount- Options value is   =0.00</b> <br />
<b>Getting Additional Discount- Vehicle value is  =0.00</b> <br />
<b>Getting  Additional Discount - paint value is  =0.00</b> <br />
<b>Getting  Additional Discount - Options value is  =0.00</b> <br />
<b>Writing OTR table values to excel sheet -Started </b> <br />
<b>Writing OTR table values to excel sheet -Completed </b> <br />
<b>Reading Subtotal After Discount from excel sheet -Started </b> <br />
<b>Reading Subtotal After Discount from excel sheet -Started </b> <br />
<b>Subtotal After Discount from excel sheet is =56329.16</b> <br />
<b>Subtotal after discount actual value from screen =£ 56,329.16</b> <br />]]>
  </system-out>
  <testcase classname="newCar.HPNR.Acquisition_Quotes_HPNR_BCH_with_maintenance_Test" name="aquisition_quotes_HPNR_BCH_after_discount_calculations_with_maintenance_test" time="4.608"/>
  <system-out>
    <![CDATA[<b>*********Calculations for On Road Price has been started***********</b> <br />
<b>Started getting On screen values from after discount table </b> <br />
<b>Manufacture_delivery_charges =645.83</b> <br />
<b>Road_tax_first_year =585.0</b> <br />
<b>First_registration_fee =65.0</b> <br />
<b>Rebate =0.0</b> <br />
<b>Writing After discount values to excel has been started</b> <br />
<b>Writing After discount values to excel has been completed</b> <br />
<b>Reading On Road Price for invoice from excel has been Started</b> <br />
<b>Reading On Road Price for invoice from excel has been completed</b> <br />
<b>Expected on the road price from excel is =69019.99</b> <br />
<b>Actual on the road price from screen is =69019.99</b> <br />]]>
  </system-out>
  <testcase classname="newCar.HPNR.Acquisition_Quotes_HPNR_BCH_with_maintenance_Test" name="aquisition_quotes_HPNR_BCH_other_support_check_with_maintenance_test" time="21.861"/>
  <system-out>
    <![CDATA[<b>Verification of OTR price for calculation after adding other support value has been started</b> <br />
<b>Writing other support value to Excel has been started</b> <br />
<b>Writing other support value to Excel has been ended</b> <br />
<b>OTR price for calculation after adding other support found OK</b> <br />
<b>Verification of OTR price for calculation after adding other support value has been ended</b> <br />]]>
  </system-out>
  <testcase classname="newCar.HPNR.Acquisition_Quotes_HPNR_BCH_with_maintenance_Test" name="aquisition_quotes_HPNR_BCH_holding_cost_calculations_with_maintenance_test" time="79.755"/>
  <system-out>
    <![CDATA[<b>***********Entered in holding cost page ***********</b> <br />
<b>Clicked on holding cost summary</b> <br />
<b>Clicked on holding_cost_maintenance_toggle_button</b> <br />
<b></b> <br />
<b>***Verifying Holding Cost before editing CAP data*** </b> <br />
<b>Getting on screen values from Holding Cost Page</b> <br />
<b>Duration(Terms) =36.0</b> <br />
<b>Annual_mileage =10000.0</b> <br />
<b>Residual_value_from_screen =28050.0</b> <br />
<b>Writing Holding Cost Summary values to excel has been started</b> <br />
<b>Writing Holding Cost Summary values to excel has been completed</b> <br />
<b>Reading Monthly Holding Cost value from excel has been started</b> <br />
<b>Reading Monthly Holding Cost value from excel has been completed</b> <br />
<b>Total_monthly_holding_cost_from_screen =1,215.99</b> <br />
<b>Total_monthly_holding_cost_from_excel =1215.995294974915</b> <br />
<b>Total Monthly Holding Cost based on CAP data is Verified and Found OK</b> <br />
<b></b> <br />
<b>Editing % CAP Residual Value and % CAP Maintenance cost used</b> <br />
<b>Changing % CAP Residual Value (from test  data) to 100</b> <br />
<b>Changing % CAP Maintenance cost (from test  data) to 50</b> <br />
<b>Writing Holding Cost Summary values to excel has been started</b> <br />
<b>Writing Holding Cost Summary values to excel has been completed</b> <br />
<b>Reading Monthly Holding Cost value from excel has been started</b> <br />
<b>Reading Monthly Holding Cost value from excel has been completed</b> <br />
<b>Total_monthly_holding_cost_from_screen =1,196.22</b> <br />
<b>Total_monthly_holding_cost_from_excel =1196.225294974915</b> <br />
<b>Total Monthly Holding Cost After Editing % Residual Value and % Maintenance Cost is Verified and Found OK</b> <br />
<b></b> <br />
<b>Editing Residual value and Maintenance cost used</b> <br />
<b>Changing Residual Value (from test data) to  =20000</b> <br />
<b>Changing Maintenance Cost used (from test data) to =100</b> <br />
<b>Writing Holding Cost Summary values to excel has been started</b> <br />
<b>Writing Holding Cost Summary values to excel has been completed</b> <br />
<b>Reading Monthly Holding Cost value from excel has been started</b> <br />
<b>Reading Monthly Holding Cost value from excel has been completed</b> <br />
<b>Total_monthly_holding_cost_from_screen =1,444.81</b> <br />
<b>Total_monthly_holding_cost_from_excel =1444.8102941371515</b> <br />
<b>Total Monthly Holding Cost After Editing Residual Value and Maintenance Cost is Verified and Found OK</b> <br />
<b></b> <br />
<b>Editing additional terms and mileage</b> <br />
<b>Updated Residual Value from screen  (to be sent to calculation excel) is =18925.00</b> <br />
<b>Updated Maintenance Cost from screen  (to be sent to calculation excel) is =88.83</b> <br />
<b>Writing Holding Cost Summary values to excel has been started</b> <br />
<b>Writing Holding Cost Summary values to excel has been completed</b> <br />
<b>Reading Monthly Holding Cost value from excel has been started</b> <br />
<b>Reading Monthly Holding Cost value from excel has been completed</b> <br />
<b>Total_monthly_holding_cost_from_screen =1,489.32</b> <br />
<b>Total_monthly_holding_cost_from_excel =1489.3161524612835</b> <br />
<b>Total Monthly Holding Cost After Editing Additional terms and mileage is Verified and Found OK</b> <br />]]>
  </system-out>
  <testcase classname="newCar.HPNR.Acquisition_Quotes_HPNR_BCH_with_maintenance_Test" name="aquisition_quotes_HPNR_BCH_customer_quote_payment_profile_calculations_with_maintenance_test" time="115.064"/>
  <system-out>
    <![CDATA[<b>Writing configuration values from property file to Excel for customer quote calculation -started</b> <br />
<b>Writing configuration values from property file to Excel for customer quote calculation -completed</b> <br />
<b>************Calculations for Customer Quote Page has been started***********</b> <br />
<b>Payment Profile Monthly in Advance option has been selected</b> <br />
<b>Writing values to Excel for customer quote calculation -started</b> <br />
<b>Writing values to Excel for customer quote calculation -completed</b> <br />
<b>Reading  Monthly Finance Rental and monthly maintenance cost from  Excel   -started</b> <br />
<b>Reading  Monthly Finance Rental and monthly maintenance cost from  Excel  -completed</b> <br />
<b>Monthly Finance Rental from Excel is =1668.53884325894</b> <br />
<b>Monthly maintenance Rental from Excel is =106.596</b> <br />
<b>Monthly Finance Rental from screen is =1668.54</b> <br />
<b>Monthly maintenance Rental from screen is =106.6</b> <br />
<b>Started verifying monthly payments with upsell values</b> <br />
<b>Monthly Finance Rental from screen (after submitting upsell values) is 1681.35</b> <br />
<b>Monthly Mainte. Rental from screen (after submitting upsell values) is 106.6</b> <br />
<b>Writing upsell values to excel</b> <br />
<b>Monthly Finance Rental from Excel (after submitting upsell values) is 1681.3448262141771</b> <br />
<b>Monthly Mainte. Rental from Excel (after submitting upsell values) is 106.596</b> <br />
<b>Monthly finance and maint. rental (after submitting upsell values) is found OK</b> <br />
<b>Adding Deposit Values in the part Exchange</b> <br />
<b>Monthly Finance Rental from screen (with part exchange values) is 1681.35</b> <br />
<b>Monthly Mainte. Rental from screen (with part exchange values) is 106.6</b> <br />
<b>Writing part exchange values to excel</b> <br />
<b>Monthly Finance Rental from Excel (with part exchange values) is 1681.3448262141771</b> <br />
<b>Monthly Mainte. Rental from Excel (with part exchange values) is 106.596</b> <br />
<b>Monthly finance and maint. rental (with part exchange values) is found OK</b> <br />
<b></b> <br />
<b>Balance Due value started verifying</b> <br />
<b>Balance due value Actual from screen is 1239.99</b> <br />
<b></b> <br />
<b>Balance due value Expected from Excel is 1239.988</b> <br />
<b></b> <br />
<b>Balance due value (with part exchange values) is verified and found ok</b> <br />
<b>Monthly Finance Rental from screen (after updating customer quote summary upsell value) is 1687.75</b> <br />
<b>Monthly Mainte. Rental from screen (after updating customer quote summary upsell value) is 106.6</b> <br />
<b>Writing upsell values to excel</b> <br />
<b>Monthly Finance Rental from Excel (after updating customer quote summary upsell value) is 1687.747817691797</b> <br />
<b>Monthly Mainte. Rental from Excel (after updating customer quote summary upsell value) is 106.596</b> <br />
<b>Monthly finance and maint. rental (after updating customer quote summary upsell value) is found OK</b> <br />]]>
  </system-out>
  <testcase classname="newCar.HPNR.Acquisition_Quotes_HPNR_BCH_with_maintenance_Test" name="aquisition_quotes_HPNR_BCH_quote_summary_values_verification_with_maintenance_test" time="56.294">
    <error message="Expected condition failed: waiting for visibility of Proxy element for: DefaultElementLocator &#039;By.xpath: //*[normalize-space()=&#039;Balance due&#039;]//ancestor::div[1]//p//strong&#039; (tried for 30 second(s) with 500 milliseconds interval)" type="org.openqa.selenium.TimeoutException">
      <![CDATA[org.openqa.selenium.TimeoutException: Expected condition failed: waiting for visibility of Proxy element for: DefaultElementLocator 'By.xpath: //*[normalize-space()='Balance due']//ancestor::div[1]//p//strong' (tried for 30 second(s) with 500 milliseconds interval)
at org.openqa.selenium.support.ui.WebDriverWait.timeoutException(WebDriverWait.java:138)
at org.openqa.selenium.support.ui.FluentWait.until(FluentWait.java:231)
at com.amt.testUtil.ExplicitWait.visibleElement(ExplicitWait.java:23)
at com.amt.QuoteSummaryPages.QuoteSummary_HPNR_BCHPage.verify_balance_due_value(QuoteSummary_HPNR_BCHPage.java:2660)
at newCar.HPNR.Acquisition_Quotes_HPNR_BCH_with_maintenance_Test.aquisition_quotes_HPNR_BCH_quote_summary_values_verification_with_maintenance_test(Acquisition_Quotes_HPNR_BCH_with_maintenance_Test.java:280)
at java.base/jdk.internal.reflect.DirectMethodHandleAccessor.invoke(DirectMethodHandleAccessor.java:104)
at java.base/java.lang.reflect.Method.invoke(Method.java:578)
at org.testng.internal.MethodInvocationHelper.invokeMethod(MethodInvocationHelper.java:133)
at org.testng.internal.TestInvoker.invokeMethod(TestInvoker.java:598)
at org.testng.internal.TestInvoker.invokeTestMethod(TestInvoker.java:173)
at org.testng.internal.MethodRunner.runInSequence(MethodRunner.java:46)
at org.testng.internal.TestInvoker$MethodInvocationAgent.invoke(TestInvoker.java:824)
at org.testng.internal.TestInvoker.invokeTestMethods(TestInvoker.java:146)
at org.testng.internal.TestMethodWorker.invokeTestMethods(TestMethodWorker.java:146)
at org.testng.internal.TestMethodWorker.run(TestMethodWorker.java:128)
at java.base/java.util.ArrayList.forEach(ArrayList.java:1511)
at org.testng.TestRunner.privateRun(TestRunner.java:794)
at org.testng.TestRunner.run(TestRunner.java:596)
at org.testng.SuiteRunner.runTest(SuiteRunner.java:377)
at org.testng.SuiteRunner.runSequentially(SuiteRunner.java:371)
at org.testng.SuiteRunner.privateRun(SuiteRunner.java:332)
at org.testng.SuiteRunner.run(SuiteRunner.java:276)
at org.testng.SuiteRunnerWorker.runSuite(SuiteRunnerWorker.java:53)
at org.testng.SuiteRunnerWorker.run(SuiteRunnerWorker.java:96)
at org.testng.TestNG.runSuitesSequentially(TestNG.java:1212)
at org.testng.TestNG.runSuitesLocally(TestNG.java:1134)
at org.testng.TestNG.runSuites(TestNG.java:1063)
at org.testng.TestNG.run(TestNG.java:1031)
at org.testng.remote.AbstractRemoteTestNG.run(AbstractRemoteTestNG.java:115)
at org.testng.remote.RemoteTestNG.initAndRun(RemoteTestNG.java:251)
at org.testng.remote.RemoteTestNG.main(RemoteTestNG.java:77)
Caused by: org.openqa.selenium.NoSuchElementException: no such element: Unable to locate element: {"method":"xpath","selector":"//*[normalize-space()='Balance due']//ancestor::div[1]//p//strong"}
  (Session info: chrome=124.0.6367.210)
For documentation on this error, please visit: https://selenium.dev/exceptions/#no_such_element
Build info: version: '4.1.0', revision: '87802e897b'
System info: host: 'DSK-4052', ip: '172.16.1.80', os.name: 'Windows 10', os.arch: 'amd64', os.version: '10.0', java.version: '19.0.1'
Driver info: org.openqa.selenium.chrome.ChromeDriver
Command: [adb02b020d7fea58d29384d9be007b71, findElement {using=xpath, value=//*[normalize-space()='Balance due']//ancestor::div[1]//p//strong}]
Capabilities {acceptInsecureCerts: false, browserName: chrome, browserVersion: 124.0.6367.210, chrome: {chromedriverVersion: 123.0.6312.58 (6b4b19e9dfbb..., userDataDir: C:\Users\NITEIN~1.KUR\AppDa...}, fedcm:accounts: true, goog:chromeOptions: {debuggerAddress: localhost:58691}, javascriptEnabled: true, networkConnectionEnabled: false, pageLoadStrategy: normal, platform: WINDOWS, platformName: WINDOWS, proxy: Proxy(), se:cdp: ws://localhost:58691/devtoo..., se:cdpVersion: 124.0.6367.210, setWindowRect: true, strictFileInteractability: false, timeouts: {implicit: 0, pageLoad: 300000, script: 30000}, unhandledPromptBehavior: dismiss and notify, webauthn:extension:credBlob: true, webauthn:extension:largeBlob: true, webauthn:extension:minPinLength: true, webauthn:extension:prf: true, webauthn:virtualAuthenticators: true}
Session ID: adb02b020d7fea58d29384d9be007b71
at java.base/jdk.internal.reflect.DirectConstructorHandleAccessor.newInstance(DirectConstructorHandleAccessor.java:67)
at java.base/java.lang.reflect.Constructor.newInstanceWithCaller(Constructor.java:500)
at java.base/java.lang.reflect.Constructor.newInstance(Constructor.java:484)
at org.openqa.selenium.remote.codec.w3c.W3CHttpResponseCodec.createException(W3CHttpResponseCodec.java:200)
at org.openqa.selenium.remote.codec.w3c.W3CHttpResponseCodec.decode(W3CHttpResponseCodec.java:133)
at org.openqa.selenium.remote.codec.w3c.W3CHttpResponseCodec.decode(W3CHttpResponseCodec.java:53)
at org.openqa.selenium.remote.HttpCommandExecutor.execute(HttpCommandExecutor.java:184)
at org.openqa.selenium.remote.service.DriverCommandExecutor.invokeExecute(DriverCommandExecutor.java:164)
at org.openqa.selenium.remote.service.DriverCommandExecutor.execute(DriverCommandExecutor.java:139)
at org.openqa.selenium.remote.RemoteWebDriver.execute(RemoteWebDriver.java:559)
at org.openqa.selenium.remote.ElementLocation$ElementFinder$2.findElement(ElementLocation.java:162)
at org.openqa.selenium.remote.ElementLocation.findElement(ElementLocation.java:60)
at org.openqa.selenium.remote.RemoteWebDriver.findElement(RemoteWebDriver.java:383)
at org.openqa.selenium.remote.RemoteWebDriver.findElement(RemoteWebDriver.java:375)
at org.openqa.selenium.support.pagefactory.DefaultElementLocator.findElement(DefaultElementLocator.java:70)
at org.openqa.selenium.support.pagefactory.internal.LocatingElementHandler.invoke(LocatingElementHandler.java:39)
at jdk.proxy2/jdk.proxy2.$Proxy22.isDisplayed(Unknown Source)
at org.openqa.selenium.support.ui.ExpectedConditions.elementIfVisible(ExpectedConditions.java:307)
at org.openqa.selenium.support.ui.ExpectedConditions.access$000(ExpectedConditions.java:40)
at org.openqa.selenium.support.ui.ExpectedConditions$10.apply(ExpectedConditions.java:293)
at org.openqa.selenium.support.ui.ExpectedConditions$10.apply(ExpectedConditions.java:290)
at org.openqa.selenium.support.ui.FluentWait.until(FluentWait.java:208)
... 29 more
]]>
    </error>
  </testcase> <!-- aquisition_quotes_HPNR_BCH_quote_summary_values_verification_with_maintenance_test -->
  <system-out>
    <![CDATA[<b>*************OTR Calulation on quote summary page has been started************</b> <br />
<b>Reading values from OTR calculation -Quote Summary Page</b> <br />
<b></b> <br />
<b>Cost otr price from screen is 69019.99</b> <br />
<b>Cost price ex vat and rfl from screen is 56974.99</b> <br />
<b>Otr Vat from screen is 11395.0</b> <br />
<b>Otr rfl and frf from screen is 650.0</b> <br />
<b></b> <br />
<b>Cost otr price from excel is 69019.98800000001</b> <br />
<b>Cost price ex vat and rfl from excel is 56974.99000000001</b> <br />
<b>Otr Vat from excel is 11394.998</b> <br />
<b>Otr rfl and frf from excel is 650.0</b> <br />
<b></b> <br />
<b>OTR price compared</b> <br />
<b>Cost price ex vat and rfl compared</b> <br />
<b>VAT compared</b> <br />
<b>RFL & FRF compared</b> <br />
<b>*************Holding Cost Calulation on quote summary page has been started************</b> <br />
<b>Reading values from Holding Cost summary -Quote Summary Page</b> <br />
<b></b> <br />
<b>Holding cost Terms from screen35.0</b> <br />
<b>Holding cost miles per annum from screen is 35000.0</b> <br />
<b>Holding cost monthly finance cost from screen is 1400.49</b> <br />
<b>Holding cost monthly maint cost used from screen is 88.83</b> <br />
<b>Holding cost total monthly holding cost from screen is 1489.32</b> <br />
<b></b> <br />
<b>Holding cost Terms from excel is 35.0</b> <br />
<b>Holding cost miles per annum from excel is 35000.0</b> <br />
<b>Holding cost monthly finance cost from excel is 1400.4861524612836</b> <br />
<b>Holding cost monthly maint cost used from excel is 88.83</b> <br />
<b>Holding cost total monthly holding cost from excel is 1489.3161524612835</b> <br />
<b>terms compared</b> <br />
<b>Miles per annum compared</b> <br />
<b>Finance cost compared</b> <br />
<b>Maint cost used  compared</b> <br />
<b>Total Monthly Holding Cost compared</b> <br />
<b></b> <br />
<b>********Balance Due value started verifying**********</b> <br />
<br>----------Screenshot---------<br>
<img src="D:\Acquisition\AMT_Automation_Acquisition\target\surefire-reports\html\failure_screenshots\aquisition_quotes_HPNR_BCH_quote_summary_values_verification_with_maintenance_test_22_05_2024_06_38_20.png" height="800" width="1000">]]>
  </system-out>
</testsuite> <!-- newCar.HPNR.Acquisition_Quotes_HPNR_BCH_with_maintenance_Test -->
