<?xml version="1.0" encoding="UTF-8"?>
<!-- Generated by org.testng.reporters.JUnitReportReporter -->
<testsuite hostname="DSK-4052" failures="0" tests="9" name="newLCV.HPNR.Acquisition_Quotes_HPNR_HPR_LCV_without_maintenance_Test" time="786.103" errors="0" timestamp="2025-04-25T07:57:06 IST" skipped="0">
  <testcase classname="newLCV.HPNR.Acquisition_Quotes_HPNR_HPR_LCV_without_maintenance_Test" name="aquisition_quotes_HPNR_HPR_OTR_calculation_without_maintenance_test" time="171.799"/>
  <system-out>
    <![CDATA[<b>Clicked on Quote button </b> <br />
<b>Manufacture =FIAT has been selected</b> <br />
<b>Model range =FIORINO has been selected</b> <br />
<b>Vehicle has been selected</b> <br />
<b>Paint option has been selected</b> <br />
<b>Interior option has been selected</b> <br />
<b> Acquisition Contract type option = HPNR has been selected</b> <br />
<b> Customer Contract type option = Hire Purchase Regulated (HPR) has been selected</b> <br />
<b>Getting Basic Price- Vehicle value is  =20945.00</b> <br />
<b>Getting Basic Price - Paint  value is  =0.00</b> <br />
<b>Getting  Basic Price - Options value is   =0.00</b> <br />
<b>Getting Discount- Vehicle value is  =0.00</b> <br />
<b>Getting   Discount - Paint value is   =0.00</b> <br />
<b>Getting  Discount- Options value is   =0.00</b> <br />
<b>Getting Additional Discount- Vehicle value is  =0.00</b> <br />
<b>Getting  Additional Discount - paint value is  =0.00</b> <br />
<b>Getting  Additional Discount - Options value is  =0.00</b> <br />
<b>Writing OTR table values to excel sheet -Started </b> <br />
<b>Writing OTR table values to excel sheet -Completed </b> <br />
<b>Reading Subtotal After Discount from excel sheet -Started </b> <br />
<b>Reading Subtotal After Discount from excel sheet -Started </b> <br />
<b>Subtotal After Discount from excel sheet is =20945.0</b> <br />
<b>Subtotal after discount actual value from screen =£ 20,945.00</b> <br />]]>
  </system-out>
  <testcase classname="newLCV.HPNR.Acquisition_Quotes_HPNR_HPR_LCV_without_maintenance_Test" name="aquisition_quotes_HPNR_HPR_after_discount_calculations_without_maintenance_test" time="3.829"/>
  <system-out>
    <![CDATA[<b>*********Calculations for On Road Price has been started***********</b> <br />
<b>Started getting On screen values from after discount table </b> <br />
<b>Manufacture_delivery_charges =995.00</b> <br />
<b>Road_tax_first_year =290.00</b> <br />
<b>First_registration_fee =55.00</b> <br />
<b>Rebate =0.00</b> <br />
<b>Writing After discount values to excel has been started</b> <br />
<b>Writing After discount values to excel has been completed</b> <br />
<b>Reading On Road Price for invoice from excel has been Started</b> <br />
<b>Reading On Road Price for invoice from excel has been completed</b> <br />
<b>Expected on the road price from excel is =26673.0</b> <br />
<b>Actual on the road price from screen is =26673.00</b> <br />]]>
  </system-out>
  <testcase classname="newLCV.HPNR.Acquisition_Quotes_HPNR_HPR_LCV_without_maintenance_Test" name="aquisition_quotes_HPNR_HPR_holding_cost_calculations_without_maintenance_test" time="38.474"/>
  <system-out>
    <![CDATA[<b>***********Entered into holding cost page ***********</b> <br />
<b>Clicked on holding cost summary</b> <br />
<b></b> <br />
<b>Verifying Holding Cost Based on CAP data</b> <br />
<b>Getting on screen values from Holding Cost Page</b> <br />
<b>Duration(Terms) =36.0</b> <br />
<b>Annual_mileage =10000.0</b> <br />
<b>Cap_residual_value_from_screen =8425.0</b> <br />
<b>Writing Holding Cost Summary values to excel has been started</b> <br />
<b>Writing Holding Cost Summary values to excel has been completed</b> <br />
<b>Reading Monthly Holding Cost value from excel has been started</b> <br />
<b>Reading Monthly Holding Cost value from excel has been completed</b> <br />
<b>Total_monthly_holding_cost_from_screen =512.27</b> <br />
<b>Total_monthly_holding_cost_from_excel =512.2704719271907</b> <br />
<b>Total Monthly Holding Cost based on CAP data is Verified and Found OK</b> <br />
<b></b> <br />
<b>Editing % CAP Residual Value used</b> <br />
<b>Changing % CAP Residual Value (from test  data) to 30</b> <br />
<b>Writing Holding Cost Summary values to excel has been started</b> <br />
<b>Writing Holding Cost Summary values to excel has been completed</b> <br />
<b>Reading Monthly Holding Cost value from excel has been started</b> <br />
<b>Reading Monthly Holding Cost value from excel has been completed</b> <br />
<b>Total_monthly_holding_cost_from_screen =653.38</b> <br />
<b>Total_monthly_holding_cost_from_excel =653.3791410594902</b> <br />
<b>Total Monthly Holding Cost After Editing % Residual Value is Verified and Found OK</b> <br />
<b></b> <br />
<b>Editing Residual value used</b> <br />
<b>Changing Residual value used to =20000</b> <br />
<b>Writing Holding Cost Summary values to excel has been started</b> <br />
<b>Writing Holding Cost Summary values to excel has been completed</b> <br />
<b>Reading Monthly Holding Cost value from excel has been started</b> <br />
<b>Reading Monthly Holding Cost value from excel has been completed</b> <br />
<b>Total_monthly_holding_cost_from_screen =235.32</b> <br />
<b>Total_monthly_holding_cost_from_excel =235.31704332077155</b> <br />
<b>Total Monthly Holding Cost After Editing Residual Value is Verified and Found OK</b> <br />
<b></b> <br />
<b>Editing additional terms and mileage</b> <br />
<b>Updated Residual Value from screen  (to be sent to calculation excel) is =1807.50</b> <br />
<b>Writing Holding Cost Summary values to excel has been started</b> <br />
<b>Writing Holding Cost Summary values to excel has been completed</b> <br />
<b>Reading Monthly Holding Cost value from excel has been started</b> <br />
<b>Reading Monthly Holding Cost value from excel has been completed</b> <br />
<b>Total_monthly_holding_cost_from_screen =686.83</b> <br />
<b>Total_monthly_holding_cost_from_excel =686.8278378783228</b> <br />
<b>Total Monthly Holding Cost After Editing Additional terms and mileage is Verified and Found OK</b> <br />]]>
  </system-out>
  <testcase classname="newLCV.HPNR.Acquisition_Quotes_HPNR_HPR_LCV_without_maintenance_Test" name="aquisition_quotes_HPNR_HPR_customer_quote_calculations_check_monthly_finance_payment_without_maintenance_test" time="121.143"/>
  <system-out>
    <![CDATA[<b>***********Entered in Customer Quote page ***********</b> <br />
<b>Matrix credit type Limited Credit has been selected</b> <br />
<b>Writing configuration values from property file to Excel for customer quote calculation -started</b> <br />
<b>Writing configuration values from property file to Excel for customer quote calculation -completed</b> <br />
<b>Actual Monthly Finance Payment from screen is 941.09</b> <br />
<b>Writing screen values to Excel for customer quote calculation -started</b> <br />
<b>Writing screen values to Excel for customer quote calculation -completed</b> <br />
<b>Expected Monthly Finannce Rental from excel is 941.0935494849559</b> <br />
<b></b> <br />
<b>Started Verifying Sales price discount not to be greater than cost price discount</b> <br />
<b>Sales discount price entered greater than Cost discount prices and verified that sales discount input field doesn't accept greater values than cost discount prices</b> <br />
<b></b> <br />
<b>Started Updating Sales price discount</b> <br />
<b>Actual Sales Total Price from screen (on updating sales discount prices) is 26673.0</b> <br />
<b>Expected Sales Total Price from excel (on updating sales discount prices) is 26673.0</b> <br />
<b>Actual Vehicle Profit from screen (on updating sales discount prices) is 0.0</b> <br />
<b>Expected Vehicle Profit from excel (on updating sales discount prices) is 0.0</b> <br />
<b>Actual Monthly Finance Payment from screen is 941.09</b> <br />
<b>Expected Monthly Finance Payment from excel is 941.0935494849559</b> <br />
<b>1. Sales Total Price , 2.Vehicel Profit , 3.Monthly Finance Rental , Verified on updating sales discount and found OK</b> <br />]]>
  </system-out>
  <testcase classname="newLCV.HPNR.Acquisition_Quotes_HPNR_HPR_LCV_without_maintenance_Test" name="aquisition_quotes_HPNR_HPR_customer_quote_vehicle_profit_edit_check_without_maintenance_test" time="51.907"/>
  <system-out>
    <![CDATA[<b></b> <br />
<b>Actual Monthly Finance Payment after editing vehicle profit = 985.66</b> <br />
<b>Expected  Monthly Finance Payment after editing vehicle profit = 985.6638574799676</b> <br />
<b></b> <br />
<b>Monthly Finance Payment verified after editing vehicle profit</b> <br />
<b></b> <br />
<b>Verifying Vehicle profit and Total Monthly Payment on editing Vehicle Sales Price</b> <br />
<b>Sending 32007.6 to sales total input field</b> <br />
<b></b> <br />
<b>Vehicle Profit Expected is 4445.499999999999</b> <br />
<b>Vehicle Profit Actual is 4445.5</b> <br />
<b></b> <br />
<b>Monthly Total Payment Expected is 1139.2308536767794</b> <br />
<b>Monthly Total Payment Actual is 1139.23</b> <br />
<b></b> <br />
<b>Vehicle profit and Total Monthly Payment verified on editing Vehicle Sales Price</b> <br />]]>
  </system-out>
  <testcase classname="newLCV.HPNR.Acquisition_Quotes_HPNR_HPR_LCV_without_maintenance_Test" name="aquisition_quotes_HPNR_HPR_customer_quote_part_exchange_value_edit_check_without_maintenance_test" time="60.324"/>
  <system-out>
    <![CDATA[<b>Entering the deposit Values</b> <br />
<b></b> <br />
<b>Balance To Finance Expected is 30007.6</b> <br />
<b>Balance To Finance Actual is 30007.6</b> <br />
<b></b> <br />
<b>Monthly Finance Payment Expected is 1064.9470070184293</b> <br />
<b>Monthly Finance Payment Actual is 1064.95</b> <br />
<b></b> <br />
<b>Monthly Finance Payment verified after editing part exchange values and deposit values</b> <br />]]>
  </system-out>
  <testcase classname="newLCV.HPNR.Acquisition_Quotes_HPNR_HPR_LCV_without_maintenance_Test" name="aquisition_quotes_HPNR_HPR_customer_quote_monthly_finance_payment_after_balloon_payment_off_without_maintenance_test" time="20.712"/>
  <system-out>
    <![CDATA[<b></b> <br />
<b>Monthly Finance Payment Expected (with balloon payment toggle button off) is 1089.62628315916</b> <br />
<b>Monthly Finance Payment Actual (with balloon payment toggle button off) is 1089.63</b> <br />
<b></b> <br />
<b>Monthly Finance Payment verified after making balloon payment toggle button off</b> <br />]]>
  </system-out>
  <testcase classname="newLCV.HPNR.Acquisition_Quotes_HPNR_HPR_LCV_without_maintenance_Test" name="aquisition_quotes_verify_customer_quote_monthly_finance_payment_after_adding_referrer_commission_test" time="63.033"/>
  <system-out>
    <![CDATA[<b>Referrer Commission 1420added to the referrer commission field</b> <br />
<b></b> <br />
<b>Monthly Finance Payment Expected (after adding Referrer Commission) is 1117.6885381458587</b> <br />
<b>Monthly Finance Payment Actual (after adding Referrer Commission) is 1117.69</b> <br />
<b></b> <br />
<b>Monthly Finance Payment verified after adding Referrer Commission</b> <br />]]>
  </system-out>
  <testcase classname="newLCV.HPNR.Acquisition_Quotes_HPNR_HPR_LCV_without_maintenance_Test" name="aquisition_quotes_HPNR_HPR_quote_summary_values_verification_without_maintenance_test" time="254.882"/>
  <system-out>
    <![CDATA[<b>*************OTR Calulation on quote summary page has been started************</b> <br />
<b>Reading values from OTR calculation -Quote Summary Page</b> <br />
<b></b> <br />
<b>Cost otr price from screen is 26673.0</b> <br />
<b>Cost price ex vat and rfl from screen is 21940.0</b> <br />
<b>Otr Vat from screen is 4388.0</b> <br />
<b>Otr rfl and frf from screen is 345.0</b> <br />
<b></b> <br />
<b></b> <br />
<b>Cost otr price from excel is 26673.0</b> <br />
<b>Cost price ex vat and rfl from excel is 21940.0</b> <br />
<b>Otr Vat from excel is 4388.0</b> <br />
<b>Otr rfl and frf from excel is 345.0</b> <br />
<b></b> <br />
<b>OTR price compared</b> <br />
<b>Cost price ex vat and rfl compared</b> <br />
<b>VAT compared</b> <br />
<b>RFL & FRF compared</b> <br />
<b>*************Holding Cost Calulation on quote summary page has been started************</b> <br />
<b>Reading values from Holding Cost summary -Quote Summary Page</b> <br />
<b></b> <br />
<b>Holding cost Terms from screen35.0</b> <br />
<b>Holding cost miles per annum from screen is 35000.0</b> <br />
<b>Holding cost monthly finance cost from screen is 686.83</b> <br />
<b>Holding cost total monthly holding cost from screen is 686.83</b> <br />
<b></b> <br />
<b>Holding cost Terms from excel is 35.0</b> <br />
<b>Holding cost miles per annum from excel is 35000.0</b> <br />
<b>Holding cost monthly finance cost from excel is 686.8278378783228</b> <br />
<b>Holding cost total monthly holding cost from excel is 686.8278378783228</b> <br />
<b>terms compared</b> <br />
<b>Miles per annum compared</b> <br />
<b>Finance cost compared</b> <br />
<b>Total Monthly Holding Cost compared</b> <br />
<b>*************Customer Quote Calulation on quote summary page has been started************</b> <br />
<b>Terms found OK</b> <br />
<b>miles found OK</b> <br />
<b>Basic Cash Price found OK</b> <br />
<b>VAT found OK</b> <br />
<b>Non VAT Items Value found OK</b> <br />
<b>Total Cash Price found OK</b> <br />
<b>Order Deposit found OK</b> <br />
<b>Finance Deposit found OK</b> <br />
<b>Total Deposit found OK</b> <br />
<b>Part Exchange Value - found OK</b> <br />
<b>Balance to Finance found OK</b> <br />
<b>Finance Charges - found OK</b> <br />
<b>Document Fee - found OK</b> <br />
<b>Balance Payable - found OK</b> <br />
<b>Option To Purchase Fee - found OK</b> <br />
<b>Initial Cash Payment - found OK</b> <br />
<b>Followed By months - found OK</b> <br />
<b>Monthly Finance Payment - found OK</b> <br />
<b>Balloon Value - found OK</b> <br />
<b>Final Payment - found OK</b> <br />
<b>Vehicle Commission - found OK</b> <br />
<b>Default Finance Commission - found OK</b> <br />
<b>Document Fee Commission - found OK</b> <br />
<b>Total Commission - found OK</b> <br />
<b>*********Customer Quote generated successfully and Quote_ref_no is=XTB56960</b> <br />
<b>*************OTR Calulation on quote summary page has been started************</b> <br />
<b>Reading values from OTR calculation -Quote Summary Page</b> <br />
<b></b> <br />
<b>Cost otr price from screen is 26673.0</b> <br />
<b>Cost price ex vat and rfl from screen is 21940.0</b> <br />
<b>Otr Vat from screen is 4388.0</b> <br />
<b>Otr rfl and frf from screen is 345.0</b> <br />
<b></b> <br />
<b></b> <br />
<b>Cost otr price from excel is 26673.0</b> <br />
<b>Cost price ex vat and rfl from excel is 21940.0</b> <br />
<b>Otr Vat from excel is 4388.0</b> <br />
<b>Otr rfl and frf from excel is 345.0</b> <br />
<b></b> <br />
<b>OTR price compared</b> <br />
<b>Cost price ex vat and rfl compared</b> <br />
<b>VAT compared</b> <br />
<b>RFL & FRF compared</b> <br />
<b>*************Holding Cost Calulation on quote summary page has been started************</b> <br />
<b>Reading values from Holding Cost summary -Quote Summary Page</b> <br />
<b></b> <br />
<b>Holding cost Terms from screen35.0</b> <br />
<b>Holding cost miles per annum from screen is 35000.0</b> <br />
<b>Holding cost monthly finance cost from screen is 686.83</b> <br />
<b>Holding cost total monthly holding cost from screen is 686.83</b> <br />
<b></b> <br />
<b>Holding cost Terms from excel is 35.0</b> <br />
<b>Holding cost miles per annum from excel is 35000.0</b> <br />
<b>Holding cost monthly finance cost from excel is 686.8278378783228</b> <br />
<b>Holding cost total monthly holding cost from excel is 686.8278378783228</b> <br />
<b>terms compared</b> <br />
<b>Miles per annum compared</b> <br />
<b>Finance cost compared</b> <br />
<b>Total Monthly Holding Cost compared</b> <br />
<b>*************Customer Quote Calulation on quote summary page has been started************</b> <br />
<b>Terms found OK</b> <br />
<b>miles found OK</b> <br />
<b>Basic Cash Price found OK</b> <br />
<b>VAT found OK</b> <br />
<b>Non VAT Items Value found OK</b> <br />
<b>Total Cash Price found OK</b> <br />
<b>Order Deposit found OK</b> <br />
<b>Finance Deposit found OK</b> <br />
<b>Total Deposit found OK</b> <br />
<b>Part Exchange Value - found OK</b> <br />
<b>Balance to Finance found OK</b> <br />
<b>Finance Charges - found OK</b> <br />
<b>Document Fee - found OK</b> <br />
<b>Balance Payable - found OK</b> <br />
<b>Option To Purchase Fee - found OK</b> <br />
<b>Initial Cash Payment - found OK</b> <br />
<b>Followed By months - found OK</b> <br />
<b>Monthly Finance Payment - found OK</b> <br />
<b>Balloon Value - found OK</b> <br />
<b>Final Payment - found OK</b> <br />
<b>Vehicle Commission - found OK</b> <br />
<b>Default Finance Commission - found OK</b> <br />
<b>Document Fee Commission - found OK</b> <br />
<b>Total Commission - found OK</b> <br />
<b>*************Configuration Values Verification on quote summary page has been started************</b> <br />
<b>Base Interest Rate found OK</b> <br />
<b>Finance Margin found OK</b> <br />
<b>Deductions found OK</b> <br />
<b>Additional Margin found OK</b> <br />
<b>Total Margin found OK</b> <br />
<b>Default Broker Margin percentage found OK</b> <br />
<b>Customer Interest Rate found OK</b> <br />
<b>Document Fee Margin found OK</b> <br />
<b>Default Broker Margin found OK</b> <br />
<b>*************Editing and Verifying Configuration Values on quote summary page has been started************</b> <br />
<b>Base Interest Rate changed to 7.0 %</b> <br />
<b>Holding Cost after changing Base Int. Rate -  found OK</b> <br />
<b>Monthly Finance Rental after changing Base Int. Rate -  found OK</b> <br />
<b>Finance Charges - found OK</b> <br />
<b>Balance Payable - found OK</b> <br />
<b>*************Editing Customer Rate Over Base and Verifying Values on quote summary page has been started************</b> <br />
<b>Customer Base Over Rate changed to 5.0 %</b> <br />
<b>Monthly Finance Rental after changing Customer Base Over Rate -  found OK</b> <br />
<b>Finance Charges - found OK</b> <br />
<b>Balance Payable - found OK</b> <br />]]>
  </system-out>
</testsuite> <!-- newLCV.HPNR.Acquisition_Quotes_HPNR_HPR_LCV_without_maintenance_Test -->
