<?xml version="1.0" encoding="UTF-8"?>
<!-- Generated by org.testng.reporters.JUnitReportReporter -->
<testsuite hostname="DSK-4052" failures="0" tests="8" name="newLCV.HPNR.Acquisition_Quotes_HPNR_HPR_LCV_without_maintenance_Test" time="243.801" errors="1" timestamp="2023-10-23T01:39:22 IST" skipped="2">
  <testcase classname="newLCV.HPNR.Acquisition_Quotes_HPNR_HPR_LCV_without_maintenance_Test" name="aquisition_quotes_HPNR_HPR_OTR_calculation_without_maintenance_test" time="90.836"/>
  <system-out>
    <![CDATA[<b>Clicking on New quote</b> <br />
<b>Clicked on Quote button </b> <br />
<b>Manufacture =FIAT has been selected</b> <br />
<b>Model range =FIORINO has been selected</b> <br />
<b>Vehicle has been selected</b> <br />
<b>Paint option has been selected</b> <br />
<b>Interior option has been selected</b> <br />
<b> Acquisition Contract type option = HPNR has been selected</b> <br />
<b> Customer Contract type option = Hire Purchase Regulated (HPR) has been selected</b> <br />
<b>Getting Basic Price- Vehicle value is  =16745.00</b> <br />
<b>Getting Basic Price - Paint  value is  =0.00</b> <br />
<b>Getting  Basic Price - Options value is   =0.00</b> <br />
<b>Getting Discount- Vehicle value is  =0.00</b> <br />
<b>Getting   Discount - Paint value is   =0.00</b> <br />
<b>Getting  Discount- Options value is   =0.00</b> <br />
<b>Getting Additional Discount- Vehicle value is  =0.00</b> <br />
<b>Getting  Additional Discount - paint value is  =0.00</b> <br />
<b>Getting  Additional Discount - Options value is  =0.00</b> <br />
<b>Writing OTR table values to excel sheet -Started </b> <br />
<b>Writing OTR table values to excel sheet -Completed </b> <br />
<b>Reading Subtotal After Discount from excel sheet -Started </b> <br />
<b>Reading Subtotal After Discount from excel sheet -Started </b> <br />
<b>Subtotal After Discount from excel sheet is =16745.0</b> <br />
<b>Subtotal after discount actual value from screen =£ 16,745.00</b> <br />]]>
  </system-out>
  <testcase classname="newLCV.HPNR.Acquisition_Quotes_HPNR_HPR_LCV_without_maintenance_Test" name="aquisition_quotes_HPNR_HPR_after_discount_calculations_without_maintenance_test" time="4.528"/>
  <system-out>
    <![CDATA[<b>*********Calculations for On Road Price has been started***********</b> <br />
<b>Started getting On screen values from after discount table </b> <br />
<b>Manufacture_delivery_charges =695.00</b> <br />
<b>Road_tax_first_year =275.00</b> <br />
<b>First_registration_fee =65.00</b> <br />
<b>Rebate =0.00</b> <br />
<b>Writing After discount values to excel has been started</b> <br />
<b>Writing After discount values to excel has been completed</b> <br />
<b>Reading On Road Price for invoice from excel has been Started</b> <br />
<b>Reading On Road Price for invoice from excel has been completed</b> <br />
<b>Expected on the road price from excel is =21268.0</b> <br />
<b>Actual on the road price from screen is =21268.00</b> <br />]]>
  </system-out>
  <testcase classname="newLCV.HPNR.Acquisition_Quotes_HPNR_HPR_LCV_without_maintenance_Test" name="aquisition_quotes_HPNR_HPR_holding_cost_calculations_without_maintenance_test" time="34.273"/>
  <system-out>
    <![CDATA[<b>***********Entered in holding cost page ***********</b> <br />
<b>Clicked on holding cost summary</b> <br />
<b></b> <br />
<b>Verifying Holding Cost Based on CAP data</b> <br />
<b>Getting on screen values from Holding Cost Page</b> <br />
<b>Duration(Terms) =36.0</b> <br />
<b>Annual_mileage =10000.0</b> <br />
<b>Cap_residual_value_from_screen =6125.0</b> <br />
<b>Writing Holding Cost Summary values to excel has been started</b> <br />
<b>Writing Holding Cost Summary values to excel has been completed</b> <br />
<b>Reading Monthly Holding Cost value from excel has been started</b> <br />
<b>Reading Monthly Holding Cost value from excel has been completed</b> <br />
<b>Total_monthly_holding_cost_from_screen =391.22</b> <br />
<b>Total_monthly_holding_cost_from_excel =391.2238371266553</b> <br />
<b>Total Monthly Holding Cost based on CAP data is Verified and Found OK</b> <br />
<b></b> <br />
<b>Editing % CAP Residual Value used</b> <br />
<b>Changing % CAP Residual Value (from test  data) to 30</b> <br />
<b>Writing Holding Cost Summary values to excel has been started</b> <br />
<b>Writing Holding Cost Summary values to excel has been completed</b> <br />
<b>Reading Monthly Holding Cost value from excel has been started</b> <br />
<b>Reading Monthly Holding Cost value from excel has been completed</b> <br />
<b>Total_monthly_holding_cost_from_screen =498.82</b> <br />
<b>Total_monthly_holding_cost_from_excel =498.8246409390433</b> <br />
<b>Total Monthly Holding Cost After Editing % Residual Value is Verified and Found OK</b> <br />
<b></b> <br />
<b>Editing Residual value used</b> <br />
<b>Changing Residual value used to =20000</b> <br />
<b>Writing Holding Cost Summary values to excel has been started</b> <br />
<b>Writing Holding Cost Summary values to excel has been completed</b> <br />
<b>Reading Monthly Holding Cost value from excel has been started</b> <br />
<b>Reading Monthly Holding Cost value from excel has been completed</b> <br />
<b>Total_monthly_holding_cost_from_screen =43.01</b> <br />
<b>Total_monthly_holding_cost_from_excel =43.01132333146849</b> <br />
<b>Total Monthly Holding Cost After Editing Residual Value is Verified and Found OK</b> <br />
<b></b> <br />
<b>Editing additional terms and mileage</b> <br />
<b>Updated Residual Value from screen  (to be sent to calculation excel) is =1312.50</b> <br />
<b>Writing Holding Cost Summary values to excel has been started</b> <br />
<b>Writing Holding Cost Summary values to excel has been completed</b> <br />
<b>Reading Monthly Holding Cost value from excel has been started</b> <br />
<b>Reading Monthly Holding Cost value from excel has been completed</b> <br />
<b>Total_monthly_holding_cost_from_screen =525.07</b> <br />
<b>Total_monthly_holding_cost_from_excel =525.0705874657681</b> <br />
<b>Total Monthly Holding Cost After Editing Additional terms and mileage is Verified and Found OK</b> <br />]]>
  </system-out>
  <testcase classname="newLCV.HPNR.Acquisition_Quotes_HPNR_HPR_LCV_without_maintenance_Test" name="aquisition_quotes_HPNR_HPR_customer_quote_calculations_check_monthly_finance_payment_without_maintenance_test" time="70.816"/>
  <system-out>
    <![CDATA[<b>***********Entered in Customer Quote page ***********</b> <br />
<b>Matrix credit type Limited Credit has been selected</b> <br />
<b>Writing configuration values from property file to Excel for customer quote calculation -started</b> <br />
<b>Writing configuration values from property file to Excel for customer quote calculation -completed</b> <br />
<b>Actual Monthly Finance Payment from screen is 720.55</b> <br />
<b>Writing screen values to Excel for customer quote calculation -started</b> <br />
<b>Writing screen values to Excel for customer quote calculation -completed</b> <br />
<b>Expected Monthly Finannce Rental from excel is 720.5457658109617</b> <br />
<b></b> <br />
<b>Started Verifying Sales price discount not to be greater than cost price discount</b> <br />
<b>Sales discount price entered greater than Cost discount prices and verified that sales discount input field doesn't accept greater values than cost discount prices</b> <br />
<b></b> <br />
<b>Started Updating Sales price discount</b> <br />
<b>Actual Sales Total Price from screen (on updating sales discount prices) is 21268.0</b> <br />
<b>Expected Sales Total Price from excel (on updating sales discount prices) is 21268.0</b> <br />
<b>Actual Vehicle Profit from screen (on updating sales discount prices) is 0.0</b> <br />
<b>Expected Vehicle Profit from excel (on updating sales discount prices) is 0.0</b> <br />
<b>Actual Monthly Finance Payment from screen is 720.55</b> <br />
<b>Expected Monthly Finance Payment from excel is 720.5457658109617</b> <br />
<b>1. Sales Total Price , 2.Vehicel Profit , 3.Monthly Finance Rental , Verified on updating sales discount and found OK</b> <br />]]>
  </system-out>
  <testcase classname="newLCV.HPNR.Acquisition_Quotes_HPNR_HPR_LCV_without_maintenance_Test" name="aquisition_quotes_HPNR_HPR_customer_quote_vehicle_profit_edit_check_without_maintenance_test" time="40.015"/>
  <system-out>
    <![CDATA[<b></b> <br />
<b>Actual Monthly Finance Payment after editing vehicle profit = 763.33</b> <br />
<b>Expected  Monthly Finance Payment after editing vehicle profit = 763.3305290198</b> <br />
<b></b> <br />
<b>Monthly Finance Payment verified after editing vehicle profit</b> <br />
<b></b> <br />
<b>Verifying Vehicle profit and Total Monthly Payment on editing Vehicle Sales Price</b> <br />
<b>Sending 25521.6 to sales total input field</b> <br />
<b></b> <br />
<b>Vehicle Profit Expected is 3544.6666666666656</b> <br />
<b>Vehicle Profit Actual is 3544.67</b> <br />
<b></b> <br />
<b>Monthly Total Payment Expected is 872.2036324144294</b> <br />
<b>Monthly Total Payment Actual is 872.2</b> <br />
<b></b> <br />
<b>Vehicle profit and Total Monthly Payment verified on editing Vehicle Sales Price</b> <br />]]>
  </system-out>
  <testcase classname="newLCV.HPNR.Acquisition_Quotes_HPNR_HPR_LCV_without_maintenance_Test" name="aquisition_quotes_HPNR_HPR_customer_quote_part_exchange_value_edit_check_without_maintenance_test" time="3.333">
    <error message="element click intercepted: Element &lt;input _ngcontent-odw-c22=&quot;&quot; class=&quot;form-control text-right pr-1 ng-untouched ng-pristine ng-valid&quot; handlefloatingnumberfields=&quot;&quot; id=&quot;partExchnage&quot; maxlength=&quot;10&quot; name=&quot;partExchnage&quot; noautocomplete=&quot;&quot; preventspace=&quot;&quot; autocomplete=&quot;off&quot; pattern=&quot;^\d*(\.\d{0,2})?$&quot; style=&quot; border: 1px solid white;&quot;&gt; is not clickable at point (415, 1028). Other element would receive the click: &lt;div _ngcontent-odw-c0=&quot;&quot; class=&quot;loader_div&quot;&gt;...&lt;/div&gt;
  (Session info: chrome=118.0.5993.89)
Build info: version: &#039;4.1.0&#039;, revision: &#039;87802e897b&#039;
System info: host: &#039;DSK-4052&#039;, ip: &#039;172.16.1.80&#039;, os.name: &#039;Windows 10&#039;, os.arch: &#039;amd64&#039;, os.version: &#039;10.0&#039;, java.version: &#039;19.0.1&#039;
Driver info: org.openqa.selenium.chrome.ChromeDriver
Command: [e0f0eb97ab6b46e9949aa36786c00977, clickElement {id=70C6236B768A1DE0D8AB0C82DC3CD9EB_element_1787}]
Capabilities {acceptInsecureCerts: false, browserName: chrome, browserVersion: 118.0.5993.89, chrome: {chromedriverVersion: 118.0.5993.70 (e52f33f30b91..., userDataDir: C:\Users\NITEIN~1.KUR\AppDa...}, fedcm:accounts: true, goog:chromeOptions: {debuggerAddress: localhost:60886}, javascriptEnabled: true, networkConnectionEnabled: false, pageLoadStrategy: normal, platform: WINDOWS, platformName: WINDOWS, proxy: Proxy(), se:cdp: ws://localhost:60886/devtoo..., se:cdpVersion: 118.0.5993.89, setWindowRect: true, strictFileInteractability: false, timeouts: {implicit: 0, pageLoad: 300000, script: 30000}, unhandledPromptBehavior: dismiss and notify, webauthn:extension:credBlob: true, webauthn:extension:largeBlob: true, webauthn:extension:minPinLength: true, webauthn:extension:prf: true, webauthn:virtualAuthenticators: true}
Element: [[ChromeDriver: chrome on WINDOWS (e0f0eb97ab6b46e9949aa36786c00977)] -&gt; xpath: //*[@id=&#039;partExchange&#039;]|//*[@id=&#039;partExchnage&#039;]]
Session ID: e0f0eb97ab6b46e9949aa36786c00977" type="org.openqa.selenium.ElementClickInterceptedException">
      <![CDATA[org.openqa.selenium.ElementClickInterceptedException: element click intercepted: Element <input _ngcontent-odw-c22="" class="form-control text-right pr-1 ng-untouched ng-pristine ng-valid" handlefloatingnumberfields="" id="partExchnage" maxlength="10" name="partExchnage" noautocomplete="" preventspace="" autocomplete="off" pattern="^\d*(\.\d{0,2})?$" style=" border: 1px solid white;"> is not clickable at point (415, 1028). Other element would receive the click: <div _ngcontent-odw-c0="" class="loader_div">...</div>
  (Session info: chrome=118.0.5993.89)
Build info: version: '4.1.0', revision: '87802e897b'
System info: host: 'DSK-4052', ip: '172.16.1.80', os.name: 'Windows 10', os.arch: 'amd64', os.version: '10.0', java.version: '19.0.1'
Driver info: org.openqa.selenium.chrome.ChromeDriver
Command: [e0f0eb97ab6b46e9949aa36786c00977, clickElement {id=70C6236B768A1DE0D8AB0C82DC3CD9EB_element_1787}]
Capabilities {acceptInsecureCerts: false, browserName: chrome, browserVersion: 118.0.5993.89, chrome: {chromedriverVersion: 118.0.5993.70 (e52f33f30b91..., userDataDir: C:\Users\NITEIN~1.KUR\AppDa...}, fedcm:accounts: true, goog:chromeOptions: {debuggerAddress: localhost:60886}, javascriptEnabled: true, networkConnectionEnabled: false, pageLoadStrategy: normal, platform: WINDOWS, platformName: WINDOWS, proxy: Proxy(), se:cdp: ws://localhost:60886/devtoo..., se:cdpVersion: 118.0.5993.89, setWindowRect: true, strictFileInteractability: false, timeouts: {implicit: 0, pageLoad: 300000, script: 30000}, unhandledPromptBehavior: dismiss and notify, webauthn:extension:credBlob: true, webauthn:extension:largeBlob: true, webauthn:extension:minPinLength: true, webauthn:extension:prf: true, webauthn:virtualAuthenticators: true}
Element: [[ChromeDriver: chrome on WINDOWS (e0f0eb97ab6b46e9949aa36786c00977)] -> xpath: //*[@id='partExchange']|//*[@id='partExchnage']]
Session ID: e0f0eb97ab6b46e9949aa36786c00977
at java.base/jdk.internal.reflect.DirectConstructorHandleAccessor.newInstance(DirectConstructorHandleAccessor.java:67)
at java.base/java.lang.reflect.Constructor.newInstanceWithCaller(Constructor.java:500)
at java.base/java.lang.reflect.Constructor.newInstance(Constructor.java:484)
at org.openqa.selenium.remote.codec.w3c.W3CHttpResponseCodec.createException(W3CHttpResponseCodec.java:200)
at org.openqa.selenium.remote.codec.w3c.W3CHttpResponseCodec.decode(W3CHttpResponseCodec.java:133)
at org.openqa.selenium.remote.codec.w3c.W3CHttpResponseCodec.decode(W3CHttpResponseCodec.java:53)
at org.openqa.selenium.remote.HttpCommandExecutor.execute(HttpCommandExecutor.java:184)
at org.openqa.selenium.remote.service.DriverCommandExecutor.invokeExecute(DriverCommandExecutor.java:164)
at org.openqa.selenium.remote.service.DriverCommandExecutor.execute(DriverCommandExecutor.java:139)
at org.openqa.selenium.remote.RemoteWebDriver.execute(RemoteWebDriver.java:559)
at org.openqa.selenium.remote.RemoteWebElement.execute(RemoteWebElement.java:251)
at org.openqa.selenium.remote.RemoteWebElement.click(RemoteWebElement.java:77)
at java.base/jdk.internal.reflect.DirectMethodHandleAccessor.invoke(DirectMethodHandleAccessor.java:104)
at java.base/java.lang.reflect.Method.invoke(Method.java:578)
at org.openqa.selenium.support.pagefactory.internal.LocatingElementHandler.invoke(LocatingElementHandler.java:52)
at jdk.proxy2/jdk.proxy2.$Proxy23.click(Unknown Source)
at com.amt.testUtil.Click.on(Click.java:22)
at com.amt.CustomerQuotePackage.CustomerQuotePage_HPNR_HPRPage.put_part_exchange_values_and_check_monthly_finance_payment(CustomerQuotePage_HPNR_HPRPage.java:2223)
at newLCV.HPNR.Acquisition_Quotes_HPNR_HPR_LCV_without_maintenance_Test.aquisition_quotes_HPNR_HPR_customer_quote_part_exchange_value_edit_check_without_maintenance_test(Acquisition_Quotes_HPNR_HPR_LCV_without_maintenance_Test.java:153)
at java.base/jdk.internal.reflect.DirectMethodHandleAccessor.invoke(DirectMethodHandleAccessor.java:104)
at java.base/java.lang.reflect.Method.invoke(Method.java:578)
at org.testng.internal.MethodInvocationHelper.invokeMethod(MethodInvocationHelper.java:133)
at org.testng.internal.TestInvoker.invokeMethod(TestInvoker.java:598)
at org.testng.internal.TestInvoker.invokeTestMethod(TestInvoker.java:173)
at org.testng.internal.MethodRunner.runInSequence(MethodRunner.java:46)
at org.testng.internal.TestInvoker$MethodInvocationAgent.invoke(TestInvoker.java:824)
at org.testng.internal.TestInvoker.invokeTestMethods(TestInvoker.java:146)
at org.testng.internal.TestMethodWorker.invokeTestMethods(TestMethodWorker.java:146)
at org.testng.internal.TestMethodWorker.run(TestMethodWorker.java:128)
at java.base/java.util.ArrayList.forEach(ArrayList.java:1511)
at org.testng.TestRunner.privateRun(TestRunner.java:794)
at org.testng.TestRunner.run(TestRunner.java:596)
at org.testng.SuiteRunner.runTest(SuiteRunner.java:377)
at org.testng.SuiteRunner.runSequentially(SuiteRunner.java:371)
at org.testng.SuiteRunner.privateRun(SuiteRunner.java:332)
at org.testng.SuiteRunner.run(SuiteRunner.java:276)
at org.testng.SuiteRunnerWorker.runSuite(SuiteRunnerWorker.java:53)
at org.testng.SuiteRunnerWorker.run(SuiteRunnerWorker.java:96)
at org.testng.TestNG.runSuitesSequentially(TestNG.java:1212)
at org.testng.TestNG.runSuitesLocally(TestNG.java:1134)
at org.testng.TestNG.runSuites(TestNG.java:1063)
at org.testng.TestNG.run(TestNG.java:1031)
at org.testng.remote.AbstractRemoteTestNG.run(AbstractRemoteTestNG.java:115)
at org.testng.remote.RemoteTestNG.initAndRun(RemoteTestNG.java:251)
at org.testng.remote.RemoteTestNG.main(RemoteTestNG.java:77)
]]>
    </error>
  </testcase> <!-- aquisition_quotes_HPNR_HPR_customer_quote_part_exchange_value_edit_check_without_maintenance_test -->
  <system-out>
    <![CDATA[<b>Clicked on Part Exchange panel</b> <br />
<br>----------Screenshot---------<br>
<img src="D:\Acquisition\AMT_Automation_Acquisition\target\surefire-reports\html\failure_screenshots\aquisition_quotes_HPNR_HPR_customer_quote_part_exchange_value_edit_check_without_maintenance_test_22_10_2023_04_25_03.png" height="800" width="1000">]]>
  </system-out>
  <testcase classname="newLCV.HPNR.Acquisition_Quotes_HPNR_HPR_LCV_without_maintenance_Test" name="aquisition_quotes_HPNR_HPR_customer_quote_monthly_finance_payment_after_balloon_payment_off_without_maintenance_test" time="0.000">
    <skipped/>
  </testcase> <!-- aquisition_quotes_HPNR_HPR_customer_quote_monthly_finance_payment_after_balloon_payment_off_without_maintenance_test -->
  <system-out/>
  <testcase classname="newLCV.HPNR.Acquisition_Quotes_HPNR_HPR_LCV_without_maintenance_Test" name="aquisition_quotes_HPNR_HPR_quote_summary_values_verification_without_maintenance_test" time="0.000">
    <skipped/>
  </testcase> <!-- aquisition_quotes_HPNR_HPR_quote_summary_values_verification_without_maintenance_test -->
  <system-out/>
</testsuite> <!-- newLCV.HPNR.Acquisition_Quotes_HPNR_HPR_LCV_without_maintenance_Test -->
