<?xml version="1.0" encoding="UTF-8"?>
<!-- Generated by org.testng.reporters.JUnitReportReporter -->
<testsuite hostname="DSK-4052" failures="0" tests="6" name="newLCV.CP.Acquisition_Quotes_CP_PCP_LCV_without_maintenance_Test" time="314.279" errors="0" timestamp="2023-12-22T14:24:18 IST" skipped="0">
  <testcase classname="newLCV.CP.Acquisition_Quotes_CP_PCP_LCV_without_maintenance_Test" name="aquisition_quotes_CP_PCP_OTR_calculation_without_maintenance_test" time="85.736"/>
  <system-out>
    <![CDATA[<b>Clicked on Quote button </b> <br />
<b>Manufacture =FIAT has been selected</b> <br />
<b>Model range =FIORINO has been selected</b> <br />
<b>Vehicle has been selected</b> <br />
<b>Paint option has been selected</b> <br />
<b>Interior option has been selected</b> <br />
<b> Acquisition Contract type option = Contract Purchase (CP) has been selected</b> <br />
<b> Customer Contract type option = Personal Contract Purchase (PCP) has been selected</b> <br />
<b>Getting Basic Price- Vehicle value is  =16745.00</b> <br />
<b>Getting Basic Price - Paint  value is  =0.00</b> <br />
<b>Getting  Basic Price - Options value is   =0.00</b> <br />
<b>Getting Discount- Vehicle value is  =0.00</b> <br />
<b>Getting   Discount - Paint value is   =0.00</b> <br />
<b>Getting  Discount- Options value is   =0.00</b> <br />
<b>Getting Additional Discount- Vehicle value is  =0.00</b> <br />
<b>Getting  Additional Discount - paint value is  =0.00</b> <br />
<b>Getting  Additional Discount - Options value is  =0.00</b> <br />
<b>Writing OTR table values to excel sheet -Started </b> <br />
<b>Writing OTR table values to excel sheet -Completed </b> <br />
<b>Reading Subtotal After Discount from excel sheet -Started </b> <br />
<b>Reading Subtotal After Discount from excel sheet -Started </b> <br />
<b>Subtotal After Discount from excel sheet is =16745.0</b> <br />
<b>Subtotal after discount actual value from screen =£ 16,745.00</b> <br />]]>
  </system-out>
  <testcase classname="newLCV.CP.Acquisition_Quotes_CP_PCP_LCV_without_maintenance_Test" name="aquisition_quotes_CP_PCP_after_discount_calculations_without_maintenance_test" time="4.801"/>
  <system-out>
    <![CDATA[<b>*********Calculations for On Road Price has been started***********</b> <br />
<b>Started getting On screen values from after discount table </b> <br />
<b>Manufacture_delivery_charges =695.00</b> <br />
<b>Road_tax_first_year =275.00</b> <br />
<b>First_registration_fee =65.00</b> <br />
<b>Rebate =0.00</b> <br />
<b>Writing After discount values to excel has been started</b> <br />
<b>Writing After discount values to excel has been completed</b> <br />
<b>Reading On Road Price for invoice from excel has been Started</b> <br />
<b>Reading On Road Price for invoice from excel has been completed</b> <br />
<b>Expected on the road price from excel is =21268.0</b> <br />
<b>Actual on the road price from screen is =21268.00</b> <br />]]>
  </system-out>
  <testcase classname="newLCV.CP.Acquisition_Quotes_CP_PCP_LCV_without_maintenance_Test" name="aquisition_quotes_CP_PCP_holding_cost_calculations_without_maintenance_test" time="36.751"/>
  <system-out>
    <![CDATA[<b>***********Entered in holding cost page ***********</b> <br />
<b>Clicked on holding cost summary</b> <br />
<b></b> <br />
<b>Verifying Holding Cost Based on CAP data</b> <br />
<b>Getting on screen values from Holding Cost Page</b> <br />
<b>Duration(Terms) =36.0</b> <br />
<b>Annual_mileage =10000.0</b> <br />
<b>Cap_residual_value_from_screen =6500.0</b> <br />
<b>Writing Holding Cost Summary values to excel has been started</b> <br />
<b>Writing Holding Cost Summary values to excel has been completed</b> <br />
<b>Reading Monthly Holding Cost value from excel has been started</b> <br />
<b>Reading Monthly Holding Cost value from excel has been completed</b> <br />
<b>Total_monthly_holding_cost_from_screen =381.81</b> <br />
<b>Total_monthly_holding_cost_from_excel =381.81268810516445</b> <br />
<b>Total Monthly Holding Cost based on CAP data is Verified and Found OK</b> <br />
<b></b> <br />
<b>Editing % CAP Residual Value used</b> <br />
<b>Changing % CAP Residual Value (from test  data) to 30</b> <br />
<b>Writing Holding Cost Summary values to excel has been started</b> <br />
<b>Writing Holding Cost Summary values to excel has been completed</b> <br />
<b>Reading Monthly Holding Cost value from excel has been started</b> <br />
<b>Reading Monthly Holding Cost value from excel has been completed</b> <br />
<b>Total_monthly_holding_cost_from_screen =496.00</b> <br />
<b>Total_monthly_holding_cost_from_excel =496.0012962325961</b> <br />
<b>Total Monthly Holding Cost After Editing % Residual Value is Verified and Found OK</b> <br />
<b></b> <br />
<b>Editing Residual value used</b> <br />
<b>Changing Residual value used to =10000</b> <br />
<b>Writing Holding Cost Summary values to excel has been started</b> <br />
<b>Writing Holding Cost Summary values to excel has been completed</b> <br />
<b>Reading Monthly Holding Cost value from excel has been started</b> <br />
<b>Reading Monthly Holding Cost value from excel has been completed</b> <br />
<b>Total_monthly_holding_cost_from_screen =293.98</b> <br />
<b>Total_monthly_holding_cost_from_excel =293.97529723791</b> <br />
<b>Total Monthly Holding Cost After Editing Residual Value is Verified and Found OK</b> <br />
<b></b> <br />
<b>Editing additional terms and mileage</b> <br />
<b>Updated Residual Value from screen  (to be sent to calculation excel) is =1867.50</b> <br />
<b>Writing Holding Cost Summary values to excel has been started</b> <br />
<b>Writing Holding Cost Summary values to excel has been completed</b> <br />
<b>Reading Monthly Holding Cost value from excel has been started</b> <br />
<b>Reading Monthly Holding Cost value from excel has been completed</b> <br />
<b>Total_monthly_holding_cost_from_screen =510.70</b> <br />
<b>Total_monthly_holding_cost_from_excel =510.7041418842522</b> <br />
<b>Total Monthly Holding Cost After Editing Additional terms and mileage is Verified and Found OK</b> <br />]]>
  </system-out>
  <testcase classname="newLCV.CP.Acquisition_Quotes_CP_PCP_LCV_without_maintenance_Test" name="aquisition_quotes_CP_PCP_customer_quote_calculations_check_monthly_finance_payment_without_maintenance_test" time="80.309"/>
  <system-out>
    <![CDATA[<b>***********Entered in Customer Quote page ***********</b> <br />
<b>Matrix credit type Limited Credit has been selected</b> <br />
<b>Writing configuration values from property file to Excel for customer quote calculation -started</b> <br />
<b>Writing configuration values from property file to Excel for customer quote calculation -completed</b> <br />
<b>Actual Monthly Finance Payment from screen is 704.59</b> <br />
<b>Writing screen values to Excel for customer quote calculation -started</b> <br />
<b>Writing screen values to Excel for customer quote calculation -completed</b> <br />
<b>Expected Monthly Finannce Rental from excel is 704.585930351553</b> <br />
<b></b> <br />
<b>Started Verifying Sales price discount not to be greater than cost price discount</b> <br />
<b>Sales discount price entered greater than Cost discount prices and verified that sales discount input field doesn't accept greater values than cost discount prices</b> <br />
<b></b> <br />
<b>Started Updating Sales price discount</b> <br />
<b>Actual Sales Total Price from screen (on updating sales discount prices) is 21268.0</b> <br />
<b>Expected Sales Total Price from excel (on updating sales discount prices) is 21268.0</b> <br />
<b>Actual Vehicle Profit from screen (on updating sales discount prices) is 0.0</b> <br />
<b>Expected Vehicle Profit from excel (on updating sales discount prices) is 0.0</b> <br />
<b>Actual Monthly Finance Payment from screen is 704.59</b> <br />
<b>Expected Monthly Finance Payment from excel is 704.585930351553</b> <br />
<b>1. Sales Total Price , 2.Vehicel Profit , 3.Monthly Finance Rental , Verified on updating sales discount and found OK</b> <br />]]>
  </system-out>
  <testcase classname="newLCV.CP.Acquisition_Quotes_CP_PCP_LCV_without_maintenance_Test" name="aquisition_quotes_CP_PCP_customer_quote_vehicle_profit_edit_check_without_maintenance_test" time="40.269"/>
  <system-out>
    <![CDATA[<b></b> <br />
<b>Actual Monthly Finance Payment after editing vehicle profit = 747.37</b> <br />
<b>Expected  Monthly Finance Payment after editing vehicle profit = 747.3706935603911</b> <br />
<b></b> <br />
<b>Monthly Finance Payment verified after editing vehicle profit</b> <br />
<b></b> <br />
<b>Verifying Vehicle profit and Total Monthly Payment on editing Vehicle Sales Price</b> <br />
<b>Sending 25521.6 to sales total input field</b> <br />
<b></b> <br />
<b>Vehicle Profit Expected is 3544.6666666666656</b> <br />
<b>Vehicle Profit Actual is 3544.67</b> <br />
<b></b> <br />
<b>Monthly Total Payment Expected is 856.2437969550176</b> <br />
<b>Monthly Total Payment Actual is 856.24</b> <br />
<b></b> <br />
<b>Vehicle profit and Total Monthly Payment verified on editing Vehicle Sales Price</b> <br />]]>
  </system-out>
  <testcase classname="newLCV.CP.Acquisition_Quotes_CP_PCP_LCV_without_maintenance_Test" name="aquisition_quotes_CP_PCP_customer_quote_part_exchange_value_edit_check_without_maintenance_test" time="66.413"/>
  <system-out>
    <![CDATA[<b>Clicked on Part Exchange panel</b> <br />
<b></b> <br />
<b>Balance To Finance Expected is 23021.604</b> <br />
<b>Balance To Finance Actual is 23021.6</b> <br />
<b></b> <br />
<b>Monthly Finance Payment Expected is 767.1088736032765</b> <br />
<b>Monthly Finance Payment Actual is 767.11</b> <br />
<b></b> <br />
<b>Monthly Finance Payment verified after editing part exchange values and deposit values</b> <br />]]>
  </system-out>
</testsuite> <!-- newLCV.CP.Acquisition_Quotes_CP_PCP_LCV_without_maintenance_Test -->
