<?xml version="1.0" encoding="UTF-8"?>
<!-- Generated by org.testng.reporters.JUnitReportReporter -->
<testsuite hostname="DSK-4052" failures="1" tests="6" name="newCar.HPNR.Acquisition_Quotes_HPNR_FL_without_maintenance_Test" time="264.791" errors="0" timestamp="2024-01-24T05:38:34 IST" skipped="0">
  <testcase classname="newCar.HPNR.Acquisition_Quotes_HPNR_FL_without_maintenance_Test" name="aquisition_quotes_HPNR_FL_OTR_calculation_without_maintenance_test" time="78.992"/>
  <system-out>
    <![CDATA[<b>Clicked on Quote button </b> <br />
<b>Manufacture =AUDI has been selected</b> <br />
<b>Model range =A7 has been selected</b> <br />
<b>Vehicle has been selected</b> <br />
<b>Paint option has been selected</b> <br />
<b>Interior option has been selected</b> <br />
<b> Acquisition Contract type option = HPNR has been selected</b> <br />
<b> Customer Contract type option = Finance Lease(FL) has been selected</b> <br />
<b>Getting Basic Price- Vehicle value is  =46854.17</b> <br />
<b>Getting Basic Price - Paint  value is  =0.00</b> <br />
<b>Getting  Basic Price - Options value is   =833.33</b> <br />
<b>Getting Discount- Vehicle value is  =0.00</b> <br />
<b>Getting   Discount - Paint value is   =0.00</b> <br />
<b>Getting  Discount- Options value is   =0.00</b> <br />
<b>Getting Additional Discount- Vehicle value is  =0.00</b> <br />
<b>Getting  Additional Discount - paint value is  =0.00</b> <br />
<b>Getting  Additional Discount - Options value is  =0.00</b> <br />
<b>Writing OTR table values to excel sheet -Started </b> <br />
<b>Writing OTR table values to excel sheet -Completed </b> <br />
<b>Reading Subtotal After Discount from excel sheet -Started </b> <br />
<b>Reading Subtotal After Discount from excel sheet -Started </b> <br />
<b>Subtotal After Discount from excel sheet is =47687.5</b> <br />
<b>Subtotal after discount actual value from screen =£ 47,687.50</b> <br />]]>
  </system-out>
  <testcase classname="newCar.HPNR.Acquisition_Quotes_HPNR_FL_without_maintenance_Test" name="aquisition_quotes_HPNR_FL_after_discount_calculations_without_maintenance_test" time="4.623"/>
  <system-out>
    <![CDATA[<b>*********Calculations for On Road Price has been started***********</b> <br />
<b>Started getting On screen values from after discount table </b> <br />
<b>Manufacture_delivery_charges =550.0</b> <br />
<b>Road_tax_first_year =585.0</b> <br />
<b>First_registration_fee =65.0</b> <br />
<b>Rebate =0.0</b> <br />
<b>Writing After discount values to excel has been started</b> <br />
<b>Writing After discount values to excel has been completed</b> <br />
<b>Reading On Road Price for invoice from excel has been Started</b> <br />
<b>Reading On Road Price for invoice from excel has been completed</b> <br />
<b>Expected on the road price from excel is =58535.0</b> <br />
<b>Actual on the road price from screen is =58535.00</b> <br />]]>
  </system-out>
  <testcase classname="newCar.HPNR.Acquisition_Quotes_HPNR_FL_without_maintenance_Test" name="aquisition_quotes_HPNR_FL_other_support_check_without_maintenance_test" time="16.929"/>
  <system-out>
    <![CDATA[<b>Verification of OTR price for calculation after adding other support value has been started</b> <br />
<b>Writing other support value to Excel has been started</b> <br />
<b>Writing other support value to Excel has been ended</b> <br />
<b>OTR price for calculation after adding other support found OK</b> <br />
<b>Verification of OTR price for calculation after adding other support value has been ended</b> <br />]]>
  </system-out>
  <testcase classname="newCar.HPNR.Acquisition_Quotes_HPNR_FL_without_maintenance_Test" name="aquisition_quotes_HPNR_FL_holding_cost_calculations_without_maintenance_test" time="56.165"/>
  <system-out>
    <![CDATA[<b>***********Entered in holding cost page ***********</b> <br />
<b>Clicked on holding cost summary</b> <br />
<b></b> <br />
<b>Verifying Holding Cost Based on CAP data</b> <br />
<b>Getting on screen values from Holding Cost Page</b> <br />
<b>Duration(Terms) =36.0</b> <br />
<b>Annual_mileage =10000.0</b> <br />
<b>Cap_residual_value_from_screen =28575.0</b> <br />
<b>Writing Holding Cost Summary values to excel has been started</b> <br />
<b>Writing Holding Cost Summary values to excel has been completed</b> <br />
<b>Reading Monthly Holding Cost value from excel has been started</b> <br />
<b>Reading Monthly Holding Cost value from excel has been completed</b> <br />
<b>Total_monthly_holding_cost_from_screen =896.15</b> <br />
<b>Total_monthly_holding_cost_from_excel =896.1478148292011</b> <br />
<b>Total Monthly Holding Cost based on CAP data is Verified and Found OK</b> <br />
<b></b> <br />
<b>Editing % CAP Residual Value used</b> <br />
<b>Changing % CAP Residual Value (from test  data) to 50</b> <br />
<b>Writing Holding Cost Summary values to excel has been started</b> <br />
<b>Writing Holding Cost Summary values to excel has been completed</b> <br />
<b>Reading Monthly Holding Cost value from excel has been started</b> <br />
<b>Reading Monthly Holding Cost value from excel has been completed</b> <br />
<b>Total_monthly_holding_cost_from_screen =1194.95</b> <br />
<b>Total_monthly_holding_cost_from_excel =1194.9517962615603</b> <br />
<b>Total Monthly Holding Cost After Editing % Residual Value is Verified and Found OK</b> <br />
<b></b> <br />
<b>Editing Residual value used</b> <br />
<b>Changing Residual value used to =20000</b> <br />
<b>Writing Holding Cost Summary values to excel has been started</b> <br />
<b>Writing Holding Cost Summary values to excel has been completed</b> <br />
<b>Reading Monthly Holding Cost value from excel has been started</b> <br />
<b>Reading Monthly Holding Cost value from excel has been completed</b> <br />
<b>Total_monthly_holding_cost_from_screen =1075.48</b> <br />
<b>Total_monthly_holding_cost_from_excel =1075.4824878498468</b> <br />
<b>Total Monthly Holding Cost After Editing Residual Value is Verified and Found OK</b> <br />
<b></b> <br />
<b>Editing additional terms and mileage</b> <br />
<b>Updated Residual Value from screen  (to be sent to calculation excel) is =14750.00</b> <br />
<b>Writing Holding Cost Summary values to excel has been started</b> <br />
<b>Writing Holding Cost Summary values to excel has been completed</b> <br />
<b>Reading Monthly Holding Cost value from excel has been started</b> <br />
<b>Reading Monthly Holding Cost value from excel has been completed</b> <br />
<b>Total_monthly_holding_cost_from_screen =1,831.20</b> <br />
<b>Total_monthly_holding_cost_from_excel =1831.195867480428</b> <br />
<b>Total Monthly Holding Cost After Editing Additional terms and mileage is Verified and Found OK</b> <br />]]>
  </system-out>
  <testcase classname="newCar.HPNR.Acquisition_Quotes_HPNR_FL_without_maintenance_Test" name="aquisition_quotes_HPNR_FL_customer_quote_payment_profile_calculations_without_maintenance_test" time="84.260"/>
  <system-out>
    <![CDATA[<b>Writing configuration values from property file to Excel for customer quote calculation -started</b> <br />
<b>Writing configuration values from property file to Excel for customer quote calculation -completed</b> <br />
<b>************Calculations for Customer Quote Page has been started***********</b> <br />
<b>Payment Profile Monthly in Advance option has been selected</b> <br />
<b>Writing values to Excel for customer quote calculation -started</b> <br />
<b>Writing values to Excel for customer quote calculation -completed</b> <br />
<b>Reading  Monthly Finance Rental from  Excel   -started</b> <br />
<b>Reading  Monthly Finance Rental from  Excel   -completed</b> <br />
<b>Monthly Finance Rental from Excel is =2103.68987378385</b> <br />
<b>Monthly Finance Rental from screen is 2103.69</b> <br />
<b>Monthly Finance Rental from screen (after submitting upsell values) is 2124.07</b> <br />
<b>Writing upsell values to excel</b> <br />
<b>Monthly Finance Rental from Excel (after submitting upsell values) is 2124.0630284853637</b> <br />
<b>Monthly finance (after submitting upsell values) is found OK</b> <br />
<b>Clicked on Part Exchange panel</b> <br />
<b>Monthly Finance Rental from screen (after making part exchange toggle on) is 2124.07</b> <br />
<b>Writing part exchange values to excel</b> <br />
<b>Monthly Finance Rental from Excel (with part exchange values) is 2124.0630284853637</b> <br />
<b>Monthly finance rental (with part exchange values) is found OK</b> <br />
<b></b> <br />
<b>Balance Due value started verifying</b> <br />
<b>Balance due value Actual from screen is -2760.01</b> <br />
<b></b> <br />
<b>Balance due value Expected from Excel is -2760.0119999999997</b> <br />
<b></b> <br />
<b>Balance due value (with part exchange values) is verified and found ok</b> <br />
<b>Monthly Finance Rental from screen (after updating customer quote summary upsell value) is 2134.25</b> <br />
<b>Writing upsell values to excel</b> <br />
<b>Monthly Finance Rental from Excel (after updating customer quote summary upsell value) is 2134.249605836118</b> <br />
<b>Monthly finance rental (after updating customer quote summary upsell value) is found OK</b> <br />
<b>Monthly Finance Rental from screen (after updating customer quote summary final balloon payment value) is 1605.05</b> <br />
<b>Writing final balloon payment value to excel</b> <br />
<b>Monthly Finance Rental from Excel (after updating customer quote summary final balloon payment value) is 1605.0532295207408</b> <br />
<b>Monthly finance  rental (after updating customer quote summary final balloon payment value) is found OK</b> <br />]]>
  </system-out>
  <testcase classname="newCar.HPNR.Acquisition_Quotes_HPNR_FL_without_maintenance_Test" name="aquisition_quotes_HPNR_FL_quote_summary_values_verification_without_maintenance_test" time="23.822">
    <failure message="expected [true] but found [false]" type="java.lang.AssertionError">
      <![CDATA[java.lang.AssertionError: expected [true] but found [false]
at org.testng.Assert.fail(Assert.java:99)
at org.testng.Assert.failNotEquals(Assert.java:1037)
at org.testng.Assert.assertTrue(Assert.java:45)
at org.testng.Assert.assertTrue(Assert.java:55)
at newCar.HPNR.Acquisition_Quotes_HPNR_FL_without_maintenance_Test.aquisition_quotes_HPNR_FL_quote_summary_values_verification_without_maintenance_test(Acquisition_Quotes_HPNR_FL_without_maintenance_Test.java:239)
at java.base/jdk.internal.reflect.DirectMethodHandleAccessor.invoke(DirectMethodHandleAccessor.java:104)
at java.base/java.lang.reflect.Method.invoke(Method.java:578)
at org.testng.internal.MethodInvocationHelper.invokeMethod(MethodInvocationHelper.java:133)
at org.testng.internal.TestInvoker.invokeMethod(TestInvoker.java:598)
at org.testng.internal.TestInvoker.invokeTestMethod(TestInvoker.java:173)
at org.testng.internal.MethodRunner.runInSequence(MethodRunner.java:46)
at org.testng.internal.TestInvoker$MethodInvocationAgent.invoke(TestInvoker.java:824)
at org.testng.internal.TestInvoker.invokeTestMethods(TestInvoker.java:146)
at org.testng.internal.TestMethodWorker.invokeTestMethods(TestMethodWorker.java:146)
at org.testng.internal.TestMethodWorker.run(TestMethodWorker.java:128)
at java.base/java.util.ArrayList.forEach(ArrayList.java:1511)
at org.testng.TestRunner.privateRun(TestRunner.java:794)
at org.testng.TestRunner.run(TestRunner.java:596)
at org.testng.SuiteRunner.runTest(SuiteRunner.java:377)
at org.testng.SuiteRunner.runSequentially(SuiteRunner.java:371)
at org.testng.SuiteRunner.privateRun(SuiteRunner.java:332)
at org.testng.SuiteRunner.run(SuiteRunner.java:276)
at org.testng.SuiteRunnerWorker.runSuite(SuiteRunnerWorker.java:53)
at org.testng.SuiteRunnerWorker.run(SuiteRunnerWorker.java:96)
at org.testng.TestNG.runSuitesSequentially(TestNG.java:1212)
at org.testng.TestNG.runSuitesLocally(TestNG.java:1134)
at org.testng.TestNG.runSuites(TestNG.java:1063)
at org.testng.TestNG.run(TestNG.java:1031)
at org.testng.remote.AbstractRemoteTestNG.run(AbstractRemoteTestNG.java:115)
at org.testng.remote.RemoteTestNG.initAndRun(RemoteTestNG.java:251)
at org.testng.remote.RemoteTestNG.main(RemoteTestNG.java:77)
]]>
    </failure>
  </testcase> <!-- aquisition_quotes_HPNR_FL_quote_summary_values_verification_without_maintenance_test -->
  <system-out>
    <![CDATA[<b>*************OTR Calulation on quote summary page has been started************</b> <br />
<b>Reading values from OTR calculation -Quote Summary Page</b> <br />
<b></b> <br />
<b>Cost otr price from screen is 58535.0</b> <br />
<b>Cost price ex vat and rfl from screen is 48237.5</b> <br />
<b>Otr Vat from screen is 9647.5</b> <br />
<b>Otr rfl and frf from screen is 650.0</b> <br />
<b></b> <br />
<b>Cost otr price from excel is 58535.0</b> <br />
<b>Cost price ex vat and rfl from excel is 48237.5</b> <br />
<b>Otr Vat from excel is 9647.5</b> <br />
<b>Otr rfl and frf from excel is 650.0</b> <br />
<b></b> <br />
<b>OTR price compared</b> <br />
<b>Cost price ex vat and rfl compared</b> <br />
<b>VAT compared</b> <br />
<b>RFL & FRF compared</b> <br />
<b>*************Holding Cost Calulation on quote summary page has been started************</b> <br />
<b>Reading values from Holding Cost summary -Quote Summary Page</b> <br />
<b></b> <br />
<b>Holding cost Terms from screen22.0</b> <br />
<b>Holding cost miles per annum from screen is 22000.0</b> <br />
<b>Holding cost monthly finance cost from screen is 1306.44</b> <br />
<b>Holding cost total monthly holding cost from screen is 1306.44</b> <br />
<b></b> <br />
<b>Holding cost Terms from excel is 22.0</b> <br />
<b>Holding cost miles per annum from excel is 22000.0</b> <br />
<b>Holding cost monthly finance cost from excel is 1831.195867480428</b> <br />
<b>Holding cost total monthly holding cost from excel is 1831.195867480428</b> <br />
<b>terms compared</b> <br />
<b>Miles per annum compared</b> <br />
<b>Found difference between Finance cost actual and Finance cost expected</b> <br />
<b>Found difference between Total Monthly Holding Cost actual and Total Monthly Holding Cost expected on Quote Summary Page</b> <br />
<br>----------Screenshot---------<br>
<img src="D:\Acquisition\AMT_Automation_Acquisition\target\surefire-reports\html\failure_screenshots\aquisition_quotes_HPNR_FL_quote_summary_values_verification_without_maintenance_test_24_01_2024_12_17_56.png" height="800" width="1000">]]>
  </system-out>
</testsuite> <!-- newCar.HPNR.Acquisition_Quotes_HPNR_FL_without_maintenance_Test -->
