<?xml version="1.0" encoding="UTF-8"?>
<!-- Generated by org.testng.reporters.JUnitReportReporter -->
<testsuite hostname="DSK-4052" failures="0" tests="4" name="usedLCV.BCH.Acquisition_Quotes_BCH_PCH_used_LCV_without_maintenance_Test" time="385.498" errors="0" timestamp="2023-10-19T09:51:00 IST" skipped="0">
  <testcase classname="usedLCV.BCH.Acquisition_Quotes_BCH_PCH_used_LCV_without_maintenance_Test" name="aquisition_quotes_OTR_calculation_without_maintenance_test" time="73.595"/>
  <system-out>
    <![CDATA[<b>Clicking on New quote</b> <br />
<b>Clicked on Quote button </b> <br />
<b>Selecting used vehicle with registration no. = GY19XAG and mileage = 15000</b> <br />
<b>Vehicle selected</b> <br />
<b>Paint option has been selected</b> <br />
<b>Interior option has been selected</b> <br />
<b> Acquisition Contract type option = Business Contract Hire(BCH) has been selected</b> <br />
<b> Customer Contract type option = Personal Contract Hire(PCH) has been selected</b> <br />
<b>Cost Price ex VAT and RFL from screen is 20958.33</b> <br />
<b>VAT from screen is 4191.67</b> <br />
<b>Cost Price ex VAT and RFL calculated is 20958.33</b> <br />
<b>Cost Price ex VAT and RFL verified and found OK</b> <br />
<b>****************************************************************</b> <br />
<b>**********Assertion Passed For Subtotal After Discount**********</b> <br />
<b>****************************************************************</b> <br />]]>
  </system-out>
  <testcase classname="usedLCV.BCH.Acquisition_Quotes_BCH_PCH_used_LCV_without_maintenance_Test" name="aquisition_quotes_holding_cost_calculations_without_maintenance_test" time="37.462"/>
  <system-out>
    <![CDATA[<b>***********Entered in holding cost page ***********</b> <br />
<b>Funder added successfully</b> <br />
<b>Holding cost verified successfully</b> <br />
<b>****************************************************************</b> <br />
<b>***************Assertion Passed For Holding Cost****************</b> <br />
<b>****************************************************************</b> <br />]]>
  </system-out>
  <testcase classname="usedLCV.BCH.Acquisition_Quotes_BCH_PCH_used_LCV_without_maintenance_Test" name="aquisition_quotes_customer_quote_payment_profile_calculations_without_maintenance_test" time="75.464"/>
  <system-out>
    <![CDATA[<b>Writing configuration values from property file to Excel for customer quote calculation -started</b> <br />
<b>Writing configuration values from property file to Excel for customer quote calculation -completed</b> <br />
<b>************Calculations for Customer Quote Page has been started***********</b> <br />
<b>Payment Profile Monthly in Advance option has been selected</b> <br />
<b>Writing values to Excel for customer quote calculation -started</b> <br />
<b>Writing values to Excel for customer quote calculation -completed</b> <br />
<b>Reading  Monthly Finance Rental from  Excel   -started</b> <br />
<b>Reading  Monthly Finance Rental from  Excel   -completed</b> <br />
<b>Monthly Finance Rental from Excel is =849.2027249286</b> <br />
<b>Monthly Finance Rental from screen is 849.2</b> <br />
<b>****************************************************************</b> <br />
<b>***********Assertion Passed For Monthly Finance Rental***********</b> <br />
<b>****************************************************************</b> <br />
<b>Monthly Finance Rental from screen (after submitting upsell values) is 893.96</b> <br />
<b>Writing upsell values to excel</b> <br />
<b>Monthly Finance Rental from Excel (after submitting upsell values) is 893.96091595545</b> <br />
<b>Monthly finance (after submitting upsell values) is found OK</b> <br />
<b>***********Assertion Passed For Monthly Finance Rental on adding upsell values***********</b> <br />
<b>****************************************************************</b> <br />
<b>Clicked on Part Exchange panel</b> <br />
<b>Monthly Finance Rental from screen (with part exchange values) is 893.96</b> <br />
<b>Writing part exchange values to excel</b> <br />
<b>Monthly finance rental (with part exchage values) is found OK</b> <br />
<b>*****Assertion Passed For Monthly Finance Rental*****</b> <br />
<b>****************************************************************</b> <br />
<b>Started verifying Balance Due value</b> <br />
<b>Balance due value (with part exchange values) is verified and found ok</b> <br />
<b>*************Assertion Passed For Balance Due Value*************</b> <br />
<b>****************************************************************</b> <br />
<b>Monthly Finance Rental from screen (after updating customer quote summary upsell value) is 916.34</b> <br />
<b>Writing upsell values to excel</b> <br />
<b>Monthly Finance Rental from Excel (after updating customer quote summary upsell value) is 916.340011468875</b> <br />
<b>Monthly finance rental (after updating customer quote summary upsell value) is found OK</b> <br />
<b>***********Assertion Passed For Monthly Finance Rental on updating upsell values***********</b> <br />
<b>****************************************************************</b> <br />]]>
  </system-out>
  <testcase classname="usedLCV.BCH.Acquisition_Quotes_BCH_PCH_used_LCV_without_maintenance_Test" name="aquisition_quotes_quote_summary_values_verification_without_maintenance_test" time="198.977"/>
  <system-out>
    <![CDATA[<b>*************OTR Calulation on quote summary page has been started************</b> <br />
<b>Reading values from OTR calculation -Quote Summary Page</b> <br />
<b>OTR_calculation_cost_otr_price_from_screen =25150.0</b> <br />
<b>OTR_calculation_cost_price_ex_vat_and_rfl_from_screen =20958.33</b> <br />
<b>OTR_calculation_otr_vat_from_screen =4191.67</b> <br />
<b>OTR_calculation_cost_otr_price_from_excel =25149.996000000003</b> <br />
<b>OTR_calculation_cost_price_ex_vat_and_rfl_from_excel =20958.33</b> <br />
<b>OTR_calculation_otr_vat_from_excel =4191.666</b> <br />
<b>OTR_calculation_otr_rfl_and_frf_from_excel =0.0</b> <br />
<b>OTR price compared</b> <br />
<b>Cost price ex vat and rfl compared</b> <br />
<b>VAT compared</b> <br />
<b>*************Holding Cost Calulation on quote summary page has been started************</b> <br />
<b>Reading values from Holding Cost summary -Quote Summary Page</b> <br />
<b>holding_cost_terms_from_screen12.0</b> <br />
<b>holding_cost_miles_per_annum_from_screen5000.0</b> <br />
<b>holding_cost_monthly_finance_cost_from_screen501.0</b> <br />
<b>holding_cost_total_monthly_holding_cost_from_screen =501.0</b> <br />
<b>terms compared</b> <br />
<b>Miles per annum compared</b> <br />
<b>Finance cost compared</b> <br />
<b>Total Monthly Holding Cost compared</b> <br />
<b>*************Customer Quote Calulation on quote summary page has been started************</b> <br />
<b>Terms found OK</b> <br />
<b>miles found OK</b> <br />
<b>Monthly Finance Rental found OK</b> <br />
<b>Initial Finance Rental found OK</b> <br />
<b>Followed By months - found OK</b> <br />
<b>Part Exchange Value - found OK</b> <br />
<b>Pence per excess mile finance - found OK</b> <br />
<b>Document Fee - found OK</b> <br />
<b>Upsell - found OK</b> <br />
<b>Default Finance Commission - found OK</b> <br />
<b>Upsell Commission - found OK</b> <br />
<b>Document Fee Commission - found OK</b> <br />
<b>Total Commission - found OK</b> <br />
<b>Referrer Commission - found OK</b> <br />
<b>*************Configuration Values Verification on quote summary page has been started************</b> <br />
<b>Finance Margin found OK</b> <br />
<b>Deductions found OK</b> <br />
<b>Additional Margin found OK</b> <br />
<b>Total Margin found OK</b> <br />
<b>Default Broker Margin percentage found OK</b> <br />
<b>Broker Upsell Margin percentage found OK</b> <br />
<b>Broker Upsell Margin  found OK</b> <br />
<b>Document Fee Margin  found OK</b> <br />
<b>Refferer Margin  found OK</b> <br />
<b>*********Customer Quote generated successfully and Quote_ref_no is=HLO26198</b> <br />
<b>*************OTR Calulation on quote summary page has been started************</b> <br />
<b>Reading values from OTR calculation -Quote Summary Page</b> <br />
<b>OTR_calculation_cost_otr_price_from_screen =25150.0</b> <br />
<b>OTR_calculation_cost_price_ex_vat_and_rfl_from_screen =20958.33</b> <br />
<b>OTR_calculation_otr_vat_from_screen =4191.67</b> <br />
<b>OTR_calculation_cost_otr_price_from_excel =25149.996000000003</b> <br />
<b>OTR_calculation_cost_price_ex_vat_and_rfl_from_excel =20958.33</b> <br />
<b>OTR_calculation_otr_vat_from_excel =4191.666</b> <br />
<b>OTR_calculation_otr_rfl_and_frf_from_excel =0.0</b> <br />
<b>OTR price compared</b> <br />
<b>Cost price ex vat and rfl compared</b> <br />
<b>VAT compared</b> <br />
<b>*************Holding Cost Calulation on quote summary page has been started************</b> <br />
<b>Reading values from Holding Cost summary -Quote Summary Page</b> <br />
<b>holding_cost_terms_from_screen12.0</b> <br />
<b>holding_cost_miles_per_annum_from_screen5000.0</b> <br />
<b>holding_cost_monthly_finance_cost_from_screen501.0</b> <br />
<b>holding_cost_total_monthly_holding_cost_from_screen =501.0</b> <br />
<b>terms compared</b> <br />
<b>Miles per annum compared</b> <br />
<b>Finance cost compared</b> <br />
<b>Total Monthly Holding Cost compared</b> <br />
<b>*************Customer Quote Calulation on quote summary page has been started************</b> <br />
<b>Terms found OK</b> <br />
<b>miles found OK</b> <br />
<b>Monthly Finance Rental found OK</b> <br />
<b>Initial Finance Rental found OK</b> <br />
<b>Followed By months - found OK</b> <br />
<b>Part Exchange Value - found OK</b> <br />
<b>Pence per excess mile finance - found OK</b> <br />
<b>Document Fee - found OK</b> <br />
<b>Upsell - found OK</b> <br />
<b>Default Finance Commission - found OK</b> <br />
<b>Upsell Commission - found OK</b> <br />
<b>Document Fee Commission - found OK</b> <br />
<b>Total Commission - found OK</b> <br />
<b>Referrer Commission - found OK</b> <br />
<b>*************Configuration Values Verification on quote summary page has been started************</b> <br />
<b>Finance Margin found OK</b> <br />
<b>Deductions found OK</b> <br />
<b>Additional Margin found OK</b> <br />
<b>Total Margin found OK</b> <br />
<b>Default Broker Margin percentage found OK</b> <br />
<b>Broker Upsell Margin percentage found OK</b> <br />
<b>Broker Upsell Margin  found OK</b> <br />
<b>Document Fee Margin  found OK</b> <br />
<b>Refferer Margin  found OK</b> <br />
<b>*************Editing Finance Margin and Verifying Values on quote summary page has been started************</b> <br />
<b>Finance margin changed to 10000</b> <br />
<b>*********Customer Quote generated successfully and Quote_ref_no is=HLO26198</b> <br />
<b>Monthly Finance Rental after changing finance margin -  found OK</b> <br />
<b>Initial Finance Rental found OK</b> <br />]]>
  </system-out>
</testsuite> <!-- usedLCV.BCH.Acquisition_Quotes_BCH_PCH_used_LCV_without_maintenance_Test -->
