<?xml version="1.0" encoding="UTF-8"?>
<!-- Generated by org.testng.reporters.JUnitReportReporter -->
<testsuite hostname="DSK-4052" failures="0" tests="5" name="newCar.CP.Acquisition_Quotes_CP_PCH_with_maintenance_Test" time="529.640" errors="0" timestamp="2024-02-07T08:01:00 IST" skipped="0">
  <testcase classname="newCar.CP.Acquisition_Quotes_CP_PCH_with_maintenance_Test" name="aquisition_quotes_CP_PCH_OTR_calculation_with_maintenance_test" time="93.884"/>
  <system-out>
    <![CDATA[<b>Clicked on Quote button </b> <br />
<b>Manufacture =AUDI has been selected</b> <br />
<b>Model range =A7 has been selected</b> <br />
<b>Vehicle has been selected</b> <br />
<b>Paint option has been selected</b> <br />
<b>Interior option has been selected</b> <br />
<b> Acquisition Contract type option = Contract Purchase has been selected</b> <br />
<b> Customer Contract type option = Purchase Contract Hire(PCH) has been selected</b> <br />
<b>Getting Basic Price- Vehicle value is  =55495.83</b> <br />
<b>Getting Basic Price - Paint  value is  =0.00</b> <br />
<b>Getting  Basic Price - Options value is   =833.33</b> <br />
<b>Getting Discount- Vehicle value is  =0.00</b> <br />
<b>Getting   Discount - Paint value is   =0.00</b> <br />
<b>Getting  Discount- Options value is   =0.00</b> <br />
<b>Getting Additional Discount- Vehicle value is  =0.00</b> <br />
<b>Getting  Additional Discount - paint value is  =0.00</b> <br />
<b>Getting  Additional Discount - Options value is  =0.00</b> <br />
<b>Writing OTR table values to excel sheet -Started </b> <br />
<b>Writing OTR table values to excel sheet -Completed </b> <br />
<b>Reading Subtotal After Discount from excel sheet -Started </b> <br />
<b>Reading Subtotal After Discount from excel sheet -Started </b> <br />
<b>Subtotal After Discount from excel sheet is =56329.16</b> <br />
<b>Subtotal after discount actual value from screen =£ 56,329.17</b> <br />]]>
  </system-out>
  <testcase classname="newCar.CP.Acquisition_Quotes_CP_PCH_with_maintenance_Test" name="aquisition_quotes_CP_PCH_after_discount_calculations_with_maintenance_test" time="4.594"/>
  <system-out>
    <![CDATA[<b>*********Calculations for On Road Price has been started***********</b> <br />
<b>Started getting On screen values from after discount table </b> <br />
<b>Manufacture_delivery_charges =645.83</b> <br />
<b>Road_tax_first_year =645.0</b> <br />
<b>First_registration_fee =55.0</b> <br />
<b>Rebate =0.0</b> <br />
<b>Writing After discount values to excel has been started</b> <br />
<b>Writing After discount values to excel has been completed</b> <br />
<b>Reading On Road Price for invoice from excel has been Started</b> <br />
<b>Reading On Road Price for invoice from excel has been completed</b> <br />
<b>Expected on the road price from excel is =69069.99</b> <br />
<b>Actual on the road price from screen is =69070.00</b> <br />]]>
  </system-out>
  <testcase classname="newCar.CP.Acquisition_Quotes_CP_PCH_with_maintenance_Test" name="aquisition_quotes_CP_PCH_holding_cost_calculations_with_maintenance_test" time="62.005"/>
  <system-out>
    <![CDATA[<b>***********Entered in holding cost page ***********</b> <br />
<b>Clicked on holding cost summary</b> <br />
<b>Clicked on holding_cost_maintenance_toggle_button</b> <br />
<b></b> <br />
<b>***Verifying Holding Cost before editing CAP data*** </b> <br />
<b>Getting on screen values from Holding Cost Page</b> <br />
<b>Duration(Terms) =36.0</b> <br />
<b>Annual_mileage =10000.0</b> <br />
<b>Residual_value_from_screen =28050.0</b> <br />
<b>Writing Holding Cost Summary values to excel has been started</b> <br />
<b>Writing Holding Cost Summary values to excel has been completed</b> <br />
<b>Reading Monthly Holding Cost value from excel has been started</b> <br />
<b>Reading Monthly Holding Cost value from excel has been completed</b> <br />
<b>Total_monthly_holding_cost_from_screen =1,378.14</b> <br />
<b>Total_monthly_holding_cost_from_excel =1378.1413143898574</b> <br />
<b>Total Monthly Holding Cost based on CAP data is Verified and Found OK</b> <br />
<b></b> <br />
<b>Editing % CAP Residual Value and % CAP Maintenance cost used</b> <br />
<b>Changing % CAP Residual Value (from test  data) to 100</b> <br />
<b>Changing % CAP Maintenance cost (from test  data) to 100</b> <br />
<b>Writing Holding Cost Summary values to excel has been started</b> <br />
<b>Writing Holding Cost Summary values to excel has been completed</b> <br />
<b>Reading Monthly Holding Cost value from excel has been started</b> <br />
<b>Reading Monthly Holding Cost value from excel has been completed</b> <br />
<b>Total_monthly_holding_cost_from_screen =1,378.14</b> <br />
<b>Total_monthly_holding_cost_from_excel =1378.1413143898574</b> <br />
<b>Total Monthly Holding Cost After Editing % Residual Value and % Maintenance Cost is Verified and Found OK</b> <br />
<b></b> <br />
<b>Editing Residual value and Maintenance cost used</b> <br />
<b>Changing Residual Value (from test data) to  =20000</b> <br />
<b>Changing Maintenance Cost used (from test data) to =150</b> <br />
<b>Writing Holding Cost Summary values to excel has been started</b> <br />
<b>Writing Holding Cost Summary values to excel has been completed</b> <br />
<b>Reading Monthly Holding Cost value from excel has been started</b> <br />
<b>Reading Monthly Holding Cost value from excel has been completed</b> <br />
<b>Total_monthly_holding_cost_from_screen =1,645.55</b> <br />
<b>Total_monthly_holding_cost_from_excel =1645.5494392436262</b> <br />
<b>Total Monthly Holding Cost After Editing Residual Value and Maintenance Cost is Verified and Found OK</b> <br />
<b></b> <br />
<b>Editing additional terms and mileage</b> <br />
<b>Updated Residual Value from screen  (to be sent to calculation excel) is =28600.00</b> <br />
<b>Updated Maintenance Cost from screen  (to be sent to calculation excel) is =96.59</b> <br />
<b>Writing Holding Cost Summary values to excel has been started</b> <br />
<b>Writing Holding Cost Summary values to excel has been completed</b> <br />
<b>Reading Monthly Holding Cost value from excel has been started</b> <br />
<b>Reading Monthly Holding Cost value from excel has been completed</b> <br />
<b>Total_monthly_holding_cost_from_screen =2,025.95</b> <br />
<b>Total_monthly_holding_cost_from_excel =2025.952841920275</b> <br />
<b>Total Monthly Holding Cost After Editing Additional terms and mileage is Verified and Found OK</b> <br />]]>
  </system-out>
  <testcase classname="newCar.CP.Acquisition_Quotes_CP_PCH_with_maintenance_Test" name="aquisition_quotes_CP_PCH_customer_quote_payment_profile_calculations_with_maintenance_test" time="142.584"/>
  <system-out>
    <![CDATA[<b>Writing configuration values from property file to Excel for customer quote calculation -started</b> <br />
<b>Writing configuration values from property file to Excel for customer quote calculation -completed</b> <br />
<b>************Calculations for Customer Quote Page has been started***********</b> <br />
<b>Payment Profile Monthly in Advance option has been selected</b> <br />
<b>Writing values to Excel for customer quote calculation -started</b> <br />
<b>Writing values to Excel for customer quote calculation -completed</b> <br />
<b>Reading  Monthly Finance Rental and monthly maintenance cost from  Excel   -started</b> <br />
<b>Reading  Monthly Finance Rental and monthly maintenance cost from  Excel  -completed</b> <br />
<b>Monthly Finance Rental from Excel is =2713.1336894808774</b> <br />
<b>Monthly maintenance Rental from Excel is =139.0896</b> <br />
<b>Monthly Finance Rental from screen is =2713.13</b> <br />
<b>Monthly maintenance Rental from screen is =139.09</b> <br />
<b>Started verifying monthly payments with upsell values</b> <br />
<b>Monthly Finance Rental from screen (after submitting upsell values) is 2737.54</b> <br />
<b>Monthly Mainte. Rental from screen (after submitting upsell values) is 139.09</b> <br />
<b>Writing upsell values to excel</b> <br />
<b>Monthly Finance Rental from Excel (after submitting upsell values) is 2737.5472482227956</b> <br />
<b>Monthly Mainte. Rental from Excel (after submitting upsell values) is 139.0896</b> <br />
<b>Monthly finance and maint. rental (after submitting upsell values) is found OK</b> <br />
<b>Clicked on Part Exchange panel</b> <br />
<b>Monthly Finance Rental from screen (with part exchange values) is 2737.54</b> <br />
<b>Monthly Mainte. Rental from screen (with part exchange values) is 139.09</b> <br />
<b>Writing part exchange values to excel</b> <br />
<b>Monthly Finance Rental from Excel (with part exchange values) is 2737.5472482227956</b> <br />
<b>Monthly Mainte. Rental from Excel (with part exchange values) is 139.0896</b> <br />
<b>Monthly finance and maint. rental (with part exchange values) is found OK</b> <br />
<b>Monthly Finance Rental from screen (after updating customer quote summary upsell value) is 2749.75</b> <br />
<b>Monthly Mainte. Rental from screen (after updating customer quote summary upsell value) is 139.09</b> <br />
<b>Writing upsell values to excel</b> <br />
<b>Monthly Finance Rental from Excel (after updating customer quote summary upsell value) is 2749.7540275937545</b> <br />
<b>Monthly Mainte. Rental from Excel (after updating customer quote summary upsell value) is 139.0896</b> <br />
<b>Monthly finance and maint. rental (after updating customer quote summary upsell value) is found OK</b> <br />]]>
  </system-out>
  <testcase classname="newCar.CP.Acquisition_Quotes_CP_PCH_with_maintenance_Test" name="aquisition_quotes_CP_PCH_quote_summary_values_verification_with_maintenance_test" time="226.573"/>
  <system-out>
    <![CDATA[<b>*************OTR Calulation on quote summary page has been started************</b> <br />
<b>Reading values from OTR calculation -Quote Summary Page</b> <br />
<b></b> <br />
<b>Cost otr price from screen is 69070.0</b> <br />
<b>Cost price ex vat and rfl from screen is 56975.0</b> <br />
<b>Otr Vat from screen is 11395.0</b> <br />
<b>Otr rfl and frf from screen is 700.0</b> <br />
<b></b> <br />
<b>Cost otr price from excel is 69069.98800000001</b> <br />
<b>Cost price ex vat and rfl from excel is 56974.99000000001</b> <br />
<b>Otr Vat from excel is 11394.998</b> <br />
<b>Otr rfl and frf from excel is 700.0</b> <br />
<b></b> <br />
<b>OTR price compared</b> <br />
<b>Cost price ex vat and rfl compared</b> <br />
<b>VAT compared</b> <br />
<b>RFL & FRF compared</b> <br />
<b>*************Holding Cost Calulation on quote summary page has been started************</b> <br />
<b>Reading values from Holding Cost summary -Quote Summary Page</b> <br />
<b></b> <br />
<b>Holding cost Terms from screen22.0</b> <br />
<b>Holding cost miles per annum from screen is 22000.0</b> <br />
<b>Holding cost monthly finance cost from screen is 1929.36</b> <br />
<b>Holding cost monthly maint cost used from screen is 96.59</b> <br />
<b>Holding cost total monthly holding cost from screen is 2025.95</b> <br />
<b></b> <br />
<b>Holding cost Terms from excel is 22.0</b> <br />
<b>Holding cost miles per annum from excel is 22000.0</b> <br />
<b>Holding cost monthly finance cost from excel is 1929.362841920275</b> <br />
<b>Holding cost monthly maint cost used from excel is 96.59</b> <br />
<b>Holding cost total monthly holding cost from excel is 2025.952841920275</b> <br />
<b>terms compared</b> <br />
<b>Miles per annum compared</b> <br />
<b>Finance cost compared</b> <br />
<b>Maint cost used  compared</b> <br />
<b>Total Monthly Holding Cost compared</b> <br />
<b>*************Customer Quote Calulation on quote summary page has been started************</b> <br />
<b>Terms found OK</b> <br />
<b>miles found OK</b> <br />
<b>Monthly Finance Rental found OK</b> <br />
<b>Monthly Maintenance Rental found OK</b> <br />
<b>Initial Finance Rental found OK</b> <br />
<b>Initial Maint Rental found OK</b> <br />
<b>Initial Total Rental found OK</b> <br />
<b>Part Exchange Value - found OK</b> <br />
<b>Followed By months - found OK</b> <br />
<b>Pence per excess mile finance - found OK</b> <br />
<b>Pence per excess mile Maintenance - found OK</b> <br />
<b>Pence per excess mile total - found OK</b> <br />
<b>Document Fee - found OK</b> <br />
<b>Upsell - found OK</b> <br />
<b>Default Finance Commission - found OK</b> <br />
<b>Upsell Commission - found OK</b> <br />
<b>Maintenance Commission - found OK</b> <br />
<b>Document Fee Commission - found OK</b> <br />
<b>Total Commission - found OK</b> <br />
<b>Referrer Commission - found OK</b> <br />
<b>*************Configuration Values Verification on quote summary page has been started************</b> <br />
<b>Base Interest Rate found OK</b> <br />
<b>Finance Margin found OK</b> <br />
<b>Deductions found OK</b> <br />
<b>Additional Margin found OK</b> <br />
<b>Total Margin found OK</b> <br />
<b>Default Broker Margin percentage found OK</b> <br />
<b>Broker Upsell Margin percentage found OK</b> <br />
<b>Broker Upsell Margin  found OK</b> <br />
<b>Maintenance Margin  found OK</b> <br />
<b>Document Fee Margin  found OK</b> <br />
<b>Refferer Margin  found OK</b> <br />
<b>*********Customer Quote generated successfully and Quote_ref_no is=FME26948</b> <br />
<b>*************OTR Calulation on quote summary page has been started************</b> <br />
<b>Reading values from OTR calculation -Quote Summary Page</b> <br />
<b></b> <br />
<b>Cost otr price from screen is 69070.0</b> <br />
<b>Cost price ex vat and rfl from screen is 56975.0</b> <br />
<b>Otr Vat from screen is 11395.0</b> <br />
<b>Otr rfl and frf from screen is 700.0</b> <br />
<b></b> <br />
<b>Cost otr price from excel is 69069.98800000001</b> <br />
<b>Cost price ex vat and rfl from excel is 56974.99000000001</b> <br />
<b>Otr Vat from excel is 11394.998</b> <br />
<b>Otr rfl and frf from excel is 700.0</b> <br />
<b></b> <br />
<b>OTR price compared</b> <br />
<b>Cost price ex vat and rfl compared</b> <br />
<b>VAT compared</b> <br />
<b>RFL & FRF compared</b> <br />
<b>*************Holding Cost Calulation on quote summary page has been started************</b> <br />
<b>Reading values from Holding Cost summary -Quote Summary Page</b> <br />
<b></b> <br />
<b>Holding cost Terms from screen22.0</b> <br />
<b>Holding cost miles per annum from screen is 22000.0</b> <br />
<b>Holding cost monthly finance cost from screen is 1929.36</b> <br />
<b>Holding cost monthly maint cost used from screen is 96.59</b> <br />
<b>Holding cost total monthly holding cost from screen is 2025.95</b> <br />
<b></b> <br />
<b>Holding cost Terms from excel is 22.0</b> <br />
<b>Holding cost miles per annum from excel is 22000.0</b> <br />
<b>Holding cost monthly finance cost from excel is 1929.362841920275</b> <br />
<b>Holding cost monthly maint cost used from excel is 96.59</b> <br />
<b>Holding cost total monthly holding cost from excel is 2025.952841920275</b> <br />
<b>terms compared</b> <br />
<b>Miles per annum compared</b> <br />
<b>Finance cost compared</b> <br />
<b>Maint cost used  compared</b> <br />
<b>Total Monthly Holding Cost compared</b> <br />
<b>*************Customer Quote Calulation on quote summary page has been started************</b> <br />
<b>Terms found OK</b> <br />
<b>miles found OK</b> <br />
<b>Monthly Finance Rental found OK</b> <br />
<b>Monthly Maintenance Rental found OK</b> <br />
<b>Initial Finance Rental found OK</b> <br />
<b>Initial Maint Rental found OK</b> <br />
<b>Initial Total Rental found OK</b> <br />
<b>Part Exchange Value - found OK</b> <br />
<b>Followed By months - found OK</b> <br />
<b>Pence per excess mile finance - found OK</b> <br />
<b>Pence per excess mile Maintenance - found OK</b> <br />
<b>Pence per excess mile total - found OK</b> <br />
<b>Document Fee - found OK</b> <br />
<b>Upsell - found OK</b> <br />
<b>Default Finance Commission - found OK</b> <br />
<b>Upsell Commission - found OK</b> <br />
<b>Maintenance Commission - found OK</b> <br />
<b>Document Fee Commission - found OK</b> <br />
<b>Total Commission - found OK</b> <br />
<b>Referrer Commission - found OK</b> <br />
<b>*************Configuration Values Verification on quote summary page has been started************</b> <br />
<b>Base Interest Rate found OK</b> <br />
<b>Finance Margin found OK</b> <br />
<b>Deductions found OK</b> <br />
<b>Additional Margin found OK</b> <br />
<b>Total Margin found OK</b> <br />
<b>Default Broker Margin percentage found OK</b> <br />
<b>Broker Upsell Margin percentage found OK</b> <br />
<b>Broker Upsell Margin  found OK</b> <br />
<b>Maintenance Margin  found OK</b> <br />
<b>Document Fee Margin  found OK</b> <br />
<b>Refferer Margin  found OK</b> <br />
<b>*************Editing Base Interest Rate and Verifying  Values on quote summary page has been started************</b> <br />
<b>Base Interest Rate changed to 7.0 %</b> <br />
<b>Holding Cost after changing Base Int. Rate -  found OK</b> <br />
<b>Monthly Finance Rental after changing Base Int. Rate -  found OK</b> <br />
<b>Initial Finance Rental found OK</b> <br />
<b>Base Interest Rate changed to default</b> <br />
<b>*************Editing Fianance Margin and Verifying Values on quote summary page has been started************</b> <br />
<b>Finance margin changed to 10000</b> <br />
<b>Monthly Finance Rental after changing finance margin -  found OK</b> <br />
<b>Initial Finance Rental found OK</b> <br />
<b>*************Editing Maintenance Margin and Verifying Values on quote summary page has been started************</b> <br />
<b>Maintenance margin changed to 30 %</b> <br />
<b>Monthly Maint Rental after changing Maintenance margin -  found OK</b> <br />
<b>Initial Maint Rental found OK</b> <br />]]>
  </system-out>
</testsuite> <!-- newCar.CP.Acquisition_Quotes_CP_PCH_with_maintenance_Test -->
